Traceback (most recent call last):
  File "/home/x-rwang22/ldsc/ldsc.py", line 587, in <module>
    log = Logger(args.out+'.log')
  File "/home/x-rwang22/ldsc/ldsc.py", line 76, in __init__
    self.log_fh = open(fh, 'wb')
IOError: [Errno 2] No such file or directory: '/anvil/projects/x-mcb130189/rwang22/bican/ldsc/subclass-loop/STR_D1_MSN.loops.bed.1.log'
Traceback (most recent call last):
  File "/home/x-rwang22/ldsc/ldsc.py", line 587, in <module>
    log = Logger(args.out+'.log')
  File "/home/x-rwang22/ldsc/ldsc.py", line 76, in __init__
    self.log_fh = open(fh, 'wb')
IOError: [Errno 2] No such file or directory: '/anvil/projects/x-mcb130189/rwang22/bican/ldsc/subclass-loop/STR_D1_MSN.loops.bed.2.log'
Traceback (most recent call last):
  File "/home/x-rwang22/ldsc/ldsc.py", line 587, in <module>
    log = Logger(args.out+'.log')
  File "/home/x-rwang22/ldsc/ldsc.py", line 76, in __init__
    self.log_fh = open(fh, 'wb')
IOError: [Errno 2] No such file or directory: '/anvil/projects/x-mcb130189/rwang22/bican/ldsc/subclass-loop/STR_D1_MSN.loops.bed.3.log'
Traceback (most recent call last):
  File "/home/x-rwang22/ldsc/ldsc.py", line 587, in <module>
    log = Logger(args.out+'.log')
  File "/home/x-rwang22/ldsc/ldsc.py", line 76, in __init__
    self.log_fh = open(fh, 'wb')
IOError: [Errno 2] No such file or directory: '/anvil/projects/x-mcb130189/rwang22/bican/ldsc/subclass-loop/STR_D1_MSN.loops.bed.4.log'
Traceback (most recent call last):
  File "/home/x-rwang22/ldsc/ldsc.py", line 587, in <module>
    log = Logger(args.out+'.log')
  File "/home/x-rwang22/ldsc/ldsc.py", line 76, in __init__
    self.log_fh = open(fh, 'wb')
IOError: [Errno 2] No such file or directory: '/anvil/projects/x-mcb130189/rwang22/bican/ldsc/subclass-loop/STR_D1_MSN.loops.bed.5.log'
Traceback (most recent call last):
  File "/home/x-rwang22/ldsc/ldsc.py", line 587, in <module>
    log = Logger(args.out+'.log')
  File "/home/x-rwang22/ldsc/ldsc.py", line 76, in __init__
    self.log_fh = open(fh, 'wb')
IOError: [Errno 2] No such file or directory: '/anvil/projects/x-mcb130189/rwang22/bican/ldsc/subclass-loop/STR_D1_MSN.loops.bed.6.log'
Traceback (most recent call last):
  File "/home/x-rwang22/ldsc/ldsc.py", line 587, in <module>
    log = Logger(args.out+'.log')
  File "/home/x-rwang22/ldsc/ldsc.py", line 76, in __init__
    self.log_fh = open(fh, 'wb')
IOError: [Errno 2] No such file or directory: '/anvil/projects/x-mcb130189/rwang22/bican/ldsc/subclass-loop/STR_D1_MSN.loops.bed.7.log'
Traceback (most recent call last):
  File "/home/x-rwang22/ldsc/ldsc.py", line 587, in <module>
    log = Logger(args.out+'.log')
  File "/home/x-rwang22/ldsc/ldsc.py", line 76, in __init__
    self.log_fh = open(fh, 'wb')
IOError: [Errno 2] No such file or directory: '/anvil/projects/x-mcb130189/rwang22/bican/ldsc/subclass-loop/STR_D1_MSN.loops.bed.8.log'
Traceback (most recent call last):
  File "/home/x-rwang22/ldsc/ldsc.py", line 587, in <module>
    log = Logger(args.out+'.log')
  File "/home/x-rwang22/ldsc/ldsc.py", line 76, in __init__
    self.log_fh = open(fh, 'wb')
IOError: [Errno 2] No such file or directory: '/anvil/projects/x-mcb130189/rwang22/bican/ldsc/subclass-loop/STR_D1_MSN.loops.bed.9.log'
Traceback (most recent call last):
  File "/home/x-rwang22/ldsc/ldsc.py", line 587, in <module>
    log = Logger(args.out+'.log')
  File "/home/x-rwang22/ldsc/ldsc.py", line 76, in __init__
    self.log_fh = open(fh, 'wb')
IOError: [Errno 2] No such file or directory: '/anvil/projects/x-mcb130189/rwang22/bican/ldsc/subclass-loop/STR_D1_MSN.loops.bed.10.log'
Traceback (most recent call last):
  File "/home/x-rwang22/ldsc/ldsc.py", line 587, in <module>
    log = Logger(args.out+'.log')
  File "/home/x-rwang22/ldsc/ldsc.py", line 76, in __init__
    self.log_fh = open(fh, 'wb')
IOError: [Errno 2] No such file or directory: '/anvil/projects/x-mcb130189/rwang22/bican/ldsc/subclass-loop/STR_D1_MSN.loops.bed.11.log'
Traceback (most recent call last):
  File "/home/x-rwang22/ldsc/ldsc.py", line 587, in <module>
    log = Logger(args.out+'.log')
  File "/home/x-rwang22/ldsc/ldsc.py", line 76, in __init__
    self.log_fh = open(fh, 'wb')
IOError: [Errno 2] No such file or directory: '/anvil/projects/x-mcb130189/rwang22/bican/ldsc/subclass-loop/STR_D1_MSN.loops.bed.12.log'
Traceback (most recent call last):
  File "/home/x-rwang22/ldsc/ldsc.py", line 587, in <module>
    log = Logger(args.out+'.log')
  File "/home/x-rwang22/ldsc/ldsc.py", line 76, in __init__
    self.log_fh = open(fh, 'wb')
IOError: [Errno 2] No such file or directory: '/anvil/projects/x-mcb130189/rwang22/bican/ldsc/subclass-loop/STR_D1_MSN.loops.bed.13.log'
Traceback (most recent call last):
  File "/home/x-rwang22/ldsc/ldsc.py", line 587, in <module>
    log = Logger(args.out+'.log')
  File "/home/x-rwang22/ldsc/ldsc.py", line 76, in __init__
    self.log_fh = open(fh, 'wb')
IOError: [Errno 2] No such file or directory: '/anvil/projects/x-mcb130189/rwang22/bican/ldsc/subclass-loop/STR_D1_MSN.loops.bed.14.log'
Traceback (most recent call last):
  File "/home/x-rwang22/ldsc/ldsc.py", line 587, in <module>
    log = Logger(args.out+'.log')
  File "/home/x-rwang22/ldsc/ldsc.py", line 76, in __init__
    self.log_fh = open(fh, 'wb')
IOError: [Errno 2] No such file or directory: '/anvil/projects/x-mcb130189/rwang22/bican/ldsc/subclass-loop/STR_D1_MSN.loops.bed.15.log'
Traceback (most recent call last):
  File "/home/x-rwang22/ldsc/ldsc.py", line 587, in <module>
    log = Logger(args.out+'.log')
  File "/home/x-rwang22/ldsc/ldsc.py", line 76, in __init__
    self.log_fh = open(fh, 'wb')
IOError: [Errno 2] No such file or directory: '/anvil/projects/x-mcb130189/rwang22/bican/ldsc/subclass-loop/STR_D1_MSN.loops.bed.16.log'
Traceback (most recent call last):
  File "/home/x-rwang22/ldsc/ldsc.py", line 587, in <module>
    log = Logger(args.out+'.log')
  File "/home/x-rwang22/ldsc/ldsc.py", line 76, in __init__
    self.log_fh = open(fh, 'wb')
IOError: [Errno 2] No such file or directory: '/anvil/projects/x-mcb130189/rwang22/bican/ldsc/subclass-loop/STR_D1_MSN.loops.bed.17.log'
Traceback (most recent call last):
  File "/home/x-rwang22/ldsc/ldsc.py", line 587, in <module>
    log = Logger(args.out+'.log')
  File "/home/x-rwang22/ldsc/ldsc.py", line 76, in __init__
    self.log_fh = open(fh, 'wb')
IOError: [Errno 2] No such file or directory: '/anvil/projects/x-mcb130189/rwang22/bican/ldsc/subclass-loop/STR_D1_MSN.loops.bed.18.log'
Traceback (most recent call last):
  File "/home/x-rwang22/ldsc/ldsc.py", line 587, in <module>
    log = Logger(args.out+'.log')
  File "/home/x-rwang22/ldsc/ldsc.py", line 76, in __init__
    self.log_fh = open(fh, 'wb')
IOError: [Errno 2] No such file or directory: '/anvil/projects/x-mcb130189/rwang22/bican/ldsc/subclass-loop/STR_D1_MSN.loops.bed.19.log'
Traceback (most recent call last):
  File "/home/x-rwang22/ldsc/ldsc.py", line 587, in <module>
    log = Logger(args.out+'.log')
  File "/home/x-rwang22/ldsc/ldsc.py", line 76, in __init__
    self.log_fh = open(fh, 'wb')
IOError: [Errno 2] No such file or directory: '/anvil/projects/x-mcb130189/rwang22/bican/ldsc/subclass-loop/STR_D1_MSN.loops.bed.20.log'
Traceback (most recent call last):
  File "/home/x-rwang22/ldsc/ldsc.py", line 587, in <module>
    log = Logger(args.out+'.log')
  File "/home/x-rwang22/ldsc/ldsc.py", line 76, in __init__
    self.log_fh = open(fh, 'wb')
IOError: [Errno 2] No such file or directory: '/anvil/projects/x-mcb130189/rwang22/bican/ldsc/subclass-loop/STR_D1_MSN.loops.bed.21.log'
Traceback (most recent call last):
  File "/home/x-rwang22/ldsc/ldsc.py", line 587, in <module>
    log = Logger(args.out+'.log')
  File "/home/x-rwang22/ldsc/ldsc.py", line 76, in __init__
    self.log_fh = open(fh, 'wb')
IOError: [Errno 2] No such file or directory: '/anvil/projects/x-mcb130189/rwang22/bican/ldsc/subclass-loop/STR_D1_MSN.loops.bed.22.log'
