chr1
making annot file
chr2
making annot file
chr3
making annot file
chr4
making annot file
chr5
making annot file
chr6
making annot file
chr7
making annot file
chr8
making annot file
chr9
making annot file
chr10
making annot file
chr11
making annot file
chr12
making annot file
chr13
making annot file
chr14
making annot file
chr15
making annot file
chr16
making annot file
chr17
making annot file
chr18
making annot file
chr19
making annot file
chr20
making annot file
chr21
making annot file
chr22
making annot file
chr1
*********************************************************************
* LD Score Regression (LDSC)
* Version 1.0.1
* (C) 2014-2019 Brendan Bulik-Sullivan and Hilary Finucane
* Broad Institute of MIT and Harvard / MIT Department of Mathematics
* GNU General Public License v3
*********************************************************************
Call: 
./ldsc.py \
--print-snps /anvil/projects/x-mcb130189/rwang22/bican/ref/hm3_no_MHC.list.txt \
--ld-wind-cm 1.0 \
--out /anvil/projects/x-mcb130189/rwang22/bican/ldsc/ldscore/hyper/Oligodendrocyte.hyper.dmr.bed.1 \
--bfile /anvil/projects/x-mcb130189/rwang22/bican/ref/GRCh38/plink_files/1000G.EUR.hg38.1 \
--thin-annot  \
--annot Oligodendrocyte.hyper.dmr.bed.1.annot.gz \
--l2  

Beginning analysis at Fri Sep 12 17:59:51 2025
Read list of 778603 SNPs from /anvil/projects/x-mcb130189/rwang22/bican/ref/GRCh38/plink_files/1000G.EUR.hg38.1.bim
Read 1 annotations for 778605 SNPs from Oligodendrocyte.hyper.dmr.bed.1.annot.gz
Read list of 489 individuals from /anvil/projects/x-mcb130189/rwang22/bican/ref/GRCh38/plink_files/1000G.EUR.hg38.1.fam
Reading genotypes from /anvil/projects/x-mcb130189/rwang22/bican/ref/GRCh38/plink_files/1000G.EUR.hg38.1.bed
After filtering, 778603 SNPs remain
Estimating LD Score.
Reading list of 1217311 SNPs for which to print LD Scores from /anvil/projects/x-mcb130189/rwang22/bican/ref/hm3_no_MHC.list.txt
After merging with --print-snps, LD Scores for 98576 SNPs will be printed.
Writing LD Scores for 98576 SNPs to /anvil/projects/x-mcb130189/rwang22/bican/ldsc/ldscore/hyper/Oligodendrocyte.hyper.dmr.bed.1.l2.ldscore.gz

Summary of LD Scores in /anvil/projects/x-mcb130189/rwang22/bican/ldsc/ldscore/hyper/Oligodendrocyte.hyper.dmr.bed.1.l2.ldscore.gz
         MAF        L2
mean  0.2346   20.6807
std   0.1432   19.0336
min   0.0051   -0.8724
25%   0.1084    9.3094
50%   0.2239   16.0511
75%   0.3558   26.1678
max   0.5000  234.1509

MAF/LD Score Correlation Matrix
        MAF      L2
MAF  1.0000  0.2301
L2   0.2301  1.0000

Annotation Correlation Matrix
       ANNOT
ANNOT    1.0

Annotation Matrix Column Sums
ANNOT    147350

Summary of Annotation Matrix Row Sums
count    778603.0000
mean          0.1892
std           0.3917
min           0.0000
25%           0.0000
50%           0.0000
75%           0.0000
max           1.0000
Analysis finished at Fri Sep 12 18:09:05 2025
Total time elapsed: 9.0m:13.95s
chr2
*********************************************************************
* LD Score Regression (LDSC)
* Version 1.0.1
* (C) 2014-2019 Brendan Bulik-Sullivan and Hilary Finucane
* Broad Institute of MIT and Harvard / MIT Department of Mathematics
* GNU General Public License v3
*********************************************************************
Call: 
./ldsc.py \
--print-snps /anvil/projects/x-mcb130189/rwang22/bican/ref/hm3_no_MHC.list.txt \
--ld-wind-cm 1.0 \
--out /anvil/projects/x-mcb130189/rwang22/bican/ldsc/ldscore/hyper/Oligodendrocyte.hyper.dmr.bed.2 \
--bfile /anvil/projects/x-mcb130189/rwang22/bican/ref/GRCh38/plink_files/1000G.EUR.hg38.2 \
--thin-annot  \
--annot Oligodendrocyte.hyper.dmr.bed.2.annot.gz \
--l2  

Beginning analysis at Fri Sep 12 18:09:10 2025
Read list of 839257 SNPs from /anvil/projects/x-mcb130189/rwang22/bican/ref/GRCh38/plink_files/1000G.EUR.hg38.2.bim
Read 1 annotations for 839257 SNPs from Oligodendrocyte.hyper.dmr.bed.2.annot.gz
Read list of 489 individuals from /anvil/projects/x-mcb130189/rwang22/bican/ref/GRCh38/plink_files/1000G.EUR.hg38.2.fam
Reading genotypes from /anvil/projects/x-mcb130189/rwang22/bican/ref/GRCh38/plink_files/1000G.EUR.hg38.2.bed
After filtering, 839257 SNPs remain
Estimating LD Score.
Reading list of 1217311 SNPs for which to print LD Scores from /anvil/projects/x-mcb130189/rwang22/bican/ref/hm3_no_MHC.list.txt
After merging with --print-snps, LD Scores for 99718 SNPs will be printed.
Writing LD Scores for 99718 SNPs to /anvil/projects/x-mcb130189/rwang22/bican/ldsc/ldscore/hyper/Oligodendrocyte.hyper.dmr.bed.2.l2.ldscore.gz

Summary of LD Scores in /anvil/projects/x-mcb130189/rwang22/bican/ldsc/ldscore/hyper/Oligodendrocyte.hyper.dmr.bed.2.l2.ldscore.gz
         MAF        L2
mean  0.2384   23.1984
std   0.1431   17.1449
min   0.0051   -0.3969
25%   0.1125   11.0395
50%   0.2290   18.9247
75%   0.3620   30.7150
max   0.5000  163.6077

MAF/LD Score Correlation Matrix
        MAF      L2
MAF  1.0000  0.2248
L2   0.2248  1.0000

Annotation Correlation Matrix
       ANNOT
ANNOT    1.0

Annotation Matrix Column Sums
ANNOT    160534

Summary of Annotation Matrix Row Sums
count    839257.0000
mean          0.1913
std           0.3933
min           0.0000
25%           0.0000
50%           0.0000
75%           0.0000
max           1.0000
Analysis finished at Fri Sep 12 18:21:39 2025
Total time elapsed: 12.0m:28.92s
chr3
*********************************************************************
* LD Score Regression (LDSC)
* Version 1.0.1
* (C) 2014-2019 Brendan Bulik-Sullivan and Hilary Finucane
* Broad Institute of MIT and Harvard / MIT Department of Mathematics
* GNU General Public License v3
*********************************************************************
Call: 
./ldsc.py \
--print-snps /anvil/projects/x-mcb130189/rwang22/bican/ref/hm3_no_MHC.list.txt \
--ld-wind-cm 1.0 \
--out /anvil/projects/x-mcb130189/rwang22/bican/ldsc/ldscore/hyper/Oligodendrocyte.hyper.dmr.bed.3 \
--bfile /anvil/projects/x-mcb130189/rwang22/bican/ref/GRCh38/plink_files/1000G.EUR.hg38.3 \
--thin-annot  \
--annot Oligodendrocyte.hyper.dmr.bed.3.annot.gz \
--l2  

Beginning analysis at Fri Sep 12 18:21:40 2025
Read list of 706163 SNPs from /anvil/projects/x-mcb130189/rwang22/bican/ref/GRCh38/plink_files/1000G.EUR.hg38.3.bim
Read 1 annotations for 706163 SNPs from Oligodendrocyte.hyper.dmr.bed.3.annot.gz
Read list of 489 individuals from /anvil/projects/x-mcb130189/rwang22/bican/ref/GRCh38/plink_files/1000G.EUR.hg38.3.fam
Reading genotypes from /anvil/projects/x-mcb130189/rwang22/bican/ref/GRCh38/plink_files/1000G.EUR.hg38.3.bed
After filtering, 706163 SNPs remain
Estimating LD Score.
Reading list of 1217311 SNPs for which to print LD Scores from /anvil/projects/x-mcb130189/rwang22/bican/ref/hm3_no_MHC.list.txt
After merging with --print-snps, LD Scores for 83015 SNPs will be printed.
Writing LD Scores for 83015 SNPs to /anvil/projects/x-mcb130189/rwang22/bican/ldsc/ldscore/hyper/Oligodendrocyte.hyper.dmr.bed.3.l2.ldscore.gz

Summary of LD Scores in /anvil/projects/x-mcb130189/rwang22/bican/ldsc/ldscore/hyper/Oligodendrocyte.hyper.dmr.bed.3.l2.ldscore.gz
         MAF        L2
mean  0.2408   23.9475
std   0.1426   24.1881
min   0.0051   -0.7685
25%   0.1166   10.0262
50%   0.2321   17.7449
75%   0.3630   29.6409
max   0.5000  282.1994

MAF/LD Score Correlation Matrix
        MAF      L2
MAF  1.0000  0.1734
L2   0.1734  1.0000

Annotation Correlation Matrix
       ANNOT
ANNOT    1.0

Annotation Matrix Column Sums
ANNOT    128676

Summary of Annotation Matrix Row Sums
count    706163.0000
mean          0.1822
std           0.3860
min           0.0000
25%           0.0000
50%           0.0000
75%           0.0000
max           1.0000
Analysis finished at Fri Sep 12 18:31:05 2025
Total time elapsed: 9.0m:25.69s
chr4
*********************************************************************
* LD Score Regression (LDSC)
* Version 1.0.1
* (C) 2014-2019 Brendan Bulik-Sullivan and Hilary Finucane
* Broad Institute of MIT and Harvard / MIT Department of Mathematics
* GNU General Public License v3
*********************************************************************
Call: 
./ldsc.py \
--print-snps /anvil/projects/x-mcb130189/rwang22/bican/ref/hm3_no_MHC.list.txt \
--ld-wind-cm 1.0 \
--out /anvil/projects/x-mcb130189/rwang22/bican/ldsc/ldscore/hyper/Oligodendrocyte.hyper.dmr.bed.4 \
--bfile /anvil/projects/x-mcb130189/rwang22/bican/ref/GRCh38/plink_files/1000G.EUR.hg38.4 \
--thin-annot  \
--annot Oligodendrocyte.hyper.dmr.bed.4.annot.gz \
--l2  

Beginning analysis at Fri Sep 12 18:31:08 2025
Read list of 729546 SNPs from /anvil/projects/x-mcb130189/rwang22/bican/ref/GRCh38/plink_files/1000G.EUR.hg38.4.bim
Read 1 annotations for 729546 SNPs from Oligodendrocyte.hyper.dmr.bed.4.annot.gz
Read list of 489 individuals from /anvil/projects/x-mcb130189/rwang22/bican/ref/GRCh38/plink_files/1000G.EUR.hg38.4.fam
Reading genotypes from /anvil/projects/x-mcb130189/rwang22/bican/ref/GRCh38/plink_files/1000G.EUR.hg38.4.bed
After filtering, 729546 SNPs remain
Estimating LD Score.
Reading list of 1217311 SNPs for which to print LD Scores from /anvil/projects/x-mcb130189/rwang22/bican/ref/hm3_no_MHC.list.txt
After merging with --print-snps, LD Scores for 74922 SNPs will be printed.
Writing LD Scores for 74922 SNPs to /anvil/projects/x-mcb130189/rwang22/bican/ldsc/ldscore/hyper/Oligodendrocyte.hyper.dmr.bed.4.l2.ldscore.gz

Summary of LD Scores in /anvil/projects/x-mcb130189/rwang22/bican/ldsc/ldscore/hyper/Oligodendrocyte.hyper.dmr.bed.4.l2.ldscore.gz
         MAF        L2
mean  0.2375   22.0597
std   0.1422   19.7737
min   0.0051   -0.4927
25%   0.1125    9.9448
50%   0.2301   16.8478
75%   0.3579   27.6748
max   0.5000  286.4183

MAF/LD Score Correlation Matrix
        MAF      L2
MAF  1.0000  0.2046
L2   0.2046  1.0000

Annotation Correlation Matrix
       ANNOT
ANNOT    1.0

Annotation Matrix Column Sums
ANNOT    118562

Summary of Annotation Matrix Row Sums
count    729546.0000
mean          0.1625
std           0.3689
min           0.0000
25%           0.0000
50%           0.0000
75%           0.0000
max           1.0000
Analysis finished at Fri Sep 12 18:42:43 2025
Total time elapsed: 11.0m:35.23s
chr5
*********************************************************************
* LD Score Regression (LDSC)
* Version 1.0.1
* (C) 2014-2019 Brendan Bulik-Sullivan and Hilary Finucane
* Broad Institute of MIT and Harvard / MIT Department of Mathematics
* GNU General Public License v3
*********************************************************************
Call: 
./ldsc.py \
--print-snps /anvil/projects/x-mcb130189/rwang22/bican/ref/hm3_no_MHC.list.txt \
--ld-wind-cm 1.0 \
--out /anvil/projects/x-mcb130189/rwang22/bican/ldsc/ldscore/hyper/Oligodendrocyte.hyper.dmr.bed.5 \
--bfile /anvil/projects/x-mcb130189/rwang22/bican/ref/GRCh38/plink_files/1000G.EUR.hg38.5 \
--thin-annot  \
--annot Oligodendrocyte.hyper.dmr.bed.5.annot.gz \
--l2  

Beginning analysis at Fri Sep 12 18:42:44 2025
Read list of 632996 SNPs from /anvil/projects/x-mcb130189/rwang22/bican/ref/GRCh38/plink_files/1000G.EUR.hg38.5.bim
Read 1 annotations for 632996 SNPs from Oligodendrocyte.hyper.dmr.bed.5.annot.gz
Read list of 489 individuals from /anvil/projects/x-mcb130189/rwang22/bican/ref/GRCh38/plink_files/1000G.EUR.hg38.5.fam
Reading genotypes from /anvil/projects/x-mcb130189/rwang22/bican/ref/GRCh38/plink_files/1000G.EUR.hg38.5.bed
After filtering, 632996 SNPs remain
Estimating LD Score.
Reading list of 1217311 SNPs for which to print LD Scores from /anvil/projects/x-mcb130189/rwang22/bican/ref/hm3_no_MHC.list.txt
After merging with --print-snps, LD Scores for 75164 SNPs will be printed.
Writing LD Scores for 75164 SNPs to /anvil/projects/x-mcb130189/rwang22/bican/ldsc/ldscore/hyper/Oligodendrocyte.hyper.dmr.bed.5.l2.ldscore.gz

Summary of LD Scores in /anvil/projects/x-mcb130189/rwang22/bican/ldsc/ldscore/hyper/Oligodendrocyte.hyper.dmr.bed.5.l2.ldscore.gz
         MAF        L2
mean  0.2369   20.8390
std   0.1421   17.9791
min   0.0051   -0.5074
25%   0.1125    8.9215
50%   0.2280   15.6756
75%   0.3569   26.7047
max   0.5000  195.2613

MAF/LD Score Correlation Matrix
       MAF     L2
MAF  1.000  0.225
L2   0.225  1.000

Annotation Correlation Matrix
       ANNOT
ANNOT    1.0

Annotation Matrix Column Sums
ANNOT    107605

Summary of Annotation Matrix Row Sums
count    632996.0000
mean          0.1700
std           0.3756
min           0.0000
25%           0.0000
50%           0.0000
75%           0.0000
max           1.0000
Analysis finished at Fri Sep 12 18:51:04 2025
Total time elapsed: 8.0m:20.26s
chr6
*********************************************************************
* LD Score Regression (LDSC)
* Version 1.0.1
* (C) 2014-2019 Brendan Bulik-Sullivan and Hilary Finucane
* Broad Institute of MIT and Harvard / MIT Department of Mathematics
* GNU General Public License v3
*********************************************************************
Call: 
./ldsc.py \
--print-snps /anvil/projects/x-mcb130189/rwang22/bican/ref/hm3_no_MHC.list.txt \
--ld-wind-cm 1.0 \
--out /anvil/projects/x-mcb130189/rwang22/bican/ldsc/ldscore/hyper/Oligodendrocyte.hyper.dmr.bed.6 \
--bfile /anvil/projects/x-mcb130189/rwang22/bican/ref/GRCh38/plink_files/1000G.EUR.hg38.6 \
--thin-annot  \
--annot Oligodendrocyte.hyper.dmr.bed.6.annot.gz \
--l2  

Beginning analysis at Fri Sep 12 18:51:05 2025
Read list of 663678 SNPs from /anvil/projects/x-mcb130189/rwang22/bican/ref/GRCh38/plink_files/1000G.EUR.hg38.6.bim
Read 1 annotations for 663678 SNPs from Oligodendrocyte.hyper.dmr.bed.6.annot.gz
Read list of 489 individuals from /anvil/projects/x-mcb130189/rwang22/bican/ref/GRCh38/plink_files/1000G.EUR.hg38.6.fam
Reading genotypes from /anvil/projects/x-mcb130189/rwang22/bican/ref/GRCh38/plink_files/1000G.EUR.hg38.6.bed
After filtering, 663678 SNPs remain
Estimating LD Score.
Reading list of 1217311 SNPs for which to print LD Scores from /anvil/projects/x-mcb130189/rwang22/bican/ref/hm3_no_MHC.list.txt
After merging with --print-snps, LD Scores for 75328 SNPs will be printed.
Writing LD Scores for 75328 SNPs to /anvil/projects/x-mcb130189/rwang22/bican/ldsc/ldscore/hyper/Oligodendrocyte.hyper.dmr.bed.6.l2.ldscore.gz

Summary of LD Scores in /anvil/projects/x-mcb130189/rwang22/bican/ldsc/ldscore/hyper/Oligodendrocyte.hyper.dmr.bed.6.l2.ldscore.gz
         MAF        L2
mean  0.2357   20.7323
std   0.1431   19.7256
min   0.0051   -0.5595
25%   0.1104    8.4989
50%   0.2249   15.2096
75%   0.3579   26.0229
max   0.5000  392.3446

MAF/LD Score Correlation Matrix
       MAF     L2
MAF  1.000  0.222
L2   0.222  1.000

Annotation Correlation Matrix
       ANNOT
ANNOT    1.0

Annotation Matrix Column Sums
ANNOT    101105

Summary of Annotation Matrix Row Sums
count    663678.0000
mean          0.1523
std           0.3594
min           0.0000
25%           0.0000
50%           0.0000
75%           0.0000
max           1.0000
Analysis finished at Fri Sep 12 19:02:00 2025
Total time elapsed: 10.0m:54.88s
chr7
*********************************************************************
* LD Score Regression (LDSC)
* Version 1.0.1
* (C) 2014-2019 Brendan Bulik-Sullivan and Hilary Finucane
* Broad Institute of MIT and Harvard / MIT Department of Mathematics
* GNU General Public License v3
*********************************************************************
Call: 
./ldsc.py \
--print-snps /anvil/projects/x-mcb130189/rwang22/bican/ref/hm3_no_MHC.list.txt \
--ld-wind-cm 1.0 \
--out /anvil/projects/x-mcb130189/rwang22/bican/ldsc/ldscore/hyper/Oligodendrocyte.hyper.dmr.bed.7 \
--bfile /anvil/projects/x-mcb130189/rwang22/bican/ref/GRCh38/plink_files/1000G.EUR.hg38.7 \
--thin-annot  \
--annot Oligodendrocyte.hyper.dmr.bed.7.annot.gz \
--l2  

Beginning analysis at Fri Sep 12 19:02:03 2025
Read list of 589044 SNPs from /anvil/projects/x-mcb130189/rwang22/bican/ref/GRCh38/plink_files/1000G.EUR.hg38.7.bim
Read 1 annotations for 589046 SNPs from Oligodendrocyte.hyper.dmr.bed.7.annot.gz
Read list of 489 individuals from /anvil/projects/x-mcb130189/rwang22/bican/ref/GRCh38/plink_files/1000G.EUR.hg38.7.fam
Reading genotypes from /anvil/projects/x-mcb130189/rwang22/bican/ref/GRCh38/plink_files/1000G.EUR.hg38.7.bed
After filtering, 589044 SNPs remain
Estimating LD Score.
Reading list of 1217311 SNPs for which to print LD Scores from /anvil/projects/x-mcb130189/rwang22/bican/ref/hm3_no_MHC.list.txt
After merging with --print-snps, LD Scores for 66138 SNPs will be printed.
Writing LD Scores for 66138 SNPs to /anvil/projects/x-mcb130189/rwang22/bican/ldsc/ldscore/hyper/Oligodendrocyte.hyper.dmr.bed.7.l2.ldscore.gz

Summary of LD Scores in /anvil/projects/x-mcb130189/rwang22/bican/ldsc/ldscore/hyper/Oligodendrocyte.hyper.dmr.bed.7.l2.ldscore.gz
         MAF        L2
mean  0.2390   20.8347
std   0.1428   17.2335
min   0.0051   -0.9037
25%   0.1125    9.1698
50%   0.2301   16.0974
75%   0.3609   27.0676
max   0.5000  172.7987

MAF/LD Score Correlation Matrix
        MAF      L2
MAF  1.0000  0.2023
L2   0.2023  1.0000

Annotation Correlation Matrix
       ANNOT
ANNOT    1.0

Annotation Matrix Column Sums
ANNOT    101600

Summary of Annotation Matrix Row Sums
count    589044.0000
mean          0.1725
std           0.3778
min           0.0000
25%           0.0000
50%           0.0000
75%           0.0000
max           1.0000
Analysis finished at Fri Sep 12 19:09:43 2025
Total time elapsed: 7.0m:40.61s
chr8
*********************************************************************
* LD Score Regression (LDSC)
* Version 1.0.1
* (C) 2014-2019 Brendan Bulik-Sullivan and Hilary Finucane
* Broad Institute of MIT and Harvard / MIT Department of Mathematics
* GNU General Public License v3
*********************************************************************
Call: 
./ldsc.py \
--print-snps /anvil/projects/x-mcb130189/rwang22/bican/ref/hm3_no_MHC.list.txt \
--ld-wind-cm 1.0 \
--out /anvil/projects/x-mcb130189/rwang22/bican/ldsc/ldscore/hyper/Oligodendrocyte.hyper.dmr.bed.8 \
--bfile /anvil/projects/x-mcb130189/rwang22/bican/ref/GRCh38/plink_files/1000G.EUR.hg38.8 \
--thin-annot  \
--annot Oligodendrocyte.hyper.dmr.bed.8.annot.gz \
--l2  

Beginning analysis at Fri Sep 12 19:09:44 2025
Read list of 549556 SNPs from /anvil/projects/x-mcb130189/rwang22/bican/ref/GRCh38/plink_files/1000G.EUR.hg38.8.bim
Read 1 annotations for 549560 SNPs from Oligodendrocyte.hyper.dmr.bed.8.annot.gz
Read list of 489 individuals from /anvil/projects/x-mcb130189/rwang22/bican/ref/GRCh38/plink_files/1000G.EUR.hg38.8.fam
Reading genotypes from /anvil/projects/x-mcb130189/rwang22/bican/ref/GRCh38/plink_files/1000G.EUR.hg38.8.bed
After filtering, 549556 SNPs remain
Estimating LD Score.
Reading list of 1217311 SNPs for which to print LD Scores from /anvil/projects/x-mcb130189/rwang22/bican/ref/hm3_no_MHC.list.txt
After merging with --print-snps, LD Scores for 64928 SNPs will be printed.
Writing LD Scores for 64928 SNPs to /anvil/projects/x-mcb130189/rwang22/bican/ldsc/ldscore/hyper/Oligodendrocyte.hyper.dmr.bed.8.l2.ldscore.gz

Summary of LD Scores in /anvil/projects/x-mcb130189/rwang22/bican/ldsc/ldscore/hyper/Oligodendrocyte.hyper.dmr.bed.8.l2.ldscore.gz
         MAF        L2
mean  0.2380   27.3237
std   0.1431   27.5017
min   0.0051   -0.7925
25%   0.1115   10.1811
50%   0.2280   18.8190
75%   0.3609   33.9405
max   0.5000  263.8321

MAF/LD Score Correlation Matrix
        MAF      L2
MAF  1.0000  0.1983
L2   0.1983  1.0000

Annotation Correlation Matrix
       ANNOT
ANNOT    1.0

Annotation Matrix Column Sums
ANNOT    109545

Summary of Annotation Matrix Row Sums
count    549556.0000
mean          0.1993
std           0.3995
min           0.0000
25%           0.0000
50%           0.0000
75%           0.0000
max           1.0000
Analysis finished at Fri Sep 12 19:18:17 2025
Total time elapsed: 8.0m:33.35s
chr9
*********************************************************************
* LD Score Regression (LDSC)
* Version 1.0.1
* (C) 2014-2019 Brendan Bulik-Sullivan and Hilary Finucane
* Broad Institute of MIT and Harvard / MIT Department of Mathematics
* GNU General Public License v3
*********************************************************************
Call: 
./ldsc.py \
--print-snps /anvil/projects/x-mcb130189/rwang22/bican/ref/hm3_no_MHC.list.txt \
--ld-wind-cm 1.0 \
--out /anvil/projects/x-mcb130189/rwang22/bican/ldsc/ldscore/hyper/Oligodendrocyte.hyper.dmr.bed.9 \
--bfile /anvil/projects/x-mcb130189/rwang22/bican/ref/GRCh38/plink_files/1000G.EUR.hg38.9 \
--thin-annot  \
--annot Oligodendrocyte.hyper.dmr.bed.9.annot.gz \
--l2  

Beginning analysis at Fri Sep 12 19:18:19 2025
Read list of 437825 SNPs from /anvil/projects/x-mcb130189/rwang22/bican/ref/GRCh38/plink_files/1000G.EUR.hg38.9.bim
Read 1 annotations for 437829 SNPs from Oligodendrocyte.hyper.dmr.bed.9.annot.gz
Read list of 489 individuals from /anvil/projects/x-mcb130189/rwang22/bican/ref/GRCh38/plink_files/1000G.EUR.hg38.9.fam
Reading genotypes from /anvil/projects/x-mcb130189/rwang22/bican/ref/GRCh38/plink_files/1000G.EUR.hg38.9.bed
After filtering, 437825 SNPs remain
Estimating LD Score.
Reading list of 1217311 SNPs for which to print LD Scores from /anvil/projects/x-mcb130189/rwang22/bican/ref/hm3_no_MHC.list.txt
After merging with --print-snps, LD Scores for 55452 SNPs will be printed.
Writing LD Scores for 55452 SNPs to /anvil/projects/x-mcb130189/rwang22/bican/ldsc/ldscore/hyper/Oligodendrocyte.hyper.dmr.bed.9.l2.ldscore.gz

Summary of LD Scores in /anvil/projects/x-mcb130189/rwang22/bican/ldsc/ldscore/hyper/Oligodendrocyte.hyper.dmr.bed.9.l2.ldscore.gz
         MAF        L2
mean  0.2359   17.3900
std   0.1423   13.4523
min   0.0051   -0.3404
25%   0.1115    7.9388
50%   0.2249   13.8300
75%   0.3569   23.0758
max   0.5000  104.4046

MAF/LD Score Correlation Matrix
        MAF      L2
MAF  1.0000  0.2415
L2   0.2415  1.0000

Annotation Correlation Matrix
       ANNOT
ANNOT    1.0

Annotation Matrix Column Sums
ANNOT    74952

Summary of Annotation Matrix Row Sums
count    437825.0000
mean          0.1712
std           0.3767
min           0.0000
25%           0.0000
50%           0.0000
75%           0.0000
max           1.0000
Analysis finished at Fri Sep 12 19:22:50 2025
Total time elapsed: 4.0m:31.32s
chr10
*********************************************************************
* LD Score Regression (LDSC)
* Version 1.0.1
* (C) 2014-2019 Brendan Bulik-Sullivan and Hilary Finucane
* Broad Institute of MIT and Harvard / MIT Department of Mathematics
* GNU General Public License v3
*********************************************************************
Call: 
./ldsc.py \
--print-snps /anvil/projects/x-mcb130189/rwang22/bican/ref/hm3_no_MHC.list.txt \
--ld-wind-cm 1.0 \
--out /anvil/projects/x-mcb130189/rwang22/bican/ldsc/ldscore/hyper/Oligodendrocyte.hyper.dmr.bed.10 \
--bfile /anvil/projects/x-mcb130189/rwang22/bican/ref/GRCh38/plink_files/1000G.EUR.hg38.10 \
--thin-annot  \
--annot Oligodendrocyte.hyper.dmr.bed.10.annot.gz \
--l2  

Beginning analysis at Fri Sep 12 19:22:51 2025
Read list of 510396 SNPs from /anvil/projects/x-mcb130189/rwang22/bican/ref/GRCh38/plink_files/1000G.EUR.hg38.10.bim
Read 1 annotations for 510410 SNPs from Oligodendrocyte.hyper.dmr.bed.10.annot.gz
Read list of 489 individuals from /anvil/projects/x-mcb130189/rwang22/bican/ref/GRCh38/plink_files/1000G.EUR.hg38.10.fam
Reading genotypes from /anvil/projects/x-mcb130189/rwang22/bican/ref/GRCh38/plink_files/1000G.EUR.hg38.10.bed
After filtering, 510396 SNPs remain
Estimating LD Score.
Reading list of 1217311 SNPs for which to print LD Scores from /anvil/projects/x-mcb130189/rwang22/bican/ref/hm3_no_MHC.list.txt
After merging with --print-snps, LD Scores for 64066 SNPs will be printed.
Writing LD Scores for 64066 SNPs to /anvil/projects/x-mcb130189/rwang22/bican/ldsc/ldscore/hyper/Oligodendrocyte.hyper.dmr.bed.10.l2.ldscore.gz

Summary of LD Scores in /anvil/projects/x-mcb130189/rwang22/bican/ldsc/ldscore/hyper/Oligodendrocyte.hyper.dmr.bed.10.l2.ldscore.gz
         MAF        L2
mean  0.2328   21.6361
std   0.1426   20.2165
min   0.0051   -0.3457
25%   0.1074    9.3323
50%   0.2198   16.0025
75%   0.3538   26.8399
max   0.5000  213.5532

MAF/LD Score Correlation Matrix
       MAF     L2
MAF  1.000  0.168
L2   0.168  1.000

Annotation Correlation Matrix
       ANNOT
ANNOT    1.0

Annotation Matrix Column Sums
ANNOT    96711

Summary of Annotation Matrix Row Sums
count    510396.0000
mean          0.1895
std           0.3919
min           0.0000
25%           0.0000
50%           0.0000
75%           0.0000
max           1.0000
Analysis finished at Fri Sep 12 19:29:09 2025
Total time elapsed: 6.0m:18.15s
chr11
*********************************************************************
* LD Score Regression (LDSC)
* Version 1.0.1
* (C) 2014-2019 Brendan Bulik-Sullivan and Hilary Finucane
* Broad Institute of MIT and Harvard / MIT Department of Mathematics
* GNU General Public License v3
*********************************************************************
Call: 
./ldsc.py \
--print-snps /anvil/projects/x-mcb130189/rwang22/bican/ref/hm3_no_MHC.list.txt \
--ld-wind-cm 1.0 \
--out /anvil/projects/x-mcb130189/rwang22/bican/ldsc/ldscore/hyper/Oligodendrocyte.hyper.dmr.bed.11 \
--bfile /anvil/projects/x-mcb130189/rwang22/bican/ref/GRCh38/plink_files/1000G.EUR.hg38.11 \
--thin-annot  \
--annot Oligodendrocyte.hyper.dmr.bed.11.annot.gz \
--l2  

Beginning analysis at Fri Sep 12 19:29:10 2025
Read list of 493753 SNPs from /anvil/projects/x-mcb130189/rwang22/bican/ref/GRCh38/plink_files/1000G.EUR.hg38.11.bim
Read 1 annotations for 493755 SNPs from Oligodendrocyte.hyper.dmr.bed.11.annot.gz
Read list of 489 individuals from /anvil/projects/x-mcb130189/rwang22/bican/ref/GRCh38/plink_files/1000G.EUR.hg38.11.fam
Reading genotypes from /anvil/projects/x-mcb130189/rwang22/bican/ref/GRCh38/plink_files/1000G.EUR.hg38.11.bed
After filtering, 493753 SNPs remain
Estimating LD Score.
Reading list of 1217311 SNPs for which to print LD Scores from /anvil/projects/x-mcb130189/rwang22/bican/ref/hm3_no_MHC.list.txt
After merging with --print-snps, LD Scores for 60969 SNPs will be printed.
Writing LD Scores for 60969 SNPs to /anvil/projects/x-mcb130189/rwang22/bican/ldsc/ldscore/hyper/Oligodendrocyte.hyper.dmr.bed.11.l2.ldscore.gz

Summary of LD Scores in /anvil/projects/x-mcb130189/rwang22/bican/ldsc/ldscore/hyper/Oligodendrocyte.hyper.dmr.bed.11.l2.ldscore.gz
         MAF        L2
mean  0.2398   21.9362
std   0.1419   17.9386
min   0.0051   -0.8308
25%   0.1155    9.8053
50%   0.2301   17.2242
75%   0.3609   28.5663
max   0.5000  146.8405

MAF/LD Score Correlation Matrix
        MAF      L2
MAF  1.0000  0.1895
L2   0.1895  1.0000

Annotation Correlation Matrix
       ANNOT
ANNOT    1.0

Annotation Matrix Column Sums
ANNOT    89956

Summary of Annotation Matrix Row Sums
count    493753.0000
mean          0.1822
std           0.3860
min           0.0000
25%           0.0000
50%           0.0000
75%           0.0000
max           1.0000
Analysis finished at Fri Sep 12 19:37:03 2025
Total time elapsed: 7.0m:52.58s
chr12
*********************************************************************
* LD Score Regression (LDSC)
* Version 1.0.1
* (C) 2014-2019 Brendan Bulik-Sullivan and Hilary Finucane
* Broad Institute of MIT and Harvard / MIT Department of Mathematics
* GNU General Public License v3
*********************************************************************
Call: 
./ldsc.py \
--print-snps /anvil/projects/x-mcb130189/rwang22/bican/ref/hm3_no_MHC.list.txt \
--ld-wind-cm 1.0 \
--out /anvil/projects/x-mcb130189/rwang22/bican/ldsc/ldscore/hyper/Oligodendrocyte.hyper.dmr.bed.12 \
--bfile /anvil/projects/x-mcb130189/rwang22/bican/ref/GRCh38/plink_files/1000G.EUR.hg38.12 \
--thin-annot  \
--annot Oligodendrocyte.hyper.dmr.bed.12.annot.gz \
--l2  

Beginning analysis at Fri Sep 12 19:37:05 2025
Read list of 480032 SNPs from /anvil/projects/x-mcb130189/rwang22/bican/ref/GRCh38/plink_files/1000G.EUR.hg38.12.bim
Read 1 annotations for 480032 SNPs from Oligodendrocyte.hyper.dmr.bed.12.annot.gz
Read list of 489 individuals from /anvil/projects/x-mcb130189/rwang22/bican/ref/GRCh38/plink_files/1000G.EUR.hg38.12.fam
Reading genotypes from /anvil/projects/x-mcb130189/rwang22/bican/ref/GRCh38/plink_files/1000G.EUR.hg38.12.bed
After filtering, 480032 SNPs remain
Estimating LD Score.
Reading list of 1217311 SNPs for which to print LD Scores from /anvil/projects/x-mcb130189/rwang22/bican/ref/hm3_no_MHC.list.txt
After merging with --print-snps, LD Scores for 58540 SNPs will be printed.
Writing LD Scores for 58540 SNPs to /anvil/projects/x-mcb130189/rwang22/bican/ldsc/ldscore/hyper/Oligodendrocyte.hyper.dmr.bed.12.l2.ldscore.gz

Summary of LD Scores in /anvil/projects/x-mcb130189/rwang22/bican/ldsc/ldscore/hyper/Oligodendrocyte.hyper.dmr.bed.12.l2.ldscore.gz
         MAF        L2
mean  0.2334   19.6768
std   0.1429   17.4328
min   0.0051   -0.5745
25%   0.1084    8.4616
50%   0.2209   14.9404
75%   0.3558   25.0952
max   0.5000  153.8145

MAF/LD Score Correlation Matrix
        MAF      L2
MAF  1.0000  0.2208
L2   0.2208  1.0000

Annotation Correlation Matrix
       ANNOT
ANNOT    1.0

Annotation Matrix Column Sums
ANNOT    82352

Summary of Annotation Matrix Row Sums
count    480032.0000
mean          0.1716
std           0.3770
min           0.0000
25%           0.0000
50%           0.0000
75%           0.0000
max           1.0000
Analysis finished at Fri Sep 12 19:45:00 2025
Total time elapsed: 7.0m:54.37s
chr13
*********************************************************************
* LD Score Regression (LDSC)
* Version 1.0.1
* (C) 2014-2019 Brendan Bulik-Sullivan and Hilary Finucane
* Broad Institute of MIT and Harvard / MIT Department of Mathematics
* GNU General Public License v3
*********************************************************************
Call: 
./ldsc.py \
--print-snps /anvil/projects/x-mcb130189/rwang22/bican/ref/hm3_no_MHC.list.txt \
--ld-wind-cm 1.0 \
--out /anvil/projects/x-mcb130189/rwang22/bican/ldsc/ldscore/hyper/Oligodendrocyte.hyper.dmr.bed.13 \
--bfile /anvil/projects/x-mcb130189/rwang22/bican/ref/GRCh38/plink_files/1000G.EUR.hg38.13 \
--thin-annot  \
--annot Oligodendrocyte.hyper.dmr.bed.13.annot.gz \
--l2  

Beginning analysis at Fri Sep 12 19:45:00 2025
Read list of 366088 SNPs from /anvil/projects/x-mcb130189/rwang22/bican/ref/GRCh38/plink_files/1000G.EUR.hg38.13.bim
Read 1 annotations for 366088 SNPs from Oligodendrocyte.hyper.dmr.bed.13.annot.gz
Read list of 489 individuals from /anvil/projects/x-mcb130189/rwang22/bican/ref/GRCh38/plink_files/1000G.EUR.hg38.13.fam
Reading genotypes from /anvil/projects/x-mcb130189/rwang22/bican/ref/GRCh38/plink_files/1000G.EUR.hg38.13.bed
After filtering, 366088 SNPs remain
Estimating LD Score.
Reading list of 1217311 SNPs for which to print LD Scores from /anvil/projects/x-mcb130189/rwang22/bican/ref/hm3_no_MHC.list.txt
After merging with --print-snps, LD Scores for 45540 SNPs will be printed.
Writing LD Scores for 45540 SNPs to /anvil/projects/x-mcb130189/rwang22/bican/ldsc/ldscore/hyper/Oligodendrocyte.hyper.dmr.bed.13.l2.ldscore.gz

Summary of LD Scores in /anvil/projects/x-mcb130189/rwang22/bican/ldsc/ldscore/hyper/Oligodendrocyte.hyper.dmr.bed.13.l2.ldscore.gz
         MAF        L2
mean  0.2338   20.7495
std   0.1429   18.2835
min   0.0051   -0.3079
25%   0.1074    8.6135
50%   0.2209   15.6729
75%   0.3548   26.9973
max   0.5000  168.2982

MAF/LD Score Correlation Matrix
       MAF     L2
MAF  1.000  0.212
L2   0.212  1.000

Annotation Correlation Matrix
       ANNOT
ANNOT    1.0

Annotation Matrix Column Sums
ANNOT    66780

Summary of Annotation Matrix Row Sums
count    366088.0000
mean          0.1824
std           0.3862
min           0.0000
25%           0.0000
50%           0.0000
75%           0.0000
max           1.0000
Analysis finished at Fri Sep 12 19:50:09 2025
Total time elapsed: 5.0m:8.51s
chr14
*********************************************************************
* LD Score Regression (LDSC)
* Version 1.0.1
* (C) 2014-2019 Brendan Bulik-Sullivan and Hilary Finucane
* Broad Institute of MIT and Harvard / MIT Department of Mathematics
* GNU General Public License v3
*********************************************************************
Call: 
./ldsc.py \
--print-snps /anvil/projects/x-mcb130189/rwang22/bican/ref/hm3_no_MHC.list.txt \
--ld-wind-cm 1.0 \
--out /anvil/projects/x-mcb130189/rwang22/bican/ldsc/ldscore/hyper/Oligodendrocyte.hyper.dmr.bed.14 \
--bfile /anvil/projects/x-mcb130189/rwang22/bican/ref/GRCh38/plink_files/1000G.EUR.hg38.14 \
--thin-annot  \
--annot Oligodendrocyte.hyper.dmr.bed.14.annot.gz \
--l2  

Beginning analysis at Fri Sep 12 19:50:10 2025
Read list of 323965 SNPs from /anvil/projects/x-mcb130189/rwang22/bican/ref/GRCh38/plink_files/1000G.EUR.hg38.14.bim
Read 1 annotations for 323965 SNPs from Oligodendrocyte.hyper.dmr.bed.14.annot.gz
Read list of 489 individuals from /anvil/projects/x-mcb130189/rwang22/bican/ref/GRCh38/plink_files/1000G.EUR.hg38.14.fam
Reading genotypes from /anvil/projects/x-mcb130189/rwang22/bican/ref/GRCh38/plink_files/1000G.EUR.hg38.14.bed
After filtering, 323965 SNPs remain
Estimating LD Score.
Reading list of 1217311 SNPs for which to print LD Scores from /anvil/projects/x-mcb130189/rwang22/bican/ref/hm3_no_MHC.list.txt
After merging with --print-snps, LD Scores for 39424 SNPs will be printed.
Writing LD Scores for 39424 SNPs to /anvil/projects/x-mcb130189/rwang22/bican/ldsc/ldscore/hyper/Oligodendrocyte.hyper.dmr.bed.14.l2.ldscore.gz

Summary of LD Scores in /anvil/projects/x-mcb130189/rwang22/bican/ldsc/ldscore/hyper/Oligodendrocyte.hyper.dmr.bed.14.l2.ldscore.gz
         MAF        L2
mean  0.2320   19.8347
std   0.1425   16.8489
min   0.0051   -0.5072
25%   0.1074    8.6357
50%   0.2198   15.6044
75%   0.3507   25.6360
max   0.5000  132.5785

MAF/LD Score Correlation Matrix
        MAF      L2
MAF  1.0000  0.1665
L2   0.1665  1.0000

Annotation Correlation Matrix
       ANNOT
ANNOT    1.0

Annotation Matrix Column Sums
ANNOT    59105

Summary of Annotation Matrix Row Sums
count    323965.0000
mean          0.1824
std           0.3862
min           0.0000
25%           0.0000
50%           0.0000
75%           0.0000
max           1.0000
Analysis finished at Fri Sep 12 19:54:20 2025
Total time elapsed: 4.0m:10.06s
chr15
*********************************************************************
* LD Score Regression (LDSC)
* Version 1.0.1
* (C) 2014-2019 Brendan Bulik-Sullivan and Hilary Finucane
* Broad Institute of MIT and Harvard / MIT Department of Mathematics
* GNU General Public License v3
*********************************************************************
Call: 
./ldsc.py \
--print-snps /anvil/projects/x-mcb130189/rwang22/bican/ref/hm3_no_MHC.list.txt \
--ld-wind-cm 1.0 \
--out /anvil/projects/x-mcb130189/rwang22/bican/ldsc/ldscore/hyper/Oligodendrocyte.hyper.dmr.bed.15 \
--bfile /anvil/projects/x-mcb130189/rwang22/bican/ref/GRCh38/plink_files/1000G.EUR.hg38.15 \
--thin-annot  \
--annot Oligodendrocyte.hyper.dmr.bed.15.annot.gz \
--l2  

Beginning analysis at Fri Sep 12 19:54:21 2025
Read list of 286945 SNPs from /anvil/projects/x-mcb130189/rwang22/bican/ref/GRCh38/plink_files/1000G.EUR.hg38.15.bim
Read 1 annotations for 286945 SNPs from Oligodendrocyte.hyper.dmr.bed.15.annot.gz
Read list of 489 individuals from /anvil/projects/x-mcb130189/rwang22/bican/ref/GRCh38/plink_files/1000G.EUR.hg38.15.fam
Reading genotypes from /anvil/projects/x-mcb130189/rwang22/bican/ref/GRCh38/plink_files/1000G.EUR.hg38.15.bed
After filtering, 286945 SNPs remain
Estimating LD Score.
Reading list of 1217311 SNPs for which to print LD Scores from /anvil/projects/x-mcb130189/rwang22/bican/ref/hm3_no_MHC.list.txt
After merging with --print-snps, LD Scores for 35837 SNPs will be printed.
Writing LD Scores for 35837 SNPs to /anvil/projects/x-mcb130189/rwang22/bican/ldsc/ldscore/hyper/Oligodendrocyte.hyper.dmr.bed.15.l2.ldscore.gz

Summary of LD Scores in /anvil/projects/x-mcb130189/rwang22/bican/ldsc/ldscore/hyper/Oligodendrocyte.hyper.dmr.bed.15.l2.ldscore.gz
         MAF        L2
mean  0.2379   18.9518
std   0.1441   15.4045
min   0.0051   -0.4805
25%   0.1104    8.1901
50%   0.2270   14.7928
75%   0.3640   25.1174
max   0.5000  134.4356

MAF/LD Score Correlation Matrix
        MAF      L2
MAF  1.0000  0.2443
L2   0.2443  1.0000

Annotation Correlation Matrix
       ANNOT
ANNOT    1.0

Annotation Matrix Column Sums
ANNOT    54857

Summary of Annotation Matrix Row Sums
count    286945.0000
mean          0.1912
std           0.3932
min           0.0000
25%           0.0000
50%           0.0000
75%           0.0000
max           1.0000
Analysis finished at Fri Sep 12 19:56:35 2025
Total time elapsed: 2.0m:13.64s
chr16
*********************************************************************
* LD Score Regression (LDSC)
* Version 1.0.1
* (C) 2014-2019 Brendan Bulik-Sullivan and Hilary Finucane
* Broad Institute of MIT and Harvard / MIT Department of Mathematics
* GNU General Public License v3
*********************************************************************
Call: 
./ldsc.py \
--print-snps /anvil/projects/x-mcb130189/rwang22/bican/ref/hm3_no_MHC.list.txt \
--ld-wind-cm 1.0 \
--out /anvil/projects/x-mcb130189/rwang22/bican/ldsc/ldscore/hyper/Oligodendrocyte.hyper.dmr.bed.16 \
--bfile /anvil/projects/x-mcb130189/rwang22/bican/ref/GRCh38/plink_files/1000G.EUR.hg38.16 \
--thin-annot  \
--annot Oligodendrocyte.hyper.dmr.bed.16.annot.gz \
--l2  

Beginning analysis at Fri Sep 12 19:56:36 2025
Read list of 316962 SNPs from /anvil/projects/x-mcb130189/rwang22/bican/ref/GRCh38/plink_files/1000G.EUR.hg38.16.bim
Read 1 annotations for 316962 SNPs from Oligodendrocyte.hyper.dmr.bed.16.annot.gz
Read list of 489 individuals from /anvil/projects/x-mcb130189/rwang22/bican/ref/GRCh38/plink_files/1000G.EUR.hg38.16.fam
Reading genotypes from /anvil/projects/x-mcb130189/rwang22/bican/ref/GRCh38/plink_files/1000G.EUR.hg38.16.bed
After filtering, 316962 SNPs remain
Estimating LD Score.
Reading list of 1217311 SNPs for which to print LD Scores from /anvil/projects/x-mcb130189/rwang22/bican/ref/hm3_no_MHC.list.txt
After merging with --print-snps, LD Scores for 36526 SNPs will be printed.
Writing LD Scores for 36526 SNPs to /anvil/projects/x-mcb130189/rwang22/bican/ldsc/ldscore/hyper/Oligodendrocyte.hyper.dmr.bed.16.l2.ldscore.gz

Summary of LD Scores in /anvil/projects/x-mcb130189/rwang22/bican/ldsc/ldscore/hyper/Oligodendrocyte.hyper.dmr.bed.16.l2.ldscore.gz
         MAF        L2
mean  0.2389   21.9398
std   0.1426   18.6244
min   0.0051   -0.3730
25%   0.1145    8.9562
50%   0.2311   16.1479
75%   0.3599   29.1446
max   0.5000  125.1707

MAF/LD Score Correlation Matrix
        MAF      L2
MAF  1.0000  0.1837
L2   0.1837  1.0000

Annotation Correlation Matrix
       ANNOT
ANNOT    1.0

Annotation Matrix Column Sums
ANNOT    72544

Summary of Annotation Matrix Row Sums
count    316962.0000
mean          0.2289
std           0.4201
min           0.0000
25%           0.0000
50%           0.0000
75%           0.0000
max           1.0000
Analysis finished at Fri Sep 12 20:03:56 2025
Total time elapsed: 7.0m:20.55s
chr17
*********************************************************************
* LD Score Regression (LDSC)
* Version 1.0.1
* (C) 2014-2019 Brendan Bulik-Sullivan and Hilary Finucane
* Broad Institute of MIT and Harvard / MIT Department of Mathematics
* GNU General Public License v3
*********************************************************************
Call: 
./ldsc.py \
--print-snps /anvil/projects/x-mcb130189/rwang22/bican/ref/hm3_no_MHC.list.txt \
--ld-wind-cm 1.0 \
--out /anvil/projects/x-mcb130189/rwang22/bican/ldsc/ldscore/hyper/Oligodendrocyte.hyper.dmr.bed.17 \
--bfile /anvil/projects/x-mcb130189/rwang22/bican/ref/GRCh38/plink_files/1000G.EUR.hg38.17 \
--thin-annot  \
--annot Oligodendrocyte.hyper.dmr.bed.17.annot.gz \
--l2  

Beginning analysis at Fri Sep 12 20:03:57 2025
Read list of 268764 SNPs from /anvil/projects/x-mcb130189/rwang22/bican/ref/GRCh38/plink_files/1000G.EUR.hg38.17.bim
Read 1 annotations for 268764 SNPs from Oligodendrocyte.hyper.dmr.bed.17.annot.gz
Read list of 489 individuals from /anvil/projects/x-mcb130189/rwang22/bican/ref/GRCh38/plink_files/1000G.EUR.hg38.17.fam
Reading genotypes from /anvil/projects/x-mcb130189/rwang22/bican/ref/GRCh38/plink_files/1000G.EUR.hg38.17.bed
After filtering, 268764 SNPs remain
Estimating LD Score.
Reading list of 1217311 SNPs for which to print LD Scores from /anvil/projects/x-mcb130189/rwang22/bican/ref/hm3_no_MHC.list.txt
After merging with --print-snps, LD Scores for 32165 SNPs will be printed.
Writing LD Scores for 32165 SNPs to /anvil/projects/x-mcb130189/rwang22/bican/ldsc/ldscore/hyper/Oligodendrocyte.hyper.dmr.bed.17.l2.ldscore.gz

Summary of LD Scores in /anvil/projects/x-mcb130189/rwang22/bican/ldsc/ldscore/hyper/Oligodendrocyte.hyper.dmr.bed.17.l2.ldscore.gz
         MAF        L2
mean  0.2427   17.9667
std   0.1445   19.1613
min   0.0051   -0.4202
25%   0.1145    6.7853
50%   0.2352   12.6026
75%   0.3681   22.3198
max   0.5000  207.8714

MAF/LD Score Correlation Matrix
        MAF      L2
MAF  1.0000  0.2626
L2   0.2626  1.0000

Annotation Correlation Matrix
       ANNOT
ANNOT    1.0

Annotation Matrix Column Sums
ANNOT    48604

Summary of Annotation Matrix Row Sums
count    268764.0000
mean          0.1808
std           0.3849
min           0.0000
25%           0.0000
50%           0.0000
75%           0.0000
max           1.0000
Analysis finished at Fri Sep 12 20:07:55 2025
Total time elapsed: 3.0m:58.57s
chr18
*********************************************************************
* LD Score Regression (LDSC)
* Version 1.0.1
* (C) 2014-2019 Brendan Bulik-Sullivan and Hilary Finucane
* Broad Institute of MIT and Harvard / MIT Department of Mathematics
* GNU General Public License v3
*********************************************************************
Call: 
./ldsc.py \
--print-snps /anvil/projects/x-mcb130189/rwang22/bican/ref/hm3_no_MHC.list.txt \
--ld-wind-cm 1.0 \
--out /anvil/projects/x-mcb130189/rwang22/bican/ldsc/ldscore/hyper/Oligodendrocyte.hyper.dmr.bed.18 \
--bfile /anvil/projects/x-mcb130189/rwang22/bican/ref/GRCh38/plink_files/1000G.EUR.hg38.18 \
--thin-annot  \
--annot Oligodendrocyte.hyper.dmr.bed.18.annot.gz \
--l2  

Beginning analysis at Fri Sep 12 20:07:56 2025
Read list of 285134 SNPs from /anvil/projects/x-mcb130189/rwang22/bican/ref/GRCh38/plink_files/1000G.EUR.hg38.18.bim
Read 1 annotations for 285134 SNPs from Oligodendrocyte.hyper.dmr.bed.18.annot.gz
Read list of 489 individuals from /anvil/projects/x-mcb130189/rwang22/bican/ref/GRCh38/plink_files/1000G.EUR.hg38.18.fam
Reading genotypes from /anvil/projects/x-mcb130189/rwang22/bican/ref/GRCh38/plink_files/1000G.EUR.hg38.18.bed
After filtering, 285134 SNPs remain
Estimating LD Score.
Reading list of 1217311 SNPs for which to print LD Scores from /anvil/projects/x-mcb130189/rwang22/bican/ref/hm3_no_MHC.list.txt
After merging with --print-snps, LD Scores for 35509 SNPs will be printed.
Writing LD Scores for 35509 SNPs to /anvil/projects/x-mcb130189/rwang22/bican/ldsc/ldscore/hyper/Oligodendrocyte.hyper.dmr.bed.18.l2.ldscore.gz

Summary of LD Scores in /anvil/projects/x-mcb130189/rwang22/bican/ldsc/ldscore/hyper/Oligodendrocyte.hyper.dmr.bed.18.l2.ldscore.gz
         MAF        L2
mean  0.2364   21.1019
std   0.1423   21.2547
min   0.0051   -0.3540
25%   0.1115    8.7359
50%   0.2260   15.2321
75%   0.3569   26.1373
max   0.5000  252.1310

MAF/LD Score Correlation Matrix
        MAF      L2
MAF  1.0000  0.1766
L2   0.1766  1.0000

Annotation Correlation Matrix
       ANNOT
ANNOT    1.0

Annotation Matrix Column Sums
ANNOT    59240

Summary of Annotation Matrix Row Sums
count    285134.0000
mean          0.2078
std           0.4057
min           0.0000
25%           0.0000
50%           0.0000
75%           0.0000
max           1.0000
Analysis finished at Fri Sep 12 20:11:54 2025
Total time elapsed: 3.0m:57.36s
chr19
*********************************************************************
* LD Score Regression (LDSC)
* Version 1.0.1
* (C) 2014-2019 Brendan Bulik-Sullivan and Hilary Finucane
* Broad Institute of MIT and Harvard / MIT Department of Mathematics
* GNU General Public License v3
*********************************************************************
Call: 
./ldsc.py \
--print-snps /anvil/projects/x-mcb130189/rwang22/bican/ref/hm3_no_MHC.list.txt \
--ld-wind-cm 1.0 \
--out /anvil/projects/x-mcb130189/rwang22/bican/ldsc/ldscore/hyper/Oligodendrocyte.hyper.dmr.bed.19 \
--bfile /anvil/projects/x-mcb130189/rwang22/bican/ref/GRCh38/plink_files/1000G.EUR.hg38.19 \
--thin-annot  \
--annot Oligodendrocyte.hyper.dmr.bed.19.annot.gz \
--l2  

Beginning analysis at Fri Sep 12 20:11:55 2025
Read list of 231694 SNPs from /anvil/projects/x-mcb130189/rwang22/bican/ref/GRCh38/plink_files/1000G.EUR.hg38.19.bim
Read 1 annotations for 231698 SNPs from Oligodendrocyte.hyper.dmr.bed.19.annot.gz
Read list of 489 individuals from /anvil/projects/x-mcb130189/rwang22/bican/ref/GRCh38/plink_files/1000G.EUR.hg38.19.fam
Reading genotypes from /anvil/projects/x-mcb130189/rwang22/bican/ref/GRCh38/plink_files/1000G.EUR.hg38.19.bed
After filtering, 231694 SNPs remain
Estimating LD Score.
Reading list of 1217311 SNPs for which to print LD Scores from /anvil/projects/x-mcb130189/rwang22/bican/ref/hm3_no_MHC.list.txt
After merging with --print-snps, LD Scores for 22454 SNPs will be printed.
Writing LD Scores for 22454 SNPs to /anvil/projects/x-mcb130189/rwang22/bican/ldsc/ldscore/hyper/Oligodendrocyte.hyper.dmr.bed.19.l2.ldscore.gz

Summary of LD Scores in /anvil/projects/x-mcb130189/rwang22/bican/ldsc/ldscore/hyper/Oligodendrocyte.hyper.dmr.bed.19.l2.ldscore.gz
         MAF        L2
mean  0.2383   13.4337
std   0.1421   16.1344
min   0.0051   -0.3254
25%   0.1145    4.8133
50%   0.2331    8.7305
75%   0.3569   16.0743
max   0.5000  204.2820

MAF/LD Score Correlation Matrix
        MAF      L2
MAF  1.0000  0.1346
L2   0.1346  1.0000

Annotation Correlation Matrix
       ANNOT
ANNOT    1.0

Annotation Matrix Column Sums
ANNOT    33214

Summary of Annotation Matrix Row Sums
count    231694.0000
mean          0.1434
std           0.3504
min           0.0000
25%           0.0000
50%           0.0000
75%           0.0000
max           1.0000
Analysis finished at Fri Sep 12 20:14:37 2025
Total time elapsed: 2.0m:42.31s
chr20
*********************************************************************
* LD Score Regression (LDSC)
* Version 1.0.1
* (C) 2014-2019 Brendan Bulik-Sullivan and Hilary Finucane
* Broad Institute of MIT and Harvard / MIT Department of Mathematics
* GNU General Public License v3
*********************************************************************
Call: 
./ldsc.py \
--print-snps /anvil/projects/x-mcb130189/rwang22/bican/ref/hm3_no_MHC.list.txt \
--ld-wind-cm 1.0 \
--out /anvil/projects/x-mcb130189/rwang22/bican/ldsc/ldscore/hyper/Oligodendrocyte.hyper.dmr.bed.20 \
--bfile /anvil/projects/x-mcb130189/rwang22/bican/ref/GRCh38/plink_files/1000G.EUR.hg38.20 \
--thin-annot  \
--annot Oligodendrocyte.hyper.dmr.bed.20.annot.gz \
--l2  

Beginning analysis at Fri Sep 12 20:14:38 2025
Read list of 221582 SNPs from /anvil/projects/x-mcb130189/rwang22/bican/ref/GRCh38/plink_files/1000G.EUR.hg38.20.bim
Read 1 annotations for 221582 SNPs from Oligodendrocyte.hyper.dmr.bed.20.annot.gz
Read list of 489 individuals from /anvil/projects/x-mcb130189/rwang22/bican/ref/GRCh38/plink_files/1000G.EUR.hg38.20.fam
Reading genotypes from /anvil/projects/x-mcb130189/rwang22/bican/ref/GRCh38/plink_files/1000G.EUR.hg38.20.bed
After filtering, 221582 SNPs remain
Estimating LD Score.
Reading list of 1217311 SNPs for which to print LD Scores from /anvil/projects/x-mcb130189/rwang22/bican/ref/hm3_no_MHC.list.txt
After merging with --print-snps, LD Scores for 31092 SNPs will be printed.
Writing LD Scores for 31092 SNPs to /anvil/projects/x-mcb130189/rwang22/bican/ldsc/ldscore/hyper/Oligodendrocyte.hyper.dmr.bed.20.l2.ldscore.gz

Summary of LD Scores in /anvil/projects/x-mcb130189/rwang22/bican/ldsc/ldscore/hyper/Oligodendrocyte.hyper.dmr.bed.20.l2.ldscore.gz
         MAF        L2
mean  0.2344   18.4387
std   0.1427   15.9998
min   0.0051   -0.1362
25%   0.1074    7.4978
50%   0.2229   13.7260
75%   0.3558   24.2545
max   0.5000  112.7031

MAF/LD Score Correlation Matrix
        MAF      L2
MAF  1.0000  0.2463
L2   0.2463  1.0000

Annotation Correlation Matrix
       ANNOT
ANNOT    1.0

Annotation Matrix Column Sums
ANNOT    46902

Summary of Annotation Matrix Row Sums
count    221582.0000
mean          0.2117
std           0.4085
min           0.0000
25%           0.0000
50%           0.0000
75%           0.0000
max           1.0000
Analysis finished at Fri Sep 12 20:16:22 2025
Total time elapsed: 1.0m:44.26s
chr21
*********************************************************************
* LD Score Regression (LDSC)
* Version 1.0.1
* (C) 2014-2019 Brendan Bulik-Sullivan and Hilary Finucane
* Broad Institute of MIT and Harvard / MIT Department of Mathematics
* GNU General Public License v3
*********************************************************************
Call: 
./ldsc.py \
--print-snps /anvil/projects/x-mcb130189/rwang22/bican/ref/hm3_no_MHC.list.txt \
--ld-wind-cm 1.0 \
--out /anvil/projects/x-mcb130189/rwang22/bican/ldsc/ldscore/hyper/Oligodendrocyte.hyper.dmr.bed.21 \
--bfile /anvil/projects/x-mcb130189/rwang22/bican/ref/GRCh38/plink_files/1000G.EUR.hg38.21 \
--thin-annot  \
--annot Oligodendrocyte.hyper.dmr.bed.21.annot.gz \
--l2  

Beginning analysis at Fri Sep 12 20:16:23 2025
Read list of 138654 SNPs from /anvil/projects/x-mcb130189/rwang22/bican/ref/GRCh38/plink_files/1000G.EUR.hg38.21.bim
Read 1 annotations for 138654 SNPs from Oligodendrocyte.hyper.dmr.bed.21.annot.gz
Read list of 489 individuals from /anvil/projects/x-mcb130189/rwang22/bican/ref/GRCh38/plink_files/1000G.EUR.hg38.21.fam
Reading genotypes from /anvil/projects/x-mcb130189/rwang22/bican/ref/GRCh38/plink_files/1000G.EUR.hg38.21.bed
After filtering, 138654 SNPs remain
Estimating LD Score.
Reading list of 1217311 SNPs for which to print LD Scores from /anvil/projects/x-mcb130189/rwang22/bican/ref/hm3_no_MHC.list.txt
After merging with --print-snps, LD Scores for 17028 SNPs will be printed.
Writing LD Scores for 17028 SNPs to /anvil/projects/x-mcb130189/rwang22/bican/ldsc/ldscore/hyper/Oligodendrocyte.hyper.dmr.bed.21.l2.ldscore.gz

Summary of LD Scores in /anvil/projects/x-mcb130189/rwang22/bican/ldsc/ldscore/hyper/Oligodendrocyte.hyper.dmr.bed.21.l2.ldscore.gz
         MAF       L2
mean  0.2421  15.7560
std   0.1414  12.8391
min   0.0051  -0.0506
25%   0.1186   6.6986
50%   0.2321  12.0096
75%   0.3650  20.9100
max   0.5000  91.0353

MAF/LD Score Correlation Matrix
        MAF      L2
MAF  1.0000  0.2318
L2   0.2318  1.0000

Annotation Correlation Matrix
       ANNOT
ANNOT    1.0

Annotation Matrix Column Sums
ANNOT    23288

Summary of Annotation Matrix Row Sums
count    138654.0000
mean          0.1680
std           0.3738
min           0.0000
25%           0.0000
50%           0.0000
75%           0.0000
max           1.0000
Analysis finished at Fri Sep 12 20:18:00 2025
Total time elapsed: 1.0m:37.18s
chr22
*********************************************************************
* LD Score Regression (LDSC)
* Version 1.0.1
* (C) 2014-2019 Brendan Bulik-Sullivan and Hilary Finucane
* Broad Institute of MIT and Harvard / MIT Department of Mathematics
* GNU General Public License v3
*********************************************************************
Call: 
./ldsc.py \
--print-snps /anvil/projects/x-mcb130189/rwang22/bican/ref/hm3_no_MHC.list.txt \
--ld-wind-cm 1.0 \
--out /anvil/projects/x-mcb130189/rwang22/bican/ldsc/ldscore/hyper/Oligodendrocyte.hyper.dmr.bed.22 \
--bfile /anvil/projects/x-mcb130189/rwang22/bican/ref/GRCh38/plink_files/1000G.EUR.hg38.22 \
--thin-annot  \
--annot Oligodendrocyte.hyper.dmr.bed.22.annot.gz \
--l2  

Beginning analysis at Fri Sep 12 20:18:01 2025
Read list of 140592 SNPs from /anvil/projects/x-mcb130189/rwang22/bican/ref/GRCh38/plink_files/1000G.EUR.hg38.22.bim
Read 1 annotations for 140592 SNPs from Oligodendrocyte.hyper.dmr.bed.22.annot.gz
Read list of 489 individuals from /anvil/projects/x-mcb130189/rwang22/bican/ref/GRCh38/plink_files/1000G.EUR.hg38.22.fam
Reading genotypes from /anvil/projects/x-mcb130189/rwang22/bican/ref/GRCh38/plink_files/1000G.EUR.hg38.22.bed
After filtering, 140592 SNPs remain
Estimating LD Score.
Reading list of 1217311 SNPs for which to print LD Scores from /anvil/projects/x-mcb130189/rwang22/bican/ref/hm3_no_MHC.list.txt
After merging with --print-snps, LD Scores for 17450 SNPs will be printed.
Writing LD Scores for 17450 SNPs to /anvil/projects/x-mcb130189/rwang22/bican/ldsc/ldscore/hyper/Oligodendrocyte.hyper.dmr.bed.22.l2.ldscore.gz

Summary of LD Scores in /anvil/projects/x-mcb130189/rwang22/bican/ldsc/ldscore/hyper/Oligodendrocyte.hyper.dmr.bed.22.l2.ldscore.gz
         MAF       L2
mean  0.2366  18.0275
std   0.1435  14.6814
min   0.0051  -0.4000
25%   0.1094   7.6002
50%   0.2280  14.1283
75%   0.3579  24.0837
max   0.5000  95.8524

MAF/LD Score Correlation Matrix
        MAF      L2
MAF  1.0000  0.1965
L2   0.1965  1.0000

Annotation Correlation Matrix
       ANNOT
ANNOT    1.0

Annotation Matrix Column Sums
ANNOT    29412

Summary of Annotation Matrix Row Sums
count    140592.0000
mean          0.2092
std           0.4067
min           0.0000
25%           0.0000
50%           0.0000
75%           0.0000
max           1.0000
Analysis finished at Fri Sep 12 20:19:36 2025
Total time elapsed: 1.0m:35.03s
