chr1
making annot file
chr2
making annot file
chr3
making annot file
chr4
making annot file
chr5
making annot file
chr6
making annot file
chr7
making annot file
chr8
making annot file
chr9
making annot file
chr10
making annot file
chr11
making annot file
chr12
making annot file
chr13
making annot file
chr14
making annot file
chr15
making annot file
chr16
making annot file
chr17
making annot file
chr18
making annot file
chr19
making annot file
chr20
making annot file
chr21
making annot file
chr22
making annot file
chr1
*********************************************************************
* LD Score Regression (LDSC)
* Version 1.0.1
* (C) 2014-2019 Brendan Bulik-Sullivan and Hilary Finucane
* Broad Institute of MIT and Harvard / MIT Department of Mathematics
* GNU General Public License v3
*********************************************************************
Call: 
./ldsc.py \
--print-snps /anvil/projects/x-mcb130189/rwang22/bican/ref/hm3_no_MHC.list.txt \
--ld-wind-cm 1.0 \
--out /anvil/projects/x-mcb130189/rwang22/bican/ldsc/group-loop/STR_SST-RSPO2_GABA.loops.bed.1 \
--bfile /anvil/projects/x-mcb130189/rwang22/bican/ref/GRCh38/plink_files/1000G.EUR.hg38.1 \
--thin-annot  \
--annot STR_SST-RSPO2_GABA.loops.bed.1.annot.gz \
--l2  

Beginning analysis at Thu Sep 11 20:54:00 2025
Read list of 778603 SNPs from /anvil/projects/x-mcb130189/rwang22/bican/ref/GRCh38/plink_files/1000G.EUR.hg38.1.bim
Read 1 annotations for 778607 SNPs from STR_SST-RSPO2_GABA.loops.bed.1.annot.gz
Read list of 489 individuals from /anvil/projects/x-mcb130189/rwang22/bican/ref/GRCh38/plink_files/1000G.EUR.hg38.1.fam
Reading genotypes from /anvil/projects/x-mcb130189/rwang22/bican/ref/GRCh38/plink_files/1000G.EUR.hg38.1.bed
After filtering, 778603 SNPs remain
Estimating LD Score.
Reading list of 1217311 SNPs for which to print LD Scores from /anvil/projects/x-mcb130189/rwang22/bican/ref/hm3_no_MHC.list.txt
After merging with --print-snps, LD Scores for 98576 SNPs will be printed.
Writing LD Scores for 98576 SNPs to /anvil/projects/x-mcb130189/rwang22/bican/ldsc/group-loop/STR_SST-RSPO2_GABA.loops.bed.1.l2.ldscore.gz

Summary of LD Scores in /anvil/projects/x-mcb130189/rwang22/bican/ldsc/group-loop/STR_SST-RSPO2_GABA.loops.bed.1.l2.ldscore.gz
         MAF        L2
mean  0.2346   42.9997
std   0.1432   47.1445
min   0.0051   -1.8682
25%   0.1084   10.2509
50%   0.2239   28.7754
75%   0.3558   58.4146
max   0.5000  370.5546

MAF/LD Score Correlation Matrix
        MAF      L2
MAF  1.0000  0.1333
L2   0.1333  1.0000

Annotation Correlation Matrix
       ANNOT
ANNOT    1.0

Annotation Matrix Column Sums
ANNOT    316797

Summary of Annotation Matrix Row Sums
count    778603.0000
mean          0.4069
std           0.4913
min           0.0000
25%           0.0000
50%           0.0000
75%           1.0000
max           1.0000
Analysis finished at Thu Sep 11 21:02:00 2025
Total time elapsed: 8.0m:0.66s
chr2
*********************************************************************
* LD Score Regression (LDSC)
* Version 1.0.1
* (C) 2014-2019 Brendan Bulik-Sullivan and Hilary Finucane
* Broad Institute of MIT and Harvard / MIT Department of Mathematics
* GNU General Public License v3
*********************************************************************
Call: 
./ldsc.py \
--print-snps /anvil/projects/x-mcb130189/rwang22/bican/ref/hm3_no_MHC.list.txt \
--ld-wind-cm 1.0 \
--out /anvil/projects/x-mcb130189/rwang22/bican/ldsc/group-loop/STR_SST-RSPO2_GABA.loops.bed.2 \
--bfile /anvil/projects/x-mcb130189/rwang22/bican/ref/GRCh38/plink_files/1000G.EUR.hg38.2 \
--thin-annot  \
--annot STR_SST-RSPO2_GABA.loops.bed.2.annot.gz \
--l2  

Beginning analysis at Thu Sep 11 21:02:01 2025
Read list of 839257 SNPs from /anvil/projects/x-mcb130189/rwang22/bican/ref/GRCh38/plink_files/1000G.EUR.hg38.2.bim
Read 1 annotations for 839257 SNPs from STR_SST-RSPO2_GABA.loops.bed.2.annot.gz
Read list of 489 individuals from /anvil/projects/x-mcb130189/rwang22/bican/ref/GRCh38/plink_files/1000G.EUR.hg38.2.fam
Reading genotypes from /anvil/projects/x-mcb130189/rwang22/bican/ref/GRCh38/plink_files/1000G.EUR.hg38.2.bed
After filtering, 839257 SNPs remain
Estimating LD Score.
Reading list of 1217311 SNPs for which to print LD Scores from /anvil/projects/x-mcb130189/rwang22/bican/ref/hm3_no_MHC.list.txt
After merging with --print-snps, LD Scores for 99718 SNPs will be printed.
Writing LD Scores for 99718 SNPs to /anvil/projects/x-mcb130189/rwang22/bican/ldsc/group-loop/STR_SST-RSPO2_GABA.loops.bed.2.l2.ldscore.gz

Summary of LD Scores in /anvil/projects/x-mcb130189/rwang22/bican/ldsc/group-loop/STR_SST-RSPO2_GABA.loops.bed.2.l2.ldscore.gz
         MAF        L2
mean  0.2384   44.7775
std   0.1431   44.0246
min   0.0051   -1.2737
25%   0.1125   12.5672
50%   0.2290   31.7775
75%   0.3620   62.4007
max   0.5000  300.2491

MAF/LD Score Correlation Matrix
        MAF      L2
MAF  1.0000  0.1314
L2   0.1314  1.0000

Annotation Correlation Matrix
       ANNOT
ANNOT    1.0

Annotation Matrix Column Sums
ANNOT    315842

Summary of Annotation Matrix Row Sums
count    839257.0000
mean          0.3763
std           0.4845
min           0.0000
25%           0.0000
50%           0.0000
75%           1.0000
max           1.0000
Analysis finished at Thu Sep 11 21:11:39 2025
Total time elapsed: 9.0m:37.96s
chr3
*********************************************************************
* LD Score Regression (LDSC)
* Version 1.0.1
* (C) 2014-2019 Brendan Bulik-Sullivan and Hilary Finucane
* Broad Institute of MIT and Harvard / MIT Department of Mathematics
* GNU General Public License v3
*********************************************************************
Call: 
./ldsc.py \
--print-snps /anvil/projects/x-mcb130189/rwang22/bican/ref/hm3_no_MHC.list.txt \
--ld-wind-cm 1.0 \
--out /anvil/projects/x-mcb130189/rwang22/bican/ldsc/group-loop/STR_SST-RSPO2_GABA.loops.bed.3 \
--bfile /anvil/projects/x-mcb130189/rwang22/bican/ref/GRCh38/plink_files/1000G.EUR.hg38.3 \
--thin-annot  \
--annot STR_SST-RSPO2_GABA.loops.bed.3.annot.gz \
--l2  

Beginning analysis at Thu Sep 11 21:11:40 2025
Read list of 706163 SNPs from /anvil/projects/x-mcb130189/rwang22/bican/ref/GRCh38/plink_files/1000G.EUR.hg38.3.bim
Read 1 annotations for 706163 SNPs from STR_SST-RSPO2_GABA.loops.bed.3.annot.gz
Read list of 489 individuals from /anvil/projects/x-mcb130189/rwang22/bican/ref/GRCh38/plink_files/1000G.EUR.hg38.3.fam
Reading genotypes from /anvil/projects/x-mcb130189/rwang22/bican/ref/GRCh38/plink_files/1000G.EUR.hg38.3.bed
After filtering, 706163 SNPs remain
Estimating LD Score.
Reading list of 1217311 SNPs for which to print LD Scores from /anvil/projects/x-mcb130189/rwang22/bican/ref/hm3_no_MHC.list.txt
After merging with --print-snps, LD Scores for 83015 SNPs will be printed.
Writing LD Scores for 83015 SNPs to /anvil/projects/x-mcb130189/rwang22/bican/ldsc/group-loop/STR_SST-RSPO2_GABA.loops.bed.3.l2.ldscore.gz

Summary of LD Scores in /anvil/projects/x-mcb130189/rwang22/bican/ldsc/group-loop/STR_SST-RSPO2_GABA.loops.bed.3.l2.ldscore.gz
         MAF        L2
mean  0.2408   44.7352
std   0.1426   55.7683
min   0.0051   -1.2774
25%   0.1166   10.3711
50%   0.2321   28.3075
75%   0.3630   58.1145
max   0.5000  549.4349

MAF/LD Score Correlation Matrix
        MAF      L2
MAF  1.0000  0.1105
L2   0.1105  1.0000

Annotation Correlation Matrix
       ANNOT
ANNOT    1.0

Annotation Matrix Column Sums
ANNOT    248259

Summary of Annotation Matrix Row Sums
count    706163.0000
mean          0.3516
std           0.4775
min           0.0000
25%           0.0000
50%           0.0000
75%           1.0000
max           1.0000
Analysis finished at Thu Sep 11 21:21:43 2025
Total time elapsed: 10.0m:2.82s
chr4
*********************************************************************
* LD Score Regression (LDSC)
* Version 1.0.1
* (C) 2014-2019 Brendan Bulik-Sullivan and Hilary Finucane
* Broad Institute of MIT and Harvard / MIT Department of Mathematics
* GNU General Public License v3
*********************************************************************
Call: 
./ldsc.py \
--print-snps /anvil/projects/x-mcb130189/rwang22/bican/ref/hm3_no_MHC.list.txt \
--ld-wind-cm 1.0 \
--out /anvil/projects/x-mcb130189/rwang22/bican/ldsc/group-loop/STR_SST-RSPO2_GABA.loops.bed.4 \
--bfile /anvil/projects/x-mcb130189/rwang22/bican/ref/GRCh38/plink_files/1000G.EUR.hg38.4 \
--thin-annot  \
--annot STR_SST-RSPO2_GABA.loops.bed.4.annot.gz \
--l2  

Beginning analysis at Thu Sep 11 21:21:43 2025
Read list of 729546 SNPs from /anvil/projects/x-mcb130189/rwang22/bican/ref/GRCh38/plink_files/1000G.EUR.hg38.4.bim
Read 1 annotations for 729546 SNPs from STR_SST-RSPO2_GABA.loops.bed.4.annot.gz
Read list of 489 individuals from /anvil/projects/x-mcb130189/rwang22/bican/ref/GRCh38/plink_files/1000G.EUR.hg38.4.fam
Reading genotypes from /anvil/projects/x-mcb130189/rwang22/bican/ref/GRCh38/plink_files/1000G.EUR.hg38.4.bed
After filtering, 729546 SNPs remain
Estimating LD Score.
Reading list of 1217311 SNPs for which to print LD Scores from /anvil/projects/x-mcb130189/rwang22/bican/ref/hm3_no_MHC.list.txt
After merging with --print-snps, LD Scores for 74922 SNPs will be printed.
Writing LD Scores for 74922 SNPs to /anvil/projects/x-mcb130189/rwang22/bican/ldsc/group-loop/STR_SST-RSPO2_GABA.loops.bed.4.l2.ldscore.gz

Summary of LD Scores in /anvil/projects/x-mcb130189/rwang22/bican/ldsc/group-loop/STR_SST-RSPO2_GABA.loops.bed.4.l2.ldscore.gz
         MAF        L2
mean  0.2375   34.5296
std   0.1422   45.9862
min   0.0051   -2.0743
25%   0.1125    4.6803
50%   0.2301   19.5205
75%   0.3579   47.1714
max   0.5000  499.8357

MAF/LD Score Correlation Matrix
       MAF     L2
MAF  1.000  0.102
L2   0.102  1.000

Annotation Correlation Matrix
       ANNOT
ANNOT    1.0

Annotation Matrix Column Sums
ANNOT    198537

Summary of Annotation Matrix Row Sums
count    729546.0000
mean          0.2721
std           0.4451
min           0.0000
25%           0.0000
50%           0.0000
75%           1.0000
max           1.0000
Analysis finished at Thu Sep 11 21:31:21 2025
Total time elapsed: 9.0m:37.35s
chr5
*********************************************************************
* LD Score Regression (LDSC)
* Version 1.0.1
* (C) 2014-2019 Brendan Bulik-Sullivan and Hilary Finucane
* Broad Institute of MIT and Harvard / MIT Department of Mathematics
* GNU General Public License v3
*********************************************************************
Call: 
./ldsc.py \
--print-snps /anvil/projects/x-mcb130189/rwang22/bican/ref/hm3_no_MHC.list.txt \
--ld-wind-cm 1.0 \
--out /anvil/projects/x-mcb130189/rwang22/bican/ldsc/group-loop/STR_SST-RSPO2_GABA.loops.bed.5 \
--bfile /anvil/projects/x-mcb130189/rwang22/bican/ref/GRCh38/plink_files/1000G.EUR.hg38.5 \
--thin-annot  \
--annot STR_SST-RSPO2_GABA.loops.bed.5.annot.gz \
--l2  

Beginning analysis at Thu Sep 11 21:31:21 2025
Read list of 632996 SNPs from /anvil/projects/x-mcb130189/rwang22/bican/ref/GRCh38/plink_files/1000G.EUR.hg38.5.bim
Read 1 annotations for 632996 SNPs from STR_SST-RSPO2_GABA.loops.bed.5.annot.gz
Read list of 489 individuals from /anvil/projects/x-mcb130189/rwang22/bican/ref/GRCh38/plink_files/1000G.EUR.hg38.5.fam
Reading genotypes from /anvil/projects/x-mcb130189/rwang22/bican/ref/GRCh38/plink_files/1000G.EUR.hg38.5.bed
After filtering, 632996 SNPs remain
Estimating LD Score.
Reading list of 1217311 SNPs for which to print LD Scores from /anvil/projects/x-mcb130189/rwang22/bican/ref/hm3_no_MHC.list.txt
After merging with --print-snps, LD Scores for 75164 SNPs will be printed.
Writing LD Scores for 75164 SNPs to /anvil/projects/x-mcb130189/rwang22/bican/ldsc/group-loop/STR_SST-RSPO2_GABA.loops.bed.5.l2.ldscore.gz

Summary of LD Scores in /anvil/projects/x-mcb130189/rwang22/bican/ldsc/group-loop/STR_SST-RSPO2_GABA.loops.bed.5.l2.ldscore.gz
         MAF        L2
mean  0.2369   43.1120
std   0.1421   47.5357
min   0.0051   -1.2720
25%   0.1125   10.3224
50%   0.2280   29.1146
75%   0.3569   59.0864
max   0.5000  403.4675

MAF/LD Score Correlation Matrix
        MAF      L2
MAF  1.0000  0.1235
L2   0.1235  1.0000

Annotation Correlation Matrix
       ANNOT
ANNOT    1.0

Annotation Matrix Column Sums
ANNOT    225548

Summary of Annotation Matrix Row Sums
count    632996.0000
mean          0.3563
std           0.4789
min           0.0000
25%           0.0000
50%           0.0000
75%           1.0000
max           1.0000
Analysis finished at Thu Sep 11 21:40:04 2025
Total time elapsed: 8.0m:42.93s
chr6
*********************************************************************
* LD Score Regression (LDSC)
* Version 1.0.1
* (C) 2014-2019 Brendan Bulik-Sullivan and Hilary Finucane
* Broad Institute of MIT and Harvard / MIT Department of Mathematics
* GNU General Public License v3
*********************************************************************
Call: 
./ldsc.py \
--print-snps /anvil/projects/x-mcb130189/rwang22/bican/ref/hm3_no_MHC.list.txt \
--ld-wind-cm 1.0 \
--out /anvil/projects/x-mcb130189/rwang22/bican/ldsc/group-loop/STR_SST-RSPO2_GABA.loops.bed.6 \
--bfile /anvil/projects/x-mcb130189/rwang22/bican/ref/GRCh38/plink_files/1000G.EUR.hg38.6 \
--thin-annot  \
--annot STR_SST-RSPO2_GABA.loops.bed.6.annot.gz \
--l2  

Beginning analysis at Thu Sep 11 21:40:05 2025
Read list of 663678 SNPs from /anvil/projects/x-mcb130189/rwang22/bican/ref/GRCh38/plink_files/1000G.EUR.hg38.6.bim
Read 1 annotations for 663678 SNPs from STR_SST-RSPO2_GABA.loops.bed.6.annot.gz
Read list of 489 individuals from /anvil/projects/x-mcb130189/rwang22/bican/ref/GRCh38/plink_files/1000G.EUR.hg38.6.fam
Reading genotypes from /anvil/projects/x-mcb130189/rwang22/bican/ref/GRCh38/plink_files/1000G.EUR.hg38.6.bed
After filtering, 663678 SNPs remain
Estimating LD Score.
Reading list of 1217311 SNPs for which to print LD Scores from /anvil/projects/x-mcb130189/rwang22/bican/ref/hm3_no_MHC.list.txt
After merging with --print-snps, LD Scores for 75328 SNPs will be printed.
Writing LD Scores for 75328 SNPs to /anvil/projects/x-mcb130189/rwang22/bican/ldsc/group-loop/STR_SST-RSPO2_GABA.loops.bed.6.l2.ldscore.gz

Summary of LD Scores in /anvil/projects/x-mcb130189/rwang22/bican/ldsc/group-loop/STR_SST-RSPO2_GABA.loops.bed.6.l2.ldscore.gz
         MAF        L2
mean  0.2357   41.4298
std   0.1431   49.8422
min   0.0051   -1.4919
25%   0.1104    8.4892
50%   0.2249   26.0750
75%   0.3579   56.1112
max   0.5000  455.1811

MAF/LD Score Correlation Matrix
       MAF     L2
MAF  1.000  0.107
L2   0.107  1.000

Annotation Correlation Matrix
       ANNOT
ANNOT    1.0

Annotation Matrix Column Sums
ANNOT    210709

Summary of Annotation Matrix Row Sums
count    663678.0000
mean          0.3175
std           0.4655
min           0.0000
25%           0.0000
50%           0.0000
75%           1.0000
max           1.0000
Analysis finished at Thu Sep 11 21:48:54 2025
Total time elapsed: 8.0m:48.99s
chr7
*********************************************************************
* LD Score Regression (LDSC)
* Version 1.0.1
* (C) 2014-2019 Brendan Bulik-Sullivan and Hilary Finucane
* Broad Institute of MIT and Harvard / MIT Department of Mathematics
* GNU General Public License v3
*********************************************************************
Call: 
./ldsc.py \
--print-snps /anvil/projects/x-mcb130189/rwang22/bican/ref/hm3_no_MHC.list.txt \
--ld-wind-cm 1.0 \
--out /anvil/projects/x-mcb130189/rwang22/bican/ldsc/group-loop/STR_SST-RSPO2_GABA.loops.bed.7 \
--bfile /anvil/projects/x-mcb130189/rwang22/bican/ref/GRCh38/plink_files/1000G.EUR.hg38.7 \
--thin-annot  \
--annot STR_SST-RSPO2_GABA.loops.bed.7.annot.gz \
--l2  

Beginning analysis at Thu Sep 11 21:48:55 2025
Read list of 589044 SNPs from /anvil/projects/x-mcb130189/rwang22/bican/ref/GRCh38/plink_files/1000G.EUR.hg38.7.bim
Read 1 annotations for 589054 SNPs from STR_SST-RSPO2_GABA.loops.bed.7.annot.gz
Read list of 489 individuals from /anvil/projects/x-mcb130189/rwang22/bican/ref/GRCh38/plink_files/1000G.EUR.hg38.7.fam
Reading genotypes from /anvil/projects/x-mcb130189/rwang22/bican/ref/GRCh38/plink_files/1000G.EUR.hg38.7.bed
After filtering, 589044 SNPs remain
Estimating LD Score.
Reading list of 1217311 SNPs for which to print LD Scores from /anvil/projects/x-mcb130189/rwang22/bican/ref/hm3_no_MHC.list.txt
After merging with --print-snps, LD Scores for 66138 SNPs will be printed.
Writing LD Scores for 66138 SNPs to /anvil/projects/x-mcb130189/rwang22/bican/ldsc/group-loop/STR_SST-RSPO2_GABA.loops.bed.7.l2.ldscore.gz

Summary of LD Scores in /anvil/projects/x-mcb130189/rwang22/bican/ldsc/group-loop/STR_SST-RSPO2_GABA.loops.bed.7.l2.ldscore.gz
         MAF        L2
mean  0.2390   43.0869
std   0.1428   51.3822
min   0.0051   -2.0358
25%   0.1125    8.1880
50%   0.2301   27.3254
75%   0.3609   59.4488
max   0.5000  499.3320

MAF/LD Score Correlation Matrix
        MAF      L2
MAF  1.0000  0.1157
L2   0.1157  1.0000

Annotation Correlation Matrix
       ANNOT
ANNOT    1.0

Annotation Matrix Column Sums
ANNOT    217366

Summary of Annotation Matrix Row Sums
count    589044.0000
mean          0.3690
std           0.4825
min           0.0000
25%           0.0000
50%           0.0000
75%           1.0000
max           1.0000
Analysis finished at Thu Sep 11 21:55:53 2025
Total time elapsed: 6.0m:58.9s
chr8
*********************************************************************
* LD Score Regression (LDSC)
* Version 1.0.1
* (C) 2014-2019 Brendan Bulik-Sullivan and Hilary Finucane
* Broad Institute of MIT and Harvard / MIT Department of Mathematics
* GNU General Public License v3
*********************************************************************
Call: 
./ldsc.py \
--print-snps /anvil/projects/x-mcb130189/rwang22/bican/ref/hm3_no_MHC.list.txt \
--ld-wind-cm 1.0 \
--out /anvil/projects/x-mcb130189/rwang22/bican/ldsc/group-loop/STR_SST-RSPO2_GABA.loops.bed.8 \
--bfile /anvil/projects/x-mcb130189/rwang22/bican/ref/GRCh38/plink_files/1000G.EUR.hg38.8 \
--thin-annot  \
--annot STR_SST-RSPO2_GABA.loops.bed.8.annot.gz \
--l2  

Beginning analysis at Thu Sep 11 21:55:54 2025
Read list of 549556 SNPs from /anvil/projects/x-mcb130189/rwang22/bican/ref/GRCh38/plink_files/1000G.EUR.hg38.8.bim
Read 1 annotations for 549558 SNPs from STR_SST-RSPO2_GABA.loops.bed.8.annot.gz
Read list of 489 individuals from /anvil/projects/x-mcb130189/rwang22/bican/ref/GRCh38/plink_files/1000G.EUR.hg38.8.fam
Reading genotypes from /anvil/projects/x-mcb130189/rwang22/bican/ref/GRCh38/plink_files/1000G.EUR.hg38.8.bed
After filtering, 549556 SNPs remain
Estimating LD Score.
Reading list of 1217311 SNPs for which to print LD Scores from /anvil/projects/x-mcb130189/rwang22/bican/ref/hm3_no_MHC.list.txt
After merging with --print-snps, LD Scores for 64928 SNPs will be printed.
Writing LD Scores for 64928 SNPs to /anvil/projects/x-mcb130189/rwang22/bican/ldsc/group-loop/STR_SST-RSPO2_GABA.loops.bed.8.l2.ldscore.gz

Summary of LD Scores in /anvil/projects/x-mcb130189/rwang22/bican/ldsc/group-loop/STR_SST-RSPO2_GABA.loops.bed.8.l2.ldscore.gz
         MAF        L2
mean  0.2380   47.6035
std   0.1431   61.5199
min   0.0051   -1.4115
25%   0.1115    8.9869
50%   0.2280   31.1324
75%   0.3609   63.7319
max   0.5000  694.7316

MAF/LD Score Correlation Matrix
        MAF      L2
MAF  1.0000  0.1413
L2   0.1413  1.0000

Annotation Correlation Matrix
       ANNOT
ANNOT    1.0

Annotation Matrix Column Sums
ANNOT    199634

Summary of Annotation Matrix Row Sums
count    549556.0000
mean          0.3633
std           0.4809
min           0.0000
25%           0.0000
50%           0.0000
75%           1.0000
max           1.0000
Analysis finished at Thu Sep 11 22:01:36 2025
Total time elapsed: 5.0m:41.65s
chr9
*********************************************************************
* LD Score Regression (LDSC)
* Version 1.0.1
* (C) 2014-2019 Brendan Bulik-Sullivan and Hilary Finucane
* Broad Institute of MIT and Harvard / MIT Department of Mathematics
* GNU General Public License v3
*********************************************************************
Call: 
./ldsc.py \
--print-snps /anvil/projects/x-mcb130189/rwang22/bican/ref/hm3_no_MHC.list.txt \
--ld-wind-cm 1.0 \
--out /anvil/projects/x-mcb130189/rwang22/bican/ldsc/group-loop/STR_SST-RSPO2_GABA.loops.bed.9 \
--bfile /anvil/projects/x-mcb130189/rwang22/bican/ref/GRCh38/plink_files/1000G.EUR.hg38.9 \
--thin-annot  \
--annot STR_SST-RSPO2_GABA.loops.bed.9.annot.gz \
--l2  

Beginning analysis at Thu Sep 11 22:01:36 2025
Read list of 437825 SNPs from /anvil/projects/x-mcb130189/rwang22/bican/ref/GRCh38/plink_files/1000G.EUR.hg38.9.bim
Read 1 annotations for 437825 SNPs from STR_SST-RSPO2_GABA.loops.bed.9.annot.gz
Read list of 489 individuals from /anvil/projects/x-mcb130189/rwang22/bican/ref/GRCh38/plink_files/1000G.EUR.hg38.9.fam
Reading genotypes from /anvil/projects/x-mcb130189/rwang22/bican/ref/GRCh38/plink_files/1000G.EUR.hg38.9.bed
After filtering, 437825 SNPs remain
Estimating LD Score.
Reading list of 1217311 SNPs for which to print LD Scores from /anvil/projects/x-mcb130189/rwang22/bican/ref/hm3_no_MHC.list.txt
After merging with --print-snps, LD Scores for 55452 SNPs will be printed.
Writing LD Scores for 55452 SNPs to /anvil/projects/x-mcb130189/rwang22/bican/ldsc/group-loop/STR_SST-RSPO2_GABA.loops.bed.9.l2.ldscore.gz

Summary of LD Scores in /anvil/projects/x-mcb130189/rwang22/bican/ldsc/group-loop/STR_SST-RSPO2_GABA.loops.bed.9.l2.ldscore.gz
         MAF        L2
mean  0.2359   35.5379
std   0.1423   36.8423
min   0.0051   -1.6834
25%   0.1115    9.0272
50%   0.2249   24.2325
75%   0.3569   49.6642
max   0.5000  277.1725

MAF/LD Score Correlation Matrix
        MAF      L2
MAF  1.0000  0.1047
L2   0.1047  1.0000

Annotation Correlation Matrix
       ANNOT
ANNOT    1.0

Annotation Matrix Column Sums
ANNOT    160464

Summary of Annotation Matrix Row Sums
count    437825.0000
mean          0.3665
std           0.4818
min           0.0000
25%           0.0000
50%           0.0000
75%           1.0000
max           1.0000
Analysis finished at Thu Sep 11 22:06:46 2025
Total time elapsed: 5.0m:9.78s
chr10
*********************************************************************
* LD Score Regression (LDSC)
* Version 1.0.1
* (C) 2014-2019 Brendan Bulik-Sullivan and Hilary Finucane
* Broad Institute of MIT and Harvard / MIT Department of Mathematics
* GNU General Public License v3
*********************************************************************
Call: 
./ldsc.py \
--print-snps /anvil/projects/x-mcb130189/rwang22/bican/ref/hm3_no_MHC.list.txt \
--ld-wind-cm 1.0 \
--out /anvil/projects/x-mcb130189/rwang22/bican/ldsc/group-loop/STR_SST-RSPO2_GABA.loops.bed.10 \
--bfile /anvil/projects/x-mcb130189/rwang22/bican/ref/GRCh38/plink_files/1000G.EUR.hg38.10 \
--thin-annot  \
--annot STR_SST-RSPO2_GABA.loops.bed.10.annot.gz \
--l2  

Beginning analysis at Thu Sep 11 22:06:47 2025
Read list of 510396 SNPs from /anvil/projects/x-mcb130189/rwang22/bican/ref/GRCh38/plink_files/1000G.EUR.hg38.10.bim
Read 1 annotations for 510426 SNPs from STR_SST-RSPO2_GABA.loops.bed.10.annot.gz
Read list of 489 individuals from /anvil/projects/x-mcb130189/rwang22/bican/ref/GRCh38/plink_files/1000G.EUR.hg38.10.fam
Reading genotypes from /anvil/projects/x-mcb130189/rwang22/bican/ref/GRCh38/plink_files/1000G.EUR.hg38.10.bed
After filtering, 510396 SNPs remain
Estimating LD Score.
Reading list of 1217311 SNPs for which to print LD Scores from /anvil/projects/x-mcb130189/rwang22/bican/ref/hm3_no_MHC.list.txt
After merging with --print-snps, LD Scores for 64066 SNPs will be printed.
Writing LD Scores for 64066 SNPs to /anvil/projects/x-mcb130189/rwang22/bican/ldsc/group-loop/STR_SST-RSPO2_GABA.loops.bed.10.l2.ldscore.gz

Summary of LD Scores in /anvil/projects/x-mcb130189/rwang22/bican/ldsc/group-loop/STR_SST-RSPO2_GABA.loops.bed.10.l2.ldscore.gz
         MAF        L2
mean  0.2328   44.9976
std   0.1426   50.5810
min   0.0051   -1.3194
25%   0.1074   13.0580
50%   0.2198   31.8374
75%   0.3538   59.4754
max   0.5000  608.0975

MAF/LD Score Correlation Matrix
        MAF      L2
MAF  1.0000  0.1102
L2   0.1102  1.0000

Annotation Correlation Matrix
       ANNOT
ANNOT    1.0

Annotation Matrix Column Sums
ANNOT    207587

Summary of Annotation Matrix Row Sums
count    510396.0000
mean          0.4067
std           0.4912
min           0.0000
25%           0.0000
50%           0.0000
75%           1.0000
max           1.0000
Analysis finished at Thu Sep 11 22:12:01 2025
Total time elapsed: 5.0m:14.42s
chr11
*********************************************************************
* LD Score Regression (LDSC)
* Version 1.0.1
* (C) 2014-2019 Brendan Bulik-Sullivan and Hilary Finucane
* Broad Institute of MIT and Harvard / MIT Department of Mathematics
* GNU General Public License v3
*********************************************************************
Call: 
./ldsc.py \
--print-snps /anvil/projects/x-mcb130189/rwang22/bican/ref/hm3_no_MHC.list.txt \
--ld-wind-cm 1.0 \
--out /anvil/projects/x-mcb130189/rwang22/bican/ldsc/group-loop/STR_SST-RSPO2_GABA.loops.bed.11 \
--bfile /anvil/projects/x-mcb130189/rwang22/bican/ref/GRCh38/plink_files/1000G.EUR.hg38.11 \
--thin-annot  \
--annot STR_SST-RSPO2_GABA.loops.bed.11.annot.gz \
--l2  

Beginning analysis at Thu Sep 11 22:12:02 2025
Read list of 493753 SNPs from /anvil/projects/x-mcb130189/rwang22/bican/ref/GRCh38/plink_files/1000G.EUR.hg38.11.bim
Read 1 annotations for 493753 SNPs from STR_SST-RSPO2_GABA.loops.bed.11.annot.gz
Read list of 489 individuals from /anvil/projects/x-mcb130189/rwang22/bican/ref/GRCh38/plink_files/1000G.EUR.hg38.11.fam
Reading genotypes from /anvil/projects/x-mcb130189/rwang22/bican/ref/GRCh38/plink_files/1000G.EUR.hg38.11.bed
After filtering, 493753 SNPs remain
Estimating LD Score.
Reading list of 1217311 SNPs for which to print LD Scores from /anvil/projects/x-mcb130189/rwang22/bican/ref/hm3_no_MHC.list.txt
After merging with --print-snps, LD Scores for 60969 SNPs will be printed.
Writing LD Scores for 60969 SNPs to /anvil/projects/x-mcb130189/rwang22/bican/ldsc/group-loop/STR_SST-RSPO2_GABA.loops.bed.11.l2.ldscore.gz

Summary of LD Scores in /anvil/projects/x-mcb130189/rwang22/bican/ldsc/group-loop/STR_SST-RSPO2_GABA.loops.bed.11.l2.ldscore.gz
         MAF        L2
mean  0.2398   43.7787
std   0.1419   48.1208
min   0.0051   -1.0743
25%   0.1155   10.5860
50%   0.2301   29.3032
75%   0.3609   59.7424
max   0.5000  381.9183

MAF/LD Score Correlation Matrix
        MAF      L2
MAF  1.0000  0.1007
L2   0.1007  1.0000

Annotation Correlation Matrix
       ANNOT
ANNOT    1.0

Annotation Matrix Column Sums
ANNOT    180527

Summary of Annotation Matrix Row Sums
count    493753.0000
mean          0.3656
std           0.4816
min           0.0000
25%           0.0000
50%           0.0000
75%           1.0000
max           1.0000
Analysis finished at Thu Sep 11 22:17:35 2025
Total time elapsed: 5.0m:33.38s
chr12
*********************************************************************
* LD Score Regression (LDSC)
* Version 1.0.1
* (C) 2014-2019 Brendan Bulik-Sullivan and Hilary Finucane
* Broad Institute of MIT and Harvard / MIT Department of Mathematics
* GNU General Public License v3
*********************************************************************
Call: 
./ldsc.py \
--print-snps /anvil/projects/x-mcb130189/rwang22/bican/ref/hm3_no_MHC.list.txt \
--ld-wind-cm 1.0 \
--out /anvil/projects/x-mcb130189/rwang22/bican/ldsc/group-loop/STR_SST-RSPO2_GABA.loops.bed.12 \
--bfile /anvil/projects/x-mcb130189/rwang22/bican/ref/GRCh38/plink_files/1000G.EUR.hg38.12 \
--thin-annot  \
--annot STR_SST-RSPO2_GABA.loops.bed.12.annot.gz \
--l2  

Beginning analysis at Thu Sep 11 22:17:36 2025
Read list of 480032 SNPs from /anvil/projects/x-mcb130189/rwang22/bican/ref/GRCh38/plink_files/1000G.EUR.hg38.12.bim
Read 1 annotations for 480032 SNPs from STR_SST-RSPO2_GABA.loops.bed.12.annot.gz
Read list of 489 individuals from /anvil/projects/x-mcb130189/rwang22/bican/ref/GRCh38/plink_files/1000G.EUR.hg38.12.fam
Reading genotypes from /anvil/projects/x-mcb130189/rwang22/bican/ref/GRCh38/plink_files/1000G.EUR.hg38.12.bed
After filtering, 480032 SNPs remain
Estimating LD Score.
Reading list of 1217311 SNPs for which to print LD Scores from /anvil/projects/x-mcb130189/rwang22/bican/ref/hm3_no_MHC.list.txt
After merging with --print-snps, LD Scores for 58540 SNPs will be printed.
Writing LD Scores for 58540 SNPs to /anvil/projects/x-mcb130189/rwang22/bican/ldsc/group-loop/STR_SST-RSPO2_GABA.loops.bed.12.l2.ldscore.gz

Summary of LD Scores in /anvil/projects/x-mcb130189/rwang22/bican/ldsc/group-loop/STR_SST-RSPO2_GABA.loops.bed.12.l2.ldscore.gz
         MAF        L2
mean  0.2334   41.2258
std   0.1429   49.8474
min   0.0051   -2.4670
25%   0.1084    8.1462
50%   0.2209   25.9390
75%   0.3558   55.3916
max   0.5000  567.1025

MAF/LD Score Correlation Matrix
       MAF     L2
MAF  1.000  0.104
L2   0.104  1.000

Annotation Correlation Matrix
       ANNOT
ANNOT    1.0

Annotation Matrix Column Sums
ANNOT    176297

Summary of Annotation Matrix Row Sums
count    480032.0000
mean          0.3673
std           0.4821
min           0.0000
25%           0.0000
50%           0.0000
75%           1.0000
max           1.0000
Analysis finished at Thu Sep 11 22:22:42 2025
Total time elapsed: 5.0m:5.97s
chr13
*********************************************************************
* LD Score Regression (LDSC)
* Version 1.0.1
* (C) 2014-2019 Brendan Bulik-Sullivan and Hilary Finucane
* Broad Institute of MIT and Harvard / MIT Department of Mathematics
* GNU General Public License v3
*********************************************************************
Call: 
./ldsc.py \
--print-snps /anvil/projects/x-mcb130189/rwang22/bican/ref/hm3_no_MHC.list.txt \
--ld-wind-cm 1.0 \
--out /anvil/projects/x-mcb130189/rwang22/bican/ldsc/group-loop/STR_SST-RSPO2_GABA.loops.bed.13 \
--bfile /anvil/projects/x-mcb130189/rwang22/bican/ref/GRCh38/plink_files/1000G.EUR.hg38.13 \
--thin-annot  \
--annot STR_SST-RSPO2_GABA.loops.bed.13.annot.gz \
--l2  

Beginning analysis at Thu Sep 11 22:22:43 2025
Read list of 366088 SNPs from /anvil/projects/x-mcb130189/rwang22/bican/ref/GRCh38/plink_files/1000G.EUR.hg38.13.bim
Read 1 annotations for 366088 SNPs from STR_SST-RSPO2_GABA.loops.bed.13.annot.gz
Read list of 489 individuals from /anvil/projects/x-mcb130189/rwang22/bican/ref/GRCh38/plink_files/1000G.EUR.hg38.13.fam
Reading genotypes from /anvil/projects/x-mcb130189/rwang22/bican/ref/GRCh38/plink_files/1000G.EUR.hg38.13.bed
After filtering, 366088 SNPs remain
Estimating LD Score.
Reading list of 1217311 SNPs for which to print LD Scores from /anvil/projects/x-mcb130189/rwang22/bican/ref/hm3_no_MHC.list.txt
After merging with --print-snps, LD Scores for 45540 SNPs will be printed.
Writing LD Scores for 45540 SNPs to /anvil/projects/x-mcb130189/rwang22/bican/ldsc/group-loop/STR_SST-RSPO2_GABA.loops.bed.13.l2.ldscore.gz

Summary of LD Scores in /anvil/projects/x-mcb130189/rwang22/bican/ldsc/group-loop/STR_SST-RSPO2_GABA.loops.bed.13.l2.ldscore.gz
         MAF        L2
mean  0.2338   33.2322
std   0.1429   36.6260
min   0.0051   -1.0561
25%   0.1074    5.0863
50%   0.2209   22.1613
75%   0.3548   47.8954
max   0.5000  276.3359

MAF/LD Score Correlation Matrix
        MAF      L2
MAF  1.0000  0.1264
L2   0.1264  1.0000

Annotation Correlation Matrix
       ANNOT
ANNOT    1.0

Annotation Matrix Column Sums
ANNOT    126334

Summary of Annotation Matrix Row Sums
count    366088.0000
mean          0.3451
std           0.4754
min           0.0000
25%           0.0000
50%           0.0000
75%           1.0000
max           1.0000
Analysis finished at Thu Sep 11 22:27:00 2025
Total time elapsed: 4.0m:17.36s
chr14
*********************************************************************
* LD Score Regression (LDSC)
* Version 1.0.1
* (C) 2014-2019 Brendan Bulik-Sullivan and Hilary Finucane
* Broad Institute of MIT and Harvard / MIT Department of Mathematics
* GNU General Public License v3
*********************************************************************
Call: 
./ldsc.py \
--print-snps /anvil/projects/x-mcb130189/rwang22/bican/ref/hm3_no_MHC.list.txt \
--ld-wind-cm 1.0 \
--out /anvil/projects/x-mcb130189/rwang22/bican/ldsc/group-loop/STR_SST-RSPO2_GABA.loops.bed.14 \
--bfile /anvil/projects/x-mcb130189/rwang22/bican/ref/GRCh38/plink_files/1000G.EUR.hg38.14 \
--thin-annot  \
--annot STR_SST-RSPO2_GABA.loops.bed.14.annot.gz \
--l2  

Beginning analysis at Thu Sep 11 22:27:01 2025
Read list of 323965 SNPs from /anvil/projects/x-mcb130189/rwang22/bican/ref/GRCh38/plink_files/1000G.EUR.hg38.14.bim
Read 1 annotations for 323965 SNPs from STR_SST-RSPO2_GABA.loops.bed.14.annot.gz
Read list of 489 individuals from /anvil/projects/x-mcb130189/rwang22/bican/ref/GRCh38/plink_files/1000G.EUR.hg38.14.fam
Reading genotypes from /anvil/projects/x-mcb130189/rwang22/bican/ref/GRCh38/plink_files/1000G.EUR.hg38.14.bed
After filtering, 323965 SNPs remain
Estimating LD Score.
Reading list of 1217311 SNPs for which to print LD Scores from /anvil/projects/x-mcb130189/rwang22/bican/ref/hm3_no_MHC.list.txt
After merging with --print-snps, LD Scores for 39424 SNPs will be printed.
Writing LD Scores for 39424 SNPs to /anvil/projects/x-mcb130189/rwang22/bican/ldsc/group-loop/STR_SST-RSPO2_GABA.loops.bed.14.l2.ldscore.gz

Summary of LD Scores in /anvil/projects/x-mcb130189/rwang22/bican/ldsc/group-loop/STR_SST-RSPO2_GABA.loops.bed.14.l2.ldscore.gz
         MAF        L2
mean  0.2320   45.4153
std   0.1425   58.2051
min   0.0051   -2.3617
25%   0.1074   11.5643
50%   0.2198   29.5826
75%   0.3507   58.9964
max   0.5000  573.4194

MAF/LD Score Correlation Matrix
        MAF      L2
MAF  1.0000  0.0537
L2   0.0537  1.0000

Annotation Correlation Matrix
       ANNOT
ANNOT    1.0

Annotation Matrix Column Sums
ANNOT    129606

Summary of Annotation Matrix Row Sums
count    323965.0000
mean          0.4001
std           0.4899
min           0.0000
25%           0.0000
50%           0.0000
75%           1.0000
max           1.0000
Analysis finished at Thu Sep 11 22:31:58 2025
Total time elapsed: 4.0m:57.12s
chr15
*********************************************************************
* LD Score Regression (LDSC)
* Version 1.0.1
* (C) 2014-2019 Brendan Bulik-Sullivan and Hilary Finucane
* Broad Institute of MIT and Harvard / MIT Department of Mathematics
* GNU General Public License v3
*********************************************************************
Call: 
./ldsc.py \
--print-snps /anvil/projects/x-mcb130189/rwang22/bican/ref/hm3_no_MHC.list.txt \
--ld-wind-cm 1.0 \
--out /anvil/projects/x-mcb130189/rwang22/bican/ldsc/group-loop/STR_SST-RSPO2_GABA.loops.bed.15 \
--bfile /anvil/projects/x-mcb130189/rwang22/bican/ref/GRCh38/plink_files/1000G.EUR.hg38.15 \
--thin-annot  \
--annot STR_SST-RSPO2_GABA.loops.bed.15.annot.gz \
--l2  

Beginning analysis at Thu Sep 11 22:31:58 2025
Read list of 286945 SNPs from /anvil/projects/x-mcb130189/rwang22/bican/ref/GRCh38/plink_files/1000G.EUR.hg38.15.bim
Read 1 annotations for 286945 SNPs from STR_SST-RSPO2_GABA.loops.bed.15.annot.gz
Read list of 489 individuals from /anvil/projects/x-mcb130189/rwang22/bican/ref/GRCh38/plink_files/1000G.EUR.hg38.15.fam
Reading genotypes from /anvil/projects/x-mcb130189/rwang22/bican/ref/GRCh38/plink_files/1000G.EUR.hg38.15.bed
After filtering, 286945 SNPs remain
Estimating LD Score.
Reading list of 1217311 SNPs for which to print LD Scores from /anvil/projects/x-mcb130189/rwang22/bican/ref/hm3_no_MHC.list.txt
After merging with --print-snps, LD Scores for 35837 SNPs will be printed.
Writing LD Scores for 35837 SNPs to /anvil/projects/x-mcb130189/rwang22/bican/ldsc/group-loop/STR_SST-RSPO2_GABA.loops.bed.15.l2.ldscore.gz

Summary of LD Scores in /anvil/projects/x-mcb130189/rwang22/bican/ldsc/group-loop/STR_SST-RSPO2_GABA.loops.bed.15.l2.ldscore.gz
         MAF        L2
mean  0.2379   39.7918
std   0.1441   47.9662
min   0.0051   -1.7826
25%   0.1104    6.2367
50%   0.2270   24.6480
75%   0.3640   54.5660
max   0.5000  368.4720

MAF/LD Score Correlation Matrix
        MAF      L2
MAF  1.0000  0.0763
L2   0.0763  1.0000

Annotation Correlation Matrix
       ANNOT
ANNOT    1.0

Annotation Matrix Column Sums
ANNOT    104558

Summary of Annotation Matrix Row Sums
count    286945.0000
mean          0.3644
std           0.4813
min           0.0000
25%           0.0000
50%           0.0000
75%           1.0000
max           1.0000
Analysis finished at Thu Sep 11 22:34:55 2025
Total time elapsed: 2.0m:56.32s
chr16
*********************************************************************
* LD Score Regression (LDSC)
* Version 1.0.1
* (C) 2014-2019 Brendan Bulik-Sullivan and Hilary Finucane
* Broad Institute of MIT and Harvard / MIT Department of Mathematics
* GNU General Public License v3
*********************************************************************
Call: 
./ldsc.py \
--print-snps /anvil/projects/x-mcb130189/rwang22/bican/ref/hm3_no_MHC.list.txt \
--ld-wind-cm 1.0 \
--out /anvil/projects/x-mcb130189/rwang22/bican/ldsc/group-loop/STR_SST-RSPO2_GABA.loops.bed.16 \
--bfile /anvil/projects/x-mcb130189/rwang22/bican/ref/GRCh38/plink_files/1000G.EUR.hg38.16 \
--thin-annot  \
--annot STR_SST-RSPO2_GABA.loops.bed.16.annot.gz \
--l2  

Beginning analysis at Thu Sep 11 22:34:55 2025
Read list of 316962 SNPs from /anvil/projects/x-mcb130189/rwang22/bican/ref/GRCh38/plink_files/1000G.EUR.hg38.16.bim
Read 1 annotations for 316962 SNPs from STR_SST-RSPO2_GABA.loops.bed.16.annot.gz
Read list of 489 individuals from /anvil/projects/x-mcb130189/rwang22/bican/ref/GRCh38/plink_files/1000G.EUR.hg38.16.fam
Reading genotypes from /anvil/projects/x-mcb130189/rwang22/bican/ref/GRCh38/plink_files/1000G.EUR.hg38.16.bed
After filtering, 316962 SNPs remain
Estimating LD Score.
Reading list of 1217311 SNPs for which to print LD Scores from /anvil/projects/x-mcb130189/rwang22/bican/ref/hm3_no_MHC.list.txt
After merging with --print-snps, LD Scores for 36526 SNPs will be printed.
Writing LD Scores for 36526 SNPs to /anvil/projects/x-mcb130189/rwang22/bican/ldsc/group-loop/STR_SST-RSPO2_GABA.loops.bed.16.l2.ldscore.gz

Summary of LD Scores in /anvil/projects/x-mcb130189/rwang22/bican/ldsc/group-loop/STR_SST-RSPO2_GABA.loops.bed.16.l2.ldscore.gz
         MAF        L2
mean  0.2389   44.0888
std   0.1426   50.5038
min   0.0051   -1.1200
25%   0.1145   11.3442
50%   0.2311   28.5958
75%   0.3599   57.9243
max   0.5000  401.5591

MAF/LD Score Correlation Matrix
        MAF      L2
MAF  1.0000  0.0645
L2   0.0645  1.0000

Annotation Correlation Matrix
       ANNOT
ANNOT    1.0

Annotation Matrix Column Sums
ANNOT    142091

Summary of Annotation Matrix Row Sums
count    316962.0000
mean          0.4483
std           0.4973
min           0.0000
25%           0.0000
50%           0.0000
75%           1.0000
max           1.0000
Analysis finished at Thu Sep 11 22:38:21 2025
Total time elapsed: 3.0m:25.08s
chr17
*********************************************************************
* LD Score Regression (LDSC)
* Version 1.0.1
* (C) 2014-2019 Brendan Bulik-Sullivan and Hilary Finucane
* Broad Institute of MIT and Harvard / MIT Department of Mathematics
* GNU General Public License v3
*********************************************************************
Call: 
./ldsc.py \
--print-snps /anvil/projects/x-mcb130189/rwang22/bican/ref/hm3_no_MHC.list.txt \
--ld-wind-cm 1.0 \
--out /anvil/projects/x-mcb130189/rwang22/bican/ldsc/group-loop/STR_SST-RSPO2_GABA.loops.bed.17 \
--bfile /anvil/projects/x-mcb130189/rwang22/bican/ref/GRCh38/plink_files/1000G.EUR.hg38.17 \
--thin-annot  \
--annot STR_SST-RSPO2_GABA.loops.bed.17.annot.gz \
--l2  

Beginning analysis at Thu Sep 11 22:38:21 2025
Read list of 268764 SNPs from /anvil/projects/x-mcb130189/rwang22/bican/ref/GRCh38/plink_files/1000G.EUR.hg38.17.bim
Read 1 annotations for 268764 SNPs from STR_SST-RSPO2_GABA.loops.bed.17.annot.gz
Read list of 489 individuals from /anvil/projects/x-mcb130189/rwang22/bican/ref/GRCh38/plink_files/1000G.EUR.hg38.17.fam
Reading genotypes from /anvil/projects/x-mcb130189/rwang22/bican/ref/GRCh38/plink_files/1000G.EUR.hg38.17.bed
After filtering, 268764 SNPs remain
Estimating LD Score.
Reading list of 1217311 SNPs for which to print LD Scores from /anvil/projects/x-mcb130189/rwang22/bican/ref/hm3_no_MHC.list.txt
After merging with --print-snps, LD Scores for 32165 SNPs will be printed.
Writing LD Scores for 32165 SNPs to /anvil/projects/x-mcb130189/rwang22/bican/ldsc/group-loop/STR_SST-RSPO2_GABA.loops.bed.17.l2.ldscore.gz

Summary of LD Scores in /anvil/projects/x-mcb130189/rwang22/bican/ldsc/group-loop/STR_SST-RSPO2_GABA.loops.bed.17.l2.ldscore.gz
         MAF        L2
mean  0.2427   37.9747
std   0.1445   48.8585
min   0.0051   -1.3359
25%   0.1145    5.3197
50%   0.2352   21.3527
75%   0.3681   50.9905
max   0.5000  361.6550

MAF/LD Score Correlation Matrix
        MAF      L2
MAF  1.0000  0.1889
L2   0.1889  1.0000

Annotation Correlation Matrix
       ANNOT
ANNOT    1.0

Annotation Matrix Column Sums
ANNOT    105477

Summary of Annotation Matrix Row Sums
count    268764.0000
mean          0.3925
std           0.4883
min           0.0000
25%           0.0000
50%           0.0000
75%           1.0000
max           1.0000
Analysis finished at Thu Sep 11 22:41:14 2025
Total time elapsed: 2.0m:53.09s
chr18
*********************************************************************
* LD Score Regression (LDSC)
* Version 1.0.1
* (C) 2014-2019 Brendan Bulik-Sullivan and Hilary Finucane
* Broad Institute of MIT and Harvard / MIT Department of Mathematics
* GNU General Public License v3
*********************************************************************
Call: 
./ldsc.py \
--print-snps /anvil/projects/x-mcb130189/rwang22/bican/ref/hm3_no_MHC.list.txt \
--ld-wind-cm 1.0 \
--out /anvil/projects/x-mcb130189/rwang22/bican/ldsc/group-loop/STR_SST-RSPO2_GABA.loops.bed.18 \
--bfile /anvil/projects/x-mcb130189/rwang22/bican/ref/GRCh38/plink_files/1000G.EUR.hg38.18 \
--thin-annot  \
--annot STR_SST-RSPO2_GABA.loops.bed.18.annot.gz \
--l2  

Beginning analysis at Thu Sep 11 22:41:15 2025
Read list of 285134 SNPs from /anvil/projects/x-mcb130189/rwang22/bican/ref/GRCh38/plink_files/1000G.EUR.hg38.18.bim
Read 1 annotations for 285134 SNPs from STR_SST-RSPO2_GABA.loops.bed.18.annot.gz
Read list of 489 individuals from /anvil/projects/x-mcb130189/rwang22/bican/ref/GRCh38/plink_files/1000G.EUR.hg38.18.fam
Reading genotypes from /anvil/projects/x-mcb130189/rwang22/bican/ref/GRCh38/plink_files/1000G.EUR.hg38.18.bed
After filtering, 285134 SNPs remain
Estimating LD Score.
Reading list of 1217311 SNPs for which to print LD Scores from /anvil/projects/x-mcb130189/rwang22/bican/ref/hm3_no_MHC.list.txt
After merging with --print-snps, LD Scores for 35509 SNPs will be printed.
Writing LD Scores for 35509 SNPs to /anvil/projects/x-mcb130189/rwang22/bican/ldsc/group-loop/STR_SST-RSPO2_GABA.loops.bed.18.l2.ldscore.gz

Summary of LD Scores in /anvil/projects/x-mcb130189/rwang22/bican/ldsc/group-loop/STR_SST-RSPO2_GABA.loops.bed.18.l2.ldscore.gz
         MAF        L2
mean  0.2364   29.9272
std   0.1423   32.1318
min   0.0051   -2.1439
25%   0.1115    5.3818
50%   0.2260   19.9608
75%   0.3569   43.6097
max   0.5000  273.5957

MAF/LD Score Correlation Matrix
       MAF     L2
MAF  1.000  0.108
L2   0.108  1.000

Annotation Correlation Matrix
       ANNOT
ANNOT    1.0

Annotation Matrix Column Sums
ANNOT    93787

Summary of Annotation Matrix Row Sums
count    285134.0000
mean          0.3289
std           0.4698
min           0.0000
25%           0.0000
50%           0.0000
75%           1.0000
max           1.0000
Analysis finished at Thu Sep 11 22:44:40 2025
Total time elapsed: 3.0m:25.0s
chr19
*********************************************************************
* LD Score Regression (LDSC)
* Version 1.0.1
* (C) 2014-2019 Brendan Bulik-Sullivan and Hilary Finucane
* Broad Institute of MIT and Harvard / MIT Department of Mathematics
* GNU General Public License v3
*********************************************************************
Call: 
./ldsc.py \
--print-snps /anvil/projects/x-mcb130189/rwang22/bican/ref/hm3_no_MHC.list.txt \
--ld-wind-cm 1.0 \
--out /anvil/projects/x-mcb130189/rwang22/bican/ldsc/group-loop/STR_SST-RSPO2_GABA.loops.bed.19 \
--bfile /anvil/projects/x-mcb130189/rwang22/bican/ref/GRCh38/plink_files/1000G.EUR.hg38.19 \
--thin-annot  \
--annot STR_SST-RSPO2_GABA.loops.bed.19.annot.gz \
--l2  

Beginning analysis at Thu Sep 11 22:44:41 2025
Read list of 231694 SNPs from /anvil/projects/x-mcb130189/rwang22/bican/ref/GRCh38/plink_files/1000G.EUR.hg38.19.bim
Read 1 annotations for 231694 SNPs from STR_SST-RSPO2_GABA.loops.bed.19.annot.gz
Read list of 489 individuals from /anvil/projects/x-mcb130189/rwang22/bican/ref/GRCh38/plink_files/1000G.EUR.hg38.19.fam
Reading genotypes from /anvil/projects/x-mcb130189/rwang22/bican/ref/GRCh38/plink_files/1000G.EUR.hg38.19.bed
After filtering, 231694 SNPs remain
Estimating LD Score.
Reading list of 1217311 SNPs for which to print LD Scores from /anvil/projects/x-mcb130189/rwang22/bican/ref/hm3_no_MHC.list.txt
After merging with --print-snps, LD Scores for 22454 SNPs will be printed.
Writing LD Scores for 22454 SNPs to /anvil/projects/x-mcb130189/rwang22/bican/ldsc/group-loop/STR_SST-RSPO2_GABA.loops.bed.19.l2.ldscore.gz

Summary of LD Scores in /anvil/projects/x-mcb130189/rwang22/bican/ldsc/group-loop/STR_SST-RSPO2_GABA.loops.bed.19.l2.ldscore.gz
         MAF        L2
mean  0.2383   38.6467
std   0.1421   38.2712
min   0.0051   -0.8286
25%   0.1145    8.1352
50%   0.2331   28.9154
75%   0.3569   56.3895
max   0.5000  241.5994

MAF/LD Score Correlation Matrix
        MAF      L2
MAF  1.0000  0.0879
L2   0.0879  1.0000

Annotation Correlation Matrix
       ANNOT
ANNOT    1.0

Annotation Matrix Column Sums
ANNOT    100284

Summary of Annotation Matrix Row Sums
count    231694.0000
mean          0.4328
std           0.4955
min           0.0000
25%           0.0000
50%           0.0000
75%           1.0000
max           1.0000
Analysis finished at Thu Sep 11 22:47:05 2025
Total time elapsed: 2.0m:24.71s
chr20
*********************************************************************
* LD Score Regression (LDSC)
* Version 1.0.1
* (C) 2014-2019 Brendan Bulik-Sullivan and Hilary Finucane
* Broad Institute of MIT and Harvard / MIT Department of Mathematics
* GNU General Public License v3
*********************************************************************
Call: 
./ldsc.py \
--print-snps /anvil/projects/x-mcb130189/rwang22/bican/ref/hm3_no_MHC.list.txt \
--ld-wind-cm 1.0 \
--out /anvil/projects/x-mcb130189/rwang22/bican/ldsc/group-loop/STR_SST-RSPO2_GABA.loops.bed.20 \
--bfile /anvil/projects/x-mcb130189/rwang22/bican/ref/GRCh38/plink_files/1000G.EUR.hg38.20 \
--thin-annot  \
--annot STR_SST-RSPO2_GABA.loops.bed.20.annot.gz \
--l2  

Beginning analysis at Thu Sep 11 22:47:06 2025
Read list of 221582 SNPs from /anvil/projects/x-mcb130189/rwang22/bican/ref/GRCh38/plink_files/1000G.EUR.hg38.20.bim
Read 1 annotations for 221582 SNPs from STR_SST-RSPO2_GABA.loops.bed.20.annot.gz
Read list of 489 individuals from /anvil/projects/x-mcb130189/rwang22/bican/ref/GRCh38/plink_files/1000G.EUR.hg38.20.fam
Reading genotypes from /anvil/projects/x-mcb130189/rwang22/bican/ref/GRCh38/plink_files/1000G.EUR.hg38.20.bed
After filtering, 221582 SNPs remain
Estimating LD Score.
Reading list of 1217311 SNPs for which to print LD Scores from /anvil/projects/x-mcb130189/rwang22/bican/ref/hm3_no_MHC.list.txt
After merging with --print-snps, LD Scores for 31092 SNPs will be printed.
Writing LD Scores for 31092 SNPs to /anvil/projects/x-mcb130189/rwang22/bican/ldsc/group-loop/STR_SST-RSPO2_GABA.loops.bed.20.l2.ldscore.gz

Summary of LD Scores in /anvil/projects/x-mcb130189/rwang22/bican/ldsc/group-loop/STR_SST-RSPO2_GABA.loops.bed.20.l2.ldscore.gz
         MAF        L2
mean  0.2344   42.0426
std   0.1427   52.2156
min   0.0051   -0.9532
25%   0.1074   10.9457
50%   0.2229   27.0164
75%   0.3558   52.2514
max   0.5000  418.1389

MAF/LD Score Correlation Matrix
        MAF      L2
MAF  1.0000  0.1608
L2   0.1608  1.0000

Annotation Correlation Matrix
       ANNOT
ANNOT    1.0

Annotation Matrix Column Sums
ANNOT    102238

Summary of Annotation Matrix Row Sums
count    221582.0000
mean          0.4614
std           0.4985
min           0.0000
25%           0.0000
50%           0.0000
75%           1.0000
max           1.0000
Analysis finished at Thu Sep 11 22:49:18 2025
Total time elapsed: 2.0m:11.77s
chr21
*********************************************************************
* LD Score Regression (LDSC)
* Version 1.0.1
* (C) 2014-2019 Brendan Bulik-Sullivan and Hilary Finucane
* Broad Institute of MIT and Harvard / MIT Department of Mathematics
* GNU General Public License v3
*********************************************************************
Call: 
./ldsc.py \
--print-snps /anvil/projects/x-mcb130189/rwang22/bican/ref/hm3_no_MHC.list.txt \
--ld-wind-cm 1.0 \
--out /anvil/projects/x-mcb130189/rwang22/bican/ldsc/group-loop/STR_SST-RSPO2_GABA.loops.bed.21 \
--bfile /anvil/projects/x-mcb130189/rwang22/bican/ref/GRCh38/plink_files/1000G.EUR.hg38.21 \
--thin-annot  \
--annot STR_SST-RSPO2_GABA.loops.bed.21.annot.gz \
--l2  

Beginning analysis at Thu Sep 11 22:49:18 2025
Read list of 138654 SNPs from /anvil/projects/x-mcb130189/rwang22/bican/ref/GRCh38/plink_files/1000G.EUR.hg38.21.bim
Read 1 annotations for 138654 SNPs from STR_SST-RSPO2_GABA.loops.bed.21.annot.gz
Read list of 489 individuals from /anvil/projects/x-mcb130189/rwang22/bican/ref/GRCh38/plink_files/1000G.EUR.hg38.21.fam
Reading genotypes from /anvil/projects/x-mcb130189/rwang22/bican/ref/GRCh38/plink_files/1000G.EUR.hg38.21.bed
After filtering, 138654 SNPs remain
Estimating LD Score.
Reading list of 1217311 SNPs for which to print LD Scores from /anvil/projects/x-mcb130189/rwang22/bican/ref/hm3_no_MHC.list.txt
After merging with --print-snps, LD Scores for 17028 SNPs will be printed.
Writing LD Scores for 17028 SNPs to /anvil/projects/x-mcb130189/rwang22/bican/ldsc/group-loop/STR_SST-RSPO2_GABA.loops.bed.21.l2.ldscore.gz

Summary of LD Scores in /anvil/projects/x-mcb130189/rwang22/bican/ldsc/group-loop/STR_SST-RSPO2_GABA.loops.bed.21.l2.ldscore.gz
         MAF        L2
mean  0.2421   31.3341
std   0.1414   42.0370
min   0.0051   -1.0342
25%   0.1186    1.8843
50%   0.2321   15.6505
75%   0.3650   44.0400
max   0.5000  286.0519

MAF/LD Score Correlation Matrix
        MAF      L2
MAF  1.0000  0.1227
L2   0.1227  1.0000

Annotation Correlation Matrix
       ANNOT
ANNOT    1.0

Annotation Matrix Column Sums
ANNOT    43649

Summary of Annotation Matrix Row Sums
count    138654.0000
mean          0.3148
std           0.4644
min           0.0000
25%           0.0000
50%           0.0000
75%           1.0000
max           1.0000
Analysis finished at Thu Sep 11 22:50:43 2025
Total time elapsed: 1.0m:24.77s
chr22
*********************************************************************
* LD Score Regression (LDSC)
* Version 1.0.1
* (C) 2014-2019 Brendan Bulik-Sullivan and Hilary Finucane
* Broad Institute of MIT and Harvard / MIT Department of Mathematics
* GNU General Public License v3
*********************************************************************
Call: 
./ldsc.py \
--print-snps /anvil/projects/x-mcb130189/rwang22/bican/ref/hm3_no_MHC.list.txt \
--ld-wind-cm 1.0 \
--out /anvil/projects/x-mcb130189/rwang22/bican/ldsc/group-loop/STR_SST-RSPO2_GABA.loops.bed.22 \
--bfile /anvil/projects/x-mcb130189/rwang22/bican/ref/GRCh38/plink_files/1000G.EUR.hg38.22 \
--thin-annot  \
--annot STR_SST-RSPO2_GABA.loops.bed.22.annot.gz \
--l2  

Beginning analysis at Thu Sep 11 22:50:44 2025
Read list of 140592 SNPs from /anvil/projects/x-mcb130189/rwang22/bican/ref/GRCh38/plink_files/1000G.EUR.hg38.22.bim
Read 1 annotations for 140592 SNPs from STR_SST-RSPO2_GABA.loops.bed.22.annot.gz
Read list of 489 individuals from /anvil/projects/x-mcb130189/rwang22/bican/ref/GRCh38/plink_files/1000G.EUR.hg38.22.fam
Reading genotypes from /anvil/projects/x-mcb130189/rwang22/bican/ref/GRCh38/plink_files/1000G.EUR.hg38.22.bed
After filtering, 140592 SNPs remain
Estimating LD Score.
Reading list of 1217311 SNPs for which to print LD Scores from /anvil/projects/x-mcb130189/rwang22/bican/ref/hm3_no_MHC.list.txt
After merging with --print-snps, LD Scores for 17450 SNPs will be printed.
Writing LD Scores for 17450 SNPs to /anvil/projects/x-mcb130189/rwang22/bican/ldsc/group-loop/STR_SST-RSPO2_GABA.loops.bed.22.l2.ldscore.gz

Summary of LD Scores in /anvil/projects/x-mcb130189/rwang22/bican/ldsc/group-loop/STR_SST-RSPO2_GABA.loops.bed.22.l2.ldscore.gz
         MAF        L2
mean  0.2366   44.6760
std   0.1435   51.5963
min   0.0051   -1.4144
25%   0.1094    9.2358
50%   0.2280   28.5276
75%   0.3579   63.3584
max   0.5000  409.2690

MAF/LD Score Correlation Matrix
        MAF      L2
MAF  1.0000  0.1134
L2   0.1134  1.0000

Annotation Correlation Matrix
       ANNOT
ANNOT    1.0

Annotation Matrix Column Sums
ANNOT    62113

Summary of Annotation Matrix Row Sums
count    140592.0000
mean          0.4418
std           0.4966
min           0.0000
25%           0.0000
50%           0.0000
75%           1.0000
max           1.0000
Analysis finished at Thu Sep 11 22:51:51 2025
Total time elapsed: 1.0m:7.37s
