chr1
making annot file
chr2
making annot file
chr3
making annot file
chr4
making annot file
chr5
making annot file
chr6
making annot file
chr7
making annot file
chr8
making annot file
chr9
making annot file
chr10
making annot file
chr11
making annot file
chr12
making annot file
chr13
making annot file
chr14
making annot file
chr15
making annot file
chr16
making annot file
chr17
making annot file
chr18
making annot file
chr19
making annot file
chr20
making annot file
chr21
making annot file
chr22
making annot file
chr1
*********************************************************************
* LD Score Regression (LDSC)
* Version 1.0.1
* (C) 2014-2019 Brendan Bulik-Sullivan and Hilary Finucane
* Broad Institute of MIT and Harvard / MIT Department of Mathematics
* GNU General Public License v3
*********************************************************************
Call: 
./ldsc.py \
--print-snps /anvil/projects/x-mcb130189/rwang22/bican/ref/hm3_no_MHC.list.txt \
--ld-wind-cm 1.0 \
--out /anvil/projects/x-mcb130189/rwang22/bican/ldsc/group-loop/GPe-NDB-SI_LHX6-LHX8-GBX1_GABA.loops.bed.1 \
--bfile /anvil/projects/x-mcb130189/rwang22/bican/ref/GRCh38/plink_files/1000G.EUR.hg38.1 \
--thin-annot  \
--annot GPe-NDB-SI_LHX6-LHX8-GBX1_GABA.loops.bed.1.annot.gz \
--l2  

Beginning analysis at Thu Sep 11 20:52:08 2025
Read list of 778603 SNPs from /anvil/projects/x-mcb130189/rwang22/bican/ref/GRCh38/plink_files/1000G.EUR.hg38.1.bim
Read 1 annotations for 778611 SNPs from GPe-NDB-SI_LHX6-LHX8-GBX1_GABA.loops.bed.1.annot.gz
Read list of 489 individuals from /anvil/projects/x-mcb130189/rwang22/bican/ref/GRCh38/plink_files/1000G.EUR.hg38.1.fam
Reading genotypes from /anvil/projects/x-mcb130189/rwang22/bican/ref/GRCh38/plink_files/1000G.EUR.hg38.1.bed
After filtering, 778603 SNPs remain
Estimating LD Score.
Reading list of 1217311 SNPs for which to print LD Scores from /anvil/projects/x-mcb130189/rwang22/bican/ref/hm3_no_MHC.list.txt
After merging with --print-snps, LD Scores for 98576 SNPs will be printed.
Writing LD Scores for 98576 SNPs to /anvil/projects/x-mcb130189/rwang22/bican/ldsc/group-loop/GPe-NDB-SI_LHX6-LHX8-GBX1_GABA.loops.bed.1.l2.ldscore.gz

Summary of LD Scores in /anvil/projects/x-mcb130189/rwang22/bican/ldsc/group-loop/GPe-NDB-SI_LHX6-LHX8-GBX1_GABA.loops.bed.1.l2.ldscore.gz
         MAF        L2
mean  0.2346   64.0666
std   0.1432   57.9143
min   0.0051   -2.0763
25%   0.1084   26.0068
50%   0.2239   47.8149
75%   0.3558   84.2846
max   0.5000  538.0619

MAF/LD Score Correlation Matrix
        MAF      L2
MAF  1.0000  0.1678
L2   0.1678  1.0000

Annotation Correlation Matrix
       ANNOT
ANNOT    1.0

Annotation Matrix Column Sums
ANNOT    445068

Summary of Annotation Matrix Row Sums
count    778603.0000
mean          0.5716
std           0.4948
min           0.0000
25%           0.0000
50%           1.0000
75%           1.0000
max           1.0000
Analysis finished at Thu Sep 11 20:56:45 2025
Total time elapsed: 4.0m:37.01s
chr2
*********************************************************************
* LD Score Regression (LDSC)
* Version 1.0.1
* (C) 2014-2019 Brendan Bulik-Sullivan and Hilary Finucane
* Broad Institute of MIT and Harvard / MIT Department of Mathematics
* GNU General Public License v3
*********************************************************************
Call: 
./ldsc.py \
--print-snps /anvil/projects/x-mcb130189/rwang22/bican/ref/hm3_no_MHC.list.txt \
--ld-wind-cm 1.0 \
--out /anvil/projects/x-mcb130189/rwang22/bican/ldsc/group-loop/GPe-NDB-SI_LHX6-LHX8-GBX1_GABA.loops.bed.2 \
--bfile /anvil/projects/x-mcb130189/rwang22/bican/ref/GRCh38/plink_files/1000G.EUR.hg38.2 \
--thin-annot  \
--annot GPe-NDB-SI_LHX6-LHX8-GBX1_GABA.loops.bed.2.annot.gz \
--l2  

Beginning analysis at Thu Sep 11 20:56:45 2025
Read list of 839257 SNPs from /anvil/projects/x-mcb130189/rwang22/bican/ref/GRCh38/plink_files/1000G.EUR.hg38.2.bim
Read 1 annotations for 839257 SNPs from GPe-NDB-SI_LHX6-LHX8-GBX1_GABA.loops.bed.2.annot.gz
Read list of 489 individuals from /anvil/projects/x-mcb130189/rwang22/bican/ref/GRCh38/plink_files/1000G.EUR.hg38.2.fam
Reading genotypes from /anvil/projects/x-mcb130189/rwang22/bican/ref/GRCh38/plink_files/1000G.EUR.hg38.2.bed
After filtering, 839257 SNPs remain
Estimating LD Score.
Reading list of 1217311 SNPs for which to print LD Scores from /anvil/projects/x-mcb130189/rwang22/bican/ref/hm3_no_MHC.list.txt
After merging with --print-snps, LD Scores for 99718 SNPs will be printed.
Writing LD Scores for 99718 SNPs to /anvil/projects/x-mcb130189/rwang22/bican/ldsc/group-loop/GPe-NDB-SI_LHX6-LHX8-GBX1_GABA.loops.bed.2.l2.ldscore.gz

Summary of LD Scores in /anvil/projects/x-mcb130189/rwang22/bican/ldsc/group-loop/GPe-NDB-SI_LHX6-LHX8-GBX1_GABA.loops.bed.2.l2.ldscore.gz
         MAF        L2
mean  0.2384   70.2237
std   0.1431   55.1948
min   0.0051   -2.2324
25%   0.1125   30.8643
50%   0.2290   56.3567
75%   0.3620   93.5571
max   0.5000  433.3618

MAF/LD Score Correlation Matrix
        MAF      L2
MAF  1.0000  0.1814
L2   0.1814  1.0000

Annotation Correlation Matrix
       ANNOT
ANNOT    1.0

Annotation Matrix Column Sums
ANNOT    475664

Summary of Annotation Matrix Row Sums
count    839257.0000
mean          0.5668
std           0.4955
min           0.0000
25%           0.0000
50%           1.0000
75%           1.0000
max           1.0000
Analysis finished at Thu Sep 11 21:01:29 2025
Total time elapsed: 4.0m:43.35s
chr3
*********************************************************************
* LD Score Regression (LDSC)
* Version 1.0.1
* (C) 2014-2019 Brendan Bulik-Sullivan and Hilary Finucane
* Broad Institute of MIT and Harvard / MIT Department of Mathematics
* GNU General Public License v3
*********************************************************************
Call: 
./ldsc.py \
--print-snps /anvil/projects/x-mcb130189/rwang22/bican/ref/hm3_no_MHC.list.txt \
--ld-wind-cm 1.0 \
--out /anvil/projects/x-mcb130189/rwang22/bican/ldsc/group-loop/GPe-NDB-SI_LHX6-LHX8-GBX1_GABA.loops.bed.3 \
--bfile /anvil/projects/x-mcb130189/rwang22/bican/ref/GRCh38/plink_files/1000G.EUR.hg38.3 \
--thin-annot  \
--annot GPe-NDB-SI_LHX6-LHX8-GBX1_GABA.loops.bed.3.annot.gz \
--l2  

Beginning analysis at Thu Sep 11 21:01:29 2025
Read list of 706163 SNPs from /anvil/projects/x-mcb130189/rwang22/bican/ref/GRCh38/plink_files/1000G.EUR.hg38.3.bim
Read 1 annotations for 706163 SNPs from GPe-NDB-SI_LHX6-LHX8-GBX1_GABA.loops.bed.3.annot.gz
Read list of 489 individuals from /anvil/projects/x-mcb130189/rwang22/bican/ref/GRCh38/plink_files/1000G.EUR.hg38.3.fam
Reading genotypes from /anvil/projects/x-mcb130189/rwang22/bican/ref/GRCh38/plink_files/1000G.EUR.hg38.3.bed
After filtering, 706163 SNPs remain
Estimating LD Score.
Reading list of 1217311 SNPs for which to print LD Scores from /anvil/projects/x-mcb130189/rwang22/bican/ref/hm3_no_MHC.list.txt
After merging with --print-snps, LD Scores for 83015 SNPs will be printed.
Writing LD Scores for 83015 SNPs to /anvil/projects/x-mcb130189/rwang22/bican/ldsc/group-loop/GPe-NDB-SI_LHX6-LHX8-GBX1_GABA.loops.bed.3.l2.ldscore.gz

Summary of LD Scores in /anvil/projects/x-mcb130189/rwang22/bican/ldsc/group-loop/GPe-NDB-SI_LHX6-LHX8-GBX1_GABA.loops.bed.3.l2.ldscore.gz
         MAF        L2
mean  0.2408   69.7732
std   0.1426   64.5219
min   0.0051   -2.1054
25%   0.1166   29.0278
50%   0.2321   52.3162
75%   0.3630   88.0930
max   0.5000  600.4752

MAF/LD Score Correlation Matrix
        MAF      L2
MAF  1.0000  0.1733
L2   0.1733  1.0000

Annotation Correlation Matrix
       ANNOT
ANNOT    1.0

Annotation Matrix Column Sums
ANNOT    386487

Summary of Annotation Matrix Row Sums
count    706163.0000
mean          0.5473
std           0.4978
min           0.0000
25%           0.0000
50%           1.0000
75%           1.0000
max           1.0000
Analysis finished at Thu Sep 11 21:06:01 2025
Total time elapsed: 4.0m:31.45s
chr4
*********************************************************************
* LD Score Regression (LDSC)
* Version 1.0.1
* (C) 2014-2019 Brendan Bulik-Sullivan and Hilary Finucane
* Broad Institute of MIT and Harvard / MIT Department of Mathematics
* GNU General Public License v3
*********************************************************************
Call: 
./ldsc.py \
--print-snps /anvil/projects/x-mcb130189/rwang22/bican/ref/hm3_no_MHC.list.txt \
--ld-wind-cm 1.0 \
--out /anvil/projects/x-mcb130189/rwang22/bican/ldsc/group-loop/GPe-NDB-SI_LHX6-LHX8-GBX1_GABA.loops.bed.4 \
--bfile /anvil/projects/x-mcb130189/rwang22/bican/ref/GRCh38/plink_files/1000G.EUR.hg38.4 \
--thin-annot  \
--annot GPe-NDB-SI_LHX6-LHX8-GBX1_GABA.loops.bed.4.annot.gz \
--l2  

Beginning analysis at Thu Sep 11 21:06:01 2025
Read list of 729546 SNPs from /anvil/projects/x-mcb130189/rwang22/bican/ref/GRCh38/plink_files/1000G.EUR.hg38.4.bim
Read 1 annotations for 729546 SNPs from GPe-NDB-SI_LHX6-LHX8-GBX1_GABA.loops.bed.4.annot.gz
Read list of 489 individuals from /anvil/projects/x-mcb130189/rwang22/bican/ref/GRCh38/plink_files/1000G.EUR.hg38.4.fam
Reading genotypes from /anvil/projects/x-mcb130189/rwang22/bican/ref/GRCh38/plink_files/1000G.EUR.hg38.4.bed
After filtering, 729546 SNPs remain
Estimating LD Score.
Reading list of 1217311 SNPs for which to print LD Scores from /anvil/projects/x-mcb130189/rwang22/bican/ref/hm3_no_MHC.list.txt
After merging with --print-snps, LD Scores for 74922 SNPs will be printed.
Writing LD Scores for 74922 SNPs to /anvil/projects/x-mcb130189/rwang22/bican/ldsc/group-loop/GPe-NDB-SI_LHX6-LHX8-GBX1_GABA.loops.bed.4.l2.ldscore.gz

Summary of LD Scores in /anvil/projects/x-mcb130189/rwang22/bican/ldsc/group-loop/GPe-NDB-SI_LHX6-LHX8-GBX1_GABA.loops.bed.4.l2.ldscore.gz
         MAF        L2
mean  0.2375   74.5840
std   0.1422   64.3890
min   0.0051   -1.9348
25%   0.1125   30.6406
50%   0.2301   58.5101
75%   0.3579   99.4659
max   0.5000  645.7343

MAF/LD Score Correlation Matrix
        MAF      L2
MAF  1.0000  0.1472
L2   0.1472  1.0000

Annotation Correlation Matrix
       ANNOT
ANNOT    1.0

Annotation Matrix Column Sums
ANNOT    400212

Summary of Annotation Matrix Row Sums
count    729546.0000
mean          0.5486
std           0.4976
min           0.0000
25%           0.0000
50%           1.0000
75%           1.0000
max           1.0000
Analysis finished at Thu Sep 11 21:10:24 2025
Total time elapsed: 4.0m:22.71s
chr5
*********************************************************************
* LD Score Regression (LDSC)
* Version 1.0.1
* (C) 2014-2019 Brendan Bulik-Sullivan and Hilary Finucane
* Broad Institute of MIT and Harvard / MIT Department of Mathematics
* GNU General Public License v3
*********************************************************************
Call: 
./ldsc.py \
--print-snps /anvil/projects/x-mcb130189/rwang22/bican/ref/hm3_no_MHC.list.txt \
--ld-wind-cm 1.0 \
--out /anvil/projects/x-mcb130189/rwang22/bican/ldsc/group-loop/GPe-NDB-SI_LHX6-LHX8-GBX1_GABA.loops.bed.5 \
--bfile /anvil/projects/x-mcb130189/rwang22/bican/ref/GRCh38/plink_files/1000G.EUR.hg38.5 \
--thin-annot  \
--annot GPe-NDB-SI_LHX6-LHX8-GBX1_GABA.loops.bed.5.annot.gz \
--l2  

Beginning analysis at Thu Sep 11 21:10:25 2025
Read list of 632996 SNPs from /anvil/projects/x-mcb130189/rwang22/bican/ref/GRCh38/plink_files/1000G.EUR.hg38.5.bim
Read 1 annotations for 632996 SNPs from GPe-NDB-SI_LHX6-LHX8-GBX1_GABA.loops.bed.5.annot.gz
Read list of 489 individuals from /anvil/projects/x-mcb130189/rwang22/bican/ref/GRCh38/plink_files/1000G.EUR.hg38.5.fam
Reading genotypes from /anvil/projects/x-mcb130189/rwang22/bican/ref/GRCh38/plink_files/1000G.EUR.hg38.5.bed
After filtering, 632996 SNPs remain
Estimating LD Score.
Reading list of 1217311 SNPs for which to print LD Scores from /anvil/projects/x-mcb130189/rwang22/bican/ref/hm3_no_MHC.list.txt
After merging with --print-snps, LD Scores for 75164 SNPs will be printed.
Writing LD Scores for 75164 SNPs to /anvil/projects/x-mcb130189/rwang22/bican/ldsc/group-loop/GPe-NDB-SI_LHX6-LHX8-GBX1_GABA.loops.bed.5.l2.ldscore.gz

Summary of LD Scores in /anvil/projects/x-mcb130189/rwang22/bican/ldsc/group-loop/GPe-NDB-SI_LHX6-LHX8-GBX1_GABA.loops.bed.5.l2.ldscore.gz
         MAF        L2
mean  0.2369   70.7000
std   0.1421   63.7287
min   0.0051   -0.9438
25%   0.1125   28.3868
50%   0.2280   53.3176
75%   0.3569   92.5830
max   0.5000  499.4955

MAF/LD Score Correlation Matrix
        MAF      L2
MAF  1.0000  0.1529
L2   0.1529  1.0000

Annotation Correlation Matrix
       ANNOT
ANNOT    1.0

Annotation Matrix Column Sums
ANNOT    358035

Summary of Annotation Matrix Row Sums
count    632996.0000
mean          0.5656
std           0.4957
min           0.0000
25%           0.0000
50%           1.0000
75%           1.0000
max           1.0000
Analysis finished at Thu Sep 11 21:14:28 2025
Total time elapsed: 4.0m:3.37s
chr6
*********************************************************************
* LD Score Regression (LDSC)
* Version 1.0.1
* (C) 2014-2019 Brendan Bulik-Sullivan and Hilary Finucane
* Broad Institute of MIT and Harvard / MIT Department of Mathematics
* GNU General Public License v3
*********************************************************************
Call: 
./ldsc.py \
--print-snps /anvil/projects/x-mcb130189/rwang22/bican/ref/hm3_no_MHC.list.txt \
--ld-wind-cm 1.0 \
--out /anvil/projects/x-mcb130189/rwang22/bican/ldsc/group-loop/GPe-NDB-SI_LHX6-LHX8-GBX1_GABA.loops.bed.6 \
--bfile /anvil/projects/x-mcb130189/rwang22/bican/ref/GRCh38/plink_files/1000G.EUR.hg38.6 \
--thin-annot  \
--annot GPe-NDB-SI_LHX6-LHX8-GBX1_GABA.loops.bed.6.annot.gz \
--l2  

Beginning analysis at Thu Sep 11 21:14:29 2025
Read list of 663678 SNPs from /anvil/projects/x-mcb130189/rwang22/bican/ref/GRCh38/plink_files/1000G.EUR.hg38.6.bim
Read 1 annotations for 663678 SNPs from GPe-NDB-SI_LHX6-LHX8-GBX1_GABA.loops.bed.6.annot.gz
Read list of 489 individuals from /anvil/projects/x-mcb130189/rwang22/bican/ref/GRCh38/plink_files/1000G.EUR.hg38.6.fam
Reading genotypes from /anvil/projects/x-mcb130189/rwang22/bican/ref/GRCh38/plink_files/1000G.EUR.hg38.6.bed
After filtering, 663678 SNPs remain
Estimating LD Score.
Reading list of 1217311 SNPs for which to print LD Scores from /anvil/projects/x-mcb130189/rwang22/bican/ref/hm3_no_MHC.list.txt
After merging with --print-snps, LD Scores for 75328 SNPs will be printed.
Writing LD Scores for 75328 SNPs to /anvil/projects/x-mcb130189/rwang22/bican/ldsc/group-loop/GPe-NDB-SI_LHX6-LHX8-GBX1_GABA.loops.bed.6.l2.ldscore.gz

Summary of LD Scores in /anvil/projects/x-mcb130189/rwang22/bican/ldsc/group-loop/GPe-NDB-SI_LHX6-LHX8-GBX1_GABA.loops.bed.6.l2.ldscore.gz
         MAF        L2
mean  0.2357   72.2590
std   0.1431   64.8947
min   0.0051   -1.8202
25%   0.1104   30.1952
50%   0.2249   55.6979
75%   0.3579   92.1061
max   0.5000  553.9612

MAF/LD Score Correlation Matrix
        MAF      L2
MAF  1.0000  0.1808
L2   0.1808  1.0000

Annotation Correlation Matrix
       ANNOT
ANNOT    1.0

Annotation Matrix Column Sums
ANNOT    349588

Summary of Annotation Matrix Row Sums
count    663678.0000
mean          0.5267
std           0.4993
min           0.0000
25%           0.0000
50%           1.0000
75%           1.0000
max           1.0000
Analysis finished at Thu Sep 11 21:19:12 2025
Total time elapsed: 4.0m:43.87s
chr7
*********************************************************************
* LD Score Regression (LDSC)
* Version 1.0.1
* (C) 2014-2019 Brendan Bulik-Sullivan and Hilary Finucane
* Broad Institute of MIT and Harvard / MIT Department of Mathematics
* GNU General Public License v3
*********************************************************************
Call: 
./ldsc.py \
--print-snps /anvil/projects/x-mcb130189/rwang22/bican/ref/hm3_no_MHC.list.txt \
--ld-wind-cm 1.0 \
--out /anvil/projects/x-mcb130189/rwang22/bican/ldsc/group-loop/GPe-NDB-SI_LHX6-LHX8-GBX1_GABA.loops.bed.7 \
--bfile /anvil/projects/x-mcb130189/rwang22/bican/ref/GRCh38/plink_files/1000G.EUR.hg38.7 \
--thin-annot  \
--annot GPe-NDB-SI_LHX6-LHX8-GBX1_GABA.loops.bed.7.annot.gz \
--l2  

Beginning analysis at Thu Sep 11 21:19:13 2025
Read list of 589044 SNPs from /anvil/projects/x-mcb130189/rwang22/bican/ref/GRCh38/plink_files/1000G.EUR.hg38.7.bim
Read 1 annotations for 589046 SNPs from GPe-NDB-SI_LHX6-LHX8-GBX1_GABA.loops.bed.7.annot.gz
Read list of 489 individuals from /anvil/projects/x-mcb130189/rwang22/bican/ref/GRCh38/plink_files/1000G.EUR.hg38.7.fam
Reading genotypes from /anvil/projects/x-mcb130189/rwang22/bican/ref/GRCh38/plink_files/1000G.EUR.hg38.7.bed
After filtering, 589044 SNPs remain
Estimating LD Score.
Reading list of 1217311 SNPs for which to print LD Scores from /anvil/projects/x-mcb130189/rwang22/bican/ref/hm3_no_MHC.list.txt
After merging with --print-snps, LD Scores for 66138 SNPs will be printed.
Writing LD Scores for 66138 SNPs to /anvil/projects/x-mcb130189/rwang22/bican/ldsc/group-loop/GPe-NDB-SI_LHX6-LHX8-GBX1_GABA.loops.bed.7.l2.ldscore.gz

Summary of LD Scores in /anvil/projects/x-mcb130189/rwang22/bican/ldsc/group-loop/GPe-NDB-SI_LHX6-LHX8-GBX1_GABA.loops.bed.7.l2.ldscore.gz
         MAF        L2
mean  0.2390   65.8837
std   0.1428   57.6452
min   0.0051   -2.1173
25%   0.1125   28.4858
50%   0.2301   51.5327
75%   0.3609   87.2708
max   0.5000  614.6167

MAF/LD Score Correlation Matrix
        MAF      L2
MAF  1.0000  0.1691
L2   0.1691  1.0000

Annotation Correlation Matrix
       ANNOT
ANNOT    1.0

Annotation Matrix Column Sums
ANNOT    325182

Summary of Annotation Matrix Row Sums
count    589044.0000
mean          0.5521
std           0.4973
min           0.0000
25%           0.0000
50%           1.0000
75%           1.0000
max           1.0000
Analysis finished at Thu Sep 11 21:24:59 2025
Total time elapsed: 5.0m:45.96s
chr8
*********************************************************************
* LD Score Regression (LDSC)
* Version 1.0.1
* (C) 2014-2019 Brendan Bulik-Sullivan and Hilary Finucane
* Broad Institute of MIT and Harvard / MIT Department of Mathematics
* GNU General Public License v3
*********************************************************************
Call: 
./ldsc.py \
--print-snps /anvil/projects/x-mcb130189/rwang22/bican/ref/hm3_no_MHC.list.txt \
--ld-wind-cm 1.0 \
--out /anvil/projects/x-mcb130189/rwang22/bican/ldsc/group-loop/GPe-NDB-SI_LHX6-LHX8-GBX1_GABA.loops.bed.8 \
--bfile /anvil/projects/x-mcb130189/rwang22/bican/ref/GRCh38/plink_files/1000G.EUR.hg38.8 \
--thin-annot  \
--annot GPe-NDB-SI_LHX6-LHX8-GBX1_GABA.loops.bed.8.annot.gz \
--l2  

Beginning analysis at Thu Sep 11 21:25:00 2025
Read list of 549556 SNPs from /anvil/projects/x-mcb130189/rwang22/bican/ref/GRCh38/plink_files/1000G.EUR.hg38.8.bim
Read 1 annotations for 549558 SNPs from GPe-NDB-SI_LHX6-LHX8-GBX1_GABA.loops.bed.8.annot.gz
Read list of 489 individuals from /anvil/projects/x-mcb130189/rwang22/bican/ref/GRCh38/plink_files/1000G.EUR.hg38.8.fam
Reading genotypes from /anvil/projects/x-mcb130189/rwang22/bican/ref/GRCh38/plink_files/1000G.EUR.hg38.8.bed
After filtering, 549556 SNPs remain
Estimating LD Score.
Reading list of 1217311 SNPs for which to print LD Scores from /anvil/projects/x-mcb130189/rwang22/bican/ref/hm3_no_MHC.list.txt
After merging with --print-snps, LD Scores for 64928 SNPs will be printed.
Writing LD Scores for 64928 SNPs to /anvil/projects/x-mcb130189/rwang22/bican/ldsc/group-loop/GPe-NDB-SI_LHX6-LHX8-GBX1_GABA.loops.bed.8.l2.ldscore.gz

Summary of LD Scores in /anvil/projects/x-mcb130189/rwang22/bican/ldsc/group-loop/GPe-NDB-SI_LHX6-LHX8-GBX1_GABA.loops.bed.8.l2.ldscore.gz
         MAF        L2
mean  0.2380   73.0443
std   0.1431   69.6291
min   0.0051   -0.9802
25%   0.1115   29.1484
50%   0.2280   53.8145
75%   0.3609   93.4421
max   0.5000  674.0502

MAF/LD Score Correlation Matrix
        MAF      L2
MAF  1.0000  0.1697
L2   0.1697  1.0000

Annotation Correlation Matrix
       ANNOT
ANNOT    1.0

Annotation Matrix Column Sums
ANNOT    297791

Summary of Annotation Matrix Row Sums
count    549556.0000
mean          0.5419
std           0.4982
min           0.0000
25%           0.0000
50%           1.0000
75%           1.0000
max           1.0000
Analysis finished at Thu Sep 11 21:28:44 2025
Total time elapsed: 3.0m:44.32s
chr9
*********************************************************************
* LD Score Regression (LDSC)
* Version 1.0.1
* (C) 2014-2019 Brendan Bulik-Sullivan and Hilary Finucane
* Broad Institute of MIT and Harvard / MIT Department of Mathematics
* GNU General Public License v3
*********************************************************************
Call: 
./ldsc.py \
--print-snps /anvil/projects/x-mcb130189/rwang22/bican/ref/hm3_no_MHC.list.txt \
--ld-wind-cm 1.0 \
--out /anvil/projects/x-mcb130189/rwang22/bican/ldsc/group-loop/GPe-NDB-SI_LHX6-LHX8-GBX1_GABA.loops.bed.9 \
--bfile /anvil/projects/x-mcb130189/rwang22/bican/ref/GRCh38/plink_files/1000G.EUR.hg38.9 \
--thin-annot  \
--annot GPe-NDB-SI_LHX6-LHX8-GBX1_GABA.loops.bed.9.annot.gz \
--l2  

Beginning analysis at Thu Sep 11 21:28:45 2025
Read list of 437825 SNPs from /anvil/projects/x-mcb130189/rwang22/bican/ref/GRCh38/plink_files/1000G.EUR.hg38.9.bim
Read 1 annotations for 437825 SNPs from GPe-NDB-SI_LHX6-LHX8-GBX1_GABA.loops.bed.9.annot.gz
Read list of 489 individuals from /anvil/projects/x-mcb130189/rwang22/bican/ref/GRCh38/plink_files/1000G.EUR.hg38.9.fam
Reading genotypes from /anvil/projects/x-mcb130189/rwang22/bican/ref/GRCh38/plink_files/1000G.EUR.hg38.9.bed
After filtering, 437825 SNPs remain
Estimating LD Score.
Reading list of 1217311 SNPs for which to print LD Scores from /anvil/projects/x-mcb130189/rwang22/bican/ref/hm3_no_MHC.list.txt
After merging with --print-snps, LD Scores for 55452 SNPs will be printed.
Writing LD Scores for 55452 SNPs to /anvil/projects/x-mcb130189/rwang22/bican/ldsc/group-loop/GPe-NDB-SI_LHX6-LHX8-GBX1_GABA.loops.bed.9.l2.ldscore.gz

Summary of LD Scores in /anvil/projects/x-mcb130189/rwang22/bican/ldsc/group-loop/GPe-NDB-SI_LHX6-LHX8-GBX1_GABA.loops.bed.9.l2.ldscore.gz
         MAF        L2
mean  0.2359   57.5518
std   0.1423   50.9772
min   0.0051   -1.8551
25%   0.1115   23.2286
50%   0.2249   43.2807
75%   0.3569   75.2360
max   0.5000  455.9667

MAF/LD Score Correlation Matrix
        MAF      L2
MAF  1.0000  0.1482
L2   0.1482  1.0000

Annotation Correlation Matrix
       ANNOT
ANNOT    1.0

Annotation Matrix Column Sums
ANNOT    242890

Summary of Annotation Matrix Row Sums
count    437825.0000
mean          0.5548
std           0.4970
min           0.0000
25%           0.0000
50%           1.0000
75%           1.0000
max           1.0000
Analysis finished at Thu Sep 11 21:30:42 2025
Total time elapsed: 1.0m:57.0s
chr10
*********************************************************************
* LD Score Regression (LDSC)
* Version 1.0.1
* (C) 2014-2019 Brendan Bulik-Sullivan and Hilary Finucane
* Broad Institute of MIT and Harvard / MIT Department of Mathematics
* GNU General Public License v3
*********************************************************************
Call: 
./ldsc.py \
--print-snps /anvil/projects/x-mcb130189/rwang22/bican/ref/hm3_no_MHC.list.txt \
--ld-wind-cm 1.0 \
--out /anvil/projects/x-mcb130189/rwang22/bican/ldsc/group-loop/GPe-NDB-SI_LHX6-LHX8-GBX1_GABA.loops.bed.10 \
--bfile /anvil/projects/x-mcb130189/rwang22/bican/ref/GRCh38/plink_files/1000G.EUR.hg38.10 \
--thin-annot  \
--annot GPe-NDB-SI_LHX6-LHX8-GBX1_GABA.loops.bed.10.annot.gz \
--l2  

Beginning analysis at Thu Sep 11 21:30:42 2025
Read list of 510396 SNPs from /anvil/projects/x-mcb130189/rwang22/bican/ref/GRCh38/plink_files/1000G.EUR.hg38.10.bim
Read 1 annotations for 510434 SNPs from GPe-NDB-SI_LHX6-LHX8-GBX1_GABA.loops.bed.10.annot.gz
Read list of 489 individuals from /anvil/projects/x-mcb130189/rwang22/bican/ref/GRCh38/plink_files/1000G.EUR.hg38.10.fam
Reading genotypes from /anvil/projects/x-mcb130189/rwang22/bican/ref/GRCh38/plink_files/1000G.EUR.hg38.10.bed
After filtering, 510396 SNPs remain
Estimating LD Score.
Reading list of 1217311 SNPs for which to print LD Scores from /anvil/projects/x-mcb130189/rwang22/bican/ref/hm3_no_MHC.list.txt
After merging with --print-snps, LD Scores for 64066 SNPs will be printed.
Writing LD Scores for 64066 SNPs to /anvil/projects/x-mcb130189/rwang22/bican/ldsc/group-loop/GPe-NDB-SI_LHX6-LHX8-GBX1_GABA.loops.bed.10.l2.ldscore.gz

Summary of LD Scores in /anvil/projects/x-mcb130189/rwang22/bican/ldsc/group-loop/GPe-NDB-SI_LHX6-LHX8-GBX1_GABA.loops.bed.10.l2.ldscore.gz
         MAF        L2
mean  0.2328   66.2629
std   0.1426   60.3355
min   0.0051   -1.5097
25%   0.1074   26.9188
50%   0.2198   50.1147
75%   0.3538   85.8003
max   0.5000  649.9022

MAF/LD Score Correlation Matrix
       MAF     L2
MAF  1.000  0.132
L2   0.132  1.000

Annotation Correlation Matrix
       ANNOT
ANNOT    1.0

Annotation Matrix Column Sums
ANNOT    292979

Summary of Annotation Matrix Row Sums
count    510396.0000
mean          0.5740
std           0.4945
min           0.0000
25%           0.0000
50%           1.0000
75%           1.0000
max           1.0000
Analysis finished at Thu Sep 11 21:33:48 2025
Total time elapsed: 3.0m:5.96s
chr11
*********************************************************************
* LD Score Regression (LDSC)
* Version 1.0.1
* (C) 2014-2019 Brendan Bulik-Sullivan and Hilary Finucane
* Broad Institute of MIT and Harvard / MIT Department of Mathematics
* GNU General Public License v3
*********************************************************************
Call: 
./ldsc.py \
--print-snps /anvil/projects/x-mcb130189/rwang22/bican/ref/hm3_no_MHC.list.txt \
--ld-wind-cm 1.0 \
--out /anvil/projects/x-mcb130189/rwang22/bican/ldsc/group-loop/GPe-NDB-SI_LHX6-LHX8-GBX1_GABA.loops.bed.11 \
--bfile /anvil/projects/x-mcb130189/rwang22/bican/ref/GRCh38/plink_files/1000G.EUR.hg38.11 \
--thin-annot  \
--annot GPe-NDB-SI_LHX6-LHX8-GBX1_GABA.loops.bed.11.annot.gz \
--l2  

Beginning analysis at Thu Sep 11 21:33:49 2025
Read list of 493753 SNPs from /anvil/projects/x-mcb130189/rwang22/bican/ref/GRCh38/plink_files/1000G.EUR.hg38.11.bim
Read 1 annotations for 493753 SNPs from GPe-NDB-SI_LHX6-LHX8-GBX1_GABA.loops.bed.11.annot.gz
Read list of 489 individuals from /anvil/projects/x-mcb130189/rwang22/bican/ref/GRCh38/plink_files/1000G.EUR.hg38.11.fam
Reading genotypes from /anvil/projects/x-mcb130189/rwang22/bican/ref/GRCh38/plink_files/1000G.EUR.hg38.11.bed
After filtering, 493753 SNPs remain
Estimating LD Score.
Reading list of 1217311 SNPs for which to print LD Scores from /anvil/projects/x-mcb130189/rwang22/bican/ref/hm3_no_MHC.list.txt
After merging with --print-snps, LD Scores for 60969 SNPs will be printed.
Writing LD Scores for 60969 SNPs to /anvil/projects/x-mcb130189/rwang22/bican/ldsc/group-loop/GPe-NDB-SI_LHX6-LHX8-GBX1_GABA.loops.bed.11.l2.ldscore.gz

Summary of LD Scores in /anvil/projects/x-mcb130189/rwang22/bican/ldsc/group-loop/GPe-NDB-SI_LHX6-LHX8-GBX1_GABA.loops.bed.11.l2.ldscore.gz
         MAF         L2
mean  0.2398    78.7701
std   0.1419   106.8362
min   0.0051    -5.1126
25%   0.1155    27.0421
50%   0.2301    52.3836
75%   0.3609    93.8060
max   0.5000  1090.9709

MAF/LD Score Correlation Matrix
        MAF      L2
MAF  1.0000  0.0503
L2   0.0503  1.0000

Annotation Correlation Matrix
       ANNOT
ANNOT    1.0

Annotation Matrix Column Sums
ANNOT    274319

Summary of Annotation Matrix Row Sums
count    493753.0000
mean          0.5556
std           0.4969
min           0.0000
25%           0.0000
50%           1.0000
75%           1.0000
max           1.0000
Analysis finished at Thu Sep 11 21:37:38 2025
Total time elapsed: 3.0m:49.13s
chr12
*********************************************************************
* LD Score Regression (LDSC)
* Version 1.0.1
* (C) 2014-2019 Brendan Bulik-Sullivan and Hilary Finucane
* Broad Institute of MIT and Harvard / MIT Department of Mathematics
* GNU General Public License v3
*********************************************************************
Call: 
./ldsc.py \
--print-snps /anvil/projects/x-mcb130189/rwang22/bican/ref/hm3_no_MHC.list.txt \
--ld-wind-cm 1.0 \
--out /anvil/projects/x-mcb130189/rwang22/bican/ldsc/group-loop/GPe-NDB-SI_LHX6-LHX8-GBX1_GABA.loops.bed.12 \
--bfile /anvil/projects/x-mcb130189/rwang22/bican/ref/GRCh38/plink_files/1000G.EUR.hg38.12 \
--thin-annot  \
--annot GPe-NDB-SI_LHX6-LHX8-GBX1_GABA.loops.bed.12.annot.gz \
--l2  

Beginning analysis at Thu Sep 11 21:37:38 2025
Read list of 480032 SNPs from /anvil/projects/x-mcb130189/rwang22/bican/ref/GRCh38/plink_files/1000G.EUR.hg38.12.bim
Read 1 annotations for 480032 SNPs from GPe-NDB-SI_LHX6-LHX8-GBX1_GABA.loops.bed.12.annot.gz
Read list of 489 individuals from /anvil/projects/x-mcb130189/rwang22/bican/ref/GRCh38/plink_files/1000G.EUR.hg38.12.fam
Reading genotypes from /anvil/projects/x-mcb130189/rwang22/bican/ref/GRCh38/plink_files/1000G.EUR.hg38.12.bed
After filtering, 480032 SNPs remain
Estimating LD Score.
Reading list of 1217311 SNPs for which to print LD Scores from /anvil/projects/x-mcb130189/rwang22/bican/ref/hm3_no_MHC.list.txt
After merging with --print-snps, LD Scores for 58540 SNPs will be printed.
Writing LD Scores for 58540 SNPs to /anvil/projects/x-mcb130189/rwang22/bican/ldsc/group-loop/GPe-NDB-SI_LHX6-LHX8-GBX1_GABA.loops.bed.12.l2.ldscore.gz

Summary of LD Scores in /anvil/projects/x-mcb130189/rwang22/bican/ldsc/group-loop/GPe-NDB-SI_LHX6-LHX8-GBX1_GABA.loops.bed.12.l2.ldscore.gz
         MAF        L2
mean  0.2334   65.6633
std   0.1429   75.4570
min   0.0051   -1.7991
25%   0.1084   24.1519
50%   0.2209   45.5661
75%   0.3558   84.8328
max   0.5000  942.6812

MAF/LD Score Correlation Matrix
        MAF      L2
MAF  1.0000  0.1362
L2   0.1362  1.0000

Annotation Correlation Matrix
       ANNOT
ANNOT    1.0

Annotation Matrix Column Sums
ANNOT    264276

Summary of Annotation Matrix Row Sums
count    480032.0000
mean          0.5505
std           0.4974
min           0.0000
25%           0.0000
50%           1.0000
75%           1.0000
max           1.0000
Analysis finished at Thu Sep 11 21:40:41 2025
Total time elapsed: 3.0m:2.95s
chr13
*********************************************************************
* LD Score Regression (LDSC)
* Version 1.0.1
* (C) 2014-2019 Brendan Bulik-Sullivan and Hilary Finucane
* Broad Institute of MIT and Harvard / MIT Department of Mathematics
* GNU General Public License v3
*********************************************************************
Call: 
./ldsc.py \
--print-snps /anvil/projects/x-mcb130189/rwang22/bican/ref/hm3_no_MHC.list.txt \
--ld-wind-cm 1.0 \
--out /anvil/projects/x-mcb130189/rwang22/bican/ldsc/group-loop/GPe-NDB-SI_LHX6-LHX8-GBX1_GABA.loops.bed.13 \
--bfile /anvil/projects/x-mcb130189/rwang22/bican/ref/GRCh38/plink_files/1000G.EUR.hg38.13 \
--thin-annot  \
--annot GPe-NDB-SI_LHX6-LHX8-GBX1_GABA.loops.bed.13.annot.gz \
--l2  

Beginning analysis at Thu Sep 11 21:40:42 2025
Read list of 366088 SNPs from /anvil/projects/x-mcb130189/rwang22/bican/ref/GRCh38/plink_files/1000G.EUR.hg38.13.bim
Read 1 annotations for 366088 SNPs from GPe-NDB-SI_LHX6-LHX8-GBX1_GABA.loops.bed.13.annot.gz
Read list of 489 individuals from /anvil/projects/x-mcb130189/rwang22/bican/ref/GRCh38/plink_files/1000G.EUR.hg38.13.fam
Reading genotypes from /anvil/projects/x-mcb130189/rwang22/bican/ref/GRCh38/plink_files/1000G.EUR.hg38.13.bed
After filtering, 366088 SNPs remain
Estimating LD Score.
Reading list of 1217311 SNPs for which to print LD Scores from /anvil/projects/x-mcb130189/rwang22/bican/ref/hm3_no_MHC.list.txt
After merging with --print-snps, LD Scores for 45540 SNPs will be printed.
Writing LD Scores for 45540 SNPs to /anvil/projects/x-mcb130189/rwang22/bican/ldsc/group-loop/GPe-NDB-SI_LHX6-LHX8-GBX1_GABA.loops.bed.13.l2.ldscore.gz

Summary of LD Scores in /anvil/projects/x-mcb130189/rwang22/bican/ldsc/group-loop/GPe-NDB-SI_LHX6-LHX8-GBX1_GABA.loops.bed.13.l2.ldscore.gz
         MAF        L2
mean  0.2338   58.1626
std   0.1429   45.4752
min   0.0051   -1.8533
25%   0.1074   25.4853
50%   0.2209   46.9774
75%   0.3548   78.9583
max   0.5000  346.4603

MAF/LD Score Correlation Matrix
        MAF      L2
MAF  1.0000  0.1991
L2   0.1991  1.0000

Annotation Correlation Matrix
       ANNOT
ANNOT    1.0

Annotation Matrix Column Sums
ANNOT    199927

Summary of Annotation Matrix Row Sums
count    366088.0000
mean          0.5461
std           0.4979
min           0.0000
25%           0.0000
50%           1.0000
75%           1.0000
max           1.0000
Analysis finished at Thu Sep 11 21:42:57 2025
Total time elapsed: 2.0m:14.95s
chr14
*********************************************************************
* LD Score Regression (LDSC)
* Version 1.0.1
* (C) 2014-2019 Brendan Bulik-Sullivan and Hilary Finucane
* Broad Institute of MIT and Harvard / MIT Department of Mathematics
* GNU General Public License v3
*********************************************************************
Call: 
./ldsc.py \
--print-snps /anvil/projects/x-mcb130189/rwang22/bican/ref/hm3_no_MHC.list.txt \
--ld-wind-cm 1.0 \
--out /anvil/projects/x-mcb130189/rwang22/bican/ldsc/group-loop/GPe-NDB-SI_LHX6-LHX8-GBX1_GABA.loops.bed.14 \
--bfile /anvil/projects/x-mcb130189/rwang22/bican/ref/GRCh38/plink_files/1000G.EUR.hg38.14 \
--thin-annot  \
--annot GPe-NDB-SI_LHX6-LHX8-GBX1_GABA.loops.bed.14.annot.gz \
--l2  

Beginning analysis at Thu Sep 11 21:42:57 2025
Read list of 323965 SNPs from /anvil/projects/x-mcb130189/rwang22/bican/ref/GRCh38/plink_files/1000G.EUR.hg38.14.bim
Read 1 annotations for 323965 SNPs from GPe-NDB-SI_LHX6-LHX8-GBX1_GABA.loops.bed.14.annot.gz
Read list of 489 individuals from /anvil/projects/x-mcb130189/rwang22/bican/ref/GRCh38/plink_files/1000G.EUR.hg38.14.fam
Reading genotypes from /anvil/projects/x-mcb130189/rwang22/bican/ref/GRCh38/plink_files/1000G.EUR.hg38.14.bed
After filtering, 323965 SNPs remain
Estimating LD Score.
Reading list of 1217311 SNPs for which to print LD Scores from /anvil/projects/x-mcb130189/rwang22/bican/ref/hm3_no_MHC.list.txt
After merging with --print-snps, LD Scores for 39424 SNPs will be printed.
Writing LD Scores for 39424 SNPs to /anvil/projects/x-mcb130189/rwang22/bican/ldsc/group-loop/GPe-NDB-SI_LHX6-LHX8-GBX1_GABA.loops.bed.14.l2.ldscore.gz

Summary of LD Scores in /anvil/projects/x-mcb130189/rwang22/bican/ldsc/group-loop/GPe-NDB-SI_LHX6-LHX8-GBX1_GABA.loops.bed.14.l2.ldscore.gz
         MAF        L2
mean  0.2320   66.4536
std   0.1425   74.6872
min   0.0051   -1.0173
25%   0.1074   24.5470
50%   0.2198   47.1479
75%   0.3507   85.6938
max   0.5000  764.5183

MAF/LD Score Correlation Matrix
        MAF      L2
MAF  1.0000  0.0643
L2   0.0643  1.0000

Annotation Correlation Matrix
       ANNOT
ANNOT    1.0

Annotation Matrix Column Sums
ANNOT    182919

Summary of Annotation Matrix Row Sums
count    323965.0000
mean          0.5646
std           0.4958
min           0.0000
25%           0.0000
50%           1.0000
75%           1.0000
max           1.0000
Analysis finished at Thu Sep 11 21:44:44 2025
Total time elapsed: 1.0m:46.52s
chr15
*********************************************************************
* LD Score Regression (LDSC)
* Version 1.0.1
* (C) 2014-2019 Brendan Bulik-Sullivan and Hilary Finucane
* Broad Institute of MIT and Harvard / MIT Department of Mathematics
* GNU General Public License v3
*********************************************************************
Call: 
./ldsc.py \
--print-snps /anvil/projects/x-mcb130189/rwang22/bican/ref/hm3_no_MHC.list.txt \
--ld-wind-cm 1.0 \
--out /anvil/projects/x-mcb130189/rwang22/bican/ldsc/group-loop/GPe-NDB-SI_LHX6-LHX8-GBX1_GABA.loops.bed.15 \
--bfile /anvil/projects/x-mcb130189/rwang22/bican/ref/GRCh38/plink_files/1000G.EUR.hg38.15 \
--thin-annot  \
--annot GPe-NDB-SI_LHX6-LHX8-GBX1_GABA.loops.bed.15.annot.gz \
--l2  

Beginning analysis at Thu Sep 11 21:44:44 2025
Read list of 286945 SNPs from /anvil/projects/x-mcb130189/rwang22/bican/ref/GRCh38/plink_files/1000G.EUR.hg38.15.bim
Read 1 annotations for 286945 SNPs from GPe-NDB-SI_LHX6-LHX8-GBX1_GABA.loops.bed.15.annot.gz
Read list of 489 individuals from /anvil/projects/x-mcb130189/rwang22/bican/ref/GRCh38/plink_files/1000G.EUR.hg38.15.fam
Reading genotypes from /anvil/projects/x-mcb130189/rwang22/bican/ref/GRCh38/plink_files/1000G.EUR.hg38.15.bed
After filtering, 286945 SNPs remain
Estimating LD Score.
Reading list of 1217311 SNPs for which to print LD Scores from /anvil/projects/x-mcb130189/rwang22/bican/ref/hm3_no_MHC.list.txt
After merging with --print-snps, LD Scores for 35837 SNPs will be printed.
Writing LD Scores for 35837 SNPs to /anvil/projects/x-mcb130189/rwang22/bican/ldsc/group-loop/GPe-NDB-SI_LHX6-LHX8-GBX1_GABA.loops.bed.15.l2.ldscore.gz

Summary of LD Scores in /anvil/projects/x-mcb130189/rwang22/bican/ldsc/group-loop/GPe-NDB-SI_LHX6-LHX8-GBX1_GABA.loops.bed.15.l2.ldscore.gz
         MAF        L2
mean  0.2379   53.9473
std   0.1441   52.6366
min   0.0051   -1.5636
25%   0.1104   16.8671
50%   0.2270   39.6196
75%   0.3640   73.8094
max   0.5000  433.4401

MAF/LD Score Correlation Matrix
       MAF     L2
MAF  1.000  0.127
L2   0.127  1.000

Annotation Correlation Matrix
       ANNOT
ANNOT    1.0

Annotation Matrix Column Sums
ANNOT    145485

Summary of Annotation Matrix Row Sums
count    286945.000
mean          0.507
std           0.500
min           0.000
25%           0.000
50%           1.000
75%           1.000
max           1.000
Analysis finished at Thu Sep 11 21:46:24 2025
Total time elapsed: 1.0m:40.18s
chr16
*********************************************************************
* LD Score Regression (LDSC)
* Version 1.0.1
* (C) 2014-2019 Brendan Bulik-Sullivan and Hilary Finucane
* Broad Institute of MIT and Harvard / MIT Department of Mathematics
* GNU General Public License v3
*********************************************************************
Call: 
./ldsc.py \
--print-snps /anvil/projects/x-mcb130189/rwang22/bican/ref/hm3_no_MHC.list.txt \
--ld-wind-cm 1.0 \
--out /anvil/projects/x-mcb130189/rwang22/bican/ldsc/group-loop/GPe-NDB-SI_LHX6-LHX8-GBX1_GABA.loops.bed.16 \
--bfile /anvil/projects/x-mcb130189/rwang22/bican/ref/GRCh38/plink_files/1000G.EUR.hg38.16 \
--thin-annot  \
--annot GPe-NDB-SI_LHX6-LHX8-GBX1_GABA.loops.bed.16.annot.gz \
--l2  

Beginning analysis at Thu Sep 11 21:46:25 2025
Read list of 316962 SNPs from /anvil/projects/x-mcb130189/rwang22/bican/ref/GRCh38/plink_files/1000G.EUR.hg38.16.bim
Read 1 annotations for 316962 SNPs from GPe-NDB-SI_LHX6-LHX8-GBX1_GABA.loops.bed.16.annot.gz
Read list of 489 individuals from /anvil/projects/x-mcb130189/rwang22/bican/ref/GRCh38/plink_files/1000G.EUR.hg38.16.fam
Reading genotypes from /anvil/projects/x-mcb130189/rwang22/bican/ref/GRCh38/plink_files/1000G.EUR.hg38.16.bed
After filtering, 316962 SNPs remain
Estimating LD Score.
Reading list of 1217311 SNPs for which to print LD Scores from /anvil/projects/x-mcb130189/rwang22/bican/ref/hm3_no_MHC.list.txt
After merging with --print-snps, LD Scores for 36526 SNPs will be printed.
Writing LD Scores for 36526 SNPs to /anvil/projects/x-mcb130189/rwang22/bican/ldsc/group-loop/GPe-NDB-SI_LHX6-LHX8-GBX1_GABA.loops.bed.16.l2.ldscore.gz

Summary of LD Scores in /anvil/projects/x-mcb130189/rwang22/bican/ldsc/group-loop/GPe-NDB-SI_LHX6-LHX8-GBX1_GABA.loops.bed.16.l2.ldscore.gz
         MAF        L2
mean  0.2389   51.3040
std   0.1426   50.6527
min   0.0051   -1.0895
25%   0.1145   17.7157
50%   0.2311   36.1955
75%   0.3599   66.9343
max   0.5000  370.9518

MAF/LD Score Correlation Matrix
        MAF      L2
MAF  1.0000  0.1004
L2   0.1004  1.0000

Annotation Correlation Matrix
       ANNOT
ANNOT    1.0

Annotation Matrix Column Sums
ANNOT    169036

Summary of Annotation Matrix Row Sums
count    316962.0000
mean          0.5333
std           0.4989
min           0.0000
25%           0.0000
50%           1.0000
75%           1.0000
max           1.0000
Analysis finished at Thu Sep 11 21:49:26 2025
Total time elapsed: 3.0m:1.37s
chr17
*********************************************************************
* LD Score Regression (LDSC)
* Version 1.0.1
* (C) 2014-2019 Brendan Bulik-Sullivan and Hilary Finucane
* Broad Institute of MIT and Harvard / MIT Department of Mathematics
* GNU General Public License v3
*********************************************************************
Call: 
./ldsc.py \
--print-snps /anvil/projects/x-mcb130189/rwang22/bican/ref/hm3_no_MHC.list.txt \
--ld-wind-cm 1.0 \
--out /anvil/projects/x-mcb130189/rwang22/bican/ldsc/group-loop/GPe-NDB-SI_LHX6-LHX8-GBX1_GABA.loops.bed.17 \
--bfile /anvil/projects/x-mcb130189/rwang22/bican/ref/GRCh38/plink_files/1000G.EUR.hg38.17 \
--thin-annot  \
--annot GPe-NDB-SI_LHX6-LHX8-GBX1_GABA.loops.bed.17.annot.gz \
--l2  

Beginning analysis at Thu Sep 11 21:49:27 2025
Read list of 268764 SNPs from /anvil/projects/x-mcb130189/rwang22/bican/ref/GRCh38/plink_files/1000G.EUR.hg38.17.bim
Read 1 annotations for 268764 SNPs from GPe-NDB-SI_LHX6-LHX8-GBX1_GABA.loops.bed.17.annot.gz
Read list of 489 individuals from /anvil/projects/x-mcb130189/rwang22/bican/ref/GRCh38/plink_files/1000G.EUR.hg38.17.fam
Reading genotypes from /anvil/projects/x-mcb130189/rwang22/bican/ref/GRCh38/plink_files/1000G.EUR.hg38.17.bed
After filtering, 268764 SNPs remain
Estimating LD Score.
Reading list of 1217311 SNPs for which to print LD Scores from /anvil/projects/x-mcb130189/rwang22/bican/ref/hm3_no_MHC.list.txt
After merging with --print-snps, LD Scores for 32165 SNPs will be printed.
Writing LD Scores for 32165 SNPs to /anvil/projects/x-mcb130189/rwang22/bican/ldsc/group-loop/GPe-NDB-SI_LHX6-LHX8-GBX1_GABA.loops.bed.17.l2.ldscore.gz

Summary of LD Scores in /anvil/projects/x-mcb130189/rwang22/bican/ldsc/group-loop/GPe-NDB-SI_LHX6-LHX8-GBX1_GABA.loops.bed.17.l2.ldscore.gz
         MAF        L2
mean  0.2427   49.7820
std   0.1445   54.8587
min   0.0051   -1.2628
25%   0.1145   13.3336
50%   0.2352   31.9525
75%   0.3681   66.2476
max   0.5000  396.3668

MAF/LD Score Correlation Matrix
        MAF      L2
MAF  1.0000  0.2112
L2   0.2112  1.0000

Annotation Correlation Matrix
       ANNOT
ANNOT    1.0

Annotation Matrix Column Sums
ANNOT    137252

Summary of Annotation Matrix Row Sums
count    268764.0000
mean          0.5107
std           0.4999
min           0.0000
25%           0.0000
50%           1.0000
75%           1.0000
max           1.0000
Analysis finished at Thu Sep 11 21:51:44 2025
Total time elapsed: 2.0m:17.06s
chr18
*********************************************************************
* LD Score Regression (LDSC)
* Version 1.0.1
* (C) 2014-2019 Brendan Bulik-Sullivan and Hilary Finucane
* Broad Institute of MIT and Harvard / MIT Department of Mathematics
* GNU General Public License v3
*********************************************************************
Call: 
./ldsc.py \
--print-snps /anvil/projects/x-mcb130189/rwang22/bican/ref/hm3_no_MHC.list.txt \
--ld-wind-cm 1.0 \
--out /anvil/projects/x-mcb130189/rwang22/bican/ldsc/group-loop/GPe-NDB-SI_LHX6-LHX8-GBX1_GABA.loops.bed.18 \
--bfile /anvil/projects/x-mcb130189/rwang22/bican/ref/GRCh38/plink_files/1000G.EUR.hg38.18 \
--thin-annot  \
--annot GPe-NDB-SI_LHX6-LHX8-GBX1_GABA.loops.bed.18.annot.gz \
--l2  

Beginning analysis at Thu Sep 11 21:51:44 2025
Read list of 285134 SNPs from /anvil/projects/x-mcb130189/rwang22/bican/ref/GRCh38/plink_files/1000G.EUR.hg38.18.bim
Read 1 annotations for 285134 SNPs from GPe-NDB-SI_LHX6-LHX8-GBX1_GABA.loops.bed.18.annot.gz
Read list of 489 individuals from /anvil/projects/x-mcb130189/rwang22/bican/ref/GRCh38/plink_files/1000G.EUR.hg38.18.fam
Reading genotypes from /anvil/projects/x-mcb130189/rwang22/bican/ref/GRCh38/plink_files/1000G.EUR.hg38.18.bed
After filtering, 285134 SNPs remain
Estimating LD Score.
Reading list of 1217311 SNPs for which to print LD Scores from /anvil/projects/x-mcb130189/rwang22/bican/ref/hm3_no_MHC.list.txt
After merging with --print-snps, LD Scores for 35509 SNPs will be printed.
Writing LD Scores for 35509 SNPs to /anvil/projects/x-mcb130189/rwang22/bican/ldsc/group-loop/GPe-NDB-SI_LHX6-LHX8-GBX1_GABA.loops.bed.18.l2.ldscore.gz

Summary of LD Scores in /anvil/projects/x-mcb130189/rwang22/bican/ldsc/group-loop/GPe-NDB-SI_LHX6-LHX8-GBX1_GABA.loops.bed.18.l2.ldscore.gz
         MAF        L2
mean  0.2364   52.9616
std   0.1423   48.6774
min   0.0051   -1.3419
25%   0.1115   21.0803
50%   0.2260   39.9117
75%   0.3569   68.7555
max   0.5000  453.0685

MAF/LD Score Correlation Matrix
        MAF      L2
MAF  1.0000  0.1464
L2   0.1464  1.0000

Annotation Correlation Matrix
       ANNOT
ANNOT    1.0

Annotation Matrix Column Sums
ANNOT    155081

Summary of Annotation Matrix Row Sums
count    285134.0000
mean          0.5439
std           0.4981
min           0.0000
25%           0.0000
50%           1.0000
75%           1.0000
max           1.0000
Analysis finished at Thu Sep 11 21:53:14 2025
Total time elapsed: 1.0m:29.79s
chr19
*********************************************************************
* LD Score Regression (LDSC)
* Version 1.0.1
* (C) 2014-2019 Brendan Bulik-Sullivan and Hilary Finucane
* Broad Institute of MIT and Harvard / MIT Department of Mathematics
* GNU General Public License v3
*********************************************************************
Call: 
./ldsc.py \
--print-snps /anvil/projects/x-mcb130189/rwang22/bican/ref/hm3_no_MHC.list.txt \
--ld-wind-cm 1.0 \
--out /anvil/projects/x-mcb130189/rwang22/bican/ldsc/group-loop/GPe-NDB-SI_LHX6-LHX8-GBX1_GABA.loops.bed.19 \
--bfile /anvil/projects/x-mcb130189/rwang22/bican/ref/GRCh38/plink_files/1000G.EUR.hg38.19 \
--thin-annot  \
--annot GPe-NDB-SI_LHX6-LHX8-GBX1_GABA.loops.bed.19.annot.gz \
--l2  

Beginning analysis at Thu Sep 11 21:53:15 2025
Read list of 231694 SNPs from /anvil/projects/x-mcb130189/rwang22/bican/ref/GRCh38/plink_files/1000G.EUR.hg38.19.bim
Read 1 annotations for 231696 SNPs from GPe-NDB-SI_LHX6-LHX8-GBX1_GABA.loops.bed.19.annot.gz
Read list of 489 individuals from /anvil/projects/x-mcb130189/rwang22/bican/ref/GRCh38/plink_files/1000G.EUR.hg38.19.fam
Reading genotypes from /anvil/projects/x-mcb130189/rwang22/bican/ref/GRCh38/plink_files/1000G.EUR.hg38.19.bed
After filtering, 231694 SNPs remain
Estimating LD Score.
Reading list of 1217311 SNPs for which to print LD Scores from /anvil/projects/x-mcb130189/rwang22/bican/ref/hm3_no_MHC.list.txt
After merging with --print-snps, LD Scores for 22454 SNPs will be printed.
Writing LD Scores for 22454 SNPs to /anvil/projects/x-mcb130189/rwang22/bican/ldsc/group-loop/GPe-NDB-SI_LHX6-LHX8-GBX1_GABA.loops.bed.19.l2.ldscore.gz

Summary of LD Scores in /anvil/projects/x-mcb130189/rwang22/bican/ldsc/group-loop/GPe-NDB-SI_LHX6-LHX8-GBX1_GABA.loops.bed.19.l2.ldscore.gz
         MAF        L2
mean  0.2383   49.9467
std   0.1421   47.1877
min   0.0051   -0.8458
25%   0.1145   17.2514
50%   0.2331   38.8445
75%   0.3569   67.2541
max   0.5000  443.9538

MAF/LD Score Correlation Matrix
        MAF      L2
MAF  1.0000  0.0947
L2   0.0947  1.0000

Annotation Correlation Matrix
       ANNOT
ANNOT    1.0

Annotation Matrix Column Sums
ANNOT    125877

Summary of Annotation Matrix Row Sums
count    231694.0000
mean          0.5433
std           0.4981
min           0.0000
25%           0.0000
50%           1.0000
75%           1.0000
max           1.0000
Analysis finished at Thu Sep 11 21:55:29 2025
Total time elapsed: 2.0m:14.28s
chr20
*********************************************************************
* LD Score Regression (LDSC)
* Version 1.0.1
* (C) 2014-2019 Brendan Bulik-Sullivan and Hilary Finucane
* Broad Institute of MIT and Harvard / MIT Department of Mathematics
* GNU General Public License v3
*********************************************************************
Call: 
./ldsc.py \
--print-snps /anvil/projects/x-mcb130189/rwang22/bican/ref/hm3_no_MHC.list.txt \
--ld-wind-cm 1.0 \
--out /anvil/projects/x-mcb130189/rwang22/bican/ldsc/group-loop/GPe-NDB-SI_LHX6-LHX8-GBX1_GABA.loops.bed.20 \
--bfile /anvil/projects/x-mcb130189/rwang22/bican/ref/GRCh38/plink_files/1000G.EUR.hg38.20 \
--thin-annot  \
--annot GPe-NDB-SI_LHX6-LHX8-GBX1_GABA.loops.bed.20.annot.gz \
--l2  

Beginning analysis at Thu Sep 11 21:55:30 2025
Read list of 221582 SNPs from /anvil/projects/x-mcb130189/rwang22/bican/ref/GRCh38/plink_files/1000G.EUR.hg38.20.bim
Read 1 annotations for 221582 SNPs from GPe-NDB-SI_LHX6-LHX8-GBX1_GABA.loops.bed.20.annot.gz
Read list of 489 individuals from /anvil/projects/x-mcb130189/rwang22/bican/ref/GRCh38/plink_files/1000G.EUR.hg38.20.fam
Reading genotypes from /anvil/projects/x-mcb130189/rwang22/bican/ref/GRCh38/plink_files/1000G.EUR.hg38.20.bed
After filtering, 221582 SNPs remain
Estimating LD Score.
Reading list of 1217311 SNPs for which to print LD Scores from /anvil/projects/x-mcb130189/rwang22/bican/ref/hm3_no_MHC.list.txt
After merging with --print-snps, LD Scores for 31092 SNPs will be printed.
Writing LD Scores for 31092 SNPs to /anvil/projects/x-mcb130189/rwang22/bican/ldsc/group-loop/GPe-NDB-SI_LHX6-LHX8-GBX1_GABA.loops.bed.20.l2.ldscore.gz

Summary of LD Scores in /anvil/projects/x-mcb130189/rwang22/bican/ldsc/group-loop/GPe-NDB-SI_LHX6-LHX8-GBX1_GABA.loops.bed.20.l2.ldscore.gz
         MAF        L2
mean  0.2344   52.6414
std   0.1427   53.4525
min   0.0051   -0.8361
25%   0.1074   19.7608
50%   0.2229   37.5594
75%   0.3558   65.0305
max   0.5000  426.7070

MAF/LD Score Correlation Matrix
        MAF      L2
MAF  1.0000  0.1894
L2   0.1894  1.0000

Annotation Correlation Matrix
       ANNOT
ANNOT    1.0

Annotation Matrix Column Sums
ANNOT    130028

Summary of Annotation Matrix Row Sums
count    221582.0000
mean          0.5868
std           0.4924
min           0.0000
25%           0.0000
50%           1.0000
75%           1.0000
max           1.0000
Analysis finished at Thu Sep 11 21:56:27 2025
Total time elapsed: 57.1s
chr21
*********************************************************************
* LD Score Regression (LDSC)
* Version 1.0.1
* (C) 2014-2019 Brendan Bulik-Sullivan and Hilary Finucane
* Broad Institute of MIT and Harvard / MIT Department of Mathematics
* GNU General Public License v3
*********************************************************************
Call: 
./ldsc.py \
--print-snps /anvil/projects/x-mcb130189/rwang22/bican/ref/hm3_no_MHC.list.txt \
--ld-wind-cm 1.0 \
--out /anvil/projects/x-mcb130189/rwang22/bican/ldsc/group-loop/GPe-NDB-SI_LHX6-LHX8-GBX1_GABA.loops.bed.21 \
--bfile /anvil/projects/x-mcb130189/rwang22/bican/ref/GRCh38/plink_files/1000G.EUR.hg38.21 \
--thin-annot  \
--annot GPe-NDB-SI_LHX6-LHX8-GBX1_GABA.loops.bed.21.annot.gz \
--l2  

Beginning analysis at Thu Sep 11 21:56:27 2025
Read list of 138654 SNPs from /anvil/projects/x-mcb130189/rwang22/bican/ref/GRCh38/plink_files/1000G.EUR.hg38.21.bim
Read 1 annotations for 138654 SNPs from GPe-NDB-SI_LHX6-LHX8-GBX1_GABA.loops.bed.21.annot.gz
Read list of 489 individuals from /anvil/projects/x-mcb130189/rwang22/bican/ref/GRCh38/plink_files/1000G.EUR.hg38.21.fam
Reading genotypes from /anvil/projects/x-mcb130189/rwang22/bican/ref/GRCh38/plink_files/1000G.EUR.hg38.21.bed
After filtering, 138654 SNPs remain
Estimating LD Score.
Reading list of 1217311 SNPs for which to print LD Scores from /anvil/projects/x-mcb130189/rwang22/bican/ref/hm3_no_MHC.list.txt
After merging with --print-snps, LD Scores for 17028 SNPs will be printed.
Writing LD Scores for 17028 SNPs to /anvil/projects/x-mcb130189/rwang22/bican/ldsc/group-loop/GPe-NDB-SI_LHX6-LHX8-GBX1_GABA.loops.bed.21.l2.ldscore.gz

Summary of LD Scores in /anvil/projects/x-mcb130189/rwang22/bican/ldsc/group-loop/GPe-NDB-SI_LHX6-LHX8-GBX1_GABA.loops.bed.21.l2.ldscore.gz
         MAF        L2
mean  0.2421   47.4242
std   0.1414   46.2790
min   0.0051   -0.6897
25%   0.1186   15.1491
50%   0.2321   32.7376
75%   0.3650   63.8371
max   0.5000  260.3597

MAF/LD Score Correlation Matrix
        MAF      L2
MAF  1.0000  0.1597
L2   0.1597  1.0000

Annotation Correlation Matrix
       ANNOT
ANNOT    1.0

Annotation Matrix Column Sums
ANNOT    68406

Summary of Annotation Matrix Row Sums
count    138654.0000
mean          0.4934
std           0.5000
min           0.0000
25%           0.0000
50%           0.0000
75%           1.0000
max           1.0000
Analysis finished at Thu Sep 11 21:57:08 2025
Total time elapsed: 40.71s
chr22
*********************************************************************
* LD Score Regression (LDSC)
* Version 1.0.1
* (C) 2014-2019 Brendan Bulik-Sullivan and Hilary Finucane
* Broad Institute of MIT and Harvard / MIT Department of Mathematics
* GNU General Public License v3
*********************************************************************
Call: 
./ldsc.py \
--print-snps /anvil/projects/x-mcb130189/rwang22/bican/ref/hm3_no_MHC.list.txt \
--ld-wind-cm 1.0 \
--out /anvil/projects/x-mcb130189/rwang22/bican/ldsc/group-loop/GPe-NDB-SI_LHX6-LHX8-GBX1_GABA.loops.bed.22 \
--bfile /anvil/projects/x-mcb130189/rwang22/bican/ref/GRCh38/plink_files/1000G.EUR.hg38.22 \
--thin-annot  \
--annot GPe-NDB-SI_LHX6-LHX8-GBX1_GABA.loops.bed.22.annot.gz \
--l2  

Beginning analysis at Thu Sep 11 21:57:08 2025
Read list of 140592 SNPs from /anvil/projects/x-mcb130189/rwang22/bican/ref/GRCh38/plink_files/1000G.EUR.hg38.22.bim
Read 1 annotations for 140592 SNPs from GPe-NDB-SI_LHX6-LHX8-GBX1_GABA.loops.bed.22.annot.gz
Read list of 489 individuals from /anvil/projects/x-mcb130189/rwang22/bican/ref/GRCh38/plink_files/1000G.EUR.hg38.22.fam
Reading genotypes from /anvil/projects/x-mcb130189/rwang22/bican/ref/GRCh38/plink_files/1000G.EUR.hg38.22.bed
After filtering, 140592 SNPs remain
Estimating LD Score.
Reading list of 1217311 SNPs for which to print LD Scores from /anvil/projects/x-mcb130189/rwang22/bican/ref/hm3_no_MHC.list.txt
After merging with --print-snps, LD Scores for 17450 SNPs will be printed.
Writing LD Scores for 17450 SNPs to /anvil/projects/x-mcb130189/rwang22/bican/ldsc/group-loop/GPe-NDB-SI_LHX6-LHX8-GBX1_GABA.loops.bed.22.l2.ldscore.gz

Summary of LD Scores in /anvil/projects/x-mcb130189/rwang22/bican/ldsc/group-loop/GPe-NDB-SI_LHX6-LHX8-GBX1_GABA.loops.bed.22.l2.ldscore.gz
         MAF        L2
mean  0.2366   53.2921
std   0.1435   59.2599
min   0.0051   -1.1457
25%   0.1094   13.9588
50%   0.2280   35.2583
75%   0.3579   74.0381
max   0.5000  488.6925

MAF/LD Score Correlation Matrix
        MAF      L2
MAF  1.0000  0.1111
L2   0.1111  1.0000

Annotation Correlation Matrix
       ANNOT
ANNOT    1.0

Annotation Matrix Column Sums
ANNOT    76364

Summary of Annotation Matrix Row Sums
count    140592.0000
mean          0.5432
std           0.4981
min           0.0000
25%           0.0000
50%           1.0000
75%           1.0000
max           1.0000
Analysis finished at Thu Sep 11 21:58:24 2025
Total time elapsed: 1.0m:15.74s
