chr1
making annot file
chr2
making annot file
chr3
making annot file
chr4
making annot file
chr5
making annot file
chr6
making annot file
chr7
making annot file
chr8
making annot file
chr9
making annot file
chr10
making annot file
chr11
making annot file
chr12
making annot file
chr13
making annot file
chr14
making annot file
chr15
making annot file
chr16
making annot file
chr17
making annot file
chr18
making annot file
chr19
making annot file
chr20
making annot file
chr21
making annot file
chr22
making annot file
chr1
*********************************************************************
* LD Score Regression (LDSC)
* Version 1.0.1
* (C) 2014-2019 Brendan Bulik-Sullivan and Hilary Finucane
* Broad Institute of MIT and Harvard / MIT Department of Mathematics
* GNU General Public License v3
*********************************************************************
Call: 
./ldsc.py \
--print-snps /anvil/projects/x-mcb130189/rwang22/bican/ref/hm3_no_MHC.list.txt \
--ld-wind-cm 1.0 \
--out /anvil/projects/x-mcb130189/rwang22/bican/ldsc/ldscore/hyper/CN_ONECUT1_GABA.hyper.dmr.bed.1 \
--bfile /anvil/projects/x-mcb130189/rwang22/bican/ref/GRCh38/plink_files/1000G.EUR.hg38.1 \
--thin-annot  \
--annot CN_ONECUT1_GABA.hyper.dmr.bed.1.annot.gz \
--l2  

Beginning analysis at Fri Sep 12 18:00:00 2025
Read list of 778603 SNPs from /anvil/projects/x-mcb130189/rwang22/bican/ref/GRCh38/plink_files/1000G.EUR.hg38.1.bim
Read 1 annotations for 778603 SNPs from CN_ONECUT1_GABA.hyper.dmr.bed.1.annot.gz
Read list of 489 individuals from /anvil/projects/x-mcb130189/rwang22/bican/ref/GRCh38/plink_files/1000G.EUR.hg38.1.fam
Reading genotypes from /anvil/projects/x-mcb130189/rwang22/bican/ref/GRCh38/plink_files/1000G.EUR.hg38.1.bed
After filtering, 778603 SNPs remain
Estimating LD Score.
Reading list of 1217311 SNPs for which to print LD Scores from /anvil/projects/x-mcb130189/rwang22/bican/ref/hm3_no_MHC.list.txt
After merging with --print-snps, LD Scores for 98576 SNPs will be printed.
Writing LD Scores for 98576 SNPs to /anvil/projects/x-mcb130189/rwang22/bican/ldsc/ldscore/hyper/CN_ONECUT1_GABA.hyper.dmr.bed.1.l2.ldscore.gz

Summary of LD Scores in /anvil/projects/x-mcb130189/rwang22/bican/ldsc/ldscore/hyper/CN_ONECUT1_GABA.hyper.dmr.bed.1.l2.ldscore.gz
         MAF       L2
mean  0.2346   1.8034
std   0.1432   2.2259
min   0.0051  -0.1198
25%   0.1084   0.3584
50%   0.2239   1.0594
75%   0.3558   2.4219
max   0.5000  27.9129

MAF/LD Score Correlation Matrix
        MAF      L2
MAF  1.0000  0.1346
L2   0.1346  1.0000

Annotation Correlation Matrix
       ANNOT
ANNOT    1.0

Annotation Matrix Column Sums
ANNOT    12359

Summary of Annotation Matrix Row Sums
count    778603.0000
mean          0.0159
std           0.1250
min           0.0000
25%           0.0000
50%           0.0000
75%           0.0000
max           1.0000
Analysis finished at Fri Sep 12 18:11:41 2025
Total time elapsed: 11.0m:40.49s
chr2
*********************************************************************
* LD Score Regression (LDSC)
* Version 1.0.1
* (C) 2014-2019 Brendan Bulik-Sullivan and Hilary Finucane
* Broad Institute of MIT and Harvard / MIT Department of Mathematics
* GNU General Public License v3
*********************************************************************
Call: 
./ldsc.py \
--print-snps /anvil/projects/x-mcb130189/rwang22/bican/ref/hm3_no_MHC.list.txt \
--ld-wind-cm 1.0 \
--out /anvil/projects/x-mcb130189/rwang22/bican/ldsc/ldscore/hyper/CN_ONECUT1_GABA.hyper.dmr.bed.2 \
--bfile /anvil/projects/x-mcb130189/rwang22/bican/ref/GRCh38/plink_files/1000G.EUR.hg38.2 \
--thin-annot  \
--annot CN_ONECUT1_GABA.hyper.dmr.bed.2.annot.gz \
--l2  

Beginning analysis at Fri Sep 12 18:11:47 2025
Read list of 839257 SNPs from /anvil/projects/x-mcb130189/rwang22/bican/ref/GRCh38/plink_files/1000G.EUR.hg38.2.bim
Read 1 annotations for 839257 SNPs from CN_ONECUT1_GABA.hyper.dmr.bed.2.annot.gz
Read list of 489 individuals from /anvil/projects/x-mcb130189/rwang22/bican/ref/GRCh38/plink_files/1000G.EUR.hg38.2.fam
Reading genotypes from /anvil/projects/x-mcb130189/rwang22/bican/ref/GRCh38/plink_files/1000G.EUR.hg38.2.bed
After filtering, 839257 SNPs remain
Estimating LD Score.
Reading list of 1217311 SNPs for which to print LD Scores from /anvil/projects/x-mcb130189/rwang22/bican/ref/hm3_no_MHC.list.txt
After merging with --print-snps, LD Scores for 99718 SNPs will be printed.
Writing LD Scores for 99718 SNPs to /anvil/projects/x-mcb130189/rwang22/bican/ldsc/ldscore/hyper/CN_ONECUT1_GABA.hyper.dmr.bed.2.l2.ldscore.gz

Summary of LD Scores in /anvil/projects/x-mcb130189/rwang22/bican/ldsc/ldscore/hyper/CN_ONECUT1_GABA.hyper.dmr.bed.2.l2.ldscore.gz
         MAF       L2
mean  0.2384   1.8184
std   0.1431   2.1660
min   0.0051  -0.1169
25%   0.1125   0.3838
50%   0.2290   1.0881
75%   0.3620   2.3979
max   0.5000  23.3361

MAF/LD Score Correlation Matrix
        MAF      L2
MAF  1.0000  0.0871
L2   0.0871  1.0000

Annotation Correlation Matrix
       ANNOT
ANNOT    1.0

Annotation Matrix Column Sums
ANNOT    12290

Summary of Annotation Matrix Row Sums
count    839257.0000
mean          0.0146
std           0.1201
min           0.0000
25%           0.0000
50%           0.0000
75%           0.0000
max           1.0000
Analysis finished at Fri Sep 12 18:24:49 2025
Total time elapsed: 13.0m:2.71s
chr3
*********************************************************************
* LD Score Regression (LDSC)
* Version 1.0.1
* (C) 2014-2019 Brendan Bulik-Sullivan and Hilary Finucane
* Broad Institute of MIT and Harvard / MIT Department of Mathematics
* GNU General Public License v3
*********************************************************************
Call: 
./ldsc.py \
--print-snps /anvil/projects/x-mcb130189/rwang22/bican/ref/hm3_no_MHC.list.txt \
--ld-wind-cm 1.0 \
--out /anvil/projects/x-mcb130189/rwang22/bican/ldsc/ldscore/hyper/CN_ONECUT1_GABA.hyper.dmr.bed.3 \
--bfile /anvil/projects/x-mcb130189/rwang22/bican/ref/GRCh38/plink_files/1000G.EUR.hg38.3 \
--thin-annot  \
--annot CN_ONECUT1_GABA.hyper.dmr.bed.3.annot.gz \
--l2  

Beginning analysis at Fri Sep 12 18:24:57 2025
Read list of 706163 SNPs from /anvil/projects/x-mcb130189/rwang22/bican/ref/GRCh38/plink_files/1000G.EUR.hg38.3.bim
Read 1 annotations for 706163 SNPs from CN_ONECUT1_GABA.hyper.dmr.bed.3.annot.gz
Read list of 489 individuals from /anvil/projects/x-mcb130189/rwang22/bican/ref/GRCh38/plink_files/1000G.EUR.hg38.3.fam
Reading genotypes from /anvil/projects/x-mcb130189/rwang22/bican/ref/GRCh38/plink_files/1000G.EUR.hg38.3.bed
After filtering, 706163 SNPs remain
Estimating LD Score.
Reading list of 1217311 SNPs for which to print LD Scores from /anvil/projects/x-mcb130189/rwang22/bican/ref/hm3_no_MHC.list.txt
After merging with --print-snps, LD Scores for 83015 SNPs will be printed.
Writing LD Scores for 83015 SNPs to /anvil/projects/x-mcb130189/rwang22/bican/ldsc/ldscore/hyper/CN_ONECUT1_GABA.hyper.dmr.bed.3.l2.ldscore.gz

Summary of LD Scores in /anvil/projects/x-mcb130189/rwang22/bican/ldsc/ldscore/hyper/CN_ONECUT1_GABA.hyper.dmr.bed.3.l2.ldscore.gz
         MAF       L2
mean  0.2408   1.8550
std   0.1426   2.2708
min   0.0051  -0.1652
25%   0.1166   0.3726
50%   0.2321   1.1098
75%   0.3630   2.4329
max   0.5000  30.4237

MAF/LD Score Correlation Matrix
        MAF      L2
MAF  1.0000  0.1195
L2   0.1195  1.0000

Annotation Correlation Matrix
       ANNOT
ANNOT    1.0

Annotation Matrix Column Sums
ANNOT    10466

Summary of Annotation Matrix Row Sums
count    706163.0000
mean          0.0148
std           0.1208
min           0.0000
25%           0.0000
50%           0.0000
75%           0.0000
max           1.0000
Analysis finished at Fri Sep 12 18:37:28 2025
Total time elapsed: 12.0m:31.71s
chr4
*********************************************************************
* LD Score Regression (LDSC)
* Version 1.0.1
* (C) 2014-2019 Brendan Bulik-Sullivan and Hilary Finucane
* Broad Institute of MIT and Harvard / MIT Department of Mathematics
* GNU General Public License v3
*********************************************************************
Call: 
./ldsc.py \
--print-snps /anvil/projects/x-mcb130189/rwang22/bican/ref/hm3_no_MHC.list.txt \
--ld-wind-cm 1.0 \
--out /anvil/projects/x-mcb130189/rwang22/bican/ldsc/ldscore/hyper/CN_ONECUT1_GABA.hyper.dmr.bed.4 \
--bfile /anvil/projects/x-mcb130189/rwang22/bican/ref/GRCh38/plink_files/1000G.EUR.hg38.4 \
--thin-annot  \
--annot CN_ONECUT1_GABA.hyper.dmr.bed.4.annot.gz \
--l2  

Beginning analysis at Fri Sep 12 18:37:36 2025
Read list of 729546 SNPs from /anvil/projects/x-mcb130189/rwang22/bican/ref/GRCh38/plink_files/1000G.EUR.hg38.4.bim
Read 1 annotations for 729546 SNPs from CN_ONECUT1_GABA.hyper.dmr.bed.4.annot.gz
Read list of 489 individuals from /anvil/projects/x-mcb130189/rwang22/bican/ref/GRCh38/plink_files/1000G.EUR.hg38.4.fam
Reading genotypes from /anvil/projects/x-mcb130189/rwang22/bican/ref/GRCh38/plink_files/1000G.EUR.hg38.4.bed
After filtering, 729546 SNPs remain
Estimating LD Score.
Reading list of 1217311 SNPs for which to print LD Scores from /anvil/projects/x-mcb130189/rwang22/bican/ref/hm3_no_MHC.list.txt
After merging with --print-snps, LD Scores for 74922 SNPs will be printed.
Writing LD Scores for 74922 SNPs to /anvil/projects/x-mcb130189/rwang22/bican/ldsc/ldscore/hyper/CN_ONECUT1_GABA.hyper.dmr.bed.4.l2.ldscore.gz

Summary of LD Scores in /anvil/projects/x-mcb130189/rwang22/bican/ldsc/ldscore/hyper/CN_ONECUT1_GABA.hyper.dmr.bed.4.l2.ldscore.gz
         MAF       L2
mean  0.2375   1.7017
std   0.1422   2.1151
min   0.0051  -0.1360
25%   0.1125   0.3571
50%   0.2301   1.0288
75%   0.3579   2.2360
max   0.5000  34.7955

MAF/LD Score Correlation Matrix
        MAF      L2
MAF  1.0000  0.1046
L2   0.1046  1.0000

Annotation Correlation Matrix
       ANNOT
ANNOT    1.0

Annotation Matrix Column Sums
ANNOT    9406

Summary of Annotation Matrix Row Sums
count    729546.0000
mean          0.0129
std           0.1128
min           0.0000
25%           0.0000
50%           0.0000
75%           0.0000
max           1.0000
Analysis finished at Fri Sep 12 18:51:57 2025
Total time elapsed: 14.0m:21.03s
chr5
*********************************************************************
* LD Score Regression (LDSC)
* Version 1.0.1
* (C) 2014-2019 Brendan Bulik-Sullivan and Hilary Finucane
* Broad Institute of MIT and Harvard / MIT Department of Mathematics
* GNU General Public License v3
*********************************************************************
Call: 
./ldsc.py \
--print-snps /anvil/projects/x-mcb130189/rwang22/bican/ref/hm3_no_MHC.list.txt \
--ld-wind-cm 1.0 \
--out /anvil/projects/x-mcb130189/rwang22/bican/ldsc/ldscore/hyper/CN_ONECUT1_GABA.hyper.dmr.bed.5 \
--bfile /anvil/projects/x-mcb130189/rwang22/bican/ref/GRCh38/plink_files/1000G.EUR.hg38.5 \
--thin-annot  \
--annot CN_ONECUT1_GABA.hyper.dmr.bed.5.annot.gz \
--l2  

Beginning analysis at Fri Sep 12 18:52:06 2025
Read list of 632996 SNPs from /anvil/projects/x-mcb130189/rwang22/bican/ref/GRCh38/plink_files/1000G.EUR.hg38.5.bim
Read 1 annotations for 632996 SNPs from CN_ONECUT1_GABA.hyper.dmr.bed.5.annot.gz
Read list of 489 individuals from /anvil/projects/x-mcb130189/rwang22/bican/ref/GRCh38/plink_files/1000G.EUR.hg38.5.fam
Reading genotypes from /anvil/projects/x-mcb130189/rwang22/bican/ref/GRCh38/plink_files/1000G.EUR.hg38.5.bed
After filtering, 632996 SNPs remain
Estimating LD Score.
Reading list of 1217311 SNPs for which to print LD Scores from /anvil/projects/x-mcb130189/rwang22/bican/ref/hm3_no_MHC.list.txt
After merging with --print-snps, LD Scores for 75164 SNPs will be printed.
Writing LD Scores for 75164 SNPs to /anvil/projects/x-mcb130189/rwang22/bican/ldsc/ldscore/hyper/CN_ONECUT1_GABA.hyper.dmr.bed.5.l2.ldscore.gz

Summary of LD Scores in /anvil/projects/x-mcb130189/rwang22/bican/ldsc/ldscore/hyper/CN_ONECUT1_GABA.hyper.dmr.bed.5.l2.ldscore.gz
         MAF        L2
mean  0.2369    2.4888
std   0.1421    7.8892
min   0.0051   -0.4667
25%   0.1125    0.4536
50%   0.2280    1.2340
75%   0.3569    2.7771
max   0.5000  199.6745

MAF/LD Score Correlation Matrix
        MAF      L2
MAF  1.0000  0.0698
L2   0.0698  1.0000

Annotation Correlation Matrix
       ANNOT
ANNOT    1.0

Annotation Matrix Column Sums
ANNOT    11082

Summary of Annotation Matrix Row Sums
count    632996.0000
mean          0.0175
std           0.1312
min           0.0000
25%           0.0000
50%           0.0000
75%           0.0000
max           1.0000
Analysis finished at Fri Sep 12 19:05:20 2025
Total time elapsed: 13.0m:14.45s
chr6
*********************************************************************
* LD Score Regression (LDSC)
* Version 1.0.1
* (C) 2014-2019 Brendan Bulik-Sullivan and Hilary Finucane
* Broad Institute of MIT and Harvard / MIT Department of Mathematics
* GNU General Public License v3
*********************************************************************
Call: 
./ldsc.py \
--print-snps /anvil/projects/x-mcb130189/rwang22/bican/ref/hm3_no_MHC.list.txt \
--ld-wind-cm 1.0 \
--out /anvil/projects/x-mcb130189/rwang22/bican/ldsc/ldscore/hyper/CN_ONECUT1_GABA.hyper.dmr.bed.6 \
--bfile /anvil/projects/x-mcb130189/rwang22/bican/ref/GRCh38/plink_files/1000G.EUR.hg38.6 \
--thin-annot  \
--annot CN_ONECUT1_GABA.hyper.dmr.bed.6.annot.gz \
--l2  

Beginning analysis at Fri Sep 12 19:05:24 2025
Read list of 663678 SNPs from /anvil/projects/x-mcb130189/rwang22/bican/ref/GRCh38/plink_files/1000G.EUR.hg38.6.bim
Read 1 annotations for 663678 SNPs from CN_ONECUT1_GABA.hyper.dmr.bed.6.annot.gz
Read list of 489 individuals from /anvil/projects/x-mcb130189/rwang22/bican/ref/GRCh38/plink_files/1000G.EUR.hg38.6.fam
Reading genotypes from /anvil/projects/x-mcb130189/rwang22/bican/ref/GRCh38/plink_files/1000G.EUR.hg38.6.bed
After filtering, 663678 SNPs remain
Estimating LD Score.
Reading list of 1217311 SNPs for which to print LD Scores from /anvil/projects/x-mcb130189/rwang22/bican/ref/hm3_no_MHC.list.txt
After merging with --print-snps, LD Scores for 75328 SNPs will be printed.
Writing LD Scores for 75328 SNPs to /anvil/projects/x-mcb130189/rwang22/bican/ldsc/ldscore/hyper/CN_ONECUT1_GABA.hyper.dmr.bed.6.l2.ldscore.gz

Summary of LD Scores in /anvil/projects/x-mcb130189/rwang22/bican/ldsc/ldscore/hyper/CN_ONECUT1_GABA.hyper.dmr.bed.6.l2.ldscore.gz
         MAF       L2
mean  0.2357   1.7341
std   0.1431   2.4536
min   0.0051  -0.1289
25%   0.1104   0.3247
50%   0.2249   0.9580
75%   0.3579   2.1709
max   0.5000  35.8656

MAF/LD Score Correlation Matrix
        MAF      L2
MAF  1.0000  0.0943
L2   0.0943  1.0000

Annotation Correlation Matrix
       ANNOT
ANNOT    1.0

Annotation Matrix Column Sums
ANNOT    8701

Summary of Annotation Matrix Row Sums
count    663678.0000
mean          0.0131
std           0.1137
min           0.0000
25%           0.0000
50%           0.0000
75%           0.0000
max           1.0000
Analysis finished at Fri Sep 12 19:22:06 2025
Total time elapsed: 16.0m:42.15s
chr7
*********************************************************************
* LD Score Regression (LDSC)
* Version 1.0.1
* (C) 2014-2019 Brendan Bulik-Sullivan and Hilary Finucane
* Broad Institute of MIT and Harvard / MIT Department of Mathematics
* GNU General Public License v3
*********************************************************************
Call: 
./ldsc.py \
--print-snps /anvil/projects/x-mcb130189/rwang22/bican/ref/hm3_no_MHC.list.txt \
--ld-wind-cm 1.0 \
--out /anvil/projects/x-mcb130189/rwang22/bican/ldsc/ldscore/hyper/CN_ONECUT1_GABA.hyper.dmr.bed.7 \
--bfile /anvil/projects/x-mcb130189/rwang22/bican/ref/GRCh38/plink_files/1000G.EUR.hg38.7 \
--thin-annot  \
--annot CN_ONECUT1_GABA.hyper.dmr.bed.7.annot.gz \
--l2  

Beginning analysis at Fri Sep 12 19:22:12 2025
Read list of 589044 SNPs from /anvil/projects/x-mcb130189/rwang22/bican/ref/GRCh38/plink_files/1000G.EUR.hg38.7.bim
Read 1 annotations for 589044 SNPs from CN_ONECUT1_GABA.hyper.dmr.bed.7.annot.gz
Read list of 489 individuals from /anvil/projects/x-mcb130189/rwang22/bican/ref/GRCh38/plink_files/1000G.EUR.hg38.7.fam
Reading genotypes from /anvil/projects/x-mcb130189/rwang22/bican/ref/GRCh38/plink_files/1000G.EUR.hg38.7.bed
After filtering, 589044 SNPs remain
Estimating LD Score.
Reading list of 1217311 SNPs for which to print LD Scores from /anvil/projects/x-mcb130189/rwang22/bican/ref/hm3_no_MHC.list.txt
After merging with --print-snps, LD Scores for 66138 SNPs will be printed.
Writing LD Scores for 66138 SNPs to /anvil/projects/x-mcb130189/rwang22/bican/ldsc/ldscore/hyper/CN_ONECUT1_GABA.hyper.dmr.bed.7.l2.ldscore.gz

Summary of LD Scores in /anvil/projects/x-mcb130189/rwang22/bican/ldsc/ldscore/hyper/CN_ONECUT1_GABA.hyper.dmr.bed.7.l2.ldscore.gz
         MAF        L2
mean  0.2390    2.3893
std   0.1428    7.2128
min   0.0051   -0.1385
25%   0.1125    0.3973
50%   0.2301    1.0999
75%   0.3609    2.3481
max   0.5000  163.8746

MAF/LD Score Correlation Matrix
        MAF      L2
MAF  1.0000  0.0627
L2   0.0627  1.0000

Annotation Correlation Matrix
       ANNOT
ANNOT    1.0

Annotation Matrix Column Sums
ANNOT    10573

Summary of Annotation Matrix Row Sums
count    589044.0000
mean          0.0179
std           0.1328
min           0.0000
25%           0.0000
50%           0.0000
75%           0.0000
max           1.0000
Analysis finished at Fri Sep 12 19:29:04 2025
Total time elapsed: 6.0m:52.24s
chr8
*********************************************************************
* LD Score Regression (LDSC)
* Version 1.0.1
* (C) 2014-2019 Brendan Bulik-Sullivan and Hilary Finucane
* Broad Institute of MIT and Harvard / MIT Department of Mathematics
* GNU General Public License v3
*********************************************************************
Call: 
./ldsc.py \
--print-snps /anvil/projects/x-mcb130189/rwang22/bican/ref/hm3_no_MHC.list.txt \
--ld-wind-cm 1.0 \
--out /anvil/projects/x-mcb130189/rwang22/bican/ldsc/ldscore/hyper/CN_ONECUT1_GABA.hyper.dmr.bed.8 \
--bfile /anvil/projects/x-mcb130189/rwang22/bican/ref/GRCh38/plink_files/1000G.EUR.hg38.8 \
--thin-annot  \
--annot CN_ONECUT1_GABA.hyper.dmr.bed.8.annot.gz \
--l2  

Beginning analysis at Fri Sep 12 19:29:06 2025
Read list of 549556 SNPs from /anvil/projects/x-mcb130189/rwang22/bican/ref/GRCh38/plink_files/1000G.EUR.hg38.8.bim
Read 1 annotations for 549556 SNPs from CN_ONECUT1_GABA.hyper.dmr.bed.8.annot.gz
Read list of 489 individuals from /anvil/projects/x-mcb130189/rwang22/bican/ref/GRCh38/plink_files/1000G.EUR.hg38.8.fam
Reading genotypes from /anvil/projects/x-mcb130189/rwang22/bican/ref/GRCh38/plink_files/1000G.EUR.hg38.8.bed
After filtering, 549556 SNPs remain
Estimating LD Score.
Reading list of 1217311 SNPs for which to print LD Scores from /anvil/projects/x-mcb130189/rwang22/bican/ref/hm3_no_MHC.list.txt
After merging with --print-snps, LD Scores for 64928 SNPs will be printed.
Writing LD Scores for 64928 SNPs to /anvil/projects/x-mcb130189/rwang22/bican/ldsc/ldscore/hyper/CN_ONECUT1_GABA.hyper.dmr.bed.8.l2.ldscore.gz

Summary of LD Scores in /anvil/projects/x-mcb130189/rwang22/bican/ldsc/ldscore/hyper/CN_ONECUT1_GABA.hyper.dmr.bed.8.l2.ldscore.gz
         MAF        L2
mean  0.2380    2.6974
std   0.1431    8.8612
min   0.0051   -0.8382
25%   0.1115    0.4559
50%   0.2280    1.2423
75%   0.3609    2.7590
max   0.5000  172.9655

MAF/LD Score Correlation Matrix
        MAF      L2
MAF  1.0000  0.0066
L2   0.0066  1.0000

Annotation Correlation Matrix
       ANNOT
ANNOT    1.0

Annotation Matrix Column Sums
ANNOT    9658

Summary of Annotation Matrix Row Sums
count    549556.0000
mean          0.0176
std           0.1314
min           0.0000
25%           0.0000
50%           0.0000
75%           0.0000
max           1.0000
Analysis finished at Fri Sep 12 19:40:46 2025
Total time elapsed: 11.0m:39.41s
chr9
*********************************************************************
* LD Score Regression (LDSC)
* Version 1.0.1
* (C) 2014-2019 Brendan Bulik-Sullivan and Hilary Finucane
* Broad Institute of MIT and Harvard / MIT Department of Mathematics
* GNU General Public License v3
*********************************************************************
Call: 
./ldsc.py \
--print-snps /anvil/projects/x-mcb130189/rwang22/bican/ref/hm3_no_MHC.list.txt \
--ld-wind-cm 1.0 \
--out /anvil/projects/x-mcb130189/rwang22/bican/ldsc/ldscore/hyper/CN_ONECUT1_GABA.hyper.dmr.bed.9 \
--bfile /anvil/projects/x-mcb130189/rwang22/bican/ref/GRCh38/plink_files/1000G.EUR.hg38.9 \
--thin-annot  \
--annot CN_ONECUT1_GABA.hyper.dmr.bed.9.annot.gz \
--l2  

Beginning analysis at Fri Sep 12 19:40:51 2025
Read list of 437825 SNPs from /anvil/projects/x-mcb130189/rwang22/bican/ref/GRCh38/plink_files/1000G.EUR.hg38.9.bim
Read 1 annotations for 437829 SNPs from CN_ONECUT1_GABA.hyper.dmr.bed.9.annot.gz
Read list of 489 individuals from /anvil/projects/x-mcb130189/rwang22/bican/ref/GRCh38/plink_files/1000G.EUR.hg38.9.fam
Reading genotypes from /anvil/projects/x-mcb130189/rwang22/bican/ref/GRCh38/plink_files/1000G.EUR.hg38.9.bed
After filtering, 437825 SNPs remain
Estimating LD Score.
Reading list of 1217311 SNPs for which to print LD Scores from /anvil/projects/x-mcb130189/rwang22/bican/ref/hm3_no_MHC.list.txt
After merging with --print-snps, LD Scores for 55452 SNPs will be printed.
Writing LD Scores for 55452 SNPs to /anvil/projects/x-mcb130189/rwang22/bican/ldsc/ldscore/hyper/CN_ONECUT1_GABA.hyper.dmr.bed.9.l2.ldscore.gz

Summary of LD Scores in /anvil/projects/x-mcb130189/rwang22/bican/ldsc/ldscore/hyper/CN_ONECUT1_GABA.hyper.dmr.bed.9.l2.ldscore.gz
         MAF       L2
mean  0.2359   1.6056
std   0.1423   2.0262
min   0.0051  -0.1237
25%   0.1115   0.3422
50%   0.2249   0.9326
75%   0.3569   2.0873
max   0.5000  28.6792

MAF/LD Score Correlation Matrix
        MAF      L2
MAF  1.0000  0.1012
L2   0.1012  1.0000

Annotation Correlation Matrix
       ANNOT
ANNOT    1.0

Annotation Matrix Column Sums
ANNOT    6946

Summary of Annotation Matrix Row Sums
count    437825.0000
mean          0.0159
std           0.1250
min           0.0000
25%           0.0000
50%           0.0000
75%           0.0000
max           1.0000
Analysis finished at Fri Sep 12 19:47:06 2025
Total time elapsed: 6.0m:14.38s
chr10
*********************************************************************
* LD Score Regression (LDSC)
* Version 1.0.1
* (C) 2014-2019 Brendan Bulik-Sullivan and Hilary Finucane
* Broad Institute of MIT and Harvard / MIT Department of Mathematics
* GNU General Public License v3
*********************************************************************
Call: 
./ldsc.py \
--print-snps /anvil/projects/x-mcb130189/rwang22/bican/ref/hm3_no_MHC.list.txt \
--ld-wind-cm 1.0 \
--out /anvil/projects/x-mcb130189/rwang22/bican/ldsc/ldscore/hyper/CN_ONECUT1_GABA.hyper.dmr.bed.10 \
--bfile /anvil/projects/x-mcb130189/rwang22/bican/ref/GRCh38/plink_files/1000G.EUR.hg38.10 \
--thin-annot  \
--annot CN_ONECUT1_GABA.hyper.dmr.bed.10.annot.gz \
--l2  

Beginning analysis at Fri Sep 12 19:47:11 2025
Read list of 510396 SNPs from /anvil/projects/x-mcb130189/rwang22/bican/ref/GRCh38/plink_files/1000G.EUR.hg38.10.bim
Read 1 annotations for 510396 SNPs from CN_ONECUT1_GABA.hyper.dmr.bed.10.annot.gz
Read list of 489 individuals from /anvil/projects/x-mcb130189/rwang22/bican/ref/GRCh38/plink_files/1000G.EUR.hg38.10.fam
Reading genotypes from /anvil/projects/x-mcb130189/rwang22/bican/ref/GRCh38/plink_files/1000G.EUR.hg38.10.bed
After filtering, 510396 SNPs remain
Estimating LD Score.
Reading list of 1217311 SNPs for which to print LD Scores from /anvil/projects/x-mcb130189/rwang22/bican/ref/hm3_no_MHC.list.txt
After merging with --print-snps, LD Scores for 64066 SNPs will be printed.
Writing LD Scores for 64066 SNPs to /anvil/projects/x-mcb130189/rwang22/bican/ldsc/ldscore/hyper/CN_ONECUT1_GABA.hyper.dmr.bed.10.l2.ldscore.gz

Summary of LD Scores in /anvil/projects/x-mcb130189/rwang22/bican/ldsc/ldscore/hyper/CN_ONECUT1_GABA.hyper.dmr.bed.10.l2.ldscore.gz
         MAF        L2
mean  0.2328    2.4202
std   0.1426    9.3198
min   0.0051   -0.8900
25%   0.1074    0.2782
50%   0.2198    0.9224
75%   0.3538    2.3353
max   0.5000  200.6575

MAF/LD Score Correlation Matrix
        MAF      L2
MAF  1.0000  0.0132
L2   0.0132  1.0000

Annotation Correlation Matrix
       ANNOT
ANNOT    1.0

Annotation Matrix Column Sums
ANNOT    8370

Summary of Annotation Matrix Row Sums
count    510396.0000
mean          0.0164
std           0.1270
min           0.0000
25%           0.0000
50%           0.0000
75%           0.0000
max           1.0000
Analysis finished at Fri Sep 12 19:55:12 2025
Total time elapsed: 8.0m:0.92s
chr11
*********************************************************************
* LD Score Regression (LDSC)
* Version 1.0.1
* (C) 2014-2019 Brendan Bulik-Sullivan and Hilary Finucane
* Broad Institute of MIT and Harvard / MIT Department of Mathematics
* GNU General Public License v3
*********************************************************************
Call: 
./ldsc.py \
--print-snps /anvil/projects/x-mcb130189/rwang22/bican/ref/hm3_no_MHC.list.txt \
--ld-wind-cm 1.0 \
--out /anvil/projects/x-mcb130189/rwang22/bican/ldsc/ldscore/hyper/CN_ONECUT1_GABA.hyper.dmr.bed.11 \
--bfile /anvil/projects/x-mcb130189/rwang22/bican/ref/GRCh38/plink_files/1000G.EUR.hg38.11 \
--thin-annot  \
--annot CN_ONECUT1_GABA.hyper.dmr.bed.11.annot.gz \
--l2  

Beginning analysis at Fri Sep 12 19:55:17 2025
Read list of 493753 SNPs from /anvil/projects/x-mcb130189/rwang22/bican/ref/GRCh38/plink_files/1000G.EUR.hg38.11.bim
Read 1 annotations for 493757 SNPs from CN_ONECUT1_GABA.hyper.dmr.bed.11.annot.gz
Read list of 489 individuals from /anvil/projects/x-mcb130189/rwang22/bican/ref/GRCh38/plink_files/1000G.EUR.hg38.11.fam
Reading genotypes from /anvil/projects/x-mcb130189/rwang22/bican/ref/GRCh38/plink_files/1000G.EUR.hg38.11.bed
After filtering, 493753 SNPs remain
Estimating LD Score.
Reading list of 1217311 SNPs for which to print LD Scores from /anvil/projects/x-mcb130189/rwang22/bican/ref/hm3_no_MHC.list.txt
After merging with --print-snps, LD Scores for 60969 SNPs will be printed.
Writing LD Scores for 60969 SNPs to /anvil/projects/x-mcb130189/rwang22/bican/ldsc/ldscore/hyper/CN_ONECUT1_GABA.hyper.dmr.bed.11.l2.ldscore.gz

Summary of LD Scores in /anvil/projects/x-mcb130189/rwang22/bican/ldsc/ldscore/hyper/CN_ONECUT1_GABA.hyper.dmr.bed.11.l2.ldscore.gz
         MAF        L2
mean  0.2398   10.0025
std   0.1419   56.2950
min   0.0051   -4.3594
25%   0.1155    0.4280
50%   0.2301    1.2623
75%   0.3609    2.8524
max   0.5000  787.5454

MAF/LD Score Correlation Matrix
        MAF      L2
MAF  1.0000 -0.0302
L2  -0.0302  1.0000

Annotation Correlation Matrix
       ANNOT
ANNOT    1.0

Annotation Matrix Column Sums
ANNOT    11805

Summary of Annotation Matrix Row Sums
count    493753.0000
mean          0.0239
std           0.1528
min           0.0000
25%           0.0000
50%           0.0000
75%           0.0000
max           1.0000
Analysis finished at Fri Sep 12 20:03:53 2025
Total time elapsed: 8.0m:36.0s
chr12
*********************************************************************
* LD Score Regression (LDSC)
* Version 1.0.1
* (C) 2014-2019 Brendan Bulik-Sullivan and Hilary Finucane
* Broad Institute of MIT and Harvard / MIT Department of Mathematics
* GNU General Public License v3
*********************************************************************
Call: 
./ldsc.py \
--print-snps /anvil/projects/x-mcb130189/rwang22/bican/ref/hm3_no_MHC.list.txt \
--ld-wind-cm 1.0 \
--out /anvil/projects/x-mcb130189/rwang22/bican/ldsc/ldscore/hyper/CN_ONECUT1_GABA.hyper.dmr.bed.12 \
--bfile /anvil/projects/x-mcb130189/rwang22/bican/ref/GRCh38/plink_files/1000G.EUR.hg38.12 \
--thin-annot  \
--annot CN_ONECUT1_GABA.hyper.dmr.bed.12.annot.gz \
--l2  

Beginning analysis at Fri Sep 12 20:03:59 2025
Read list of 480032 SNPs from /anvil/projects/x-mcb130189/rwang22/bican/ref/GRCh38/plink_files/1000G.EUR.hg38.12.bim
Read 1 annotations for 480032 SNPs from CN_ONECUT1_GABA.hyper.dmr.bed.12.annot.gz
Read list of 489 individuals from /anvil/projects/x-mcb130189/rwang22/bican/ref/GRCh38/plink_files/1000G.EUR.hg38.12.fam
Reading genotypes from /anvil/projects/x-mcb130189/rwang22/bican/ref/GRCh38/plink_files/1000G.EUR.hg38.12.bed
After filtering, 480032 SNPs remain
Estimating LD Score.
Reading list of 1217311 SNPs for which to print LD Scores from /anvil/projects/x-mcb130189/rwang22/bican/ref/hm3_no_MHC.list.txt
After merging with --print-snps, LD Scores for 58540 SNPs will be printed.
Writing LD Scores for 58540 SNPs to /anvil/projects/x-mcb130189/rwang22/bican/ldsc/ldscore/hyper/CN_ONECUT1_GABA.hyper.dmr.bed.12.l2.ldscore.gz

Summary of LD Scores in /anvil/projects/x-mcb130189/rwang22/bican/ldsc/ldscore/hyper/CN_ONECUT1_GABA.hyper.dmr.bed.12.l2.ldscore.gz
         MAF        L2
mean  0.2334    2.7619
std   0.1429   12.2920
min   0.0051   -0.6471
25%   0.1084    0.3290
50%   0.2209    0.9952
75%   0.3558    2.2644
max   0.5000  234.7587

MAF/LD Score Correlation Matrix
        MAF      L2
MAF  1.0000  0.0865
L2   0.0865  1.0000

Annotation Correlation Matrix
       ANNOT
ANNOT    1.0

Annotation Matrix Column Sums
ANNOT    8142

Summary of Annotation Matrix Row Sums
count    480032.0000
mean          0.0170
std           0.1291
min           0.0000
25%           0.0000
50%           0.0000
75%           0.0000
max           1.0000
Analysis finished at Fri Sep 12 20:10:44 2025
Total time elapsed: 6.0m:45.43s
chr13
*********************************************************************
* LD Score Regression (LDSC)
* Version 1.0.1
* (C) 2014-2019 Brendan Bulik-Sullivan and Hilary Finucane
* Broad Institute of MIT and Harvard / MIT Department of Mathematics
* GNU General Public License v3
*********************************************************************
Call: 
./ldsc.py \
--print-snps /anvil/projects/x-mcb130189/rwang22/bican/ref/hm3_no_MHC.list.txt \
--ld-wind-cm 1.0 \
--out /anvil/projects/x-mcb130189/rwang22/bican/ldsc/ldscore/hyper/CN_ONECUT1_GABA.hyper.dmr.bed.13 \
--bfile /anvil/projects/x-mcb130189/rwang22/bican/ref/GRCh38/plink_files/1000G.EUR.hg38.13 \
--thin-annot  \
--annot CN_ONECUT1_GABA.hyper.dmr.bed.13.annot.gz \
--l2  

Beginning analysis at Fri Sep 12 20:10:51 2025
Read list of 366088 SNPs from /anvil/projects/x-mcb130189/rwang22/bican/ref/GRCh38/plink_files/1000G.EUR.hg38.13.bim
Read 1 annotations for 366088 SNPs from CN_ONECUT1_GABA.hyper.dmr.bed.13.annot.gz
Read list of 489 individuals from /anvil/projects/x-mcb130189/rwang22/bican/ref/GRCh38/plink_files/1000G.EUR.hg38.13.fam
Reading genotypes from /anvil/projects/x-mcb130189/rwang22/bican/ref/GRCh38/plink_files/1000G.EUR.hg38.13.bed
After filtering, 366088 SNPs remain
Estimating LD Score.
Reading list of 1217311 SNPs for which to print LD Scores from /anvil/projects/x-mcb130189/rwang22/bican/ref/hm3_no_MHC.list.txt
After merging with --print-snps, LD Scores for 45540 SNPs will be printed.
Writing LD Scores for 45540 SNPs to /anvil/projects/x-mcb130189/rwang22/bican/ldsc/ldscore/hyper/CN_ONECUT1_GABA.hyper.dmr.bed.13.l2.ldscore.gz

Summary of LD Scores in /anvil/projects/x-mcb130189/rwang22/bican/ldsc/ldscore/hyper/CN_ONECUT1_GABA.hyper.dmr.bed.13.l2.ldscore.gz
         MAF       L2
mean  0.2338   1.9333
std   0.1429   2.9995
min   0.0051  -0.2567
25%   0.1074   0.3808
50%   0.2209   1.1231
75%   0.3548   2.4006
max   0.5000  45.1665

MAF/LD Score Correlation Matrix
        MAF      L2
MAF  1.0000  0.0964
L2   0.0964  1.0000

Annotation Correlation Matrix
       ANNOT
ANNOT    1.0

Annotation Matrix Column Sums
ANNOT    6402

Summary of Annotation Matrix Row Sums
count    366088.0000
mean          0.0175
std           0.1311
min           0.0000
25%           0.0000
50%           0.0000
75%           0.0000
max           1.0000
Analysis finished at Fri Sep 12 20:16:10 2025
Total time elapsed: 5.0m:18.13s
chr14
*********************************************************************
* LD Score Regression (LDSC)
* Version 1.0.1
* (C) 2014-2019 Brendan Bulik-Sullivan and Hilary Finucane
* Broad Institute of MIT and Harvard / MIT Department of Mathematics
* GNU General Public License v3
*********************************************************************
Call: 
./ldsc.py \
--print-snps /anvil/projects/x-mcb130189/rwang22/bican/ref/hm3_no_MHC.list.txt \
--ld-wind-cm 1.0 \
--out /anvil/projects/x-mcb130189/rwang22/bican/ldsc/ldscore/hyper/CN_ONECUT1_GABA.hyper.dmr.bed.14 \
--bfile /anvil/projects/x-mcb130189/rwang22/bican/ref/GRCh38/plink_files/1000G.EUR.hg38.14 \
--thin-annot  \
--annot CN_ONECUT1_GABA.hyper.dmr.bed.14.annot.gz \
--l2  

Beginning analysis at Fri Sep 12 20:16:15 2025
Read list of 323965 SNPs from /anvil/projects/x-mcb130189/rwang22/bican/ref/GRCh38/plink_files/1000G.EUR.hg38.14.bim
Read 1 annotations for 323965 SNPs from CN_ONECUT1_GABA.hyper.dmr.bed.14.annot.gz
Read list of 489 individuals from /anvil/projects/x-mcb130189/rwang22/bican/ref/GRCh38/plink_files/1000G.EUR.hg38.14.fam
Reading genotypes from /anvil/projects/x-mcb130189/rwang22/bican/ref/GRCh38/plink_files/1000G.EUR.hg38.14.bed
After filtering, 323965 SNPs remain
Estimating LD Score.
Reading list of 1217311 SNPs for which to print LD Scores from /anvil/projects/x-mcb130189/rwang22/bican/ref/hm3_no_MHC.list.txt
After merging with --print-snps, LD Scores for 39424 SNPs will be printed.
Writing LD Scores for 39424 SNPs to /anvil/projects/x-mcb130189/rwang22/bican/ldsc/ldscore/hyper/CN_ONECUT1_GABA.hyper.dmr.bed.14.l2.ldscore.gz

Summary of LD Scores in /anvil/projects/x-mcb130189/rwang22/bican/ldsc/ldscore/hyper/CN_ONECUT1_GABA.hyper.dmr.bed.14.l2.ldscore.gz
         MAF       L2
mean  0.2320   1.4069
std   0.1425   2.0424
min   0.0051  -0.0939
25%   0.1074   0.2201
50%   0.2198   0.7322
75%   0.3507   1.7658
max   0.5000  18.4914

MAF/LD Score Correlation Matrix
        MAF      L2
MAF  1.0000  0.0517
L2   0.0517  1.0000

Annotation Correlation Matrix
       ANNOT
ANNOT    1.0

Annotation Matrix Column Sums
ANNOT    4091

Summary of Annotation Matrix Row Sums
count    323965.0000
mean          0.0126
std           0.1117
min           0.0000
25%           0.0000
50%           0.0000
75%           0.0000
max           1.0000
Analysis finished at Fri Sep 12 20:19:59 2025
Total time elapsed: 3.0m:44.2s
chr15
*********************************************************************
* LD Score Regression (LDSC)
* Version 1.0.1
* (C) 2014-2019 Brendan Bulik-Sullivan and Hilary Finucane
* Broad Institute of MIT and Harvard / MIT Department of Mathematics
* GNU General Public License v3
*********************************************************************
Call: 
./ldsc.py \
--print-snps /anvil/projects/x-mcb130189/rwang22/bican/ref/hm3_no_MHC.list.txt \
--ld-wind-cm 1.0 \
--out /anvil/projects/x-mcb130189/rwang22/bican/ldsc/ldscore/hyper/CN_ONECUT1_GABA.hyper.dmr.bed.15 \
--bfile /anvil/projects/x-mcb130189/rwang22/bican/ref/GRCh38/plink_files/1000G.EUR.hg38.15 \
--thin-annot  \
--annot CN_ONECUT1_GABA.hyper.dmr.bed.15.annot.gz \
--l2  

Beginning analysis at Fri Sep 12 20:20:02 2025
Read list of 286945 SNPs from /anvil/projects/x-mcb130189/rwang22/bican/ref/GRCh38/plink_files/1000G.EUR.hg38.15.bim
Read 1 annotations for 286945 SNPs from CN_ONECUT1_GABA.hyper.dmr.bed.15.annot.gz
Read list of 489 individuals from /anvil/projects/x-mcb130189/rwang22/bican/ref/GRCh38/plink_files/1000G.EUR.hg38.15.fam
Reading genotypes from /anvil/projects/x-mcb130189/rwang22/bican/ref/GRCh38/plink_files/1000G.EUR.hg38.15.bed
After filtering, 286945 SNPs remain
Estimating LD Score.
Reading list of 1217311 SNPs for which to print LD Scores from /anvil/projects/x-mcb130189/rwang22/bican/ref/hm3_no_MHC.list.txt
After merging with --print-snps, LD Scores for 35837 SNPs will be printed.
Writing LD Scores for 35837 SNPs to /anvil/projects/x-mcb130189/rwang22/bican/ldsc/ldscore/hyper/CN_ONECUT1_GABA.hyper.dmr.bed.15.l2.ldscore.gz

Summary of LD Scores in /anvil/projects/x-mcb130189/rwang22/bican/ldsc/ldscore/hyper/CN_ONECUT1_GABA.hyper.dmr.bed.15.l2.ldscore.gz
         MAF       L2
mean  0.2379   1.6615
std   0.1441   2.1825
min   0.0051  -0.1506
25%   0.1104   0.2345
50%   0.2270   0.9382
75%   0.3640   2.3111
max   0.5000  22.8659

MAF/LD Score Correlation Matrix
        MAF      L2
MAF  1.0000  0.1079
L2   0.1079  1.0000

Annotation Correlation Matrix
       ANNOT
ANNOT    1.0

Annotation Matrix Column Sums
ANNOT    5021

Summary of Annotation Matrix Row Sums
count    286945.0000
mean          0.0175
std           0.1311
min           0.0000
25%           0.0000
50%           0.0000
75%           0.0000
max           1.0000
Analysis finished at Fri Sep 12 20:22:58 2025
Total time elapsed: 2.0m:56.11s
chr16
*********************************************************************
* LD Score Regression (LDSC)
* Version 1.0.1
* (C) 2014-2019 Brendan Bulik-Sullivan and Hilary Finucane
* Broad Institute of MIT and Harvard / MIT Department of Mathematics
* GNU General Public License v3
*********************************************************************
Call: 
./ldsc.py \
--print-snps /anvil/projects/x-mcb130189/rwang22/bican/ref/hm3_no_MHC.list.txt \
--ld-wind-cm 1.0 \
--out /anvil/projects/x-mcb130189/rwang22/bican/ldsc/ldscore/hyper/CN_ONECUT1_GABA.hyper.dmr.bed.16 \
--bfile /anvil/projects/x-mcb130189/rwang22/bican/ref/GRCh38/plink_files/1000G.EUR.hg38.16 \
--thin-annot  \
--annot CN_ONECUT1_GABA.hyper.dmr.bed.16.annot.gz \
--l2  

Beginning analysis at Fri Sep 12 20:23:05 2025
Read list of 316962 SNPs from /anvil/projects/x-mcb130189/rwang22/bican/ref/GRCh38/plink_files/1000G.EUR.hg38.16.bim
Read 1 annotations for 316962 SNPs from CN_ONECUT1_GABA.hyper.dmr.bed.16.annot.gz
Read list of 489 individuals from /anvil/projects/x-mcb130189/rwang22/bican/ref/GRCh38/plink_files/1000G.EUR.hg38.16.fam
Reading genotypes from /anvil/projects/x-mcb130189/rwang22/bican/ref/GRCh38/plink_files/1000G.EUR.hg38.16.bed
After filtering, 316962 SNPs remain
Estimating LD Score.
Reading list of 1217311 SNPs for which to print LD Scores from /anvil/projects/x-mcb130189/rwang22/bican/ref/hm3_no_MHC.list.txt
After merging with --print-snps, LD Scores for 36526 SNPs will be printed.
Writing LD Scores for 36526 SNPs to /anvil/projects/x-mcb130189/rwang22/bican/ldsc/ldscore/hyper/CN_ONECUT1_GABA.hyper.dmr.bed.16.l2.ldscore.gz

Summary of LD Scores in /anvil/projects/x-mcb130189/rwang22/bican/ldsc/ldscore/hyper/CN_ONECUT1_GABA.hyper.dmr.bed.16.l2.ldscore.gz
         MAF       L2
mean  0.2389   1.3570
std   0.1426   2.1361
min   0.0051  -0.1770
25%   0.1145   0.1641
50%   0.2311   0.5997
75%   0.3599   1.6924
max   0.5000  46.6355

MAF/LD Score Correlation Matrix
        MAF      L2
MAF  1.0000  0.0242
L2   0.0242  1.0000

Annotation Correlation Matrix
       ANNOT
ANNOT    1.0

Annotation Matrix Column Sums
ANNOT    4495

Summary of Annotation Matrix Row Sums
count    316962.0000
mean          0.0142
std           0.1182
min           0.0000
25%           0.0000
50%           0.0000
75%           0.0000
max           1.0000
Analysis finished at Fri Sep 12 20:26:10 2025
Total time elapsed: 3.0m:5.59s
chr17
*********************************************************************
* LD Score Regression (LDSC)
* Version 1.0.1
* (C) 2014-2019 Brendan Bulik-Sullivan and Hilary Finucane
* Broad Institute of MIT and Harvard / MIT Department of Mathematics
* GNU General Public License v3
*********************************************************************
Call: 
./ldsc.py \
--print-snps /anvil/projects/x-mcb130189/rwang22/bican/ref/hm3_no_MHC.list.txt \
--ld-wind-cm 1.0 \
--out /anvil/projects/x-mcb130189/rwang22/bican/ldsc/ldscore/hyper/CN_ONECUT1_GABA.hyper.dmr.bed.17 \
--bfile /anvil/projects/x-mcb130189/rwang22/bican/ref/GRCh38/plink_files/1000G.EUR.hg38.17 \
--thin-annot  \
--annot CN_ONECUT1_GABA.hyper.dmr.bed.17.annot.gz \
--l2  

Beginning analysis at Fri Sep 12 20:26:19 2025
Read list of 268764 SNPs from /anvil/projects/x-mcb130189/rwang22/bican/ref/GRCh38/plink_files/1000G.EUR.hg38.17.bim
Read 1 annotations for 268764 SNPs from CN_ONECUT1_GABA.hyper.dmr.bed.17.annot.gz
Read list of 489 individuals from /anvil/projects/x-mcb130189/rwang22/bican/ref/GRCh38/plink_files/1000G.EUR.hg38.17.fam
Reading genotypes from /anvil/projects/x-mcb130189/rwang22/bican/ref/GRCh38/plink_files/1000G.EUR.hg38.17.bed
After filtering, 268764 SNPs remain
Estimating LD Score.
Reading list of 1217311 SNPs for which to print LD Scores from /anvil/projects/x-mcb130189/rwang22/bican/ref/hm3_no_MHC.list.txt
After merging with --print-snps, LD Scores for 32165 SNPs will be printed.
Writing LD Scores for 32165 SNPs to /anvil/projects/x-mcb130189/rwang22/bican/ldsc/ldscore/hyper/CN_ONECUT1_GABA.hyper.dmr.bed.17.l2.ldscore.gz

Summary of LD Scores in /anvil/projects/x-mcb130189/rwang22/bican/ldsc/ldscore/hyper/CN_ONECUT1_GABA.hyper.dmr.bed.17.l2.ldscore.gz
         MAF       L2
mean  0.2427   1.5323
std   0.1445   2.3998
min   0.0051  -0.1272
25%   0.1145   0.1824
50%   0.2352   0.7248
75%   0.3681   1.9918
max   0.5000  33.9824

MAF/LD Score Correlation Matrix
        MAF      L2
MAF  1.0000  0.1155
L2   0.1155  1.0000

Annotation Correlation Matrix
       ANNOT
ANNOT    1.0

Annotation Matrix Column Sums
ANNOT    4240

Summary of Annotation Matrix Row Sums
count    268764.0000
mean          0.0158
std           0.1246
min           0.0000
25%           0.0000
50%           0.0000
75%           0.0000
max           1.0000
Analysis finished at Fri Sep 12 20:30:36 2025
Total time elapsed: 4.0m:17.32s
chr18
*********************************************************************
* LD Score Regression (LDSC)
* Version 1.0.1
* (C) 2014-2019 Brendan Bulik-Sullivan and Hilary Finucane
* Broad Institute of MIT and Harvard / MIT Department of Mathematics
* GNU General Public License v3
*********************************************************************
Call: 
./ldsc.py \
--print-snps /anvil/projects/x-mcb130189/rwang22/bican/ref/hm3_no_MHC.list.txt \
--ld-wind-cm 1.0 \
--out /anvil/projects/x-mcb130189/rwang22/bican/ldsc/ldscore/hyper/CN_ONECUT1_GABA.hyper.dmr.bed.18 \
--bfile /anvil/projects/x-mcb130189/rwang22/bican/ref/GRCh38/plink_files/1000G.EUR.hg38.18 \
--thin-annot  \
--annot CN_ONECUT1_GABA.hyper.dmr.bed.18.annot.gz \
--l2  

Beginning analysis at Fri Sep 12 20:30:44 2025
Read list of 285134 SNPs from /anvil/projects/x-mcb130189/rwang22/bican/ref/GRCh38/plink_files/1000G.EUR.hg38.18.bim
Read 1 annotations for 285134 SNPs from CN_ONECUT1_GABA.hyper.dmr.bed.18.annot.gz
Read list of 489 individuals from /anvil/projects/x-mcb130189/rwang22/bican/ref/GRCh38/plink_files/1000G.EUR.hg38.18.fam
Reading genotypes from /anvil/projects/x-mcb130189/rwang22/bican/ref/GRCh38/plink_files/1000G.EUR.hg38.18.bed
After filtering, 285134 SNPs remain
Estimating LD Score.
Reading list of 1217311 SNPs for which to print LD Scores from /anvil/projects/x-mcb130189/rwang22/bican/ref/hm3_no_MHC.list.txt
After merging with --print-snps, LD Scores for 35509 SNPs will be printed.
Writing LD Scores for 35509 SNPs to /anvil/projects/x-mcb130189/rwang22/bican/ldsc/ldscore/hyper/CN_ONECUT1_GABA.hyper.dmr.bed.18.l2.ldscore.gz

Summary of LD Scores in /anvil/projects/x-mcb130189/rwang22/bican/ldsc/ldscore/hyper/CN_ONECUT1_GABA.hyper.dmr.bed.18.l2.ldscore.gz
         MAF       L2
mean  0.2364   1.5995
std   0.1423   2.6065
min   0.0051  -0.1220
25%   0.1115   0.2820
50%   0.2260   0.8245
75%   0.3569   2.0389
max   0.5000  81.9743

MAF/LD Score Correlation Matrix
        MAF      L2
MAF  1.0000  0.0444
L2   0.0444  1.0000

Annotation Correlation Matrix
       ANNOT
ANNOT    1.0

Annotation Matrix Column Sums
ANNOT    4698

Summary of Annotation Matrix Row Sums
count    285134.0000
mean          0.0165
std           0.1273
min           0.0000
25%           0.0000
50%           0.0000
75%           0.0000
max           1.0000
Analysis finished at Fri Sep 12 20:34:43 2025
Total time elapsed: 3.0m:59.11s
chr19
*********************************************************************
* LD Score Regression (LDSC)
* Version 1.0.1
* (C) 2014-2019 Brendan Bulik-Sullivan and Hilary Finucane
* Broad Institute of MIT and Harvard / MIT Department of Mathematics
* GNU General Public License v3
*********************************************************************
Call: 
./ldsc.py \
--print-snps /anvil/projects/x-mcb130189/rwang22/bican/ref/hm3_no_MHC.list.txt \
--ld-wind-cm 1.0 \
--out /anvil/projects/x-mcb130189/rwang22/bican/ldsc/ldscore/hyper/CN_ONECUT1_GABA.hyper.dmr.bed.19 \
--bfile /anvil/projects/x-mcb130189/rwang22/bican/ref/GRCh38/plink_files/1000G.EUR.hg38.19 \
--thin-annot  \
--annot CN_ONECUT1_GABA.hyper.dmr.bed.19.annot.gz \
--l2  

Beginning analysis at Fri Sep 12 20:34:52 2025
Read list of 231694 SNPs from /anvil/projects/x-mcb130189/rwang22/bican/ref/GRCh38/plink_files/1000G.EUR.hg38.19.bim
Read 1 annotations for 231694 SNPs from CN_ONECUT1_GABA.hyper.dmr.bed.19.annot.gz
Read list of 489 individuals from /anvil/projects/x-mcb130189/rwang22/bican/ref/GRCh38/plink_files/1000G.EUR.hg38.19.fam
Reading genotypes from /anvil/projects/x-mcb130189/rwang22/bican/ref/GRCh38/plink_files/1000G.EUR.hg38.19.bed
After filtering, 231694 SNPs remain
Estimating LD Score.
Reading list of 1217311 SNPs for which to print LD Scores from /anvil/projects/x-mcb130189/rwang22/bican/ref/hm3_no_MHC.list.txt
After merging with --print-snps, LD Scores for 22454 SNPs will be printed.
Writing LD Scores for 22454 SNPs to /anvil/projects/x-mcb130189/rwang22/bican/ldsc/ldscore/hyper/CN_ONECUT1_GABA.hyper.dmr.bed.19.l2.ldscore.gz

Summary of LD Scores in /anvil/projects/x-mcb130189/rwang22/bican/ldsc/ldscore/hyper/CN_ONECUT1_GABA.hyper.dmr.bed.19.l2.ldscore.gz
         MAF        L2
mean  0.2383    2.2377
std   0.1421    7.3253
min   0.0051   -0.6206
25%   0.1145    0.1880
50%   0.2331    0.6268
75%   0.3569    1.7848
max   0.5000  119.7296

MAF/LD Score Correlation Matrix
        MAF      L2
MAF  1.0000 -0.0014
L2  -0.0014  1.0000

Annotation Correlation Matrix
       ANNOT
ANNOT    1.0

Annotation Matrix Column Sums
ANNOT    4036

Summary of Annotation Matrix Row Sums
count    231694.0000
mean          0.0174
std           0.1308
min           0.0000
25%           0.0000
50%           0.0000
75%           0.0000
max           1.0000
Analysis finished at Fri Sep 12 20:37:07 2025
Total time elapsed: 2.0m:15.21s
chr20
*********************************************************************
* LD Score Regression (LDSC)
* Version 1.0.1
* (C) 2014-2019 Brendan Bulik-Sullivan and Hilary Finucane
* Broad Institute of MIT and Harvard / MIT Department of Mathematics
* GNU General Public License v3
*********************************************************************
Call: 
./ldsc.py \
--print-snps /anvil/projects/x-mcb130189/rwang22/bican/ref/hm3_no_MHC.list.txt \
--ld-wind-cm 1.0 \
--out /anvil/projects/x-mcb130189/rwang22/bican/ldsc/ldscore/hyper/CN_ONECUT1_GABA.hyper.dmr.bed.20 \
--bfile /anvil/projects/x-mcb130189/rwang22/bican/ref/GRCh38/plink_files/1000G.EUR.hg38.20 \
--thin-annot  \
--annot CN_ONECUT1_GABA.hyper.dmr.bed.20.annot.gz \
--l2  

Beginning analysis at Fri Sep 12 20:37:18 2025
Read list of 221582 SNPs from /anvil/projects/x-mcb130189/rwang22/bican/ref/GRCh38/plink_files/1000G.EUR.hg38.20.bim
Read 1 annotations for 221582 SNPs from CN_ONECUT1_GABA.hyper.dmr.bed.20.annot.gz
Read list of 489 individuals from /anvil/projects/x-mcb130189/rwang22/bican/ref/GRCh38/plink_files/1000G.EUR.hg38.20.fam
Reading genotypes from /anvil/projects/x-mcb130189/rwang22/bican/ref/GRCh38/plink_files/1000G.EUR.hg38.20.bed
After filtering, 221582 SNPs remain
Estimating LD Score.
Reading list of 1217311 SNPs for which to print LD Scores from /anvil/projects/x-mcb130189/rwang22/bican/ref/hm3_no_MHC.list.txt
After merging with --print-snps, LD Scores for 31092 SNPs will be printed.
Writing LD Scores for 31092 SNPs to /anvil/projects/x-mcb130189/rwang22/bican/ldsc/ldscore/hyper/CN_ONECUT1_GABA.hyper.dmr.bed.20.l2.ldscore.gz

Summary of LD Scores in /anvil/projects/x-mcb130189/rwang22/bican/ldsc/ldscore/hyper/CN_ONECUT1_GABA.hyper.dmr.bed.20.l2.ldscore.gz
         MAF       L2
mean  0.2344   1.5003
std   0.1427   2.0849
min   0.0051  -0.1249
25%   0.1074   0.2196
50%   0.2229   0.7341
75%   0.3558   1.8960
max   0.5000  18.7741

MAF/LD Score Correlation Matrix
        MAF      L2
MAF  1.0000  0.1348
L2   0.1348  1.0000

Annotation Correlation Matrix
       ANNOT
ANNOT    1.0

Annotation Matrix Column Sums
ANNOT    3599

Summary of Annotation Matrix Row Sums
count    221582.0000
mean          0.0162
std           0.1264
min           0.0000
25%           0.0000
50%           0.0000
75%           0.0000
max           1.0000
Analysis finished at Fri Sep 12 20:39:09 2025
Total time elapsed: 1.0m:51.51s
chr21
*********************************************************************
* LD Score Regression (LDSC)
* Version 1.0.1
* (C) 2014-2019 Brendan Bulik-Sullivan and Hilary Finucane
* Broad Institute of MIT and Harvard / MIT Department of Mathematics
* GNU General Public License v3
*********************************************************************
Call: 
./ldsc.py \
--print-snps /anvil/projects/x-mcb130189/rwang22/bican/ref/hm3_no_MHC.list.txt \
--ld-wind-cm 1.0 \
--out /anvil/projects/x-mcb130189/rwang22/bican/ldsc/ldscore/hyper/CN_ONECUT1_GABA.hyper.dmr.bed.21 \
--bfile /anvil/projects/x-mcb130189/rwang22/bican/ref/GRCh38/plink_files/1000G.EUR.hg38.21 \
--thin-annot  \
--annot CN_ONECUT1_GABA.hyper.dmr.bed.21.annot.gz \
--l2  

Beginning analysis at Fri Sep 12 20:39:18 2025
Read list of 138654 SNPs from /anvil/projects/x-mcb130189/rwang22/bican/ref/GRCh38/plink_files/1000G.EUR.hg38.21.bim
Read 1 annotations for 138654 SNPs from CN_ONECUT1_GABA.hyper.dmr.bed.21.annot.gz
Read list of 489 individuals from /anvil/projects/x-mcb130189/rwang22/bican/ref/GRCh38/plink_files/1000G.EUR.hg38.21.fam
Reading genotypes from /anvil/projects/x-mcb130189/rwang22/bican/ref/GRCh38/plink_files/1000G.EUR.hg38.21.bed
After filtering, 138654 SNPs remain
Estimating LD Score.
Reading list of 1217311 SNPs for which to print LD Scores from /anvil/projects/x-mcb130189/rwang22/bican/ref/hm3_no_MHC.list.txt
After merging with --print-snps, LD Scores for 17028 SNPs will be printed.
Writing LD Scores for 17028 SNPs to /anvil/projects/x-mcb130189/rwang22/bican/ldsc/ldscore/hyper/CN_ONECUT1_GABA.hyper.dmr.bed.21.l2.ldscore.gz

Summary of LD Scores in /anvil/projects/x-mcb130189/rwang22/bican/ldsc/ldscore/hyper/CN_ONECUT1_GABA.hyper.dmr.bed.21.l2.ldscore.gz
         MAF       L2
mean  0.2421   1.6518
std   0.1414   2.3804
min   0.0051  -0.0721
25%   0.1186   0.2552
50%   0.2321   0.8786
75%   0.3650   2.1246
max   0.5000  27.2679

MAF/LD Score Correlation Matrix
        MAF      L2
MAF  1.0000  0.1021
L2   0.1021  1.0000

Annotation Correlation Matrix
       ANNOT
ANNOT    1.0

Annotation Matrix Column Sums
ANNOT    2644

Summary of Annotation Matrix Row Sums
count    138654.0000
mean          0.0191
std           0.1368
min           0.0000
25%           0.0000
50%           0.0000
75%           0.0000
max           1.0000
Analysis finished at Fri Sep 12 20:41:32 2025
Total time elapsed: 2.0m:13.72s
chr22
*********************************************************************
* LD Score Regression (LDSC)
* Version 1.0.1
* (C) 2014-2019 Brendan Bulik-Sullivan and Hilary Finucane
* Broad Institute of MIT and Harvard / MIT Department of Mathematics
* GNU General Public License v3
*********************************************************************
Call: 
./ldsc.py \
--print-snps /anvil/projects/x-mcb130189/rwang22/bican/ref/hm3_no_MHC.list.txt \
--ld-wind-cm 1.0 \
--out /anvil/projects/x-mcb130189/rwang22/bican/ldsc/ldscore/hyper/CN_ONECUT1_GABA.hyper.dmr.bed.22 \
--bfile /anvil/projects/x-mcb130189/rwang22/bican/ref/GRCh38/plink_files/1000G.EUR.hg38.22 \
--thin-annot  \
--annot CN_ONECUT1_GABA.hyper.dmr.bed.22.annot.gz \
--l2  

Beginning analysis at Fri Sep 12 20:41:41 2025
Read list of 140592 SNPs from /anvil/projects/x-mcb130189/rwang22/bican/ref/GRCh38/plink_files/1000G.EUR.hg38.22.bim
Read 1 annotations for 140592 SNPs from CN_ONECUT1_GABA.hyper.dmr.bed.22.annot.gz
Read list of 489 individuals from /anvil/projects/x-mcb130189/rwang22/bican/ref/GRCh38/plink_files/1000G.EUR.hg38.22.fam
Reading genotypes from /anvil/projects/x-mcb130189/rwang22/bican/ref/GRCh38/plink_files/1000G.EUR.hg38.22.bed
After filtering, 140592 SNPs remain
Estimating LD Score.
Reading list of 1217311 SNPs for which to print LD Scores from /anvil/projects/x-mcb130189/rwang22/bican/ref/hm3_no_MHC.list.txt
After merging with --print-snps, LD Scores for 17450 SNPs will be printed.
Writing LD Scores for 17450 SNPs to /anvil/projects/x-mcb130189/rwang22/bican/ldsc/ldscore/hyper/CN_ONECUT1_GABA.hyper.dmr.bed.22.l2.ldscore.gz

Summary of LD Scores in /anvil/projects/x-mcb130189/rwang22/bican/ldsc/ldscore/hyper/CN_ONECUT1_GABA.hyper.dmr.bed.22.l2.ldscore.gz
         MAF       L2
mean  0.2366   1.4355
std   0.1435   1.8849
min   0.0051  -0.1101
25%   0.1094   0.1751
50%   0.2280   0.7568
75%   0.3579   2.0493
max   0.5000  15.2860

MAF/LD Score Correlation Matrix
        MAF      L2
MAF  1.0000  0.1028
L2   0.1028  1.0000

Annotation Correlation Matrix
       ANNOT
ANNOT    1.0

Annotation Matrix Column Sums
ANNOT    2158

Summary of Annotation Matrix Row Sums
count    140592.0000
mean          0.0153
std           0.1229
min           0.0000
25%           0.0000
50%           0.0000
75%           0.0000
max           1.0000
Analysis finished at Fri Sep 12 20:43:05 2025
Total time elapsed: 1.0m:24.19s
