chr1
making annot file
chr2
making annot file
chr3
making annot file
chr4
making annot file
chr5
making annot file
chr6
making annot file
chr7
making annot file
chr8
making annot file
chr9
making annot file
chr10
making annot file
chr11
making annot file
chr12
making annot file
chr13
making annot file
chr14
making annot file
chr15
making annot file
chr16
making annot file
chr17
making annot file
chr18
making annot file
chr19
making annot file
chr20
making annot file
chr21
making annot file
chr22
making annot file
chr1
*********************************************************************
* LD Score Regression (LDSC)
* Version 1.0.1
* (C) 2014-2019 Brendan Bulik-Sullivan and Hilary Finucane
* Broad Institute of MIT and Harvard / MIT Department of Mathematics
* GNU General Public License v3
*********************************************************************
Call: 
./ldsc.py \
--print-snps /anvil/projects/x-mcb130189/rwang22/bican/ref/hm3_no_MHC.list.txt \
--ld-wind-cm 1.0 \
--out /anvil/projects/x-mcb130189/rwang22/bican/ldsc/group-loop/STR_TAC3-PLPP4_GABA.loops.bed.1 \
--bfile /anvil/projects/x-mcb130189/rwang22/bican/ref/GRCh38/plink_files/1000G.EUR.hg38.1 \
--thin-annot  \
--annot STR_TAC3-PLPP4_GABA.loops.bed.1.annot.gz \
--l2  

Beginning analysis at Thu Sep 11 20:54:04 2025
Read list of 778603 SNPs from /anvil/projects/x-mcb130189/rwang22/bican/ref/GRCh38/plink_files/1000G.EUR.hg38.1.bim
Read 1 annotations for 778607 SNPs from STR_TAC3-PLPP4_GABA.loops.bed.1.annot.gz
Read list of 489 individuals from /anvil/projects/x-mcb130189/rwang22/bican/ref/GRCh38/plink_files/1000G.EUR.hg38.1.fam
Reading genotypes from /anvil/projects/x-mcb130189/rwang22/bican/ref/GRCh38/plink_files/1000G.EUR.hg38.1.bed
After filtering, 778603 SNPs remain
Estimating LD Score.
Reading list of 1217311 SNPs for which to print LD Scores from /anvil/projects/x-mcb130189/rwang22/bican/ref/hm3_no_MHC.list.txt
After merging with --print-snps, LD Scores for 98576 SNPs will be printed.
Writing LD Scores for 98576 SNPs to /anvil/projects/x-mcb130189/rwang22/bican/ldsc/group-loop/STR_TAC3-PLPP4_GABA.loops.bed.1.l2.ldscore.gz

Summary of LD Scores in /anvil/projects/x-mcb130189/rwang22/bican/ldsc/group-loop/STR_TAC3-PLPP4_GABA.loops.bed.1.l2.ldscore.gz
         MAF        L2
mean  0.2346   45.5270
std   0.1432   46.6106
min   0.0051   -1.3669
25%   0.1084   12.6301
50%   0.2239   32.1420
75%   0.3558   62.1066
max   0.5000  366.1454

MAF/LD Score Correlation Matrix
        MAF      L2
MAF  1.0000  0.1592
L2   0.1592  1.0000

Annotation Correlation Matrix
       ANNOT
ANNOT    1.0

Annotation Matrix Column Sums
ANNOT    329839

Summary of Annotation Matrix Row Sums
count    778603.0000
mean          0.4236
std           0.4941
min           0.0000
25%           0.0000
50%           0.0000
75%           1.0000
max           1.0000
Analysis finished at Thu Sep 11 21:06:01 2025
Total time elapsed: 11.0m:57.62s
chr2
*********************************************************************
* LD Score Regression (LDSC)
* Version 1.0.1
* (C) 2014-2019 Brendan Bulik-Sullivan and Hilary Finucane
* Broad Institute of MIT and Harvard / MIT Department of Mathematics
* GNU General Public License v3
*********************************************************************
Call: 
./ldsc.py \
--print-snps /anvil/projects/x-mcb130189/rwang22/bican/ref/hm3_no_MHC.list.txt \
--ld-wind-cm 1.0 \
--out /anvil/projects/x-mcb130189/rwang22/bican/ldsc/group-loop/STR_TAC3-PLPP4_GABA.loops.bed.2 \
--bfile /anvil/projects/x-mcb130189/rwang22/bican/ref/GRCh38/plink_files/1000G.EUR.hg38.2 \
--thin-annot  \
--annot STR_TAC3-PLPP4_GABA.loops.bed.2.annot.gz \
--l2  

Beginning analysis at Thu Sep 11 21:06:02 2025
Read list of 839257 SNPs from /anvil/projects/x-mcb130189/rwang22/bican/ref/GRCh38/plink_files/1000G.EUR.hg38.2.bim
Read 1 annotations for 839257 SNPs from STR_TAC3-PLPP4_GABA.loops.bed.2.annot.gz
Read list of 489 individuals from /anvil/projects/x-mcb130189/rwang22/bican/ref/GRCh38/plink_files/1000G.EUR.hg38.2.fam
Reading genotypes from /anvil/projects/x-mcb130189/rwang22/bican/ref/GRCh38/plink_files/1000G.EUR.hg38.2.bed
After filtering, 839257 SNPs remain
Estimating LD Score.
Reading list of 1217311 SNPs for which to print LD Scores from /anvil/projects/x-mcb130189/rwang22/bican/ref/hm3_no_MHC.list.txt
After merging with --print-snps, LD Scores for 99718 SNPs will be printed.
Writing LD Scores for 99718 SNPs to /anvil/projects/x-mcb130189/rwang22/bican/ldsc/group-loop/STR_TAC3-PLPP4_GABA.loops.bed.2.l2.ldscore.gz

Summary of LD Scores in /anvil/projects/x-mcb130189/rwang22/bican/ldsc/group-loop/STR_TAC3-PLPP4_GABA.loops.bed.2.l2.ldscore.gz
         MAF        L2
mean  0.2384   46.3758
std   0.1431   43.5708
min   0.0051   -1.1691
25%   0.1125   14.1411
50%   0.2290   34.4081
75%   0.3620   65.6124
max   0.5000  324.8750

MAF/LD Score Correlation Matrix
        MAF      L2
MAF  1.0000  0.1363
L2   0.1363  1.0000

Annotation Correlation Matrix
       ANNOT
ANNOT    1.0

Annotation Matrix Column Sums
ANNOT    330955

Summary of Annotation Matrix Row Sums
count    839257.0000
mean          0.3943
std           0.4887
min           0.0000
25%           0.0000
50%           0.0000
75%           1.0000
max           1.0000
Analysis finished at Thu Sep 11 21:21:50 2025
Total time elapsed: 15.0m:48.35s
chr3
*********************************************************************
* LD Score Regression (LDSC)
* Version 1.0.1
* (C) 2014-2019 Brendan Bulik-Sullivan and Hilary Finucane
* Broad Institute of MIT and Harvard / MIT Department of Mathematics
* GNU General Public License v3
*********************************************************************
Call: 
./ldsc.py \
--print-snps /anvil/projects/x-mcb130189/rwang22/bican/ref/hm3_no_MHC.list.txt \
--ld-wind-cm 1.0 \
--out /anvil/projects/x-mcb130189/rwang22/bican/ldsc/group-loop/STR_TAC3-PLPP4_GABA.loops.bed.3 \
--bfile /anvil/projects/x-mcb130189/rwang22/bican/ref/GRCh38/plink_files/1000G.EUR.hg38.3 \
--thin-annot  \
--annot STR_TAC3-PLPP4_GABA.loops.bed.3.annot.gz \
--l2  

Beginning analysis at Thu Sep 11 21:21:51 2025
Read list of 706163 SNPs from /anvil/projects/x-mcb130189/rwang22/bican/ref/GRCh38/plink_files/1000G.EUR.hg38.3.bim
Read 1 annotations for 706163 SNPs from STR_TAC3-PLPP4_GABA.loops.bed.3.annot.gz
Read list of 489 individuals from /anvil/projects/x-mcb130189/rwang22/bican/ref/GRCh38/plink_files/1000G.EUR.hg38.3.fam
Reading genotypes from /anvil/projects/x-mcb130189/rwang22/bican/ref/GRCh38/plink_files/1000G.EUR.hg38.3.bed
After filtering, 706163 SNPs remain
Estimating LD Score.
Reading list of 1217311 SNPs for which to print LD Scores from /anvil/projects/x-mcb130189/rwang22/bican/ref/hm3_no_MHC.list.txt
After merging with --print-snps, LD Scores for 83015 SNPs will be printed.
Writing LD Scores for 83015 SNPs to /anvil/projects/x-mcb130189/rwang22/bican/ldsc/group-loop/STR_TAC3-PLPP4_GABA.loops.bed.3.l2.ldscore.gz

Summary of LD Scores in /anvil/projects/x-mcb130189/rwang22/bican/ldsc/group-loop/STR_TAC3-PLPP4_GABA.loops.bed.3.l2.ldscore.gz
         MAF        L2
mean  0.2408   45.9433
std   0.1426   54.1612
min   0.0051   -1.6461
25%   0.1166   10.0268
50%   0.2321   29.1099
75%   0.3630   61.1623
max   0.5000  412.0571

MAF/LD Score Correlation Matrix
        MAF      L2
MAF  1.0000  0.1187
L2   0.1187  1.0000

Annotation Correlation Matrix
       ANNOT
ANNOT    1.0

Annotation Matrix Column Sums
ANNOT    255091

Summary of Annotation Matrix Row Sums
count    706163.0000
mean          0.3612
std           0.4804
min           0.0000
25%           0.0000
50%           0.0000
75%           1.0000
max           1.0000
Analysis finished at Thu Sep 11 21:30:12 2025
Total time elapsed: 8.0m:21.34s
chr4
*********************************************************************
* LD Score Regression (LDSC)
* Version 1.0.1
* (C) 2014-2019 Brendan Bulik-Sullivan and Hilary Finucane
* Broad Institute of MIT and Harvard / MIT Department of Mathematics
* GNU General Public License v3
*********************************************************************
Call: 
./ldsc.py \
--print-snps /anvil/projects/x-mcb130189/rwang22/bican/ref/hm3_no_MHC.list.txt \
--ld-wind-cm 1.0 \
--out /anvil/projects/x-mcb130189/rwang22/bican/ldsc/group-loop/STR_TAC3-PLPP4_GABA.loops.bed.4 \
--bfile /anvil/projects/x-mcb130189/rwang22/bican/ref/GRCh38/plink_files/1000G.EUR.hg38.4 \
--thin-annot  \
--annot STR_TAC3-PLPP4_GABA.loops.bed.4.annot.gz \
--l2  

Beginning analysis at Thu Sep 11 21:30:13 2025
Read list of 729546 SNPs from /anvil/projects/x-mcb130189/rwang22/bican/ref/GRCh38/plink_files/1000G.EUR.hg38.4.bim
Read 1 annotations for 729546 SNPs from STR_TAC3-PLPP4_GABA.loops.bed.4.annot.gz
Read list of 489 individuals from /anvil/projects/x-mcb130189/rwang22/bican/ref/GRCh38/plink_files/1000G.EUR.hg38.4.fam
Reading genotypes from /anvil/projects/x-mcb130189/rwang22/bican/ref/GRCh38/plink_files/1000G.EUR.hg38.4.bed
After filtering, 729546 SNPs remain
Estimating LD Score.
Reading list of 1217311 SNPs for which to print LD Scores from /anvil/projects/x-mcb130189/rwang22/bican/ref/hm3_no_MHC.list.txt
After merging with --print-snps, LD Scores for 74922 SNPs will be printed.
Writing LD Scores for 74922 SNPs to /anvil/projects/x-mcb130189/rwang22/bican/ldsc/group-loop/STR_TAC3-PLPP4_GABA.loops.bed.4.l2.ldscore.gz

Summary of LD Scores in /anvil/projects/x-mcb130189/rwang22/bican/ldsc/group-loop/STR_TAC3-PLPP4_GABA.loops.bed.4.l2.ldscore.gz
         MAF        L2
mean  0.2375   38.9267
std   0.1422   49.6330
min   0.0051   -1.9703
25%   0.1125    5.6530
50%   0.2301   23.2268
75%   0.3579   55.1698
max   0.5000  606.4190

MAF/LD Score Correlation Matrix
        MAF      L2
MAF  1.0000  0.1102
L2   0.1102  1.0000

Annotation Correlation Matrix
       ANNOT
ANNOT    1.0

Annotation Matrix Column Sums
ANNOT    216818

Summary of Annotation Matrix Row Sums
count    729546.0000
mean          0.2972
std           0.4570
min           0.0000
25%           0.0000
50%           0.0000
75%           1.0000
max           1.0000
Analysis finished at Thu Sep 11 21:40:54 2025
Total time elapsed: 10.0m:41.6s
chr5
*********************************************************************
* LD Score Regression (LDSC)
* Version 1.0.1
* (C) 2014-2019 Brendan Bulik-Sullivan and Hilary Finucane
* Broad Institute of MIT and Harvard / MIT Department of Mathematics
* GNU General Public License v3
*********************************************************************
Call: 
./ldsc.py \
--print-snps /anvil/projects/x-mcb130189/rwang22/bican/ref/hm3_no_MHC.list.txt \
--ld-wind-cm 1.0 \
--out /anvil/projects/x-mcb130189/rwang22/bican/ldsc/group-loop/STR_TAC3-PLPP4_GABA.loops.bed.5 \
--bfile /anvil/projects/x-mcb130189/rwang22/bican/ref/GRCh38/plink_files/1000G.EUR.hg38.5 \
--thin-annot  \
--annot STR_TAC3-PLPP4_GABA.loops.bed.5.annot.gz \
--l2  

Beginning analysis at Thu Sep 11 21:40:55 2025
Read list of 632996 SNPs from /anvil/projects/x-mcb130189/rwang22/bican/ref/GRCh38/plink_files/1000G.EUR.hg38.5.bim
Read 1 annotations for 632996 SNPs from STR_TAC3-PLPP4_GABA.loops.bed.5.annot.gz
Read list of 489 individuals from /anvil/projects/x-mcb130189/rwang22/bican/ref/GRCh38/plink_files/1000G.EUR.hg38.5.fam
Reading genotypes from /anvil/projects/x-mcb130189/rwang22/bican/ref/GRCh38/plink_files/1000G.EUR.hg38.5.bed
After filtering, 632996 SNPs remain
Estimating LD Score.
Reading list of 1217311 SNPs for which to print LD Scores from /anvil/projects/x-mcb130189/rwang22/bican/ref/hm3_no_MHC.list.txt
After merging with --print-snps, LD Scores for 75164 SNPs will be printed.
Writing LD Scores for 75164 SNPs to /anvil/projects/x-mcb130189/rwang22/bican/ldsc/group-loop/STR_TAC3-PLPP4_GABA.loops.bed.5.l2.ldscore.gz

Summary of LD Scores in /anvil/projects/x-mcb130189/rwang22/bican/ldsc/group-loop/STR_TAC3-PLPP4_GABA.loops.bed.5.l2.ldscore.gz
         MAF        L2
mean  0.2369   46.1785
std   0.1421   51.3712
min   0.0051   -1.2403
25%   0.1125   11.2218
50%   0.2280   31.2352
75%   0.3569   62.5314
max   0.5000  414.4343

MAF/LD Score Correlation Matrix
        MAF      L2
MAF  1.0000  0.1191
L2   0.1191  1.0000

Annotation Correlation Matrix
       ANNOT
ANNOT    1.0

Annotation Matrix Column Sums
ANNOT    234879

Summary of Annotation Matrix Row Sums
count    632996.0000
mean          0.3711
std           0.4831
min           0.0000
25%           0.0000
50%           0.0000
75%           1.0000
max           1.0000
Analysis finished at Thu Sep 11 21:51:44 2025
Total time elapsed: 10.0m:49.07s
chr6
*********************************************************************
* LD Score Regression (LDSC)
* Version 1.0.1
* (C) 2014-2019 Brendan Bulik-Sullivan and Hilary Finucane
* Broad Institute of MIT and Harvard / MIT Department of Mathematics
* GNU General Public License v3
*********************************************************************
Call: 
./ldsc.py \
--print-snps /anvil/projects/x-mcb130189/rwang22/bican/ref/hm3_no_MHC.list.txt \
--ld-wind-cm 1.0 \
--out /anvil/projects/x-mcb130189/rwang22/bican/ldsc/group-loop/STR_TAC3-PLPP4_GABA.loops.bed.6 \
--bfile /anvil/projects/x-mcb130189/rwang22/bican/ref/GRCh38/plink_files/1000G.EUR.hg38.6 \
--thin-annot  \
--annot STR_TAC3-PLPP4_GABA.loops.bed.6.annot.gz \
--l2  

Beginning analysis at Thu Sep 11 21:51:45 2025
Read list of 663678 SNPs from /anvil/projects/x-mcb130189/rwang22/bican/ref/GRCh38/plink_files/1000G.EUR.hg38.6.bim
Read 1 annotations for 663678 SNPs from STR_TAC3-PLPP4_GABA.loops.bed.6.annot.gz
Read list of 489 individuals from /anvil/projects/x-mcb130189/rwang22/bican/ref/GRCh38/plink_files/1000G.EUR.hg38.6.fam
Reading genotypes from /anvil/projects/x-mcb130189/rwang22/bican/ref/GRCh38/plink_files/1000G.EUR.hg38.6.bed
After filtering, 663678 SNPs remain
Estimating LD Score.
Reading list of 1217311 SNPs for which to print LD Scores from /anvil/projects/x-mcb130189/rwang22/bican/ref/hm3_no_MHC.list.txt
After merging with --print-snps, LD Scores for 75328 SNPs will be printed.
Writing LD Scores for 75328 SNPs to /anvil/projects/x-mcb130189/rwang22/bican/ldsc/group-loop/STR_TAC3-PLPP4_GABA.loops.bed.6.l2.ldscore.gz

Summary of LD Scores in /anvil/projects/x-mcb130189/rwang22/bican/ldsc/group-loop/STR_TAC3-PLPP4_GABA.loops.bed.6.l2.ldscore.gz
         MAF        L2
mean  0.2357   46.5322
std   0.1431   51.1992
min   0.0051   -1.8193
25%   0.1104   14.3466
50%   0.2249   32.5425
75%   0.3579   60.9157
max   0.5000  489.7155

MAF/LD Score Correlation Matrix
        MAF      L2
MAF  1.0000  0.1192
L2   0.1192  1.0000

Annotation Correlation Matrix
       ANNOT
ANNOT    1.0

Annotation Matrix Column Sums
ANNOT    238003

Summary of Annotation Matrix Row Sums
count    663678.0000
mean          0.3586
std           0.4796
min           0.0000
25%           0.0000
50%           0.0000
75%           1.0000
max           1.0000
Analysis finished at Thu Sep 11 22:02:30 2025
Total time elapsed: 10.0m:45.11s
chr7
*********************************************************************
* LD Score Regression (LDSC)
* Version 1.0.1
* (C) 2014-2019 Brendan Bulik-Sullivan and Hilary Finucane
* Broad Institute of MIT and Harvard / MIT Department of Mathematics
* GNU General Public License v3
*********************************************************************
Call: 
./ldsc.py \
--print-snps /anvil/projects/x-mcb130189/rwang22/bican/ref/hm3_no_MHC.list.txt \
--ld-wind-cm 1.0 \
--out /anvil/projects/x-mcb130189/rwang22/bican/ldsc/group-loop/STR_TAC3-PLPP4_GABA.loops.bed.7 \
--bfile /anvil/projects/x-mcb130189/rwang22/bican/ref/GRCh38/plink_files/1000G.EUR.hg38.7 \
--thin-annot  \
--annot STR_TAC3-PLPP4_GABA.loops.bed.7.annot.gz \
--l2  

Beginning analysis at Thu Sep 11 22:02:31 2025
Read list of 589044 SNPs from /anvil/projects/x-mcb130189/rwang22/bican/ref/GRCh38/plink_files/1000G.EUR.hg38.7.bim
Read 1 annotations for 589058 SNPs from STR_TAC3-PLPP4_GABA.loops.bed.7.annot.gz
Read list of 489 individuals from /anvil/projects/x-mcb130189/rwang22/bican/ref/GRCh38/plink_files/1000G.EUR.hg38.7.fam
Reading genotypes from /anvil/projects/x-mcb130189/rwang22/bican/ref/GRCh38/plink_files/1000G.EUR.hg38.7.bed
After filtering, 589044 SNPs remain
Estimating LD Score.
Reading list of 1217311 SNPs for which to print LD Scores from /anvil/projects/x-mcb130189/rwang22/bican/ref/hm3_no_MHC.list.txt
After merging with --print-snps, LD Scores for 66138 SNPs will be printed.
Writing LD Scores for 66138 SNPs to /anvil/projects/x-mcb130189/rwang22/bican/ldsc/group-loop/STR_TAC3-PLPP4_GABA.loops.bed.7.l2.ldscore.gz

Summary of LD Scores in /anvil/projects/x-mcb130189/rwang22/bican/ldsc/group-loop/STR_TAC3-PLPP4_GABA.loops.bed.7.l2.ldscore.gz
         MAF        L2
mean  0.2390   45.7503
std   0.1428   49.8347
min   0.0051   -1.9632
25%   0.1125   12.3113
50%   0.2301   33.0307
75%   0.3609   61.9849
max   0.5000  552.8421

MAF/LD Score Correlation Matrix
        MAF      L2
MAF  1.0000  0.1388
L2   0.1388  1.0000

Annotation Correlation Matrix
       ANNOT
ANNOT    1.0

Annotation Matrix Column Sums
ANNOT    233977

Summary of Annotation Matrix Row Sums
count    589044.0000
mean          0.3972
std           0.4893
min           0.0000
25%           0.0000
50%           0.0000
75%           1.0000
max           1.0000
Analysis finished at Thu Sep 11 22:20:20 2025
Total time elapsed: 17.0m:48.95s
chr8
*********************************************************************
* LD Score Regression (LDSC)
* Version 1.0.1
* (C) 2014-2019 Brendan Bulik-Sullivan and Hilary Finucane
* Broad Institute of MIT and Harvard / MIT Department of Mathematics
* GNU General Public License v3
*********************************************************************
Call: 
./ldsc.py \
--print-snps /anvil/projects/x-mcb130189/rwang22/bican/ref/hm3_no_MHC.list.txt \
--ld-wind-cm 1.0 \
--out /anvil/projects/x-mcb130189/rwang22/bican/ldsc/group-loop/STR_TAC3-PLPP4_GABA.loops.bed.8 \
--bfile /anvil/projects/x-mcb130189/rwang22/bican/ref/GRCh38/plink_files/1000G.EUR.hg38.8 \
--thin-annot  \
--annot STR_TAC3-PLPP4_GABA.loops.bed.8.annot.gz \
--l2  

Beginning analysis at Thu Sep 11 22:20:20 2025
Read list of 549556 SNPs from /anvil/projects/x-mcb130189/rwang22/bican/ref/GRCh38/plink_files/1000G.EUR.hg38.8.bim
Read 1 annotations for 549560 SNPs from STR_TAC3-PLPP4_GABA.loops.bed.8.annot.gz
Read list of 489 individuals from /anvil/projects/x-mcb130189/rwang22/bican/ref/GRCh38/plink_files/1000G.EUR.hg38.8.fam
Reading genotypes from /anvil/projects/x-mcb130189/rwang22/bican/ref/GRCh38/plink_files/1000G.EUR.hg38.8.bed
After filtering, 549556 SNPs remain
Estimating LD Score.
Reading list of 1217311 SNPs for which to print LD Scores from /anvil/projects/x-mcb130189/rwang22/bican/ref/hm3_no_MHC.list.txt
After merging with --print-snps, LD Scores for 64928 SNPs will be printed.
Writing LD Scores for 64928 SNPs to /anvil/projects/x-mcb130189/rwang22/bican/ldsc/group-loop/STR_TAC3-PLPP4_GABA.loops.bed.8.l2.ldscore.gz

Summary of LD Scores in /anvil/projects/x-mcb130189/rwang22/bican/ldsc/group-loop/STR_TAC3-PLPP4_GABA.loops.bed.8.l2.ldscore.gz
         MAF        L2
mean  0.2380   48.3895
std   0.1431   60.6589
min   0.0051   -1.5294
25%   0.1115   11.9651
50%   0.2280   31.7779
75%   0.3609   61.8283
max   0.5000  686.7346

MAF/LD Score Correlation Matrix
        MAF      L2
MAF  1.0000  0.1472
L2   0.1472  1.0000

Annotation Correlation Matrix
       ANNOT
ANNOT    1.0

Annotation Matrix Column Sums
ANNOT    204599

Summary of Annotation Matrix Row Sums
count    549556.0000
mean          0.3723
std           0.4834
min           0.0000
25%           0.0000
50%           0.0000
75%           1.0000
max           1.0000
Analysis finished at Thu Sep 11 22:27:42 2025
Total time elapsed: 7.0m:21.74s
chr9
*********************************************************************
* LD Score Regression (LDSC)
* Version 1.0.1
* (C) 2014-2019 Brendan Bulik-Sullivan and Hilary Finucane
* Broad Institute of MIT and Harvard / MIT Department of Mathematics
* GNU General Public License v3
*********************************************************************
Call: 
./ldsc.py \
--print-snps /anvil/projects/x-mcb130189/rwang22/bican/ref/hm3_no_MHC.list.txt \
--ld-wind-cm 1.0 \
--out /anvil/projects/x-mcb130189/rwang22/bican/ldsc/group-loop/STR_TAC3-PLPP4_GABA.loops.bed.9 \
--bfile /anvil/projects/x-mcb130189/rwang22/bican/ref/GRCh38/plink_files/1000G.EUR.hg38.9 \
--thin-annot  \
--annot STR_TAC3-PLPP4_GABA.loops.bed.9.annot.gz \
--l2  

Beginning analysis at Thu Sep 11 22:27:43 2025
Read list of 437825 SNPs from /anvil/projects/x-mcb130189/rwang22/bican/ref/GRCh38/plink_files/1000G.EUR.hg38.9.bim
Read 1 annotations for 437825 SNPs from STR_TAC3-PLPP4_GABA.loops.bed.9.annot.gz
Read list of 489 individuals from /anvil/projects/x-mcb130189/rwang22/bican/ref/GRCh38/plink_files/1000G.EUR.hg38.9.fam
Reading genotypes from /anvil/projects/x-mcb130189/rwang22/bican/ref/GRCh38/plink_files/1000G.EUR.hg38.9.bed
After filtering, 437825 SNPs remain
Estimating LD Score.
Reading list of 1217311 SNPs for which to print LD Scores from /anvil/projects/x-mcb130189/rwang22/bican/ref/hm3_no_MHC.list.txt
After merging with --print-snps, LD Scores for 55452 SNPs will be printed.
Writing LD Scores for 55452 SNPs to /anvil/projects/x-mcb130189/rwang22/bican/ldsc/group-loop/STR_TAC3-PLPP4_GABA.loops.bed.9.l2.ldscore.gz

Summary of LD Scores in /anvil/projects/x-mcb130189/rwang22/bican/ldsc/group-loop/STR_TAC3-PLPP4_GABA.loops.bed.9.l2.ldscore.gz
         MAF        L2
mean  0.2359   39.3234
std   0.1423   40.4101
min   0.0051   -1.0801
25%   0.1115   10.7041
50%   0.2249   27.1761
75%   0.3569   53.7053
max   0.5000  297.7700

MAF/LD Score Correlation Matrix
        MAF      L2
MAF  1.0000  0.1088
L2   0.1088  1.0000

Annotation Correlation Matrix
       ANNOT
ANNOT    1.0

Annotation Matrix Column Sums
ANNOT    174345

Summary of Annotation Matrix Row Sums
count    437825.0000
mean          0.3982
std           0.4895
min           0.0000
25%           0.0000
50%           0.0000
75%           1.0000
max           1.0000
Analysis finished at Thu Sep 11 22:33:56 2025
Total time elapsed: 6.0m:13.06s
chr10
*********************************************************************
* LD Score Regression (LDSC)
* Version 1.0.1
* (C) 2014-2019 Brendan Bulik-Sullivan and Hilary Finucane
* Broad Institute of MIT and Harvard / MIT Department of Mathematics
* GNU General Public License v3
*********************************************************************
Call: 
./ldsc.py \
--print-snps /anvil/projects/x-mcb130189/rwang22/bican/ref/hm3_no_MHC.list.txt \
--ld-wind-cm 1.0 \
--out /anvil/projects/x-mcb130189/rwang22/bican/ldsc/group-loop/STR_TAC3-PLPP4_GABA.loops.bed.10 \
--bfile /anvil/projects/x-mcb130189/rwang22/bican/ref/GRCh38/plink_files/1000G.EUR.hg38.10 \
--thin-annot  \
--annot STR_TAC3-PLPP4_GABA.loops.bed.10.annot.gz \
--l2  

Beginning analysis at Thu Sep 11 22:33:56 2025
Read list of 510396 SNPs from /anvil/projects/x-mcb130189/rwang22/bican/ref/GRCh38/plink_files/1000G.EUR.hg38.10.bim
Read 1 annotations for 510426 SNPs from STR_TAC3-PLPP4_GABA.loops.bed.10.annot.gz
Read list of 489 individuals from /anvil/projects/x-mcb130189/rwang22/bican/ref/GRCh38/plink_files/1000G.EUR.hg38.10.fam
Reading genotypes from /anvil/projects/x-mcb130189/rwang22/bican/ref/GRCh38/plink_files/1000G.EUR.hg38.10.bed
After filtering, 510396 SNPs remain
Estimating LD Score.
Reading list of 1217311 SNPs for which to print LD Scores from /anvil/projects/x-mcb130189/rwang22/bican/ref/hm3_no_MHC.list.txt
After merging with --print-snps, LD Scores for 64066 SNPs will be printed.
Writing LD Scores for 64066 SNPs to /anvil/projects/x-mcb130189/rwang22/bican/ldsc/group-loop/STR_TAC3-PLPP4_GABA.loops.bed.10.l2.ldscore.gz

Summary of LD Scores in /anvil/projects/x-mcb130189/rwang22/bican/ldsc/group-loop/STR_TAC3-PLPP4_GABA.loops.bed.10.l2.ldscore.gz
         MAF        L2
mean  0.2328   45.9955
std   0.1426   50.3238
min   0.0051   -1.7189
25%   0.1074   12.8856
50%   0.2198   32.1661
75%   0.3538   60.8903
max   0.5000  444.7526

MAF/LD Score Correlation Matrix
        MAF      L2
MAF  1.0000  0.1038
L2   0.1038  1.0000

Annotation Correlation Matrix
       ANNOT
ANNOT    1.0

Annotation Matrix Column Sums
ANNOT    211983

Summary of Annotation Matrix Row Sums
count    510396.0000
mean          0.4153
std           0.4928
min           0.0000
25%           0.0000
50%           0.0000
75%           1.0000
max           1.0000
Analysis finished at Thu Sep 11 22:41:35 2025
Total time elapsed: 7.0m:39.03s
chr11
*********************************************************************
* LD Score Regression (LDSC)
* Version 1.0.1
* (C) 2014-2019 Brendan Bulik-Sullivan and Hilary Finucane
* Broad Institute of MIT and Harvard / MIT Department of Mathematics
* GNU General Public License v3
*********************************************************************
Call: 
./ldsc.py \
--print-snps /anvil/projects/x-mcb130189/rwang22/bican/ref/hm3_no_MHC.list.txt \
--ld-wind-cm 1.0 \
--out /anvil/projects/x-mcb130189/rwang22/bican/ldsc/group-loop/STR_TAC3-PLPP4_GABA.loops.bed.11 \
--bfile /anvil/projects/x-mcb130189/rwang22/bican/ref/GRCh38/plink_files/1000G.EUR.hg38.11 \
--thin-annot  \
--annot STR_TAC3-PLPP4_GABA.loops.bed.11.annot.gz \
--l2  

Beginning analysis at Thu Sep 11 22:41:36 2025
Read list of 493753 SNPs from /anvil/projects/x-mcb130189/rwang22/bican/ref/GRCh38/plink_files/1000G.EUR.hg38.11.bim
Read 1 annotations for 493753 SNPs from STR_TAC3-PLPP4_GABA.loops.bed.11.annot.gz
Read list of 489 individuals from /anvil/projects/x-mcb130189/rwang22/bican/ref/GRCh38/plink_files/1000G.EUR.hg38.11.fam
Reading genotypes from /anvil/projects/x-mcb130189/rwang22/bican/ref/GRCh38/plink_files/1000G.EUR.hg38.11.bed
After filtering, 493753 SNPs remain
Estimating LD Score.
Reading list of 1217311 SNPs for which to print LD Scores from /anvil/projects/x-mcb130189/rwang22/bican/ref/hm3_no_MHC.list.txt
After merging with --print-snps, LD Scores for 60969 SNPs will be printed.
Writing LD Scores for 60969 SNPs to /anvil/projects/x-mcb130189/rwang22/bican/ldsc/group-loop/STR_TAC3-PLPP4_GABA.loops.bed.11.l2.ldscore.gz

Summary of LD Scores in /anvil/projects/x-mcb130189/rwang22/bican/ldsc/group-loop/STR_TAC3-PLPP4_GABA.loops.bed.11.l2.ldscore.gz
         MAF        L2
mean  0.2398   45.7133
std   0.1419   44.8624
min   0.0051   -1.0554
25%   0.1155   13.2473
50%   0.2301   32.6723
75%   0.3609   64.2197
max   0.5000  310.8217

MAF/LD Score Correlation Matrix
        MAF      L2
MAF  1.0000  0.1319
L2   0.1319  1.0000

Annotation Correlation Matrix
       ANNOT
ANNOT    1.0

Annotation Matrix Column Sums
ANNOT    192640

Summary of Annotation Matrix Row Sums
count    493753.0000
mean          0.3902
std           0.4878
min           0.0000
25%           0.0000
50%           0.0000
75%           1.0000
max           1.0000
Analysis finished at Thu Sep 11 22:49:11 2025
Total time elapsed: 7.0m:35.41s
chr12
*********************************************************************
* LD Score Regression (LDSC)
* Version 1.0.1
* (C) 2014-2019 Brendan Bulik-Sullivan and Hilary Finucane
* Broad Institute of MIT and Harvard / MIT Department of Mathematics
* GNU General Public License v3
*********************************************************************
Call: 
./ldsc.py \
--print-snps /anvil/projects/x-mcb130189/rwang22/bican/ref/hm3_no_MHC.list.txt \
--ld-wind-cm 1.0 \
--out /anvil/projects/x-mcb130189/rwang22/bican/ldsc/group-loop/STR_TAC3-PLPP4_GABA.loops.bed.12 \
--bfile /anvil/projects/x-mcb130189/rwang22/bican/ref/GRCh38/plink_files/1000G.EUR.hg38.12 \
--thin-annot  \
--annot STR_TAC3-PLPP4_GABA.loops.bed.12.annot.gz \
--l2  

Beginning analysis at Thu Sep 11 22:49:12 2025
Read list of 480032 SNPs from /anvil/projects/x-mcb130189/rwang22/bican/ref/GRCh38/plink_files/1000G.EUR.hg38.12.bim
Read 1 annotations for 480032 SNPs from STR_TAC3-PLPP4_GABA.loops.bed.12.annot.gz
Read list of 489 individuals from /anvil/projects/x-mcb130189/rwang22/bican/ref/GRCh38/plink_files/1000G.EUR.hg38.12.fam
Reading genotypes from /anvil/projects/x-mcb130189/rwang22/bican/ref/GRCh38/plink_files/1000G.EUR.hg38.12.bed
After filtering, 480032 SNPs remain
Estimating LD Score.
Reading list of 1217311 SNPs for which to print LD Scores from /anvil/projects/x-mcb130189/rwang22/bican/ref/hm3_no_MHC.list.txt
After merging with --print-snps, LD Scores for 58540 SNPs will be printed.
Writing LD Scores for 58540 SNPs to /anvil/projects/x-mcb130189/rwang22/bican/ldsc/group-loop/STR_TAC3-PLPP4_GABA.loops.bed.12.l2.ldscore.gz

Summary of LD Scores in /anvil/projects/x-mcb130189/rwang22/bican/ldsc/group-loop/STR_TAC3-PLPP4_GABA.loops.bed.12.l2.ldscore.gz
         MAF        L2
mean  0.2334   43.6212
std   0.1429   52.7785
min   0.0051   -2.1795
25%   0.1084    9.6884
50%   0.2209   27.4849
75%   0.3558   57.1461
max   0.5000  522.0870

MAF/LD Score Correlation Matrix
        MAF      L2
MAF  1.0000  0.1144
L2   0.1144  1.0000

Annotation Correlation Matrix
       ANNOT
ANNOT    1.0

Annotation Matrix Column Sums
ANNOT    181578

Summary of Annotation Matrix Row Sums
count    480032.0000
mean          0.3783
std           0.4850
min           0.0000
25%           0.0000
50%           0.0000
75%           1.0000
max           1.0000
Analysis finished at Thu Sep 11 22:55:41 2025
Total time elapsed: 6.0m:29.25s
chr13
*********************************************************************
* LD Score Regression (LDSC)
* Version 1.0.1
* (C) 2014-2019 Brendan Bulik-Sullivan and Hilary Finucane
* Broad Institute of MIT and Harvard / MIT Department of Mathematics
* GNU General Public License v3
*********************************************************************
Call: 
./ldsc.py \
--print-snps /anvil/projects/x-mcb130189/rwang22/bican/ref/hm3_no_MHC.list.txt \
--ld-wind-cm 1.0 \
--out /anvil/projects/x-mcb130189/rwang22/bican/ldsc/group-loop/STR_TAC3-PLPP4_GABA.loops.bed.13 \
--bfile /anvil/projects/x-mcb130189/rwang22/bican/ref/GRCh38/plink_files/1000G.EUR.hg38.13 \
--thin-annot  \
--annot STR_TAC3-PLPP4_GABA.loops.bed.13.annot.gz \
--l2  

Beginning analysis at Thu Sep 11 22:55:42 2025
Read list of 366088 SNPs from /anvil/projects/x-mcb130189/rwang22/bican/ref/GRCh38/plink_files/1000G.EUR.hg38.13.bim
Read 1 annotations for 366088 SNPs from STR_TAC3-PLPP4_GABA.loops.bed.13.annot.gz
Read list of 489 individuals from /anvil/projects/x-mcb130189/rwang22/bican/ref/GRCh38/plink_files/1000G.EUR.hg38.13.fam
Reading genotypes from /anvil/projects/x-mcb130189/rwang22/bican/ref/GRCh38/plink_files/1000G.EUR.hg38.13.bed
After filtering, 366088 SNPs remain
Estimating LD Score.
Reading list of 1217311 SNPs for which to print LD Scores from /anvil/projects/x-mcb130189/rwang22/bican/ref/hm3_no_MHC.list.txt
After merging with --print-snps, LD Scores for 45540 SNPs will be printed.
Writing LD Scores for 45540 SNPs to /anvil/projects/x-mcb130189/rwang22/bican/ldsc/group-loop/STR_TAC3-PLPP4_GABA.loops.bed.13.l2.ldscore.gz

Summary of LD Scores in /anvil/projects/x-mcb130189/rwang22/bican/ldsc/group-loop/STR_TAC3-PLPP4_GABA.loops.bed.13.l2.ldscore.gz
         MAF        L2
mean  0.2338   34.3744
std   0.1429   35.2739
min   0.0051   -1.1786
25%   0.1074    7.2624
50%   0.2209   23.8662
75%   0.3548   49.6640
max   0.5000  260.3923

MAF/LD Score Correlation Matrix
        MAF      L2
MAF  1.0000  0.1491
L2   0.1491  1.0000

Annotation Correlation Matrix
       ANNOT
ANNOT    1.0

Annotation Matrix Column Sums
ANNOT    130735

Summary of Annotation Matrix Row Sums
count    366088.0000
mean          0.3571
std           0.4791
min           0.0000
25%           0.0000
50%           0.0000
75%           1.0000
max           1.0000
Analysis finished at Thu Sep 11 23:01:06 2025
Total time elapsed: 5.0m:24.05s
chr14
*********************************************************************
* LD Score Regression (LDSC)
* Version 1.0.1
* (C) 2014-2019 Brendan Bulik-Sullivan and Hilary Finucane
* Broad Institute of MIT and Harvard / MIT Department of Mathematics
* GNU General Public License v3
*********************************************************************
Call: 
./ldsc.py \
--print-snps /anvil/projects/x-mcb130189/rwang22/bican/ref/hm3_no_MHC.list.txt \
--ld-wind-cm 1.0 \
--out /anvil/projects/x-mcb130189/rwang22/bican/ldsc/group-loop/STR_TAC3-PLPP4_GABA.loops.bed.14 \
--bfile /anvil/projects/x-mcb130189/rwang22/bican/ref/GRCh38/plink_files/1000G.EUR.hg38.14 \
--thin-annot  \
--annot STR_TAC3-PLPP4_GABA.loops.bed.14.annot.gz \
--l2  

Beginning analysis at Thu Sep 11 23:01:07 2025
Read list of 323965 SNPs from /anvil/projects/x-mcb130189/rwang22/bican/ref/GRCh38/plink_files/1000G.EUR.hg38.14.bim
Read 1 annotations for 323965 SNPs from STR_TAC3-PLPP4_GABA.loops.bed.14.annot.gz
Read list of 489 individuals from /anvil/projects/x-mcb130189/rwang22/bican/ref/GRCh38/plink_files/1000G.EUR.hg38.14.fam
Reading genotypes from /anvil/projects/x-mcb130189/rwang22/bican/ref/GRCh38/plink_files/1000G.EUR.hg38.14.bed
After filtering, 323965 SNPs remain
Estimating LD Score.
Reading list of 1217311 SNPs for which to print LD Scores from /anvil/projects/x-mcb130189/rwang22/bican/ref/hm3_no_MHC.list.txt
After merging with --print-snps, LD Scores for 39424 SNPs will be printed.
Writing LD Scores for 39424 SNPs to /anvil/projects/x-mcb130189/rwang22/bican/ldsc/group-loop/STR_TAC3-PLPP4_GABA.loops.bed.14.l2.ldscore.gz

Summary of LD Scores in /anvil/projects/x-mcb130189/rwang22/bican/ldsc/group-loop/STR_TAC3-PLPP4_GABA.loops.bed.14.l2.ldscore.gz
         MAF        L2
mean  0.2320   44.5639
std   0.1425   51.9720
min   0.0051   -1.2069
25%   0.1074   11.7318
50%   0.2198   29.2348
75%   0.3507   58.2993
max   0.5000  425.4021

MAF/LD Score Correlation Matrix
        MAF      L2
MAF  1.0000  0.0778
L2   0.0778  1.0000

Annotation Correlation Matrix
       ANNOT
ANNOT    1.0

Annotation Matrix Column Sums
ANNOT    130217

Summary of Annotation Matrix Row Sums
count    323965.0000
mean          0.4019
std           0.4903
min           0.0000
25%           0.0000
50%           0.0000
75%           1.0000
max           1.0000
Analysis finished at Thu Sep 11 23:05:40 2025
Total time elapsed: 4.0m:33.4s
chr15
*********************************************************************
* LD Score Regression (LDSC)
* Version 1.0.1
* (C) 2014-2019 Brendan Bulik-Sullivan and Hilary Finucane
* Broad Institute of MIT and Harvard / MIT Department of Mathematics
* GNU General Public License v3
*********************************************************************
Call: 
./ldsc.py \
--print-snps /anvil/projects/x-mcb130189/rwang22/bican/ref/hm3_no_MHC.list.txt \
--ld-wind-cm 1.0 \
--out /anvil/projects/x-mcb130189/rwang22/bican/ldsc/group-loop/STR_TAC3-PLPP4_GABA.loops.bed.15 \
--bfile /anvil/projects/x-mcb130189/rwang22/bican/ref/GRCh38/plink_files/1000G.EUR.hg38.15 \
--thin-annot  \
--annot STR_TAC3-PLPP4_GABA.loops.bed.15.annot.gz \
--l2  

Beginning analysis at Thu Sep 11 23:05:41 2025
Read list of 286945 SNPs from /anvil/projects/x-mcb130189/rwang22/bican/ref/GRCh38/plink_files/1000G.EUR.hg38.15.bim
Read 1 annotations for 286945 SNPs from STR_TAC3-PLPP4_GABA.loops.bed.15.annot.gz
Read list of 489 individuals from /anvil/projects/x-mcb130189/rwang22/bican/ref/GRCh38/plink_files/1000G.EUR.hg38.15.fam
Reading genotypes from /anvil/projects/x-mcb130189/rwang22/bican/ref/GRCh38/plink_files/1000G.EUR.hg38.15.bed
After filtering, 286945 SNPs remain
Estimating LD Score.
Reading list of 1217311 SNPs for which to print LD Scores from /anvil/projects/x-mcb130189/rwang22/bican/ref/hm3_no_MHC.list.txt
After merging with --print-snps, LD Scores for 35837 SNPs will be printed.
Writing LD Scores for 35837 SNPs to /anvil/projects/x-mcb130189/rwang22/bican/ldsc/group-loop/STR_TAC3-PLPP4_GABA.loops.bed.15.l2.ldscore.gz

Summary of LD Scores in /anvil/projects/x-mcb130189/rwang22/bican/ldsc/group-loop/STR_TAC3-PLPP4_GABA.loops.bed.15.l2.ldscore.gz
         MAF        L2
mean  0.2379   43.9568
std   0.1441   50.6629
min   0.0051   -1.4715
25%   0.1104    8.4177
50%   0.2270   29.3350
75%   0.3640   60.5190
max   0.5000  414.0503

MAF/LD Score Correlation Matrix
        MAF      L2
MAF  1.0000  0.1015
L2   0.1015  1.0000

Annotation Correlation Matrix
       ANNOT
ANNOT    1.0

Annotation Matrix Column Sums
ANNOT    116560

Summary of Annotation Matrix Row Sums
count    286945.0000
mean          0.4062
std           0.4911
min           0.0000
25%           0.0000
50%           0.0000
75%           1.0000
max           1.0000
Analysis finished at Thu Sep 11 23:07:04 2025
Total time elapsed: 1.0m:23.32s
chr16
*********************************************************************
* LD Score Regression (LDSC)
* Version 1.0.1
* (C) 2014-2019 Brendan Bulik-Sullivan and Hilary Finucane
* Broad Institute of MIT and Harvard / MIT Department of Mathematics
* GNU General Public License v3
*********************************************************************
Call: 
./ldsc.py \
--print-snps /anvil/projects/x-mcb130189/rwang22/bican/ref/hm3_no_MHC.list.txt \
--ld-wind-cm 1.0 \
--out /anvil/projects/x-mcb130189/rwang22/bican/ldsc/group-loop/STR_TAC3-PLPP4_GABA.loops.bed.16 \
--bfile /anvil/projects/x-mcb130189/rwang22/bican/ref/GRCh38/plink_files/1000G.EUR.hg38.16 \
--thin-annot  \
--annot STR_TAC3-PLPP4_GABA.loops.bed.16.annot.gz \
--l2  

Beginning analysis at Thu Sep 11 23:07:04 2025
Read list of 316962 SNPs from /anvil/projects/x-mcb130189/rwang22/bican/ref/GRCh38/plink_files/1000G.EUR.hg38.16.bim
Read 1 annotations for 316962 SNPs from STR_TAC3-PLPP4_GABA.loops.bed.16.annot.gz
Read list of 489 individuals from /anvil/projects/x-mcb130189/rwang22/bican/ref/GRCh38/plink_files/1000G.EUR.hg38.16.fam
Reading genotypes from /anvil/projects/x-mcb130189/rwang22/bican/ref/GRCh38/plink_files/1000G.EUR.hg38.16.bed
After filtering, 316962 SNPs remain
Estimating LD Score.
Reading list of 1217311 SNPs for which to print LD Scores from /anvil/projects/x-mcb130189/rwang22/bican/ref/hm3_no_MHC.list.txt
After merging with --print-snps, LD Scores for 36526 SNPs will be printed.
Writing LD Scores for 36526 SNPs to /anvil/projects/x-mcb130189/rwang22/bican/ldsc/group-loop/STR_TAC3-PLPP4_GABA.loops.bed.16.l2.ldscore.gz

Summary of LD Scores in /anvil/projects/x-mcb130189/rwang22/bican/ldsc/group-loop/STR_TAC3-PLPP4_GABA.loops.bed.16.l2.ldscore.gz
         MAF        L2
mean  0.2389   41.5231
std   0.1426   48.4304
min   0.0051   -1.0435
25%   0.1145    9.0342
50%   0.2311   26.7327
75%   0.3599   55.6815
max   0.5000  370.1346

MAF/LD Score Correlation Matrix
        MAF      L2
MAF  1.0000  0.0756
L2   0.0756  1.0000

Annotation Correlation Matrix
       ANNOT
ANNOT    1.0

Annotation Matrix Column Sums
ANNOT    138272

Summary of Annotation Matrix Row Sums
count    316962.0000
mean          0.4362
std           0.4959
min           0.0000
25%           0.0000
50%           0.0000
75%           1.0000
max           1.0000
Analysis finished at Thu Sep 11 23:12:11 2025
Total time elapsed: 5.0m:6.95s
chr17
*********************************************************************
* LD Score Regression (LDSC)
* Version 1.0.1
* (C) 2014-2019 Brendan Bulik-Sullivan and Hilary Finucane
* Broad Institute of MIT and Harvard / MIT Department of Mathematics
* GNU General Public License v3
*********************************************************************
Call: 
./ldsc.py \
--print-snps /anvil/projects/x-mcb130189/rwang22/bican/ref/hm3_no_MHC.list.txt \
--ld-wind-cm 1.0 \
--out /anvil/projects/x-mcb130189/rwang22/bican/ldsc/group-loop/STR_TAC3-PLPP4_GABA.loops.bed.17 \
--bfile /anvil/projects/x-mcb130189/rwang22/bican/ref/GRCh38/plink_files/1000G.EUR.hg38.17 \
--thin-annot  \
--annot STR_TAC3-PLPP4_GABA.loops.bed.17.annot.gz \
--l2  

Beginning analysis at Thu Sep 11 23:12:12 2025
Read list of 268764 SNPs from /anvil/projects/x-mcb130189/rwang22/bican/ref/GRCh38/plink_files/1000G.EUR.hg38.17.bim
Read 1 annotations for 268764 SNPs from STR_TAC3-PLPP4_GABA.loops.bed.17.annot.gz
Read list of 489 individuals from /anvil/projects/x-mcb130189/rwang22/bican/ref/GRCh38/plink_files/1000G.EUR.hg38.17.fam
Reading genotypes from /anvil/projects/x-mcb130189/rwang22/bican/ref/GRCh38/plink_files/1000G.EUR.hg38.17.bed
After filtering, 268764 SNPs remain
Estimating LD Score.
Reading list of 1217311 SNPs for which to print LD Scores from /anvil/projects/x-mcb130189/rwang22/bican/ref/hm3_no_MHC.list.txt
After merging with --print-snps, LD Scores for 32165 SNPs will be printed.
Writing LD Scores for 32165 SNPs to /anvil/projects/x-mcb130189/rwang22/bican/ldsc/group-loop/STR_TAC3-PLPP4_GABA.loops.bed.17.l2.ldscore.gz

Summary of LD Scores in /anvil/projects/x-mcb130189/rwang22/bican/ldsc/group-loop/STR_TAC3-PLPP4_GABA.loops.bed.17.l2.ldscore.gz
         MAF        L2
mean  0.2427   41.1063
std   0.1445   48.3688
min   0.0051   -1.6091
25%   0.1145    8.3471
50%   0.2352   25.1399
75%   0.3681   55.1208
max   0.5000  420.9342

MAF/LD Score Correlation Matrix
        MAF      L2
MAF  1.0000  0.2046
L2   0.2046  1.0000

Annotation Correlation Matrix
       ANNOT
ANNOT    1.0

Annotation Matrix Column Sums
ANNOT    114628

Summary of Annotation Matrix Row Sums
count    268764.0000
mean          0.4265
std           0.4946
min           0.0000
25%           0.0000
50%           0.0000
75%           1.0000
max           1.0000
Analysis finished at Thu Sep 11 23:14:55 2025
Total time elapsed: 2.0m:43.24s
chr18
*********************************************************************
* LD Score Regression (LDSC)
* Version 1.0.1
* (C) 2014-2019 Brendan Bulik-Sullivan and Hilary Finucane
* Broad Institute of MIT and Harvard / MIT Department of Mathematics
* GNU General Public License v3
*********************************************************************
Call: 
./ldsc.py \
--print-snps /anvil/projects/x-mcb130189/rwang22/bican/ref/hm3_no_MHC.list.txt \
--ld-wind-cm 1.0 \
--out /anvil/projects/x-mcb130189/rwang22/bican/ldsc/group-loop/STR_TAC3-PLPP4_GABA.loops.bed.18 \
--bfile /anvil/projects/x-mcb130189/rwang22/bican/ref/GRCh38/plink_files/1000G.EUR.hg38.18 \
--thin-annot  \
--annot STR_TAC3-PLPP4_GABA.loops.bed.18.annot.gz \
--l2  

Beginning analysis at Thu Sep 11 23:14:56 2025
Read list of 285134 SNPs from /anvil/projects/x-mcb130189/rwang22/bican/ref/GRCh38/plink_files/1000G.EUR.hg38.18.bim
Read 1 annotations for 285134 SNPs from STR_TAC3-PLPP4_GABA.loops.bed.18.annot.gz
Read list of 489 individuals from /anvil/projects/x-mcb130189/rwang22/bican/ref/GRCh38/plink_files/1000G.EUR.hg38.18.fam
Reading genotypes from /anvil/projects/x-mcb130189/rwang22/bican/ref/GRCh38/plink_files/1000G.EUR.hg38.18.bed
After filtering, 285134 SNPs remain
Estimating LD Score.
Reading list of 1217311 SNPs for which to print LD Scores from /anvil/projects/x-mcb130189/rwang22/bican/ref/hm3_no_MHC.list.txt
After merging with --print-snps, LD Scores for 35509 SNPs will be printed.
Writing LD Scores for 35509 SNPs to /anvil/projects/x-mcb130189/rwang22/bican/ldsc/group-loop/STR_TAC3-PLPP4_GABA.loops.bed.18.l2.ldscore.gz

Summary of LD Scores in /anvil/projects/x-mcb130189/rwang22/bican/ldsc/group-loop/STR_TAC3-PLPP4_GABA.loops.bed.18.l2.ldscore.gz
         MAF        L2
mean  0.2364   34.7293
std   0.1423   34.3309
min   0.0051   -1.2431
25%   0.1115    7.4108
50%   0.2260   25.8442
75%   0.3569   50.7906
max   0.5000  230.9877

MAF/LD Score Correlation Matrix
        MAF      L2
MAF  1.0000  0.1346
L2   0.1346  1.0000

Annotation Correlation Matrix
       ANNOT
ANNOT    1.0

Annotation Matrix Column Sums
ANNOT    107201

Summary of Annotation Matrix Row Sums
count    285134.0000
mean          0.3760
std           0.4844
min           0.0000
25%           0.0000
50%           0.0000
75%           1.0000
max           1.0000
Analysis finished at Thu Sep 11 23:21:31 2025
Total time elapsed: 6.0m:35.39s
chr19
*********************************************************************
* LD Score Regression (LDSC)
* Version 1.0.1
* (C) 2014-2019 Brendan Bulik-Sullivan and Hilary Finucane
* Broad Institute of MIT and Harvard / MIT Department of Mathematics
* GNU General Public License v3
*********************************************************************
Call: 
./ldsc.py \
--print-snps /anvil/projects/x-mcb130189/rwang22/bican/ref/hm3_no_MHC.list.txt \
--ld-wind-cm 1.0 \
--out /anvil/projects/x-mcb130189/rwang22/bican/ldsc/group-loop/STR_TAC3-PLPP4_GABA.loops.bed.19 \
--bfile /anvil/projects/x-mcb130189/rwang22/bican/ref/GRCh38/plink_files/1000G.EUR.hg38.19 \
--thin-annot  \
--annot STR_TAC3-PLPP4_GABA.loops.bed.19.annot.gz \
--l2  

Beginning analysis at Thu Sep 11 23:21:32 2025
Read list of 231694 SNPs from /anvil/projects/x-mcb130189/rwang22/bican/ref/GRCh38/plink_files/1000G.EUR.hg38.19.bim
Read 1 annotations for 231694 SNPs from STR_TAC3-PLPP4_GABA.loops.bed.19.annot.gz
Read list of 489 individuals from /anvil/projects/x-mcb130189/rwang22/bican/ref/GRCh38/plink_files/1000G.EUR.hg38.19.fam
Reading genotypes from /anvil/projects/x-mcb130189/rwang22/bican/ref/GRCh38/plink_files/1000G.EUR.hg38.19.bed
After filtering, 231694 SNPs remain
Estimating LD Score.
Reading list of 1217311 SNPs for which to print LD Scores from /anvil/projects/x-mcb130189/rwang22/bican/ref/hm3_no_MHC.list.txt
After merging with --print-snps, LD Scores for 22454 SNPs will be printed.
Writing LD Scores for 22454 SNPs to /anvil/projects/x-mcb130189/rwang22/bican/ldsc/group-loop/STR_TAC3-PLPP4_GABA.loops.bed.19.l2.ldscore.gz

Summary of LD Scores in /anvil/projects/x-mcb130189/rwang22/bican/ldsc/group-loop/STR_TAC3-PLPP4_GABA.loops.bed.19.l2.ldscore.gz
         MAF        L2
mean  0.2383   39.3589
std   0.1421   43.6666
min   0.0051   -1.4638
25%   0.1145    7.6683
50%   0.2331   28.0100
75%   0.3569   55.1876
max   0.5000  374.6002

MAF/LD Score Correlation Matrix
        MAF      L2
MAF  1.0000  0.0898
L2   0.0898  1.0000

Annotation Correlation Matrix
       ANNOT
ANNOT    1.0

Annotation Matrix Column Sums
ANNOT    100651

Summary of Annotation Matrix Row Sums
count    231694.0000
mean          0.4344
std           0.4957
min           0.0000
25%           0.0000
50%           0.0000
75%           1.0000
max           1.0000
Analysis finished at Thu Sep 11 23:24:10 2025
Total time elapsed: 2.0m:37.68s
chr20
*********************************************************************
* LD Score Regression (LDSC)
* Version 1.0.1
* (C) 2014-2019 Brendan Bulik-Sullivan and Hilary Finucane
* Broad Institute of MIT and Harvard / MIT Department of Mathematics
* GNU General Public License v3
*********************************************************************
Call: 
./ldsc.py \
--print-snps /anvil/projects/x-mcb130189/rwang22/bican/ref/hm3_no_MHC.list.txt \
--ld-wind-cm 1.0 \
--out /anvil/projects/x-mcb130189/rwang22/bican/ldsc/group-loop/STR_TAC3-PLPP4_GABA.loops.bed.20 \
--bfile /anvil/projects/x-mcb130189/rwang22/bican/ref/GRCh38/plink_files/1000G.EUR.hg38.20 \
--thin-annot  \
--annot STR_TAC3-PLPP4_GABA.loops.bed.20.annot.gz \
--l2  

Beginning analysis at Thu Sep 11 23:24:10 2025
Read list of 221582 SNPs from /anvil/projects/x-mcb130189/rwang22/bican/ref/GRCh38/plink_files/1000G.EUR.hg38.20.bim
Read 1 annotations for 221582 SNPs from STR_TAC3-PLPP4_GABA.loops.bed.20.annot.gz
Read list of 489 individuals from /anvil/projects/x-mcb130189/rwang22/bican/ref/GRCh38/plink_files/1000G.EUR.hg38.20.fam
Reading genotypes from /anvil/projects/x-mcb130189/rwang22/bican/ref/GRCh38/plink_files/1000G.EUR.hg38.20.bed
After filtering, 221582 SNPs remain
Estimating LD Score.
Reading list of 1217311 SNPs for which to print LD Scores from /anvil/projects/x-mcb130189/rwang22/bican/ref/hm3_no_MHC.list.txt
After merging with --print-snps, LD Scores for 31092 SNPs will be printed.
Writing LD Scores for 31092 SNPs to /anvil/projects/x-mcb130189/rwang22/bican/ldsc/group-loop/STR_TAC3-PLPP4_GABA.loops.bed.20.l2.ldscore.gz

Summary of LD Scores in /anvil/projects/x-mcb130189/rwang22/bican/ldsc/group-loop/STR_TAC3-PLPP4_GABA.loops.bed.20.l2.ldscore.gz
         MAF        L2
mean  0.2344   46.9848
std   0.1427   54.7097
min   0.0051   -1.2886
25%   0.1074   12.8641
50%   0.2229   31.1739
75%   0.3558   58.0757
max   0.5000  459.7345

MAF/LD Score Correlation Matrix
        MAF      L2
MAF  1.0000  0.1695
L2   0.1695  1.0000

Annotation Correlation Matrix
       ANNOT
ANNOT    1.0

Annotation Matrix Column Sums
ANNOT    110875

Summary of Annotation Matrix Row Sums
count    221582.0000
mean          0.5004
std           0.5000
min           0.0000
25%           0.0000
50%           1.0000
75%           1.0000
max           1.0000
Analysis finished at Thu Sep 11 23:26:08 2025
Total time elapsed: 1.0m:57.83s
chr21
*********************************************************************
* LD Score Regression (LDSC)
* Version 1.0.1
* (C) 2014-2019 Brendan Bulik-Sullivan and Hilary Finucane
* Broad Institute of MIT and Harvard / MIT Department of Mathematics
* GNU General Public License v3
*********************************************************************
Call: 
./ldsc.py \
--print-snps /anvil/projects/x-mcb130189/rwang22/bican/ref/hm3_no_MHC.list.txt \
--ld-wind-cm 1.0 \
--out /anvil/projects/x-mcb130189/rwang22/bican/ldsc/group-loop/STR_TAC3-PLPP4_GABA.loops.bed.21 \
--bfile /anvil/projects/x-mcb130189/rwang22/bican/ref/GRCh38/plink_files/1000G.EUR.hg38.21 \
--thin-annot  \
--annot STR_TAC3-PLPP4_GABA.loops.bed.21.annot.gz \
--l2  

Beginning analysis at Thu Sep 11 23:26:09 2025
Read list of 138654 SNPs from /anvil/projects/x-mcb130189/rwang22/bican/ref/GRCh38/plink_files/1000G.EUR.hg38.21.bim
Read 1 annotations for 138654 SNPs from STR_TAC3-PLPP4_GABA.loops.bed.21.annot.gz
Read list of 489 individuals from /anvil/projects/x-mcb130189/rwang22/bican/ref/GRCh38/plink_files/1000G.EUR.hg38.21.fam
Reading genotypes from /anvil/projects/x-mcb130189/rwang22/bican/ref/GRCh38/plink_files/1000G.EUR.hg38.21.bed
After filtering, 138654 SNPs remain
Estimating LD Score.
Reading list of 1217311 SNPs for which to print LD Scores from /anvil/projects/x-mcb130189/rwang22/bican/ref/hm3_no_MHC.list.txt
After merging with --print-snps, LD Scores for 17028 SNPs will be printed.
Writing LD Scores for 17028 SNPs to /anvil/projects/x-mcb130189/rwang22/bican/ldsc/group-loop/STR_TAC3-PLPP4_GABA.loops.bed.21.l2.ldscore.gz

Summary of LD Scores in /anvil/projects/x-mcb130189/rwang22/bican/ldsc/group-loop/STR_TAC3-PLPP4_GABA.loops.bed.21.l2.ldscore.gz
         MAF        L2
mean  0.2421   35.4585
std   0.1414   42.5257
min   0.0051   -1.0476
25%   0.1186    4.9551
50%   0.2321   21.5716
75%   0.3650   48.9892
max   0.5000  290.8664

MAF/LD Score Correlation Matrix
        MAF      L2
MAF  1.0000  0.1496
L2   0.1496  1.0000

Annotation Correlation Matrix
       ANNOT
ANNOT    1.0

Annotation Matrix Column Sums
ANNOT    50575

Summary of Annotation Matrix Row Sums
count    138654.0000
mean          0.3648
std           0.4814
min           0.0000
25%           0.0000
50%           0.0000
75%           1.0000
max           1.0000
Analysis finished at Thu Sep 11 23:27:27 2025
Total time elapsed: 1.0m:18.29s
chr22
*********************************************************************
* LD Score Regression (LDSC)
* Version 1.0.1
* (C) 2014-2019 Brendan Bulik-Sullivan and Hilary Finucane
* Broad Institute of MIT and Harvard / MIT Department of Mathematics
* GNU General Public License v3
*********************************************************************
Call: 
./ldsc.py \
--print-snps /anvil/projects/x-mcb130189/rwang22/bican/ref/hm3_no_MHC.list.txt \
--ld-wind-cm 1.0 \
--out /anvil/projects/x-mcb130189/rwang22/bican/ldsc/group-loop/STR_TAC3-PLPP4_GABA.loops.bed.22 \
--bfile /anvil/projects/x-mcb130189/rwang22/bican/ref/GRCh38/plink_files/1000G.EUR.hg38.22 \
--thin-annot  \
--annot STR_TAC3-PLPP4_GABA.loops.bed.22.annot.gz \
--l2  

Beginning analysis at Thu Sep 11 23:27:28 2025
Read list of 140592 SNPs from /anvil/projects/x-mcb130189/rwang22/bican/ref/GRCh38/plink_files/1000G.EUR.hg38.22.bim
Read 1 annotations for 140592 SNPs from STR_TAC3-PLPP4_GABA.loops.bed.22.annot.gz
Read list of 489 individuals from /anvil/projects/x-mcb130189/rwang22/bican/ref/GRCh38/plink_files/1000G.EUR.hg38.22.fam
Reading genotypes from /anvil/projects/x-mcb130189/rwang22/bican/ref/GRCh38/plink_files/1000G.EUR.hg38.22.bed
After filtering, 140592 SNPs remain
Estimating LD Score.
Reading list of 1217311 SNPs for which to print LD Scores from /anvil/projects/x-mcb130189/rwang22/bican/ref/hm3_no_MHC.list.txt
After merging with --print-snps, LD Scores for 17450 SNPs will be printed.
Writing LD Scores for 17450 SNPs to /anvil/projects/x-mcb130189/rwang22/bican/ldsc/group-loop/STR_TAC3-PLPP4_GABA.loops.bed.22.l2.ldscore.gz

Summary of LD Scores in /anvil/projects/x-mcb130189/rwang22/bican/ldsc/group-loop/STR_TAC3-PLPP4_GABA.loops.bed.22.l2.ldscore.gz
         MAF        L2
mean  0.2366   48.6525
std   0.1435   52.9579
min   0.0051   -0.9372
25%   0.1094   11.4416
50%   0.2280   32.7649
75%   0.3579   68.1363
max   0.5000  390.7368

MAF/LD Score Correlation Matrix
       MAF     L2
MAF  1.000  0.117
L2   0.117  1.000

Annotation Correlation Matrix
       ANNOT
ANNOT    1.0

Annotation Matrix Column Sums
ANNOT    69453

Summary of Annotation Matrix Row Sums
count    140592.000
mean          0.494
std           0.500
min           0.000
25%           0.000
50%           0.000
75%           1.000
max           1.000
Analysis finished at Thu Sep 11 23:29:04 2025
Total time elapsed: 1.0m:36.12s
