chr1
making annot file
chr2
making annot file
chr3
making annot file
chr4
making annot file
chr5
making annot file
chr6
making annot file
chr7
making annot file
chr8
making annot file
chr9
making annot file
chr10
making annot file
chr11
making annot file
chr12
making annot file
chr13
making annot file
chr14
making annot file
chr15
making annot file
chr16
making annot file
chr17
making annot file
chr18
making annot file
chr19
making annot file
chr20
making annot file
chr21
making annot file
chr22
making annot file
chr1
*********************************************************************
* LD Score Regression (LDSC)
* Version 1.0.1
* (C) 2014-2019 Brendan Bulik-Sullivan and Hilary Finucane
* Broad Institute of MIT and Harvard / MIT Department of Mathematics
* GNU General Public License v3
*********************************************************************
Call: 
./ldsc.py \
--print-snps /anvil/projects/x-mcb130189/rwang22/bican/ref/hm3_no_MHC.list.txt \
--ld-wind-cm 1.0 \
--out /anvil/projects/x-mcb130189/rwang22/bican/ldsc/ldscore/hypo/SMC.hypo.dmr.bed.1 \
--bfile /anvil/projects/x-mcb130189/rwang22/bican/ref/GRCh38/plink_files/1000G.EUR.hg38.1 \
--thin-annot  \
--annot SMC.hypo.dmr.bed.1.annot.gz \
--l2  

Beginning analysis at Fri Sep 12 18:01:11 2025
Read list of 778603 SNPs from /anvil/projects/x-mcb130189/rwang22/bican/ref/GRCh38/plink_files/1000G.EUR.hg38.1.bim
Read 1 annotations for 778605 SNPs from SMC.hypo.dmr.bed.1.annot.gz
Read list of 489 individuals from /anvil/projects/x-mcb130189/rwang22/bican/ref/GRCh38/plink_files/1000G.EUR.hg38.1.fam
Reading genotypes from /anvil/projects/x-mcb130189/rwang22/bican/ref/GRCh38/plink_files/1000G.EUR.hg38.1.bed
After filtering, 778603 SNPs remain
Estimating LD Score.
Reading list of 1217311 SNPs for which to print LD Scores from /anvil/projects/x-mcb130189/rwang22/bican/ref/hm3_no_MHC.list.txt
After merging with --print-snps, LD Scores for 98576 SNPs will be printed.
Writing LD Scores for 98576 SNPs to /anvil/projects/x-mcb130189/rwang22/bican/ldsc/ldscore/hypo/SMC.hypo.dmr.bed.1.l2.ldscore.gz

Summary of LD Scores in /anvil/projects/x-mcb130189/rwang22/bican/ldsc/ldscore/hypo/SMC.hypo.dmr.bed.1.l2.ldscore.gz
         MAF       L2
mean  0.2346   4.1457
std   0.1432   4.4407
min   0.0051  -0.2558
25%   0.1084   1.3696
50%   0.2239   2.8749
75%   0.3558   5.3660
max   0.5000  55.5821

MAF/LD Score Correlation Matrix
        MAF      L2
MAF  1.0000  0.1732
L2   0.1732  1.0000

Annotation Correlation Matrix
       ANNOT
ANNOT    1.0

Annotation Matrix Column Sums
ANNOT    28989

Summary of Annotation Matrix Row Sums
count    778603.0000
mean          0.0372
std           0.1893
min           0.0000
25%           0.0000
50%           0.0000
75%           0.0000
max           1.0000
Analysis finished at Fri Sep 12 18:13:12 2025
Total time elapsed: 12.0m:0.82s
chr2
*********************************************************************
* LD Score Regression (LDSC)
* Version 1.0.1
* (C) 2014-2019 Brendan Bulik-Sullivan and Hilary Finucane
* Broad Institute of MIT and Harvard / MIT Department of Mathematics
* GNU General Public License v3
*********************************************************************
Call: 
./ldsc.py \
--print-snps /anvil/projects/x-mcb130189/rwang22/bican/ref/hm3_no_MHC.list.txt \
--ld-wind-cm 1.0 \
--out /anvil/projects/x-mcb130189/rwang22/bican/ldsc/ldscore/hypo/SMC.hypo.dmr.bed.2 \
--bfile /anvil/projects/x-mcb130189/rwang22/bican/ref/GRCh38/plink_files/1000G.EUR.hg38.2 \
--thin-annot  \
--annot SMC.hypo.dmr.bed.2.annot.gz \
--l2  

Beginning analysis at Fri Sep 12 18:13:15 2025
Read list of 839257 SNPs from /anvil/projects/x-mcb130189/rwang22/bican/ref/GRCh38/plink_files/1000G.EUR.hg38.2.bim
Read 1 annotations for 839257 SNPs from SMC.hypo.dmr.bed.2.annot.gz
Read list of 489 individuals from /anvil/projects/x-mcb130189/rwang22/bican/ref/GRCh38/plink_files/1000G.EUR.hg38.2.fam
Reading genotypes from /anvil/projects/x-mcb130189/rwang22/bican/ref/GRCh38/plink_files/1000G.EUR.hg38.2.bed
After filtering, 839257 SNPs remain
Estimating LD Score.
Reading list of 1217311 SNPs for which to print LD Scores from /anvil/projects/x-mcb130189/rwang22/bican/ref/hm3_no_MHC.list.txt
After merging with --print-snps, LD Scores for 99718 SNPs will be printed.
Writing LD Scores for 99718 SNPs to /anvil/projects/x-mcb130189/rwang22/bican/ldsc/ldscore/hypo/SMC.hypo.dmr.bed.2.l2.ldscore.gz

Summary of LD Scores in /anvil/projects/x-mcb130189/rwang22/bican/ldsc/ldscore/hypo/SMC.hypo.dmr.bed.2.l2.ldscore.gz
         MAF       L2
mean  0.2384   4.7426
std   0.1431   4.4679
min   0.0051  -0.2891
25%   0.1125   1.7023
50%   0.2290   3.4768
75%   0.3620   6.3368
max   0.5000  44.8837

MAF/LD Score Correlation Matrix
        MAF      L2
MAF  1.0000  0.1363
L2   0.1363  1.0000

Annotation Correlation Matrix
       ANNOT
ANNOT    1.0

Annotation Matrix Column Sums
ANNOT    32406

Summary of Annotation Matrix Row Sums
count    839257.0000
mean          0.0386
std           0.1927
min           0.0000
25%           0.0000
50%           0.0000
75%           0.0000
max           1.0000
Analysis finished at Fri Sep 12 18:28:53 2025
Total time elapsed: 15.0m:38.18s
chr3
*********************************************************************
* LD Score Regression (LDSC)
* Version 1.0.1
* (C) 2014-2019 Brendan Bulik-Sullivan and Hilary Finucane
* Broad Institute of MIT and Harvard / MIT Department of Mathematics
* GNU General Public License v3
*********************************************************************
Call: 
./ldsc.py \
--print-snps /anvil/projects/x-mcb130189/rwang22/bican/ref/hm3_no_MHC.list.txt \
--ld-wind-cm 1.0 \
--out /anvil/projects/x-mcb130189/rwang22/bican/ldsc/ldscore/hypo/SMC.hypo.dmr.bed.3 \
--bfile /anvil/projects/x-mcb130189/rwang22/bican/ref/GRCh38/plink_files/1000G.EUR.hg38.3 \
--thin-annot  \
--annot SMC.hypo.dmr.bed.3.annot.gz \
--l2  

Beginning analysis at Fri Sep 12 18:28:56 2025
Read list of 706163 SNPs from /anvil/projects/x-mcb130189/rwang22/bican/ref/GRCh38/plink_files/1000G.EUR.hg38.3.bim
Read 1 annotations for 706163 SNPs from SMC.hypo.dmr.bed.3.annot.gz
Read list of 489 individuals from /anvil/projects/x-mcb130189/rwang22/bican/ref/GRCh38/plink_files/1000G.EUR.hg38.3.fam
Reading genotypes from /anvil/projects/x-mcb130189/rwang22/bican/ref/GRCh38/plink_files/1000G.EUR.hg38.3.bed
After filtering, 706163 SNPs remain
Estimating LD Score.
Reading list of 1217311 SNPs for which to print LD Scores from /anvil/projects/x-mcb130189/rwang22/bican/ref/hm3_no_MHC.list.txt
After merging with --print-snps, LD Scores for 83015 SNPs will be printed.
Writing LD Scores for 83015 SNPs to /anvil/projects/x-mcb130189/rwang22/bican/ldsc/ldscore/hypo/SMC.hypo.dmr.bed.3.l2.ldscore.gz

Summary of LD Scores in /anvil/projects/x-mcb130189/rwang22/bican/ldsc/ldscore/hypo/SMC.hypo.dmr.bed.3.l2.ldscore.gz
         MAF       L2
mean  0.2408   5.0644
std   0.1426   6.0705
min   0.0051  -0.2783
25%   0.1166   1.6383
50%   0.2321   3.4074
75%   0.3630   6.2673
max   0.5000  80.9763

MAF/LD Score Correlation Matrix
        MAF      L2
MAF  1.0000  0.1072
L2   0.1072  1.0000

Annotation Correlation Matrix
       ANNOT
ANNOT    1.0

Annotation Matrix Column Sums
ANNOT    27105

Summary of Annotation Matrix Row Sums
count    706163.0000
mean          0.0384
std           0.1921
min           0.0000
25%           0.0000
50%           0.0000
75%           0.0000
max           1.0000
Analysis finished at Fri Sep 12 18:41:41 2025
Total time elapsed: 12.0m:44.65s
chr4
*********************************************************************
* LD Score Regression (LDSC)
* Version 1.0.1
* (C) 2014-2019 Brendan Bulik-Sullivan and Hilary Finucane
* Broad Institute of MIT and Harvard / MIT Department of Mathematics
* GNU General Public License v3
*********************************************************************
Call: 
./ldsc.py \
--print-snps /anvil/projects/x-mcb130189/rwang22/bican/ref/hm3_no_MHC.list.txt \
--ld-wind-cm 1.0 \
--out /anvil/projects/x-mcb130189/rwang22/bican/ldsc/ldscore/hypo/SMC.hypo.dmr.bed.4 \
--bfile /anvil/projects/x-mcb130189/rwang22/bican/ref/GRCh38/plink_files/1000G.EUR.hg38.4 \
--thin-annot  \
--annot SMC.hypo.dmr.bed.4.annot.gz \
--l2  

Beginning analysis at Fri Sep 12 18:41:44 2025
Read list of 729546 SNPs from /anvil/projects/x-mcb130189/rwang22/bican/ref/GRCh38/plink_files/1000G.EUR.hg38.4.bim
Read 1 annotations for 729546 SNPs from SMC.hypo.dmr.bed.4.annot.gz
Read list of 489 individuals from /anvil/projects/x-mcb130189/rwang22/bican/ref/GRCh38/plink_files/1000G.EUR.hg38.4.fam
Reading genotypes from /anvil/projects/x-mcb130189/rwang22/bican/ref/GRCh38/plink_files/1000G.EUR.hg38.4.bed
After filtering, 729546 SNPs remain
Estimating LD Score.
Reading list of 1217311 SNPs for which to print LD Scores from /anvil/projects/x-mcb130189/rwang22/bican/ref/hm3_no_MHC.list.txt
After merging with --print-snps, LD Scores for 74922 SNPs will be printed.
Writing LD Scores for 74922 SNPs to /anvil/projects/x-mcb130189/rwang22/bican/ldsc/ldscore/hypo/SMC.hypo.dmr.bed.4.l2.ldscore.gz

Summary of LD Scores in /anvil/projects/x-mcb130189/rwang22/bican/ldsc/ldscore/hypo/SMC.hypo.dmr.bed.4.l2.ldscore.gz
         MAF       L2
mean  0.2375   4.5976
std   0.1422   4.3988
min   0.0051  -0.2034
25%   0.1125   1.6447
50%   0.2301   3.3867
75%   0.3579   6.0670
max   0.5000  41.9929

MAF/LD Score Correlation Matrix
        MAF      L2
MAF  1.0000  0.1349
L2   0.1349  1.0000

Annotation Correlation Matrix
       ANNOT
ANNOT    1.0

Annotation Matrix Column Sums
ANNOT    24877

Summary of Annotation Matrix Row Sums
count    729546.0000
mean          0.0341
std           0.1815
min           0.0000
25%           0.0000
50%           0.0000
75%           0.0000
max           1.0000
Analysis finished at Fri Sep 12 19:00:02 2025
Total time elapsed: 18.0m:18.48s
chr5
*********************************************************************
* LD Score Regression (LDSC)
* Version 1.0.1
* (C) 2014-2019 Brendan Bulik-Sullivan and Hilary Finucane
* Broad Institute of MIT and Harvard / MIT Department of Mathematics
* GNU General Public License v3
*********************************************************************
Call: 
./ldsc.py \
--print-snps /anvil/projects/x-mcb130189/rwang22/bican/ref/hm3_no_MHC.list.txt \
--ld-wind-cm 1.0 \
--out /anvil/projects/x-mcb130189/rwang22/bican/ldsc/ldscore/hypo/SMC.hypo.dmr.bed.5 \
--bfile /anvil/projects/x-mcb130189/rwang22/bican/ref/GRCh38/plink_files/1000G.EUR.hg38.5 \
--thin-annot  \
--annot SMC.hypo.dmr.bed.5.annot.gz \
--l2  

Beginning analysis at Fri Sep 12 19:00:06 2025
Read list of 632996 SNPs from /anvil/projects/x-mcb130189/rwang22/bican/ref/GRCh38/plink_files/1000G.EUR.hg38.5.bim
Read 1 annotations for 632996 SNPs from SMC.hypo.dmr.bed.5.annot.gz
Read list of 489 individuals from /anvil/projects/x-mcb130189/rwang22/bican/ref/GRCh38/plink_files/1000G.EUR.hg38.5.fam
Reading genotypes from /anvil/projects/x-mcb130189/rwang22/bican/ref/GRCh38/plink_files/1000G.EUR.hg38.5.bed
After filtering, 632996 SNPs remain
Estimating LD Score.
Reading list of 1217311 SNPs for which to print LD Scores from /anvil/projects/x-mcb130189/rwang22/bican/ref/hm3_no_MHC.list.txt
After merging with --print-snps, LD Scores for 75164 SNPs will be printed.
Writing LD Scores for 75164 SNPs to /anvil/projects/x-mcb130189/rwang22/bican/ldsc/ldscore/hypo/SMC.hypo.dmr.bed.5.l2.ldscore.gz

Summary of LD Scores in /anvil/projects/x-mcb130189/rwang22/bican/ldsc/ldscore/hypo/SMC.hypo.dmr.bed.5.l2.ldscore.gz
         MAF       L2
mean  0.2369   4.2555
std   0.1421   4.0314
min   0.0051  -0.2225
25%   0.1125   1.4817
50%   0.2280   3.0754
75%   0.3569   5.8389
max   0.5000  50.6667

MAF/LD Score Correlation Matrix
        MAF      L2
MAF  1.0000  0.1502
L2   0.1502  1.0000

Annotation Correlation Matrix
       ANNOT
ANNOT    1.0

Annotation Matrix Column Sums
ANNOT    22467

Summary of Annotation Matrix Row Sums
count    632996.0000
mean          0.0355
std           0.1850
min           0.0000
25%           0.0000
50%           0.0000
75%           0.0000
max           1.0000
Analysis finished at Fri Sep 12 19:09:06 2025
Total time elapsed: 8.0m:59.18s
chr6
*********************************************************************
* LD Score Regression (LDSC)
* Version 1.0.1
* (C) 2014-2019 Brendan Bulik-Sullivan and Hilary Finucane
* Broad Institute of MIT and Harvard / MIT Department of Mathematics
* GNU General Public License v3
*********************************************************************
Call: 
./ldsc.py \
--print-snps /anvil/projects/x-mcb130189/rwang22/bican/ref/hm3_no_MHC.list.txt \
--ld-wind-cm 1.0 \
--out /anvil/projects/x-mcb130189/rwang22/bican/ldsc/ldscore/hypo/SMC.hypo.dmr.bed.6 \
--bfile /anvil/projects/x-mcb130189/rwang22/bican/ref/GRCh38/plink_files/1000G.EUR.hg38.6 \
--thin-annot  \
--annot SMC.hypo.dmr.bed.6.annot.gz \
--l2  

Beginning analysis at Fri Sep 12 19:09:08 2025
Read list of 663678 SNPs from /anvil/projects/x-mcb130189/rwang22/bican/ref/GRCh38/plink_files/1000G.EUR.hg38.6.bim
Read 1 annotations for 663678 SNPs from SMC.hypo.dmr.bed.6.annot.gz
Read list of 489 individuals from /anvil/projects/x-mcb130189/rwang22/bican/ref/GRCh38/plink_files/1000G.EUR.hg38.6.fam
Reading genotypes from /anvil/projects/x-mcb130189/rwang22/bican/ref/GRCh38/plink_files/1000G.EUR.hg38.6.bed
After filtering, 663678 SNPs remain
Estimating LD Score.
Reading list of 1217311 SNPs for which to print LD Scores from /anvil/projects/x-mcb130189/rwang22/bican/ref/hm3_no_MHC.list.txt
After merging with --print-snps, LD Scores for 75328 SNPs will be printed.
Writing LD Scores for 75328 SNPs to /anvil/projects/x-mcb130189/rwang22/bican/ldsc/ldscore/hypo/SMC.hypo.dmr.bed.6.l2.ldscore.gz

Summary of LD Scores in /anvil/projects/x-mcb130189/rwang22/bican/ldsc/ldscore/hypo/SMC.hypo.dmr.bed.6.l2.ldscore.gz
         MAF       L2
mean  0.2357   4.9233
std   0.1431   5.4727
min   0.0051  -0.1631
25%   0.1104   1.5800
50%   0.2249   3.3824
75%   0.3579   6.3248
max   0.5000  59.1345

MAF/LD Score Correlation Matrix
       MAF     L2
MAF  1.000  0.174
L2   0.174  1.000

Annotation Correlation Matrix
       ANNOT
ANNOT    1.0

Annotation Matrix Column Sums
ANNOT    23249

Summary of Annotation Matrix Row Sums
count    663678.0000
mean          0.0350
std           0.1839
min           0.0000
25%           0.0000
50%           0.0000
75%           0.0000
max           1.0000
Analysis finished at Fri Sep 12 19:20:08 2025
Total time elapsed: 10.0m:59.2s
chr7
*********************************************************************
* LD Score Regression (LDSC)
* Version 1.0.1
* (C) 2014-2019 Brendan Bulik-Sullivan and Hilary Finucane
* Broad Institute of MIT and Harvard / MIT Department of Mathematics
* GNU General Public License v3
*********************************************************************
Call: 
./ldsc.py \
--print-snps /anvil/projects/x-mcb130189/rwang22/bican/ref/hm3_no_MHC.list.txt \
--ld-wind-cm 1.0 \
--out /anvil/projects/x-mcb130189/rwang22/bican/ldsc/ldscore/hypo/SMC.hypo.dmr.bed.7 \
--bfile /anvil/projects/x-mcb130189/rwang22/bican/ref/GRCh38/plink_files/1000G.EUR.hg38.7 \
--thin-annot  \
--annot SMC.hypo.dmr.bed.7.annot.gz \
--l2  

Beginning analysis at Fri Sep 12 19:20:08 2025
Read list of 589044 SNPs from /anvil/projects/x-mcb130189/rwang22/bican/ref/GRCh38/plink_files/1000G.EUR.hg38.7.bim
Read 1 annotations for 589044 SNPs from SMC.hypo.dmr.bed.7.annot.gz
Read list of 489 individuals from /anvil/projects/x-mcb130189/rwang22/bican/ref/GRCh38/plink_files/1000G.EUR.hg38.7.fam
Reading genotypes from /anvil/projects/x-mcb130189/rwang22/bican/ref/GRCh38/plink_files/1000G.EUR.hg38.7.bed
After filtering, 589044 SNPs remain
Estimating LD Score.
Reading list of 1217311 SNPs for which to print LD Scores from /anvil/projects/x-mcb130189/rwang22/bican/ref/hm3_no_MHC.list.txt
After merging with --print-snps, LD Scores for 66138 SNPs will be printed.
Writing LD Scores for 66138 SNPs to /anvil/projects/x-mcb130189/rwang22/bican/ldsc/ldscore/hypo/SMC.hypo.dmr.bed.7.l2.ldscore.gz

Summary of LD Scores in /anvil/projects/x-mcb130189/rwang22/bican/ldsc/ldscore/hypo/SMC.hypo.dmr.bed.7.l2.ldscore.gz
         MAF       L2
mean  0.2390   4.6300
std   0.1428   4.4207
min   0.0051  -0.3989
25%   0.1125   1.6338
50%   0.2301   3.3794
75%   0.3609   6.2593
max   0.5000  36.7681

MAF/LD Score Correlation Matrix
        MAF      L2
MAF  1.0000  0.1413
L2   0.1413  1.0000

Annotation Correlation Matrix
       ANNOT
ANNOT    1.0

Annotation Matrix Column Sums
ANNOT    22998

Summary of Annotation Matrix Row Sums
count    589044.0000
mean          0.0390
std           0.1937
min           0.0000
25%           0.0000
50%           0.0000
75%           0.0000
max           1.0000
Analysis finished at Fri Sep 12 19:29:03 2025
Total time elapsed: 8.0m:54.29s
chr8
*********************************************************************
* LD Score Regression (LDSC)
* Version 1.0.1
* (C) 2014-2019 Brendan Bulik-Sullivan and Hilary Finucane
* Broad Institute of MIT and Harvard / MIT Department of Mathematics
* GNU General Public License v3
*********************************************************************
Call: 
./ldsc.py \
--print-snps /anvil/projects/x-mcb130189/rwang22/bican/ref/hm3_no_MHC.list.txt \
--ld-wind-cm 1.0 \
--out /anvil/projects/x-mcb130189/rwang22/bican/ldsc/ldscore/hypo/SMC.hypo.dmr.bed.8 \
--bfile /anvil/projects/x-mcb130189/rwang22/bican/ref/GRCh38/plink_files/1000G.EUR.hg38.8 \
--thin-annot  \
--annot SMC.hypo.dmr.bed.8.annot.gz \
--l2  

Beginning analysis at Fri Sep 12 19:29:06 2025
Read list of 549556 SNPs from /anvil/projects/x-mcb130189/rwang22/bican/ref/GRCh38/plink_files/1000G.EUR.hg38.8.bim
Read 1 annotations for 549556 SNPs from SMC.hypo.dmr.bed.8.annot.gz
Read list of 489 individuals from /anvil/projects/x-mcb130189/rwang22/bican/ref/GRCh38/plink_files/1000G.EUR.hg38.8.fam
Reading genotypes from /anvil/projects/x-mcb130189/rwang22/bican/ref/GRCh38/plink_files/1000G.EUR.hg38.8.bed
After filtering, 549556 SNPs remain
Estimating LD Score.
Reading list of 1217311 SNPs for which to print LD Scores from /anvil/projects/x-mcb130189/rwang22/bican/ref/hm3_no_MHC.list.txt
After merging with --print-snps, LD Scores for 64928 SNPs will be printed.
Writing LD Scores for 64928 SNPs to /anvil/projects/x-mcb130189/rwang22/bican/ldsc/ldscore/hypo/SMC.hypo.dmr.bed.8.l2.ldscore.gz

Summary of LD Scores in /anvil/projects/x-mcb130189/rwang22/bican/ldsc/ldscore/hypo/SMC.hypo.dmr.bed.8.l2.ldscore.gz
         MAF       L2
mean  0.2380   4.9821
std   0.1431   5.5469
min   0.0051  -0.1817
25%   0.1115   1.4336
50%   0.2280   3.2240
75%   0.3609   6.3546
max   0.5000  48.4366

MAF/LD Score Correlation Matrix
        MAF      L2
MAF  1.0000  0.1463
L2   0.1463  1.0000

Annotation Correlation Matrix
       ANNOT
ANNOT    1.0

Annotation Matrix Column Sums
ANNOT    20036

Summary of Annotation Matrix Row Sums
count    549556.0000
mean          0.0365
std           0.1874
min           0.0000
25%           0.0000
50%           0.0000
75%           0.0000
max           1.0000
Analysis finished at Fri Sep 12 19:36:16 2025
Total time elapsed: 7.0m:9.28s
chr9
*********************************************************************
* LD Score Regression (LDSC)
* Version 1.0.1
* (C) 2014-2019 Brendan Bulik-Sullivan and Hilary Finucane
* Broad Institute of MIT and Harvard / MIT Department of Mathematics
* GNU General Public License v3
*********************************************************************
Call: 
./ldsc.py \
--print-snps /anvil/projects/x-mcb130189/rwang22/bican/ref/hm3_no_MHC.list.txt \
--ld-wind-cm 1.0 \
--out /anvil/projects/x-mcb130189/rwang22/bican/ldsc/ldscore/hypo/SMC.hypo.dmr.bed.9 \
--bfile /anvil/projects/x-mcb130189/rwang22/bican/ref/GRCh38/plink_files/1000G.EUR.hg38.9 \
--thin-annot  \
--annot SMC.hypo.dmr.bed.9.annot.gz \
--l2  

Beginning analysis at Fri Sep 12 19:36:17 2025
Read list of 437825 SNPs from /anvil/projects/x-mcb130189/rwang22/bican/ref/GRCh38/plink_files/1000G.EUR.hg38.9.bim
Read 1 annotations for 437825 SNPs from SMC.hypo.dmr.bed.9.annot.gz
Read list of 489 individuals from /anvil/projects/x-mcb130189/rwang22/bican/ref/GRCh38/plink_files/1000G.EUR.hg38.9.fam
Reading genotypes from /anvil/projects/x-mcb130189/rwang22/bican/ref/GRCh38/plink_files/1000G.EUR.hg38.9.bed
After filtering, 437825 SNPs remain
Estimating LD Score.
Reading list of 1217311 SNPs for which to print LD Scores from /anvil/projects/x-mcb130189/rwang22/bican/ref/hm3_no_MHC.list.txt
After merging with --print-snps, LD Scores for 55452 SNPs will be printed.
Writing LD Scores for 55452 SNPs to /anvil/projects/x-mcb130189/rwang22/bican/ldsc/ldscore/hypo/SMC.hypo.dmr.bed.9.l2.ldscore.gz

Summary of LD Scores in /anvil/projects/x-mcb130189/rwang22/bican/ldsc/ldscore/hypo/SMC.hypo.dmr.bed.9.l2.ldscore.gz
         MAF       L2
mean  0.2359   3.8687
std   0.1423   3.7700
min   0.0051  -0.1471
25%   0.1115   1.2906
50%   0.2249   2.7576
75%   0.3569   5.2408
max   0.5000  28.9740

MAF/LD Score Correlation Matrix
        MAF      L2
MAF  1.0000  0.1517
L2   0.1517  1.0000

Annotation Correlation Matrix
       ANNOT
ANNOT    1.0

Annotation Matrix Column Sums
ANNOT    16171

Summary of Annotation Matrix Row Sums
count    437825.0000
mean          0.0369
std           0.1886
min           0.0000
25%           0.0000
50%           0.0000
75%           0.0000
max           1.0000
Analysis finished at Fri Sep 12 19:43:55 2025
Total time elapsed: 7.0m:37.58s
chr10
*********************************************************************
* LD Score Regression (LDSC)
* Version 1.0.1
* (C) 2014-2019 Brendan Bulik-Sullivan and Hilary Finucane
* Broad Institute of MIT and Harvard / MIT Department of Mathematics
* GNU General Public License v3
*********************************************************************
Call: 
./ldsc.py \
--print-snps /anvil/projects/x-mcb130189/rwang22/bican/ref/hm3_no_MHC.list.txt \
--ld-wind-cm 1.0 \
--out /anvil/projects/x-mcb130189/rwang22/bican/ldsc/ldscore/hypo/SMC.hypo.dmr.bed.10 \
--bfile /anvil/projects/x-mcb130189/rwang22/bican/ref/GRCh38/plink_files/1000G.EUR.hg38.10 \
--thin-annot  \
--annot SMC.hypo.dmr.bed.10.annot.gz \
--l2  

Beginning analysis at Fri Sep 12 19:43:56 2025
Read list of 510396 SNPs from /anvil/projects/x-mcb130189/rwang22/bican/ref/GRCh38/plink_files/1000G.EUR.hg38.10.bim
Read 1 annotations for 510398 SNPs from SMC.hypo.dmr.bed.10.annot.gz
Read list of 489 individuals from /anvil/projects/x-mcb130189/rwang22/bican/ref/GRCh38/plink_files/1000G.EUR.hg38.10.fam
Reading genotypes from /anvil/projects/x-mcb130189/rwang22/bican/ref/GRCh38/plink_files/1000G.EUR.hg38.10.bed
After filtering, 510396 SNPs remain
Estimating LD Score.
Reading list of 1217311 SNPs for which to print LD Scores from /anvil/projects/x-mcb130189/rwang22/bican/ref/hm3_no_MHC.list.txt
After merging with --print-snps, LD Scores for 64066 SNPs will be printed.
Writing LD Scores for 64066 SNPs to /anvil/projects/x-mcb130189/rwang22/bican/ldsc/ldscore/hypo/SMC.hypo.dmr.bed.10.l2.ldscore.gz

Summary of LD Scores in /anvil/projects/x-mcb130189/rwang22/bican/ldsc/ldscore/hypo/SMC.hypo.dmr.bed.10.l2.ldscore.gz
         MAF       L2
mean  0.2328   4.4821
std   0.1426   4.7691
min   0.0051  -0.2498
25%   0.1074   1.4888
50%   0.2198   3.0721
75%   0.3538   5.7707
max   0.5000  46.0457

MAF/LD Score Correlation Matrix
        MAF      L2
MAF  1.0000  0.1288
L2   0.1288  1.0000

Annotation Correlation Matrix
       ANNOT
ANNOT    1.0

Annotation Matrix Column Sums
ANNOT    19681

Summary of Annotation Matrix Row Sums
count    510396.0000
mean          0.0386
std           0.1925
min           0.0000
25%           0.0000
50%           0.0000
75%           0.0000
max           1.0000
Analysis finished at Fri Sep 12 19:53:12 2025
Total time elapsed: 9.0m:16.2s
chr11
*********************************************************************
* LD Score Regression (LDSC)
* Version 1.0.1
* (C) 2014-2019 Brendan Bulik-Sullivan and Hilary Finucane
* Broad Institute of MIT and Harvard / MIT Department of Mathematics
* GNU General Public License v3
*********************************************************************
Call: 
./ldsc.py \
--print-snps /anvil/projects/x-mcb130189/rwang22/bican/ref/hm3_no_MHC.list.txt \
--ld-wind-cm 1.0 \
--out /anvil/projects/x-mcb130189/rwang22/bican/ldsc/ldscore/hypo/SMC.hypo.dmr.bed.11 \
--bfile /anvil/projects/x-mcb130189/rwang22/bican/ref/GRCh38/plink_files/1000G.EUR.hg38.11 \
--thin-annot  \
--annot SMC.hypo.dmr.bed.11.annot.gz \
--l2  

Beginning analysis at Fri Sep 12 19:53:13 2025
Read list of 493753 SNPs from /anvil/projects/x-mcb130189/rwang22/bican/ref/GRCh38/plink_files/1000G.EUR.hg38.11.bim
Read 1 annotations for 493753 SNPs from SMC.hypo.dmr.bed.11.annot.gz
Read list of 489 individuals from /anvil/projects/x-mcb130189/rwang22/bican/ref/GRCh38/plink_files/1000G.EUR.hg38.11.fam
Reading genotypes from /anvil/projects/x-mcb130189/rwang22/bican/ref/GRCh38/plink_files/1000G.EUR.hg38.11.bed
After filtering, 493753 SNPs remain
Estimating LD Score.
Reading list of 1217311 SNPs for which to print LD Scores from /anvil/projects/x-mcb130189/rwang22/bican/ref/hm3_no_MHC.list.txt
After merging with --print-snps, LD Scores for 60969 SNPs will be printed.
Writing LD Scores for 60969 SNPs to /anvil/projects/x-mcb130189/rwang22/bican/ldsc/ldscore/hypo/SMC.hypo.dmr.bed.11.l2.ldscore.gz

Summary of LD Scores in /anvil/projects/x-mcb130189/rwang22/bican/ldsc/ldscore/hypo/SMC.hypo.dmr.bed.11.l2.ldscore.gz
         MAF       L2
mean  0.2398   4.1088
std   0.1419   4.2247
min   0.0051  -0.2517
25%   0.1155   1.3157
50%   0.2301   2.9337
75%   0.3609   5.4704
max   0.5000  50.4397

MAF/LD Score Correlation Matrix
        MAF      L2
MAF  1.0000  0.1235
L2   0.1235  1.0000

Annotation Correlation Matrix
       ANNOT
ANNOT    1.0

Annotation Matrix Column Sums
ANNOT    16426

Summary of Annotation Matrix Row Sums
count    493753.0000
mean          0.0333
std           0.1793
min           0.0000
25%           0.0000
50%           0.0000
75%           0.0000
max           1.0000
Analysis finished at Fri Sep 12 20:03:56 2025
Total time elapsed: 10.0m:43.23s
chr12
*********************************************************************
* LD Score Regression (LDSC)
* Version 1.0.1
* (C) 2014-2019 Brendan Bulik-Sullivan and Hilary Finucane
* Broad Institute of MIT and Harvard / MIT Department of Mathematics
* GNU General Public License v3
*********************************************************************
Call: 
./ldsc.py \
--print-snps /anvil/projects/x-mcb130189/rwang22/bican/ref/hm3_no_MHC.list.txt \
--ld-wind-cm 1.0 \
--out /anvil/projects/x-mcb130189/rwang22/bican/ldsc/ldscore/hypo/SMC.hypo.dmr.bed.12 \
--bfile /anvil/projects/x-mcb130189/rwang22/bican/ref/GRCh38/plink_files/1000G.EUR.hg38.12 \
--thin-annot  \
--annot SMC.hypo.dmr.bed.12.annot.gz \
--l2  

Beginning analysis at Fri Sep 12 20:03:57 2025
Read list of 480032 SNPs from /anvil/projects/x-mcb130189/rwang22/bican/ref/GRCh38/plink_files/1000G.EUR.hg38.12.bim
Read 1 annotations for 480032 SNPs from SMC.hypo.dmr.bed.12.annot.gz
Read list of 489 individuals from /anvil/projects/x-mcb130189/rwang22/bican/ref/GRCh38/plink_files/1000G.EUR.hg38.12.fam
Reading genotypes from /anvil/projects/x-mcb130189/rwang22/bican/ref/GRCh38/plink_files/1000G.EUR.hg38.12.bed
After filtering, 480032 SNPs remain
Estimating LD Score.
Reading list of 1217311 SNPs for which to print LD Scores from /anvil/projects/x-mcb130189/rwang22/bican/ref/hm3_no_MHC.list.txt
After merging with --print-snps, LD Scores for 58540 SNPs will be printed.
Writing LD Scores for 58540 SNPs to /anvil/projects/x-mcb130189/rwang22/bican/ldsc/ldscore/hypo/SMC.hypo.dmr.bed.12.l2.ldscore.gz

Summary of LD Scores in /anvil/projects/x-mcb130189/rwang22/bican/ldsc/ldscore/hypo/SMC.hypo.dmr.bed.12.l2.ldscore.gz
         MAF       L2
mean  0.2334   4.0710
std   0.1429   3.9231
min   0.0051  -0.2490
25%   0.1084   1.3177
50%   0.2209   2.9042
75%   0.3558   5.5255
max   0.5000  39.0728

MAF/LD Score Correlation Matrix
        MAF      L2
MAF  1.0000  0.1371
L2   0.1371  1.0000

Annotation Correlation Matrix
       ANNOT
ANNOT    1.0

Annotation Matrix Column Sums
ANNOT    17400

Summary of Annotation Matrix Row Sums
count    480032.0000
mean          0.0362
std           0.1869
min           0.0000
25%           0.0000
50%           0.0000
75%           0.0000
max           1.0000
Analysis finished at Fri Sep 12 20:09:47 2025
Total time elapsed: 5.0m:50.26s
chr13
*********************************************************************
* LD Score Regression (LDSC)
* Version 1.0.1
* (C) 2014-2019 Brendan Bulik-Sullivan and Hilary Finucane
* Broad Institute of MIT and Harvard / MIT Department of Mathematics
* GNU General Public License v3
*********************************************************************
Call: 
./ldsc.py \
--print-snps /anvil/projects/x-mcb130189/rwang22/bican/ref/hm3_no_MHC.list.txt \
--ld-wind-cm 1.0 \
--out /anvil/projects/x-mcb130189/rwang22/bican/ldsc/ldscore/hypo/SMC.hypo.dmr.bed.13 \
--bfile /anvil/projects/x-mcb130189/rwang22/bican/ref/GRCh38/plink_files/1000G.EUR.hg38.13 \
--thin-annot  \
--annot SMC.hypo.dmr.bed.13.annot.gz \
--l2  

Beginning analysis at Fri Sep 12 20:09:48 2025
Read list of 366088 SNPs from /anvil/projects/x-mcb130189/rwang22/bican/ref/GRCh38/plink_files/1000G.EUR.hg38.13.bim
Read 1 annotations for 366088 SNPs from SMC.hypo.dmr.bed.13.annot.gz
Read list of 489 individuals from /anvil/projects/x-mcb130189/rwang22/bican/ref/GRCh38/plink_files/1000G.EUR.hg38.13.fam
Reading genotypes from /anvil/projects/x-mcb130189/rwang22/bican/ref/GRCh38/plink_files/1000G.EUR.hg38.13.bed
After filtering, 366088 SNPs remain
Estimating LD Score.
Reading list of 1217311 SNPs for which to print LD Scores from /anvil/projects/x-mcb130189/rwang22/bican/ref/hm3_no_MHC.list.txt
After merging with --print-snps, LD Scores for 45540 SNPs will be printed.
Writing LD Scores for 45540 SNPs to /anvil/projects/x-mcb130189/rwang22/bican/ldsc/ldscore/hypo/SMC.hypo.dmr.bed.13.l2.ldscore.gz

Summary of LD Scores in /anvil/projects/x-mcb130189/rwang22/bican/ldsc/ldscore/hypo/SMC.hypo.dmr.bed.13.l2.ldscore.gz
         MAF       L2
mean  0.2338   3.9578
std   0.1429   3.8562
min   0.0051  -0.2226
25%   0.1074   1.3007
50%   0.2209   2.8808
75%   0.3548   5.3082
max   0.5000  32.8794

MAF/LD Score Correlation Matrix
        MAF      L2
MAF  1.0000  0.1449
L2   0.1449  1.0000

Annotation Correlation Matrix
       ANNOT
ANNOT    1.0

Annotation Matrix Column Sums
ANNOT    13032

Summary of Annotation Matrix Row Sums
count    366088.0000
mean          0.0356
std           0.1853
min           0.0000
25%           0.0000
50%           0.0000
75%           0.0000
max           1.0000
Analysis finished at Fri Sep 12 20:15:28 2025
Total time elapsed: 5.0m:39.96s
chr14
*********************************************************************
* LD Score Regression (LDSC)
* Version 1.0.1
* (C) 2014-2019 Brendan Bulik-Sullivan and Hilary Finucane
* Broad Institute of MIT and Harvard / MIT Department of Mathematics
* GNU General Public License v3
*********************************************************************
Call: 
./ldsc.py \
--print-snps /anvil/projects/x-mcb130189/rwang22/bican/ref/hm3_no_MHC.list.txt \
--ld-wind-cm 1.0 \
--out /anvil/projects/x-mcb130189/rwang22/bican/ldsc/ldscore/hypo/SMC.hypo.dmr.bed.14 \
--bfile /anvil/projects/x-mcb130189/rwang22/bican/ref/GRCh38/plink_files/1000G.EUR.hg38.14 \
--thin-annot  \
--annot SMC.hypo.dmr.bed.14.annot.gz \
--l2  

Beginning analysis at Fri Sep 12 20:15:31 2025
Read list of 323965 SNPs from /anvil/projects/x-mcb130189/rwang22/bican/ref/GRCh38/plink_files/1000G.EUR.hg38.14.bim
Read 1 annotations for 323965 SNPs from SMC.hypo.dmr.bed.14.annot.gz
Read list of 489 individuals from /anvil/projects/x-mcb130189/rwang22/bican/ref/GRCh38/plink_files/1000G.EUR.hg38.14.fam
Reading genotypes from /anvil/projects/x-mcb130189/rwang22/bican/ref/GRCh38/plink_files/1000G.EUR.hg38.14.bed
After filtering, 323965 SNPs remain
Estimating LD Score.
Reading list of 1217311 SNPs for which to print LD Scores from /anvil/projects/x-mcb130189/rwang22/bican/ref/hm3_no_MHC.list.txt
After merging with --print-snps, LD Scores for 39424 SNPs will be printed.
Writing LD Scores for 39424 SNPs to /anvil/projects/x-mcb130189/rwang22/bican/ldsc/ldscore/hypo/SMC.hypo.dmr.bed.14.l2.ldscore.gz

Summary of LD Scores in /anvil/projects/x-mcb130189/rwang22/bican/ldsc/ldscore/hypo/SMC.hypo.dmr.bed.14.l2.ldscore.gz
         MAF       L2
mean  0.2320   4.2750
std   0.1425   4.5720
min   0.0051  -0.1912
25%   0.1074   1.3950
50%   0.2198   3.0161
75%   0.3507   5.5750
max   0.5000  40.4861

MAF/LD Score Correlation Matrix
        MAF      L2
MAF  1.0000  0.0777
L2   0.0777  1.0000

Annotation Correlation Matrix
       ANNOT
ANNOT    1.0

Annotation Matrix Column Sums
ANNOT    12919

Summary of Annotation Matrix Row Sums
count    323965.0000
mean          0.0399
std           0.1957
min           0.0000
25%           0.0000
50%           0.0000
75%           0.0000
max           1.0000
Analysis finished at Fri Sep 12 20:20:15 2025
Total time elapsed: 4.0m:43.86s
chr15
*********************************************************************
* LD Score Regression (LDSC)
* Version 1.0.1
* (C) 2014-2019 Brendan Bulik-Sullivan and Hilary Finucane
* Broad Institute of MIT and Harvard / MIT Department of Mathematics
* GNU General Public License v3
*********************************************************************
Call: 
./ldsc.py \
--print-snps /anvil/projects/x-mcb130189/rwang22/bican/ref/hm3_no_MHC.list.txt \
--ld-wind-cm 1.0 \
--out /anvil/projects/x-mcb130189/rwang22/bican/ldsc/ldscore/hypo/SMC.hypo.dmr.bed.15 \
--bfile /anvil/projects/x-mcb130189/rwang22/bican/ref/GRCh38/plink_files/1000G.EUR.hg38.15 \
--thin-annot  \
--annot SMC.hypo.dmr.bed.15.annot.gz \
--l2  

Beginning analysis at Fri Sep 12 20:20:18 2025
Read list of 286945 SNPs from /anvil/projects/x-mcb130189/rwang22/bican/ref/GRCh38/plink_files/1000G.EUR.hg38.15.bim
Read 1 annotations for 286945 SNPs from SMC.hypo.dmr.bed.15.annot.gz
Read list of 489 individuals from /anvil/projects/x-mcb130189/rwang22/bican/ref/GRCh38/plink_files/1000G.EUR.hg38.15.fam
Reading genotypes from /anvil/projects/x-mcb130189/rwang22/bican/ref/GRCh38/plink_files/1000G.EUR.hg38.15.bed
After filtering, 286945 SNPs remain
Estimating LD Score.
Reading list of 1217311 SNPs for which to print LD Scores from /anvil/projects/x-mcb130189/rwang22/bican/ref/hm3_no_MHC.list.txt
After merging with --print-snps, LD Scores for 35837 SNPs will be printed.
Writing LD Scores for 35837 SNPs to /anvil/projects/x-mcb130189/rwang22/bican/ldsc/ldscore/hypo/SMC.hypo.dmr.bed.15.l2.ldscore.gz

Summary of LD Scores in /anvil/projects/x-mcb130189/rwang22/bican/ldsc/ldscore/hypo/SMC.hypo.dmr.bed.15.l2.ldscore.gz
         MAF       L2
mean  0.2379   3.8170
std   0.1441   3.9360
min   0.0051  -0.2620
25%   0.1104   1.1161
50%   0.2270   2.6060
75%   0.3640   5.2018
max   0.5000  43.2815

MAF/LD Score Correlation Matrix
        MAF      L2
MAF  1.0000  0.1385
L2   0.1385  1.0000

Annotation Correlation Matrix
       ANNOT
ANNOT    1.0

Annotation Matrix Column Sums
ANNOT    10416

Summary of Annotation Matrix Row Sums
count    286945.0000
mean          0.0363
std           0.1870
min           0.0000
25%           0.0000
50%           0.0000
75%           0.0000
max           1.0000
Analysis finished at Fri Sep 12 20:22:56 2025
Total time elapsed: 2.0m:38.54s
chr16
*********************************************************************
* LD Score Regression (LDSC)
* Version 1.0.1
* (C) 2014-2019 Brendan Bulik-Sullivan and Hilary Finucane
* Broad Institute of MIT and Harvard / MIT Department of Mathematics
* GNU General Public License v3
*********************************************************************
Call: 
./ldsc.py \
--print-snps /anvil/projects/x-mcb130189/rwang22/bican/ref/hm3_no_MHC.list.txt \
--ld-wind-cm 1.0 \
--out /anvil/projects/x-mcb130189/rwang22/bican/ldsc/ldscore/hypo/SMC.hypo.dmr.bed.16 \
--bfile /anvil/projects/x-mcb130189/rwang22/bican/ref/GRCh38/plink_files/1000G.EUR.hg38.16 \
--thin-annot  \
--annot SMC.hypo.dmr.bed.16.annot.gz \
--l2  

Beginning analysis at Fri Sep 12 20:22:59 2025
Read list of 316962 SNPs from /anvil/projects/x-mcb130189/rwang22/bican/ref/GRCh38/plink_files/1000G.EUR.hg38.16.bim
Read 1 annotations for 316962 SNPs from SMC.hypo.dmr.bed.16.annot.gz
Read list of 489 individuals from /anvil/projects/x-mcb130189/rwang22/bican/ref/GRCh38/plink_files/1000G.EUR.hg38.16.fam
Reading genotypes from /anvil/projects/x-mcb130189/rwang22/bican/ref/GRCh38/plink_files/1000G.EUR.hg38.16.bed
After filtering, 316962 SNPs remain
Estimating LD Score.
Reading list of 1217311 SNPs for which to print LD Scores from /anvil/projects/x-mcb130189/rwang22/bican/ref/hm3_no_MHC.list.txt
After merging with --print-snps, LD Scores for 36526 SNPs will be printed.
Writing LD Scores for 36526 SNPs to /anvil/projects/x-mcb130189/rwang22/bican/ldsc/ldscore/hypo/SMC.hypo.dmr.bed.16.l2.ldscore.gz

Summary of LD Scores in /anvil/projects/x-mcb130189/rwang22/bican/ldsc/ldscore/hypo/SMC.hypo.dmr.bed.16.l2.ldscore.gz
         MAF       L2
mean  0.2389   3.7632
std   0.1426   3.9102
min   0.0051  -0.1648
25%   0.1145   1.0604
50%   0.2311   2.5126
75%   0.3599   5.1956
max   0.5000  31.3304

MAF/LD Score Correlation Matrix
       MAF     L2
MAF  1.000  0.097
L2   0.097  1.000

Annotation Correlation Matrix
       ANNOT
ANNOT    1.0

Annotation Matrix Column Sums
ANNOT    12586

Summary of Annotation Matrix Row Sums
count    316962.0000
mean          0.0397
std           0.1953
min           0.0000
25%           0.0000
50%           0.0000
75%           0.0000
max           1.0000
Analysis finished at Fri Sep 12 20:27:33 2025
Total time elapsed: 4.0m:33.36s
chr17
*********************************************************************
* LD Score Regression (LDSC)
* Version 1.0.1
* (C) 2014-2019 Brendan Bulik-Sullivan and Hilary Finucane
* Broad Institute of MIT and Harvard / MIT Department of Mathematics
* GNU General Public License v3
*********************************************************************
Call: 
./ldsc.py \
--print-snps /anvil/projects/x-mcb130189/rwang22/bican/ref/hm3_no_MHC.list.txt \
--ld-wind-cm 1.0 \
--out /anvil/projects/x-mcb130189/rwang22/bican/ldsc/ldscore/hypo/SMC.hypo.dmr.bed.17 \
--bfile /anvil/projects/x-mcb130189/rwang22/bican/ref/GRCh38/plink_files/1000G.EUR.hg38.17 \
--thin-annot  \
--annot SMC.hypo.dmr.bed.17.annot.gz \
--l2  

Beginning analysis at Fri Sep 12 20:27:36 2025
Read list of 268764 SNPs from /anvil/projects/x-mcb130189/rwang22/bican/ref/GRCh38/plink_files/1000G.EUR.hg38.17.bim
Read 1 annotations for 268764 SNPs from SMC.hypo.dmr.bed.17.annot.gz
Read list of 489 individuals from /anvil/projects/x-mcb130189/rwang22/bican/ref/GRCh38/plink_files/1000G.EUR.hg38.17.fam
Reading genotypes from /anvil/projects/x-mcb130189/rwang22/bican/ref/GRCh38/plink_files/1000G.EUR.hg38.17.bed
After filtering, 268764 SNPs remain
Estimating LD Score.
Reading list of 1217311 SNPs for which to print LD Scores from /anvil/projects/x-mcb130189/rwang22/bican/ref/hm3_no_MHC.list.txt
After merging with --print-snps, LD Scores for 32165 SNPs will be printed.
Writing LD Scores for 32165 SNPs to /anvil/projects/x-mcb130189/rwang22/bican/ldsc/ldscore/hypo/SMC.hypo.dmr.bed.17.l2.ldscore.gz

Summary of LD Scores in /anvil/projects/x-mcb130189/rwang22/bican/ldsc/ldscore/hypo/SMC.hypo.dmr.bed.17.l2.ldscore.gz
         MAF       L2
mean  0.2427   3.9933
std   0.1445   4.2950
min   0.0051  -0.1084
25%   0.1145   1.0614
50%   0.2352   2.5396
75%   0.3681   5.3453
max   0.5000  32.8585

MAF/LD Score Correlation Matrix
        MAF      L2
MAF  1.0000  0.1916
L2   0.1916  1.0000

Annotation Correlation Matrix
       ANNOT
ANNOT    1.0

Annotation Matrix Column Sums
ANNOT    11216

Summary of Annotation Matrix Row Sums
count    268764.0000
mean          0.0417
std           0.2000
min           0.0000
25%           0.0000
50%           0.0000
75%           0.0000
max           1.0000
Analysis finished at Fri Sep 12 20:30:52 2025
Total time elapsed: 3.0m:16.57s
chr18
*********************************************************************
* LD Score Regression (LDSC)
* Version 1.0.1
* (C) 2014-2019 Brendan Bulik-Sullivan and Hilary Finucane
* Broad Institute of MIT and Harvard / MIT Department of Mathematics
* GNU General Public License v3
*********************************************************************
Call: 
./ldsc.py \
--print-snps /anvil/projects/x-mcb130189/rwang22/bican/ref/hm3_no_MHC.list.txt \
--ld-wind-cm 1.0 \
--out /anvil/projects/x-mcb130189/rwang22/bican/ldsc/ldscore/hypo/SMC.hypo.dmr.bed.18 \
--bfile /anvil/projects/x-mcb130189/rwang22/bican/ref/GRCh38/plink_files/1000G.EUR.hg38.18 \
--thin-annot  \
--annot SMC.hypo.dmr.bed.18.annot.gz \
--l2  

Beginning analysis at Fri Sep 12 20:30:56 2025
Read list of 285134 SNPs from /anvil/projects/x-mcb130189/rwang22/bican/ref/GRCh38/plink_files/1000G.EUR.hg38.18.bim
Read 1 annotations for 285134 SNPs from SMC.hypo.dmr.bed.18.annot.gz
Read list of 489 individuals from /anvil/projects/x-mcb130189/rwang22/bican/ref/GRCh38/plink_files/1000G.EUR.hg38.18.fam
Reading genotypes from /anvil/projects/x-mcb130189/rwang22/bican/ref/GRCh38/plink_files/1000G.EUR.hg38.18.bed
After filtering, 285134 SNPs remain
Estimating LD Score.
Reading list of 1217311 SNPs for which to print LD Scores from /anvil/projects/x-mcb130189/rwang22/bican/ref/hm3_no_MHC.list.txt
After merging with --print-snps, LD Scores for 35509 SNPs will be printed.
Writing LD Scores for 35509 SNPs to /anvil/projects/x-mcb130189/rwang22/bican/ldsc/ldscore/hypo/SMC.hypo.dmr.bed.18.l2.ldscore.gz

Summary of LD Scores in /anvil/projects/x-mcb130189/rwang22/bican/ldsc/ldscore/hypo/SMC.hypo.dmr.bed.18.l2.ldscore.gz
         MAF       L2
mean  0.2364   4.0965
std   0.1423   4.9292
min   0.0051  -0.1974
25%   0.1115   1.2241
50%   0.2260   2.7200
75%   0.3569   5.2045
max   0.5000  69.2277

MAF/LD Score Correlation Matrix
      MAF    L2
MAF  1.00  0.12
L2   0.12  1.00

Annotation Correlation Matrix
       ANNOT
ANNOT    1.0

Annotation Matrix Column Sums
ANNOT    11424

Summary of Annotation Matrix Row Sums
count    285134.0000
mean          0.0401
std           0.1961
min           0.0000
25%           0.0000
50%           0.0000
75%           0.0000
max           1.0000
Analysis finished at Fri Sep 12 20:34:17 2025
Total time elapsed: 3.0m:21.17s
chr19
*********************************************************************
* LD Score Regression (LDSC)
* Version 1.0.1
* (C) 2014-2019 Brendan Bulik-Sullivan and Hilary Finucane
* Broad Institute of MIT and Harvard / MIT Department of Mathematics
* GNU General Public License v3
*********************************************************************
Call: 
./ldsc.py \
--print-snps /anvil/projects/x-mcb130189/rwang22/bican/ref/hm3_no_MHC.list.txt \
--ld-wind-cm 1.0 \
--out /anvil/projects/x-mcb130189/rwang22/bican/ldsc/ldscore/hypo/SMC.hypo.dmr.bed.19 \
--bfile /anvil/projects/x-mcb130189/rwang22/bican/ref/GRCh38/plink_files/1000G.EUR.hg38.19 \
--thin-annot  \
--annot SMC.hypo.dmr.bed.19.annot.gz \
--l2  

Beginning analysis at Fri Sep 12 20:34:18 2025
Read list of 231694 SNPs from /anvil/projects/x-mcb130189/rwang22/bican/ref/GRCh38/plink_files/1000G.EUR.hg38.19.bim
Read 1 annotations for 231694 SNPs from SMC.hypo.dmr.bed.19.annot.gz
Read list of 489 individuals from /anvil/projects/x-mcb130189/rwang22/bican/ref/GRCh38/plink_files/1000G.EUR.hg38.19.fam
Reading genotypes from /anvil/projects/x-mcb130189/rwang22/bican/ref/GRCh38/plink_files/1000G.EUR.hg38.19.bed
After filtering, 231694 SNPs remain
Estimating LD Score.
Reading list of 1217311 SNPs for which to print LD Scores from /anvil/projects/x-mcb130189/rwang22/bican/ref/hm3_no_MHC.list.txt
After merging with --print-snps, LD Scores for 22454 SNPs will be printed.
Writing LD Scores for 22454 SNPs to /anvil/projects/x-mcb130189/rwang22/bican/ldsc/ldscore/hypo/SMC.hypo.dmr.bed.19.l2.ldscore.gz

Summary of LD Scores in /anvil/projects/x-mcb130189/rwang22/bican/ldsc/ldscore/hypo/SMC.hypo.dmr.bed.19.l2.ldscore.gz
         MAF       L2
mean  0.2383   2.8743
std   0.1421   3.9959
min   0.0051  -0.0826
25%   0.1145   0.6254
50%   0.2331   1.7063
75%   0.3569   3.6783
max   0.5000  56.8717

MAF/LD Score Correlation Matrix
        MAF      L2
MAF  1.0000  0.0727
L2   0.0727  1.0000

Annotation Correlation Matrix
       ANNOT
ANNOT    1.0

Annotation Matrix Column Sums
ANNOT    7107

Summary of Annotation Matrix Row Sums
count    231694.0000
mean          0.0307
std           0.1724
min           0.0000
25%           0.0000
50%           0.0000
75%           0.0000
max           1.0000
Analysis finished at Fri Sep 12 20:36:35 2025
Total time elapsed: 2.0m:17.58s
chr20
*********************************************************************
* LD Score Regression (LDSC)
* Version 1.0.1
* (C) 2014-2019 Brendan Bulik-Sullivan and Hilary Finucane
* Broad Institute of MIT and Harvard / MIT Department of Mathematics
* GNU General Public License v3
*********************************************************************
Call: 
./ldsc.py \
--print-snps /anvil/projects/x-mcb130189/rwang22/bican/ref/hm3_no_MHC.list.txt \
--ld-wind-cm 1.0 \
--out /anvil/projects/x-mcb130189/rwang22/bican/ldsc/ldscore/hypo/SMC.hypo.dmr.bed.20 \
--bfile /anvil/projects/x-mcb130189/rwang22/bican/ref/GRCh38/plink_files/1000G.EUR.hg38.20 \
--thin-annot  \
--annot SMC.hypo.dmr.bed.20.annot.gz \
--l2  

Beginning analysis at Fri Sep 12 20:36:38 2025
Read list of 221582 SNPs from /anvil/projects/x-mcb130189/rwang22/bican/ref/GRCh38/plink_files/1000G.EUR.hg38.20.bim
Read 1 annotations for 221582 SNPs from SMC.hypo.dmr.bed.20.annot.gz
Read list of 489 individuals from /anvil/projects/x-mcb130189/rwang22/bican/ref/GRCh38/plink_files/1000G.EUR.hg38.20.fam
Reading genotypes from /anvil/projects/x-mcb130189/rwang22/bican/ref/GRCh38/plink_files/1000G.EUR.hg38.20.bed
After filtering, 221582 SNPs remain
Estimating LD Score.
Reading list of 1217311 SNPs for which to print LD Scores from /anvil/projects/x-mcb130189/rwang22/bican/ref/hm3_no_MHC.list.txt
After merging with --print-snps, LD Scores for 31092 SNPs will be printed.
Writing LD Scores for 31092 SNPs to /anvil/projects/x-mcb130189/rwang22/bican/ldsc/ldscore/hypo/SMC.hypo.dmr.bed.20.l2.ldscore.gz

Summary of LD Scores in /anvil/projects/x-mcb130189/rwang22/bican/ldsc/ldscore/hypo/SMC.hypo.dmr.bed.20.l2.ldscore.gz
         MAF       L2
mean  0.2344   3.3743
std   0.1427   3.5453
min   0.0051  -0.1146
25%   0.1074   0.9194
50%   0.2229   2.2723
75%   0.3558   4.5326
max   0.5000  27.9978

MAF/LD Score Correlation Matrix
        MAF      L2
MAF  1.0000  0.1393
L2   0.1393  1.0000

Annotation Correlation Matrix
       ANNOT
ANNOT    1.0

Annotation Matrix Column Sums
ANNOT    8867

Summary of Annotation Matrix Row Sums
count    221582.000
mean          0.040
std           0.196
min           0.000
25%           0.000
50%           0.000
75%           0.000
max           1.000
Analysis finished at Fri Sep 12 20:38:45 2025
Total time elapsed: 2.0m:7.04s
chr21
*********************************************************************
* LD Score Regression (LDSC)
* Version 1.0.1
* (C) 2014-2019 Brendan Bulik-Sullivan and Hilary Finucane
* Broad Institute of MIT and Harvard / MIT Department of Mathematics
* GNU General Public License v3
*********************************************************************
Call: 
./ldsc.py \
--print-snps /anvil/projects/x-mcb130189/rwang22/bican/ref/hm3_no_MHC.list.txt \
--ld-wind-cm 1.0 \
--out /anvil/projects/x-mcb130189/rwang22/bican/ldsc/ldscore/hypo/SMC.hypo.dmr.bed.21 \
--bfile /anvil/projects/x-mcb130189/rwang22/bican/ref/GRCh38/plink_files/1000G.EUR.hg38.21 \
--thin-annot  \
--annot SMC.hypo.dmr.bed.21.annot.gz \
--l2  

Beginning analysis at Fri Sep 12 20:38:47 2025
Read list of 138654 SNPs from /anvil/projects/x-mcb130189/rwang22/bican/ref/GRCh38/plink_files/1000G.EUR.hg38.21.bim
Read 1 annotations for 138654 SNPs from SMC.hypo.dmr.bed.21.annot.gz
Read list of 489 individuals from /anvil/projects/x-mcb130189/rwang22/bican/ref/GRCh38/plink_files/1000G.EUR.hg38.21.fam
Reading genotypes from /anvil/projects/x-mcb130189/rwang22/bican/ref/GRCh38/plink_files/1000G.EUR.hg38.21.bed
After filtering, 138654 SNPs remain
Estimating LD Score.
Reading list of 1217311 SNPs for which to print LD Scores from /anvil/projects/x-mcb130189/rwang22/bican/ref/hm3_no_MHC.list.txt
After merging with --print-snps, LD Scores for 17028 SNPs will be printed.
Writing LD Scores for 17028 SNPs to /anvil/projects/x-mcb130189/rwang22/bican/ldsc/ldscore/hypo/SMC.hypo.dmr.bed.21.l2.ldscore.gz

Summary of LD Scores in /anvil/projects/x-mcb130189/rwang22/bican/ldsc/ldscore/hypo/SMC.hypo.dmr.bed.21.l2.ldscore.gz
         MAF       L2
mean  0.2421   3.9298
std   0.1414   3.7027
min   0.0051  -0.0963
25%   0.1186   1.2679
50%   0.2321   2.8828
75%   0.3650   5.3443
max   0.5000  29.8913

MAF/LD Score Correlation Matrix
        MAF      L2
MAF  1.0000  0.1042
L2   0.1042  1.0000

Annotation Correlation Matrix
       ANNOT
ANNOT    1.0

Annotation Matrix Column Sums
ANNOT    5949

Summary of Annotation Matrix Row Sums
count    138654.0000
mean          0.0429
std           0.2026
min           0.0000
25%           0.0000
50%           0.0000
75%           0.0000
max           1.0000
Analysis finished at Fri Sep 12 20:39:47 2025
Total time elapsed: 59.78s
chr22
*********************************************************************
* LD Score Regression (LDSC)
* Version 1.0.1
* (C) 2014-2019 Brendan Bulik-Sullivan and Hilary Finucane
* Broad Institute of MIT and Harvard / MIT Department of Mathematics
* GNU General Public License v3
*********************************************************************
Call: 
./ldsc.py \
--print-snps /anvil/projects/x-mcb130189/rwang22/bican/ref/hm3_no_MHC.list.txt \
--ld-wind-cm 1.0 \
--out /anvil/projects/x-mcb130189/rwang22/bican/ldsc/ldscore/hypo/SMC.hypo.dmr.bed.22 \
--bfile /anvil/projects/x-mcb130189/rwang22/bican/ref/GRCh38/plink_files/1000G.EUR.hg38.22 \
--thin-annot  \
--annot SMC.hypo.dmr.bed.22.annot.gz \
--l2  

Beginning analysis at Fri Sep 12 20:39:48 2025
Read list of 140592 SNPs from /anvil/projects/x-mcb130189/rwang22/bican/ref/GRCh38/plink_files/1000G.EUR.hg38.22.bim
Read 1 annotations for 140592 SNPs from SMC.hypo.dmr.bed.22.annot.gz
Read list of 489 individuals from /anvil/projects/x-mcb130189/rwang22/bican/ref/GRCh38/plink_files/1000G.EUR.hg38.22.fam
Reading genotypes from /anvil/projects/x-mcb130189/rwang22/bican/ref/GRCh38/plink_files/1000G.EUR.hg38.22.bed
After filtering, 140592 SNPs remain
Estimating LD Score.
Reading list of 1217311 SNPs for which to print LD Scores from /anvil/projects/x-mcb130189/rwang22/bican/ref/hm3_no_MHC.list.txt
After merging with --print-snps, LD Scores for 17450 SNPs will be printed.
Writing LD Scores for 17450 SNPs to /anvil/projects/x-mcb130189/rwang22/bican/ldsc/ldscore/hypo/SMC.hypo.dmr.bed.22.l2.ldscore.gz

Summary of LD Scores in /anvil/projects/x-mcb130189/rwang22/bican/ldsc/ldscore/hypo/SMC.hypo.dmr.bed.22.l2.ldscore.gz
         MAF       L2
mean  0.2366   3.2746
std   0.1435   3.2317
min   0.0051  -0.1179
25%   0.1094   0.8751
50%   0.2280   2.3170
75%   0.3579   4.5636
max   0.5000  20.1988

MAF/LD Score Correlation Matrix
        MAF      L2
MAF  1.0000  0.0785
L2   0.0785  1.0000

Annotation Correlation Matrix
       ANNOT
ANNOT    1.0

Annotation Matrix Column Sums
ANNOT    5355

Summary of Annotation Matrix Row Sums
count    140592.0000
mean          0.0381
std           0.1914
min           0.0000
25%           0.0000
50%           0.0000
75%           0.0000
max           1.0000
Analysis finished at Fri Sep 12 20:41:01 2025
Total time elapsed: 1.0m:13.77s
